[0.177s] Invoking command in '/home/eleanorlow/robo1/build/drone_ignition_bringup': CMAKE_PREFIX_PATH=${CMAKE_PREFIX_PATH}:/opt/ros/humble /usr/bin/cmake --build /home/eleanorlow/robo1/build/drone_ignition_bringup -- -j8 -l8
[1.930s] Invoked command in '/home/eleanorlow/robo1/build/drone_ignition_bringup' returned '0': CMAKE_PREFIX_PATH=${CMAKE_PREFIX_PATH}:/opt/ros/humble /usr/bin/cmake --build /home/eleanorlow/robo1/build/drone_ignition_bringup -- -j8 -l8
[1.965s] Invoking command in '/home/eleanorlow/robo1/build/drone_ignition_bringup': CMAKE_PREFIX_PATH=${CMAKE_PREFIX_PATH}:/opt/ros/humble /usr/bin/cmake --install /home/eleanorlow/robo1/build/drone_ignition_bringup
[2.001s] -- Install configuration: ""
[2.002s] -- Up-to-date: /home/eleanorlow/robo1/install/drone_ignition_bringup/share/drone_ignition_bringup/config
[2.042s] -- Up-to-date: /home/eleanorlow/robo1/install/drone_ignition_bringup/share/drone_ignition_bringup/config/slam_params.yaml
[2.042s] -- Up-to-date: /home/eleanorlow/robo1/install/drone_ignition_bringup/share/drone_ignition_bringup/config/drone.rviz
[2.043s] -- Up-to-date: /home/eleanorlow/robo1/install/drone_ignition_bringup/share/drone_ignition_bringup/config/gazebo_bridge.yaml
[2.043s] -- Up-to-date: /home/eleanorlow/robo1/install/drone_ignition_bringup/share/drone_ignition_bringup/config/nav2_params.yaml
[2.043s] -- Up-to-date: /home/eleanorlow/robo1/install/drone_ignition_bringup/share/drone_ignition_bringup/config/robot_localization.yaml
[2.043s] -- Up-to-date: /home/eleanorlow/robo1/install/drone_ignition_bringup/share/drone_ignition_bringup/launch
[2.043s] -- Installing: /home/eleanorlow/robo1/install/drone_ignition_bringup/share/drone_ignition_bringup/launch/drone_ignition.launch.py
[2.075s] -- Installing: /home/eleanorlow/robo1/install/drone_ignition_bringup/share/drone_ignition_bringup/launch/drone_navigation.launch.py
[2.113s] -- Up-to-date: /home/eleanorlow/robo1/install/drone_ignition_bringup/share/drone_ignition_bringup/models
[2.140s] -- Up-to-date: /home/eleanorlow/robo1/install/drone_ignition_bringup/share/drone_ignition_bringup/models/forest_wall
[2.192s] -- Up-to-date: /home/eleanorlow/robo1/install/drone_ignition_bringup/share/drone_ignition_bringup/models/forest_wall/model.sdf
[2.192s] -- Up-to-date: /home/eleanorlow/robo1/install/drone_ignition_bringup/share/drone_ignition_bringup/models/forest_wall/materials
[2.232s] -- Up-to-date: /home/eleanorlow/robo1/install/drone_ignition_bringup/share/drone_ignition_bringup/models/forest_wall/materials/textures
[2.233s] -- Up-to-date: /home/eleanorlow/robo1/install/drone_ignition_bringup/share/drone_ignition_bringup/models/forest_wall/materials/textures/forest_wall.png
[2.234s] -- Up-to-date: /home/eleanorlow/robo1/install/drone_ignition_bringup/share/drone_ignition_bringup/models/forest_wall/materials/textures/forest_wall_transparent.png
[2.234s] -- Up-to-date: /home/eleanorlow/robo1/install/drone_ignition_bringup/share/drone_ignition_bringup/models/forest_wall/materials/textures/forest_wall_transparent_small.png
[2.234s] -- Up-to-date: /home/eleanorlow/robo1/install/drone_ignition_bringup/share/drone_ignition_bringup/models/forest_wall/model.config
[2.234s] -- Up-to-date: /home/eleanorlow/robo1/install/drone_ignition_bringup/share/drone_ignition_bringup/models/grass_plane
[2.247s] -- Up-to-date: /home/eleanorlow/robo1/install/drone_ignition_bringup/share/drone_ignition_bringup/models/grass_plane/model.sdf
[2.247s] -- Up-to-date: /home/eleanorlow/robo1/install/drone_ignition_bringup/share/drone_ignition_bringup/models/grass_plane/materials
[2.248s] -- Up-to-date: /home/eleanorlow/robo1/install/drone_ignition_bringup/share/drone_ignition_bringup/models/grass_plane/materials/textures
[2.278s] -- Up-to-date: /home/eleanorlow/robo1/install/drone_ignition_bringup/share/drone_ignition_bringup/models/grass_plane/materials/textures/empty_grass.png
[2.278s] -- Up-to-date: /home/eleanorlow/robo1/install/drone_ignition_bringup/share/drone_ignition_bringup/models/grass_plane/model.config
[2.278s] -- Up-to-date: /home/eleanorlow/robo1/install/drone_ignition_bringup/share/drone_ignition_bringup/models/forest_plane
[2.319s] -- Up-to-date: /home/eleanorlow/robo1/install/drone_ignition_bringup/share/drone_ignition_bringup/models/forest_plane/model.sdf
[2.319s] -- Up-to-date: /home/eleanorlow/robo1/install/drone_ignition_bringup/share/drone_ignition_bringup/models/forest_plane/materials
[2.321s] -- Up-to-date: /home/eleanorlow/robo1/install/drone_ignition_bringup/share/drone_ignition_bringup/models/forest_plane/materials/textures
[2.340s] -- Up-to-date: /home/eleanorlow/robo1/install/drone_ignition_bringup/share/drone_ignition_bringup/models/forest_plane/materials/textures/forest_overhead.png
[2.340s] -- Up-to-date: /home/eleanorlow/robo1/install/drone_ignition_bringup/share/drone_ignition_bringup/models/forest_plane/materials/textures/leaf_litter.png
[2.340s] -- Up-to-date: /home/eleanorlow/robo1/install/drone_ignition_bringup/share/drone_ignition_bringup/models/forest_plane/materials/textures/empty_grass.png
[2.340s] -- Up-to-date: /home/eleanorlow/robo1/install/drone_ignition_bringup/share/drone_ignition_bringup/models/forest_plane/model.config
[2.340s] -- Up-to-date: /home/eleanorlow/robo1/install/drone_ignition_bringup/share/drone_ignition_bringup/urdf
[2.359s] -- Up-to-date: /home/eleanorlow/robo1/install/drone_ignition_bringup/share/drone_ignition_bringup/urdf/meshes
[2.402s] -- Up-to-date: /home/eleanorlow/robo1/install/drone_ignition_bringup/share/drone_ignition_bringup/urdf/meshes/propeller_ccw.dae
[2.402s] -- Up-to-date: /home/eleanorlow/robo1/install/drone_ignition_bringup/share/drone_ignition_bringup/urdf/meshes/vi_camera.jpg
[2.402s] -- Up-to-date: /home/eleanorlow/robo1/install/drone_ignition_bringup/share/drone_ignition_bringup/urdf/meshes/vi_sensor.jpg
[2.402s] -- Up-to-date: /home/eleanorlow/robo1/install/drone_ignition_bringup/share/drone_ignition_bringup/urdf/meshes/x4.dae
[2.402s] -- Up-to-date: /home/eleanorlow/robo1/install/drone_ignition_bringup/share/drone_ignition_bringup/urdf/meshes/vi_camera.dae
[2.402s] -- Up-to-date: /home/eleanorlow/robo1/install/drone_ignition_bringup/share/drone_ignition_bringup/urdf/meshes/propeller_cw.dae
[2.402s] -- Up-to-date: /home/eleanorlow/robo1/install/drone_ignition_bringup/share/drone_ignition_bringup/urdf/meshes/led_lamp.dae
[2.402s] -- Up-to-date: /home/eleanorlow/robo1/install/drone_ignition_bringup/share/drone_ignition_bringup/urdf/meshes/neo11_propeller_cw.dae
[2.402s] -- Up-to-date: /home/eleanorlow/robo1/install/drone_ignition_bringup/share/drone_ignition_bringup/urdf/meshes/led.dae
[2.402s] -- Up-to-date: /home/eleanorlow/robo1/install/drone_ignition_bringup/share/drone_ignition_bringup/urdf/meshes/pelican.dae
[2.402s] -- Up-to-date: /home/eleanorlow/robo1/install/drone_ignition_bringup/share/drone_ignition_bringup/urdf/meshes/x4.jpg
[2.402s] -- Up-to-date: /home/eleanorlow/robo1/install/drone_ignition_bringup/share/drone_ignition_bringup/urdf/meshes/spotlight.dae
[2.403s] -- Up-to-date: /home/eleanorlow/robo1/install/drone_ignition_bringup/share/drone_ignition_bringup/urdf/meshes/vi_sensor.dae
[2.403s] -- Up-to-date: /home/eleanorlow/robo1/install/drone_ignition_bringup/share/drone_ignition_bringup/urdf/meshes/neo11_propeller_ccw.dae
[2.403s] -- Up-to-date: /home/eleanorlow/robo1/install/drone_ignition_bringup/share/drone_ignition_bringup/urdf/proparm.urdf.xacro
[2.403s] -- Up-to-date: /home/eleanorlow/robo1/install/drone_ignition_bringup/share/drone_ignition_bringup/urdf/X4 UAV Config 6
[2.468s] -- Up-to-date: /home/eleanorlow/robo1/install/drone_ignition_bringup/share/drone_ignition_bringup/urdf/X4 UAV Config 6/model.sdf
[2.468s] -- Up-to-date: /home/eleanorlow/robo1/install/drone_ignition_bringup/share/drone_ignition_bringup/urdf/X4 UAV Config 6/meshes
[2.493s] -- Up-to-date: /home/eleanorlow/robo1/install/drone_ignition_bringup/share/drone_ignition_bringup/urdf/X4 UAV Config 6/meshes/propeller_ccw.dae
[2.493s] -- Up-to-date: /home/eleanorlow/robo1/install/drone_ignition_bringup/share/drone_ignition_bringup/urdf/X4 UAV Config 6/meshes/vi_camera.jpg
[2.493s] -- Up-to-date: /home/eleanorlow/robo1/install/drone_ignition_bringup/share/drone_ignition_bringup/urdf/X4 UAV Config 6/meshes/vi_sensor.jpg
[2.493s] -- Up-to-date: /home/eleanorlow/robo1/install/drone_ignition_bringup/share/drone_ignition_bringup/urdf/X4 UAV Config 6/meshes/x4.dae
[2.493s] -- Up-to-date: /home/eleanorlow/robo1/install/drone_ignition_bringup/share/drone_ignition_bringup/urdf/X4 UAV Config 6/meshes/vi_camera.dae
[2.493s] -- Up-to-date: /home/eleanorlow/robo1/install/drone_ignition_bringup/share/drone_ignition_bringup/urdf/X4 UAV Config 6/meshes/propeller_cw.dae
[2.493s] -- Up-to-date: /home/eleanorlow/robo1/install/drone_ignition_bringup/share/drone_ignition_bringup/urdf/X4 UAV Config 6/meshes/led_lamp.dae
[2.493s] -- Up-to-date: /home/eleanorlow/robo1/install/drone_ignition_bringup/share/drone_ignition_bringup/urdf/X4 UAV Config 6/meshes/neo11_propeller_cw.dae
[2.493s] -- Up-to-date: /home/eleanorlow/robo1/install/drone_ignition_bringup/share/drone_ignition_bringup/urdf/X4 UAV Config 6/meshes/led.dae
[2.493s] -- Up-to-date: /home/eleanorlow/robo1/install/drone_ignition_bringup/share/drone_ignition_bringup/urdf/X4 UAV Config 6/meshes/pelican.dae
[2.493s] -- Up-to-date: /home/eleanorlow/robo1/install/drone_ignition_bringup/share/drone_ignition_bringup/urdf/X4 UAV Config 6/meshes/x4.jpg
[2.493s] -- Up-to-date: /home/eleanorlow/robo1/install/drone_ignition_bringup/share/drone_ignition_bringup/urdf/X4 UAV Config 6/meshes/spotlight.dae
[2.493s] -- Up-to-date: /home/eleanorlow/robo1/install/drone_ignition_bringup/share/drone_ignition_bringup/urdf/X4 UAV Config 6/meshes/vi_sensor.dae
[2.493s] -- Up-to-date: /home/eleanorlow/robo1/install/drone_ignition_bringup/share/drone_ignition_bringup/urdf/X4 UAV Config 6/meshes/neo11_propeller_ccw.dae
[2.493s] -- Up-to-date: /home/eleanorlow/robo1/install/drone_ignition_bringup/share/drone_ignition_bringup/urdf/X4 UAV Config 6/worlds
[2.512s] -- Up-to-date: /home/eleanorlow/robo1/install/drone_ignition_bringup/share/drone_ignition_bringup/urdf/X4 UAV Config 6/worlds/example.sdf
[2.512s] -- Up-to-date: /home/eleanorlow/robo1/install/drone_ignition_bringup/share/drone_ignition_bringup/urdf/X4 UAV Config 6/materials
[2.546s] -- Up-to-date: /home/eleanorlow/robo1/install/drone_ignition_bringup/share/drone_ignition_bringup/urdf/X4 UAV Config 6/materials/textures
[2.569s] -- Up-to-date: /home/eleanorlow/robo1/install/drone_ignition_bringup/share/drone_ignition_bringup/urdf/X4 UAV Config 6/materials/textures/led.jpg
[2.569s] -- Up-to-date: /home/eleanorlow/robo1/install/drone_ignition_bringup/share/drone_ignition_bringup/urdf/X4 UAV Config 6/materials/textures/spotlight.jpg
[2.569s] -- Up-to-date: /home/eleanorlow/robo1/install/drone_ignition_bringup/share/drone_ignition_bringup/urdf/X4 UAV Config 6/thumbnails
[2.580s] -- Up-to-date: /home/eleanorlow/robo1/install/drone_ignition_bringup/share/drone_ignition_bringup/urdf/X4 UAV Config 6/thumbnails/3.jpg
[2.580s] -- Up-to-date: /home/eleanorlow/robo1/install/drone_ignition_bringup/share/drone_ignition_bringup/urdf/X4 UAV Config 6/thumbnails/4.jpg
[2.580s] -- Up-to-date: /home/eleanorlow/robo1/install/drone_ignition_bringup/share/drone_ignition_bringup/urdf/X4 UAV Config 6/thumbnails/5.jpg
[2.580s] -- Up-to-date: /home/eleanorlow/robo1/install/drone_ignition_bringup/share/drone_ignition_bringup/urdf/X4 UAV Config 6/thumbnails/2.jpg
[2.580s] -- Up-to-date: /home/eleanorlow/robo1/install/drone_ignition_bringup/share/drone_ignition_bringup/urdf/X4 UAV Config 6/thumbnails/1.jpg
[2.580s] -- Up-to-date: /home/eleanorlow/robo1/install/drone_ignition_bringup/share/drone_ignition_bringup/urdf/X4 UAV Config 6/model.config
[2.580s] -- Up-to-date: /home/eleanorlow/robo1/install/drone_ignition_bringup/share/drone_ignition_bringup/urdf/drone.urdf.xacro
[2.580s] -- Up-to-date: /home/eleanorlow/robo1/install/drone_ignition_bringup/share/drone_ignition_bringup/urdf/drone.gazebo.xacro
[2.580s] -- Up-to-date: /home/eleanorlow/robo1/install/drone_ignition_bringup/share/drone_ignition_bringup/urdf/common_properties.urdf.xacro
[2.580s] -- Up-to-date: /home/eleanorlow/robo1/install/drone_ignition_bringup/share/drone_ignition_bringup/worlds
[2.597s] -- Up-to-date: /home/eleanorlow/robo1/install/drone_ignition_bringup/share/drone_ignition_bringup/worlds/large_demo.sdf
[2.597s] -- Up-to-date: /home/eleanorlow/robo1/install/drone_ignition_bringup/share/drone_ignition_bringup/worlds/simple_trees.sdf
[2.597s] -- Up-to-date: /home/eleanorlow/robo1/install/drone_ignition_bringup/share/ament_index/resource_index/package_run_dependencies/drone_ignition_bringup
[2.598s] -- Up-to-date: /home/eleanorlow/robo1/install/drone_ignition_bringup/share/ament_index/resource_index/parent_prefix_path/drone_ignition_bringup
[2.598s] -- Up-to-date: /home/eleanorlow/robo1/install/drone_ignition_bringup/share/drone_ignition_bringup/environment/ament_prefix_path.sh
[2.598s] -- Up-to-date: /home/eleanorlow/robo1/install/drone_ignition_bringup/share/drone_ignition_bringup/environment/ament_prefix_path.dsv
[2.598s] -- Up-to-date: /home/eleanorlow/robo1/install/drone_ignition_bringup/share/drone_ignition_bringup/environment/path.sh
[2.598s] -- Up-to-date: /home/eleanorlow/robo1/install/drone_ignition_bringup/share/drone_ignition_bringup/environment/path.dsv
[2.598s] -- Up-to-date: /home/eleanorlow/robo1/install/drone_ignition_bringup/share/drone_ignition_bringup/local_setup.bash
[2.598s] -- Up-to-date: /home/eleanorlow/robo1/install/drone_ignition_bringup/share/drone_ignition_bringup/local_setup.sh
[2.598s] -- Up-to-date: /home/eleanorlow/robo1/install/drone_ignition_bringup/share/drone_ignition_bringup/local_setup.zsh
[2.598s] -- Up-to-date: /home/eleanorlow/robo1/install/drone_ignition_bringup/share/drone_ignition_bringup/local_setup.dsv
[2.598s] -- Installing: /home/eleanorlow/robo1/install/drone_ignition_bringup/share/drone_ignition_bringup/package.dsv
[2.600s] -- Up-to-date: /home/eleanorlow/robo1/install/drone_ignition_bringup/share/ament_index/resource_index/packages/drone_ignition_bringup
[2.616s] -- Up-to-date: /home/eleanorlow/robo1/install/drone_ignition_bringup/share/drone_ignition_bringup/cmake/drone_ignition_bringupConfig.cmake
[2.617s] -- Up-to-date: /home/eleanorlow/robo1/install/drone_ignition_bringup/share/drone_ignition_bringup/cmake/drone_ignition_bringupConfig-version.cmake
[2.617s] -- Up-to-date: /home/eleanorlow/robo1/install/drone_ignition_bringup/share/drone_ignition_bringup/package.xml
[2.681s] Invoked command in '/home/eleanorlow/robo1/build/drone_ignition_bringup' returned '0': CMAKE_PREFIX_PATH=${CMAKE_PREFIX_PATH}:/opt/ros/humble /usr/bin/cmake --install /home/eleanorlow/robo1/build/drone_ignition_bringup
