[0.187s] Invoking command in '/home/eleanorlow/robo1/build/robo1_haje': CMAKE_PREFIX_PATH=${CMAKE_PREFIX_PATH}:/opt/ros/humble /usr/bin/cmake --build /home/eleanorlow/robo1/build/robo1_haje -- -j8 -l8
[1.036s] [100%] Built target Movement
[1.048s] Invoked command in '/home/eleanorlow/robo1/build/robo1_haje' returned '0': CMAKE_PREFIX_PATH=${CMAKE_PREFIX_PATH}:/opt/ros/humble /usr/bin/cmake --build /home/eleanorlow/robo1/build/robo1_haje -- -j8 -l8
[1.050s] Invoking command in '/home/eleanorlow/robo1/build/robo1_haje': CMAKE_PREFIX_PATH=${CMAKE_PREFIX_PATH}:/opt/ros/humble /usr/bin/cmake --install /home/eleanorlow/robo1/build/robo1_haje
[1.057s] -- Install configuration: ""
[1.057s] -- Up-to-date: /home/eleanorlow/robo1/install/robo1_haje/share/robo1_haje/launch
[1.057s] -- Up-to-date: /home/eleanorlow/robo1/install/robo1_haje/share/robo1_haje/launch/launch.py
[1.089s] -- Up-to-date: /home/eleanorlow/robo1/install/robo1_haje/lib/robo1_haje/Movement
[1.089s] -- Up-to-date: /home/eleanorlow/robo1/install/robo1_haje/share/ament_index/resource_index/package_run_dependencies/robo1_haje
[1.090s] -- Up-to-date: /home/eleanorlow/robo1/install/robo1_haje/share/ament_index/resource_index/parent_prefix_path/robo1_haje
[1.090s] -- Up-to-date: /home/eleanorlow/robo1/install/robo1_haje/share/robo1_haje/environment/ament_prefix_path.sh
[1.090s] -- Up-to-date: /home/eleanorlow/robo1/install/robo1_haje/share/robo1_haje/environment/ament_prefix_path.dsv
[1.090s] -- Up-to-date: /home/eleanorlow/robo1/install/robo1_haje/share/robo1_haje/environment/path.sh
[1.091s] -- Up-to-date: /home/eleanorlow/robo1/install/robo1_haje/share/robo1_haje/environment/path.dsv
[1.091s] -- Up-to-date: /home/eleanorlow/robo1/install/robo1_haje/share/robo1_haje/local_setup.bash
[1.091s] -- Up-to-date: /home/eleanorlow/robo1/install/robo1_haje/share/robo1_haje/local_setup.sh
[1.091s] -- Up-to-date: /home/eleanorlow/robo1/install/robo1_haje/share/robo1_haje/local_setup.zsh
[1.091s] -- Up-to-date: /home/eleanorlow/robo1/install/robo1_haje/share/robo1_haje/local_setup.dsv
[1.091s] -- Installing: /home/eleanorlow/robo1/install/robo1_haje/share/robo1_haje/package.dsv
[1.091s] -- Up-to-date: /home/eleanorlow/robo1/install/robo1_haje/share/ament_index/resource_index/packages/robo1_haje
[1.091s] -- Up-to-date: /home/eleanorlow/robo1/install/robo1_haje/share/robo1_haje/cmake/robo1_hajeConfig.cmake
[1.092s] -- Up-to-date: /home/eleanorlow/robo1/install/robo1_haje/share/robo1_haje/cmake/robo1_hajeConfig-version.cmake
[1.092s] -- Up-to-date: /home/eleanorlow/robo1/install/robo1_haje/share/robo1_haje/package.xml
[1.095s] Invoked command in '/home/eleanorlow/robo1/build/robo1_haje' returned '0': CMAKE_PREFIX_PATH=${CMAKE_PREFIX_PATH}:/opt/ros/humble /usr/bin/cmake --install /home/eleanorlow/robo1/build/robo1_haje
