[0.118s] Invoking command in '/home/eleanorlow/robo1/build/drone_ignition_bringup': CMAKE_PREFIX_PATH=${CMAKE_PREFIX_PATH}:/opt/ros/humble /usr/bin/cmake --build /home/eleanorlow/robo1/build/drone_ignition_bringup -- -j8 -l8
[0.877s] Invoked command in '/home/eleanorlow/robo1/build/drone_ignition_bringup' returned '0': CMAKE_PREFIX_PATH=${CMAKE_PREFIX_PATH}:/opt/ros/humble /usr/bin/cmake --build /home/eleanorlow/robo1/build/drone_ignition_bringup -- -j8 -l8
[0.936s] Invoking command in '/home/eleanorlow/robo1/build/drone_ignition_bringup': CMAKE_PREFIX_PATH=${CMAKE_PREFIX_PATH}:/opt/ros/humble /usr/bin/cmake --install /home/eleanorlow/robo1/build/drone_ignition_bringup
[0.957s] -- Install configuration: ""
[0.976s] -- Execute custom install script
[0.998s] -- Up-to-date symlink: /home/eleanorlow/robo1/install/drone_ignition_bringup/share/drone_ignition_bringup/config/drone.rviz
[1.009s] -- Up-to-date symlink: /home/eleanorlow/robo1/install/drone_ignition_bringup/share/drone_ignition_bringup/config/gazebo_bridge.yaml
[1.010s] -- Up-to-date symlink: /home/eleanorlow/robo1/install/drone_ignition_bringup/share/drone_ignition_bringup/config/nav2_params.yaml
[1.020s] -- Up-to-date symlink: /home/eleanorlow/robo1/install/drone_ignition_bringup/share/drone_ignition_bringup/config/robot_localization.yaml
[1.032s] -- Up-to-date symlink: /home/eleanorlow/robo1/install/drone_ignition_bringup/share/drone_ignition_bringup/config/slam_params.yaml
[1.043s] -- Up-to-date symlink: /home/eleanorlow/robo1/install/drone_ignition_bringup/share/drone_ignition_bringup/launch/drone_ignition.launch.py
[1.044s] -- Up-to-date symlink: /home/eleanorlow/robo1/install/drone_ignition_bringup/share/drone_ignition_bringup/launch/drone_navigation.launch.py
[1.132s] -- Up-to-date symlink: /home/eleanorlow/robo1/install/drone_ignition_bringup/share/drone_ignition_bringup/models/forest_plane/materials/textures/empty_grass.png
[1.133s] -- Up-to-date symlink: /home/eleanorlow/robo1/install/drone_ignition_bringup/share/drone_ignition_bringup/models/forest_plane/materials/textures/forest_overhead.png
[1.133s] -- Up-to-date symlink: /home/eleanorlow/robo1/install/drone_ignition_bringup/share/drone_ignition_bringup/models/forest_plane/materials/textures/leaf_litter.png
[1.133s] -- Up-to-date symlink: /home/eleanorlow/robo1/install/drone_ignition_bringup/share/drone_ignition_bringup/models/forest_plane/model.config
[1.134s] -- Up-to-date symlink: /home/eleanorlow/robo1/install/drone_ignition_bringup/share/drone_ignition_bringup/models/forest_plane/model.sdf
[1.174s] -- Up-to-date symlink: /home/eleanorlow/robo1/install/drone_ignition_bringup/share/drone_ignition_bringup/models/forest_wall/materials/textures/forest_wall.png
[1.177s] -- Up-to-date symlink: /home/eleanorlow/robo1/install/drone_ignition_bringup/share/drone_ignition_bringup/models/forest_wall/materials/textures/forest_wall_transparent.png
[1.188s] -- Up-to-date symlink: /home/eleanorlow/robo1/install/drone_ignition_bringup/share/drone_ignition_bringup/models/forest_wall/materials/textures/forest_wall_transparent_small.png
[1.189s] -- Up-to-date symlink: /home/eleanorlow/robo1/install/drone_ignition_bringup/share/drone_ignition_bringup/models/forest_wall/model.config
[1.189s] -- Up-to-date symlink: /home/eleanorlow/robo1/install/drone_ignition_bringup/share/drone_ignition_bringup/models/forest_wall/model.sdf
[1.189s] -- Up-to-date symlink: /home/eleanorlow/robo1/install/drone_ignition_bringup/share/drone_ignition_bringup/models/grass_plane/materials/textures/empty_grass.png
[1.189s] -- Up-to-date symlink: /home/eleanorlow/robo1/install/drone_ignition_bringup/share/drone_ignition_bringup/models/grass_plane/model.config
[1.190s] -- Up-to-date symlink: /home/eleanorlow/robo1/install/drone_ignition_bringup/share/drone_ignition_bringup/models/grass_plane/model.sdf
[1.190s] -- Up-to-date symlink: /home/eleanorlow/robo1/install/drone_ignition_bringup/share/drone_ignition_bringup/urdf/common_properties.urdf.xacro
[1.191s] -- Up-to-date symlink: /home/eleanorlow/robo1/install/drone_ignition_bringup/share/drone_ignition_bringup/urdf/drone.gazebo.xacro
[1.191s] -- Up-to-date symlink: /home/eleanorlow/robo1/install/drone_ignition_bringup/share/drone_ignition_bringup/urdf/drone.urdf.xacro
[1.192s] -- Up-to-date symlink: /home/eleanorlow/robo1/install/drone_ignition_bringup/share/drone_ignition_bringup/urdf/meshes/hull.dae
[1.192s] -- Up-to-date symlink: /home/eleanorlow/robo1/install/drone_ignition_bringup/share/drone_ignition_bringup/urdf/meshes/propeller_fl.dae
[1.192s] -- Up-to-date symlink: /home/eleanorlow/robo1/install/drone_ignition_bringup/share/drone_ignition_bringup/urdf/meshes/propeller_fr.dae
[1.192s] -- Up-to-date symlink: /home/eleanorlow/robo1/install/drone_ignition_bringup/share/drone_ignition_bringup/urdf/meshes/propeller_rl.dae
[1.192s] -- Up-to-date symlink: /home/eleanorlow/robo1/install/drone_ignition_bringup/share/drone_ignition_bringup/urdf/meshes/propeller_rr.dae
[1.193s] -- Up-to-date symlink: /home/eleanorlow/robo1/install/drone_ignition_bringup/share/drone_ignition_bringup/worlds/large_demo.sdf
[1.199s] -- Up-to-date symlink: /home/eleanorlow/robo1/install/drone_ignition_bringup/share/drone_ignition_bringup/worlds/simple_trees.sdf
[1.199s] -- Up-to-date symlink: /home/eleanorlow/robo1/install/drone_ignition_bringup/share/ament_index/resource_index/package_run_dependencies/drone_ignition_bringup
[1.221s] -- Up-to-date symlink: /home/eleanorlow/robo1/install/drone_ignition_bringup/share/ament_index/resource_index/parent_prefix_path/drone_ignition_bringup
[1.222s] -- Up-to-date symlink: /home/eleanorlow/robo1/install/drone_ignition_bringup/share/drone_ignition_bringup/environment/ament_prefix_path.sh
[1.222s] -- Up-to-date symlink: /home/eleanorlow/robo1/install/drone_ignition_bringup/share/drone_ignition_bringup/environment/ament_prefix_path.dsv
[1.223s] -- Up-to-date symlink: /home/eleanorlow/robo1/install/drone_ignition_bringup/share/drone_ignition_bringup/environment/path.sh
[1.223s] -- Up-to-date symlink: /home/eleanorlow/robo1/install/drone_ignition_bringup/share/drone_ignition_bringup/environment/path.dsv
[1.224s] -- Up-to-date symlink: /home/eleanorlow/robo1/install/drone_ignition_bringup/share/drone_ignition_bringup/local_setup.bash
[1.224s] -- Up-to-date symlink: /home/eleanorlow/robo1/install/drone_ignition_bringup/share/drone_ignition_bringup/local_setup.sh
[1.225s] -- Up-to-date symlink: /home/eleanorlow/robo1/install/drone_ignition_bringup/share/drone_ignition_bringup/local_setup.zsh
[1.225s] -- Up-to-date symlink: /home/eleanorlow/robo1/install/drone_ignition_bringup/share/drone_ignition_bringup/local_setup.dsv
[1.225s] -- Symlinking: /home/eleanorlow/robo1/install/drone_ignition_bringup/share/drone_ignition_bringup/package.dsv
[1.242s] -- Up-to-date symlink: /home/eleanorlow/robo1/install/drone_ignition_bringup/share/ament_index/resource_index/packages/drone_ignition_bringup
[1.254s] -- Up-to-date symlink: /home/eleanorlow/robo1/install/drone_ignition_bringup/share/drone_ignition_bringup/cmake/drone_ignition_bringupConfig.cmake
[1.254s] -- Up-to-date symlink: /home/eleanorlow/robo1/install/drone_ignition_bringup/share/drone_ignition_bringup/cmake/drone_ignition_bringupConfig-version.cmake
[1.254s] -- Up-to-date symlink: /home/eleanorlow/robo1/install/drone_ignition_bringup/share/drone_ignition_bringup/package.xml
[1.258s] Invoked command in '/home/eleanorlow/robo1/build/drone_ignition_bringup' returned '0': CMAKE_PREFIX_PATH=${CMAKE_PREFIX_PATH}:/opt/ros/humble /usr/bin/cmake --install /home/eleanorlow/robo1/build/drone_ignition_bringup
