[0.100s] DEBUG:colcon:Command line arguments: ['/usr/bin/colcon', 'build']
[0.100s] DEBUG:colcon:Parsed command line arguments: Namespace(log_base=None, log_level=None, verb_name='build', build_base='build', install_base='install', merge_install=False, symlink_install=False, test_result_base=None, continue_on_error=False, executor='parallel', parallel_workers=8, event_handlers=None, ignore_user_meta=False, metas=['./colcon.meta'], base_paths=['.'], packages_ignore=None, packages_ignore_regex=None, paths=None, packages_up_to=None, packages_up_to_regex=None, packages_above=None, packages_above_and_dependencies=None, packages_above_depth=None, packages_select_by_dep=None, packages_skip_by_dep=None, packages_skip_up_to=None, packages_select_build_failed=False, packages_skip_build_finished=False, packages_select_test_failures=False, packages_skip_test_passed=False, packages_select=None, packages_skip=None, packages_select_regex=None, packages_skip_regex=None, packages_start=None, packages_end=None, allow_overriding=[], cmake_args=None, cmake_target=None, cmake_target_skip_unavailable=False, cmake_clean_cache=False, cmake_clean_first=False, cmake_force_configure=False, ament_cmake_args=None, catkin_cmake_args=None, catkin_skip_building_tests=False, mixin_files=None, mixin=None, verb_parser=<colcon_mixin.mixin.mixin_argument.MixinArgumentDecorator object at 0x7466c5061cc0>, verb_extension=<colcon_core.verb.build.BuildVerb object at 0x7466c5061810>, main=<bound method BuildVerb.main of <colcon_core.verb.build.BuildVerb object at 0x7466c5061810>>, mixin_verb=('build',))
[0.270s] Level 1:colcon.colcon_core.package_discovery:discover_packages(colcon_meta) check parameters
[0.270s] Level 1:colcon.colcon_core.package_discovery:discover_packages(recursive) check parameters
[0.270s] Level 1:colcon.colcon_core.package_discovery:discover_packages(ignore) check parameters
[0.270s] Level 1:colcon.colcon_core.package_discovery:discover_packages(path) check parameters
[0.270s] Level 1:colcon.colcon_core.package_discovery:discover_packages(colcon_meta) discover
[0.271s] Level 1:colcon.colcon_core.package_discovery:discover_packages(recursive) discover
[0.271s] INFO:colcon.colcon_core.package_discovery:Crawling recursively for packages in '/home/eleanorlow/robo1'
[0.271s] Level 1:colcon.colcon_core.package_identification:_identify(.) by extensions ['ignore', 'ignore_ament_install']
[0.271s] Level 1:colcon.colcon_core.package_identification:_identify(.) by extension 'ignore'
[0.271s] Level 1:colcon.colcon_core.package_identification:_identify(.) by extension 'ignore_ament_install'
[0.271s] Level 1:colcon.colcon_core.package_identification:_identify(.) by extensions ['colcon_pkg']
[0.271s] Level 1:colcon.colcon_core.package_identification:_identify(.) by extension 'colcon_pkg'
[0.271s] Level 1:colcon.colcon_core.package_identification:_identify(.) by extensions ['colcon_meta']
[0.271s] Level 1:colcon.colcon_core.package_identification:_identify(.) by extension 'colcon_meta'
[0.271s] Level 1:colcon.colcon_core.package_identification:_identify(.) by extensions ['ros']
[0.271s] Level 1:colcon.colcon_core.package_identification:_identify(.) by extension 'ros'
[0.279s] Level 1:colcon.colcon_core.package_identification:_identify(.) by extensions ['cmake', 'python']
[0.279s] Level 1:colcon.colcon_core.package_identification:_identify(.) by extension 'cmake'
[0.279s] Level 1:colcon.colcon_core.package_identification:_identify(.) by extension 'python'
[0.279s] Level 1:colcon.colcon_core.package_identification:_identify(.) by extensions ['python_setup_py']
[0.279s] Level 1:colcon.colcon_core.package_identification:_identify(.) by extension 'python_setup_py'
[0.279s] Level 1:colcon.colcon_core.package_identification:_identify(build) by extensions ['ignore', 'ignore_ament_install']
[0.279s] Level 1:colcon.colcon_core.package_identification:_identify(build) by extension 'ignore'
[0.279s] Level 1:colcon.colcon_core.package_identification:_identify(build) ignored
[0.279s] Level 1:colcon.colcon_core.package_identification:_identify(install) by extensions ['ignore', 'ignore_ament_install']
[0.279s] Level 1:colcon.colcon_core.package_identification:_identify(install) by extension 'ignore'
[0.279s] Level 1:colcon.colcon_core.package_identification:_identify(install) ignored
[0.279s] Level 1:colcon.colcon_core.package_identification:_identify(log) by extensions ['ignore', 'ignore_ament_install']
[0.279s] Level 1:colcon.colcon_core.package_identification:_identify(log) by extension 'ignore'
[0.279s] Level 1:colcon.colcon_core.package_identification:_identify(log) ignored
[0.279s] Level 1:colcon.colcon_core.package_identification:_identify(src) by extensions ['ignore', 'ignore_ament_install']
[0.279s] Level 1:colcon.colcon_core.package_identification:_identify(src) by extension 'ignore'
[0.279s] Level 1:colcon.colcon_core.package_identification:_identify(src) by extension 'ignore_ament_install'
[0.279s] Level 1:colcon.colcon_core.package_identification:_identify(src) by extensions ['colcon_pkg']
[0.280s] Level 1:colcon.colcon_core.package_identification:_identify(src) by extension 'colcon_pkg'
[0.280s] Level 1:colcon.colcon_core.package_identification:_identify(src) by extensions ['colcon_meta']
[0.280s] Level 1:colcon.colcon_core.package_identification:_identify(src) by extension 'colcon_meta'
[0.280s] Level 1:colcon.colcon_core.package_identification:_identify(src) by extensions ['ros']
[0.280s] Level 1:colcon.colcon_core.package_identification:_identify(src) by extension 'ros'
[0.280s] Level 1:colcon.colcon_core.package_identification:_identify(src) by extensions ['cmake', 'python']
[0.280s] Level 1:colcon.colcon_core.package_identification:_identify(src) by extension 'cmake'
[0.280s] Level 1:colcon.colcon_core.package_identification:_identify(src) by extension 'python'
[0.280s] Level 1:colcon.colcon_core.package_identification:_identify(src) by extensions ['python_setup_py']
[0.280s] Level 1:colcon.colcon_core.package_identification:_identify(src) by extension 'python_setup_py'
[0.280s] Level 1:colcon.colcon_core.package_identification:_identify(src/41068_ignition_bringup_with_drone) by extensions ['ignore', 'ignore_ament_install']
[0.280s] Level 1:colcon.colcon_core.package_identification:_identify(src/41068_ignition_bringup_with_drone) by extension 'ignore'
[0.280s] Level 1:colcon.colcon_core.package_identification:_identify(src/41068_ignition_bringup_with_drone) by extension 'ignore_ament_install'
[0.280s] Level 1:colcon.colcon_core.package_identification:_identify(src/41068_ignition_bringup_with_drone) by extensions ['colcon_pkg']
[0.280s] Level 1:colcon.colcon_core.package_identification:_identify(src/41068_ignition_bringup_with_drone) by extension 'colcon_pkg'
[0.280s] Level 1:colcon.colcon_core.package_identification:_identify(src/41068_ignition_bringup_with_drone) by extensions ['colcon_meta']
[0.280s] Level 1:colcon.colcon_core.package_identification:_identify(src/41068_ignition_bringup_with_drone) by extension 'colcon_meta'
[0.280s] Level 1:colcon.colcon_core.package_identification:_identify(src/41068_ignition_bringup_with_drone) by extensions ['ros']
[0.280s] Level 1:colcon.colcon_core.package_identification:_identify(src/41068_ignition_bringup_with_drone) by extension 'ros'
[0.280s] Level 1:colcon.colcon_core.package_identification:_identify(src/41068_ignition_bringup_with_drone) by extensions ['cmake', 'python']
[0.280s] Level 1:colcon.colcon_core.package_identification:_identify(src/41068_ignition_bringup_with_drone) by extension 'cmake'
[0.280s] Level 1:colcon.colcon_core.package_identification:_identify(src/41068_ignition_bringup_with_drone) by extension 'python'
[0.280s] Level 1:colcon.colcon_core.package_identification:_identify(src/41068_ignition_bringup_with_drone) by extensions ['python_setup_py']
[0.280s] Level 1:colcon.colcon_core.package_identification:_identify(src/41068_ignition_bringup_with_drone) by extension 'python_setup_py'
[0.280s] Level 1:colcon.colcon_core.package_identification:_identify(src/41068_ignition_bringup_with_drone/41068_ignition_bringup) by extensions ['ignore', 'ignore_ament_install']
[0.280s] Level 1:colcon.colcon_core.package_identification:_identify(src/41068_ignition_bringup_with_drone/41068_ignition_bringup) by extension 'ignore'
[0.280s] Level 1:colcon.colcon_core.package_identification:_identify(src/41068_ignition_bringup_with_drone/41068_ignition_bringup) by extension 'ignore_ament_install'
[0.280s] Level 1:colcon.colcon_core.package_identification:_identify(src/41068_ignition_bringup_with_drone/41068_ignition_bringup) by extensions ['colcon_pkg']
[0.280s] Level 1:colcon.colcon_core.package_identification:_identify(src/41068_ignition_bringup_with_drone/41068_ignition_bringup) by extension 'colcon_pkg'
[0.280s] Level 1:colcon.colcon_core.package_identification:_identify(src/41068_ignition_bringup_with_drone/41068_ignition_bringup) by extensions ['colcon_meta']
[0.280s] Level 1:colcon.colcon_core.package_identification:_identify(src/41068_ignition_bringup_with_drone/41068_ignition_bringup) by extension 'colcon_meta'
[0.280s] Level 1:colcon.colcon_core.package_identification:_identify(src/41068_ignition_bringup_with_drone/41068_ignition_bringup) by extensions ['ros']
[0.280s] Level 1:colcon.colcon_core.package_identification:_identify(src/41068_ignition_bringup_with_drone/41068_ignition_bringup) by extension 'ros'
[0.283s] DEBUG:colcon.colcon_core.package_identification:Package 'src/41068_ignition_bringup_with_drone/41068_ignition_bringup' with type 'ros.ament_cmake' and name '41068_ignition_bringup'
[0.283s] Level 1:colcon.colcon_core.package_identification:_identify(src/Robo1_HAJE) by extensions ['ignore', 'ignore_ament_install']
[0.283s] Level 1:colcon.colcon_core.package_identification:_identify(src/Robo1_HAJE) by extension 'ignore'
[0.283s] Level 1:colcon.colcon_core.package_identification:_identify(src/Robo1_HAJE) by extension 'ignore_ament_install'
[0.283s] Level 1:colcon.colcon_core.package_identification:_identify(src/Robo1_HAJE) by extensions ['colcon_pkg']
[0.283s] Level 1:colcon.colcon_core.package_identification:_identify(src/Robo1_HAJE) by extension 'colcon_pkg'
[0.283s] Level 1:colcon.colcon_core.package_identification:_identify(src/Robo1_HAJE) by extensions ['colcon_meta']
[0.283s] Level 1:colcon.colcon_core.package_identification:_identify(src/Robo1_HAJE) by extension 'colcon_meta'
[0.283s] Level 1:colcon.colcon_core.package_identification:_identify(src/Robo1_HAJE) by extensions ['ros']
[0.283s] Level 1:colcon.colcon_core.package_identification:_identify(src/Robo1_HAJE) by extension 'ros'
[0.284s] DEBUG:colcon.colcon_core.package_identification:Package 'src/Robo1_HAJE' with type 'ros.ament_cmake' and name 'robo1_haje'
[0.284s] Level 1:colcon.colcon_core.package_identification:_identify(src/drone_ignition_bringup) by extensions ['ignore', 'ignore_ament_install']
[0.284s] Level 1:colcon.colcon_core.package_identification:_identify(src/drone_ignition_bringup) by extension 'ignore'
[0.284s] Level 1:colcon.colcon_core.package_identification:_identify(src/drone_ignition_bringup) by extension 'ignore_ament_install'
[0.284s] Level 1:colcon.colcon_core.package_identification:_identify(src/drone_ignition_bringup) by extensions ['colcon_pkg']
[0.284s] Level 1:colcon.colcon_core.package_identification:_identify(src/drone_ignition_bringup) by extension 'colcon_pkg'
[0.284s] Level 1:colcon.colcon_core.package_identification:_identify(src/drone_ignition_bringup) by extensions ['colcon_meta']
[0.284s] Level 1:colcon.colcon_core.package_identification:_identify(src/drone_ignition_bringup) by extension 'colcon_meta'
[0.284s] Level 1:colcon.colcon_core.package_identification:_identify(src/drone_ignition_bringup) by extensions ['ros']
[0.284s] Level 1:colcon.colcon_core.package_identification:_identify(src/drone_ignition_bringup) by extension 'ros'
[0.285s] DEBUG:colcon.colcon_core.package_identification:Package 'src/drone_ignition_bringup' with type 'ros.ament_cmake' and name 'drone_ignition_bringup'
[0.285s] Level 1:colcon.colcon_core.package_identification:_identify(src/gazebo-vegetation-master) by extensions ['ignore', 'ignore_ament_install']
[0.285s] Level 1:colcon.colcon_core.package_identification:_identify(src/gazebo-vegetation-master) by extension 'ignore'
[0.285s] Level 1:colcon.colcon_core.package_identification:_identify(src/gazebo-vegetation-master) by extension 'ignore_ament_install'
[0.285s] Level 1:colcon.colcon_core.package_identification:_identify(src/gazebo-vegetation-master) by extensions ['colcon_pkg']
[0.285s] Level 1:colcon.colcon_core.package_identification:_identify(src/gazebo-vegetation-master) by extension 'colcon_pkg'
[0.285s] Level 1:colcon.colcon_core.package_identification:_identify(src/gazebo-vegetation-master) by extensions ['colcon_meta']
[0.285s] Level 1:colcon.colcon_core.package_identification:_identify(src/gazebo-vegetation-master) by extension 'colcon_meta'
[0.285s] Level 1:colcon.colcon_core.package_identification:_identify(src/gazebo-vegetation-master) by extensions ['ros']
[0.285s] Level 1:colcon.colcon_core.package_identification:_identify(src/gazebo-vegetation-master) by extension 'ros'
[0.285s] Level 1:colcon.colcon_core.package_identification:_identify(src/gazebo-vegetation-master) by extensions ['cmake', 'python']
[0.285s] Level 1:colcon.colcon_core.package_identification:_identify(src/gazebo-vegetation-master) by extension 'cmake'
[0.285s] Level 1:colcon.colcon_core.package_identification:_identify(src/gazebo-vegetation-master) by extension 'python'
[0.285s] Level 1:colcon.colcon_core.package_identification:_identify(src/gazebo-vegetation-master) by extensions ['python_setup_py']
[0.285s] Level 1:colcon.colcon_core.package_identification:_identify(src/gazebo-vegetation-master) by extension 'python_setup_py'
[0.285s] Level 1:colcon.colcon_core.package_identification:_identify(src/gazebo-vegetation-master/gazebo_vegetation) by extensions ['ignore', 'ignore_ament_install']
[0.285s] Level 1:colcon.colcon_core.package_identification:_identify(src/gazebo-vegetation-master/gazebo_vegetation) by extension 'ignore'
[0.285s] Level 1:colcon.colcon_core.package_identification:_identify(src/gazebo-vegetation-master/gazebo_vegetation) by extension 'ignore_ament_install'
[0.286s] Level 1:colcon.colcon_core.package_identification:_identify(src/gazebo-vegetation-master/gazebo_vegetation) by extensions ['colcon_pkg']
[0.286s] Level 1:colcon.colcon_core.package_identification:_identify(src/gazebo-vegetation-master/gazebo_vegetation) by extension 'colcon_pkg'
[0.286s] Level 1:colcon.colcon_core.package_identification:_identify(src/gazebo-vegetation-master/gazebo_vegetation) by extensions ['colcon_meta']
[0.286s] Level 1:colcon.colcon_core.package_identification:_identify(src/gazebo-vegetation-master/gazebo_vegetation) by extension 'colcon_meta'
[0.286s] Level 1:colcon.colcon_core.package_identification:_identify(src/gazebo-vegetation-master/gazebo_vegetation) by extensions ['ros']
[0.286s] Level 1:colcon.colcon_core.package_identification:_identify(src/gazebo-vegetation-master/gazebo_vegetation) by extension 'ros'
[0.286s] DEBUG:colcon.colcon_core.package_identification:Package 'src/gazebo-vegetation-master/gazebo_vegetation' with type 'ros.catkin' and name 'gazebo_vegetation'
[0.286s] Level 1:colcon.colcon_core.package_discovery:discover_packages(recursive) using defaults
[0.286s] Level 1:colcon.colcon_core.package_discovery:discover_packages(ignore) discover
[0.286s] Level 1:colcon.colcon_core.package_discovery:discover_packages(ignore) using defaults
[0.286s] Level 1:colcon.colcon_core.package_discovery:discover_packages(path) discover
[0.286s] Level 1:colcon.colcon_core.package_discovery:discover_packages(path) using defaults
[0.315s] Level 1:colcon.colcon_core.package_discovery:discover_packages(prefix_path) check parameters
[0.315s] Level 1:colcon.colcon_core.package_discovery:discover_packages(prefix_path) discover
[0.317s] DEBUG:colcon.colcon_installed_package_information.package_discovery:Found 3 installed packages in /home/eleanorlow/robo1/install
[0.318s] DEBUG:colcon.colcon_installed_package_information.package_discovery:Found 398 installed packages in /opt/ros/humble
[0.320s] Level 1:colcon.colcon_core.package_discovery:discover_packages(prefix_path) using defaults
[0.378s] Level 5:colcon.colcon_core.verb:set package '41068_ignition_bringup' build argument 'cmake_args' from command line to 'None'
[0.379s] Level 5:colcon.colcon_core.verb:set package '41068_ignition_bringup' build argument 'cmake_target' from command line to 'None'
[0.379s] Level 5:colcon.colcon_core.verb:set package '41068_ignition_bringup' build argument 'cmake_target_skip_unavailable' from command line to 'False'
[0.379s] Level 5:colcon.colcon_core.verb:set package '41068_ignition_bringup' build argument 'cmake_clean_cache' from command line to 'False'
[0.379s] Level 5:colcon.colcon_core.verb:set package '41068_ignition_bringup' build argument 'cmake_clean_first' from command line to 'False'
[0.379s] Level 5:colcon.colcon_core.verb:set package '41068_ignition_bringup' build argument 'cmake_force_configure' from command line to 'False'
[0.379s] Level 5:colcon.colcon_core.verb:set package '41068_ignition_bringup' build argument 'ament_cmake_args' from command line to 'None'
[0.379s] Level 5:colcon.colcon_core.verb:set package '41068_ignition_bringup' build argument 'catkin_cmake_args' from command line to 'None'
[0.379s] Level 5:colcon.colcon_core.verb:set package '41068_ignition_bringup' build argument 'catkin_skip_building_tests' from command line to 'False'
[0.379s] DEBUG:colcon.colcon_core.verb:Building package '41068_ignition_bringup' with the following arguments: {'ament_cmake_args': None, 'build_base': '/home/eleanorlow/robo1/build/41068_ignition_bringup', 'catkin_cmake_args': None, 'catkin_skip_building_tests': False, 'cmake_args': None, 'cmake_clean_cache': False, 'cmake_clean_first': False, 'cmake_force_configure': False, 'cmake_target': None, 'cmake_target_skip_unavailable': False, 'install_base': '/home/eleanorlow/robo1/install/41068_ignition_bringup', 'merge_install': False, 'path': '/home/eleanorlow/robo1/src/41068_ignition_bringup_with_drone/41068_ignition_bringup', 'symlink_install': False, 'test_result_base': None}
[0.379s] Level 5:colcon.colcon_core.verb:set package 'drone_ignition_bringup' build argument 'cmake_args' from command line to 'None'
[0.379s] Level 5:colcon.colcon_core.verb:set package 'drone_ignition_bringup' build argument 'cmake_target' from command line to 'None'
[0.379s] Level 5:colcon.colcon_core.verb:set package 'drone_ignition_bringup' build argument 'cmake_target_skip_unavailable' from command line to 'False'
[0.379s] Level 5:colcon.colcon_core.verb:set package 'drone_ignition_bringup' build argument 'cmake_clean_cache' from command line to 'False'
[0.379s] Level 5:colcon.colcon_core.verb:set package 'drone_ignition_bringup' build argument 'cmake_clean_first' from command line to 'False'
[0.379s] Level 5:colcon.colcon_core.verb:set package 'drone_ignition_bringup' build argument 'cmake_force_configure' from command line to 'False'
[0.379s] Level 5:colcon.colcon_core.verb:set package 'drone_ignition_bringup' build argument 'ament_cmake_args' from command line to 'None'
[0.379s] Level 5:colcon.colcon_core.verb:set package 'drone_ignition_bringup' build argument 'catkin_cmake_args' from command line to 'None'
[0.379s] Level 5:colcon.colcon_core.verb:set package 'drone_ignition_bringup' build argument 'catkin_skip_building_tests' from command line to 'False'
[0.379s] DEBUG:colcon.colcon_core.verb:Building package 'drone_ignition_bringup' with the following arguments: {'ament_cmake_args': None, 'build_base': '/home/eleanorlow/robo1/build/drone_ignition_bringup', 'catkin_cmake_args': None, 'catkin_skip_building_tests': False, 'cmake_args': None, 'cmake_clean_cache': False, 'cmake_clean_first': False, 'cmake_force_configure': False, 'cmake_target': None, 'cmake_target_skip_unavailable': False, 'install_base': '/home/eleanorlow/robo1/install/drone_ignition_bringup', 'merge_install': False, 'path': '/home/eleanorlow/robo1/src/drone_ignition_bringup', 'symlink_install': False, 'test_result_base': None}
[0.379s] Level 5:colcon.colcon_core.verb:set package 'gazebo_vegetation' build argument 'cmake_args' from command line to 'None'
[0.379s] Level 5:colcon.colcon_core.verb:set package 'gazebo_vegetation' build argument 'cmake_target' from command line to 'None'
[0.379s] Level 5:colcon.colcon_core.verb:set package 'gazebo_vegetation' build argument 'cmake_target_skip_unavailable' from command line to 'False'
[0.379s] Level 5:colcon.colcon_core.verb:set package 'gazebo_vegetation' build argument 'cmake_clean_cache' from command line to 'False'
[0.379s] Level 5:colcon.colcon_core.verb:set package 'gazebo_vegetation' build argument 'cmake_clean_first' from command line to 'False'
[0.379s] Level 5:colcon.colcon_core.verb:set package 'gazebo_vegetation' build argument 'cmake_force_configure' from command line to 'False'
[0.379s] Level 5:colcon.colcon_core.verb:set package 'gazebo_vegetation' build argument 'ament_cmake_args' from command line to 'None'
[0.379s] Level 5:colcon.colcon_core.verb:set package 'gazebo_vegetation' build argument 'catkin_cmake_args' from command line to 'None'
[0.379s] Level 5:colcon.colcon_core.verb:set package 'gazebo_vegetation' build argument 'catkin_skip_building_tests' from command line to 'False'
[0.379s] DEBUG:colcon.colcon_core.verb:Building package 'gazebo_vegetation' with the following arguments: {'ament_cmake_args': None, 'build_base': '/home/eleanorlow/robo1/build/gazebo_vegetation', 'catkin_cmake_args': None, 'catkin_skip_building_tests': False, 'cmake_args': None, 'cmake_clean_cache': False, 'cmake_clean_first': False, 'cmake_force_configure': False, 'cmake_target': None, 'cmake_target_skip_unavailable': False, 'install_base': '/home/eleanorlow/robo1/install/gazebo_vegetation', 'merge_install': False, 'path': '/home/eleanorlow/robo1/src/gazebo-vegetation-master/gazebo_vegetation', 'symlink_install': False, 'test_result_base': None}
[0.380s] Level 5:colcon.colcon_core.verb:set package 'robo1_haje' build argument 'cmake_args' from command line to 'None'
[0.380s] Level 5:colcon.colcon_core.verb:set package 'robo1_haje' build argument 'cmake_target' from command line to 'None'
[0.380s] Level 5:colcon.colcon_core.verb:set package 'robo1_haje' build argument 'cmake_target_skip_unavailable' from command line to 'False'
[0.380s] Level 5:colcon.colcon_core.verb:set package 'robo1_haje' build argument 'cmake_clean_cache' from command line to 'False'
[0.380s] Level 5:colcon.colcon_core.verb:set package 'robo1_haje' build argument 'cmake_clean_first' from command line to 'False'
[0.380s] Level 5:colcon.colcon_core.verb:set package 'robo1_haje' build argument 'cmake_force_configure' from command line to 'False'
[0.380s] Level 5:colcon.colcon_core.verb:set package 'robo1_haje' build argument 'ament_cmake_args' from command line to 'None'
[0.380s] Level 5:colcon.colcon_core.verb:set package 'robo1_haje' build argument 'catkin_cmake_args' from command line to 'None'
[0.380s] Level 5:colcon.colcon_core.verb:set package 'robo1_haje' build argument 'catkin_skip_building_tests' from command line to 'False'
[0.380s] DEBUG:colcon.colcon_core.verb:Building package 'robo1_haje' with the following arguments: {'ament_cmake_args': None, 'build_base': '/home/eleanorlow/robo1/build/robo1_haje', 'catkin_cmake_args': None, 'catkin_skip_building_tests': False, 'cmake_args': None, 'cmake_clean_cache': False, 'cmake_clean_first': False, 'cmake_force_configure': False, 'cmake_target': None, 'cmake_target_skip_unavailable': False, 'install_base': '/home/eleanorlow/robo1/install/robo1_haje', 'merge_install': False, 'path': '/home/eleanorlow/robo1/src/Robo1_HAJE', 'symlink_install': False, 'test_result_base': None}
[0.380s] INFO:colcon.colcon_core.executor:Executing jobs using 'parallel' executor
[0.381s] DEBUG:colcon.colcon_parallel_executor.executor.parallel:run_until_complete
[0.381s] INFO:colcon.colcon_ros.task.ament_cmake.build:Building ROS package in '/home/eleanorlow/robo1/src/41068_ignition_bringup_with_drone/41068_ignition_bringup' with build type 'ament_cmake'
[0.381s] INFO:colcon.colcon_cmake.task.cmake.build:Building CMake package in '/home/eleanorlow/robo1/src/41068_ignition_bringup_with_drone/41068_ignition_bringup'
[0.384s] INFO:colcon.colcon_core.plugin_system:Skipping extension 'colcon_core.shell.bat': Not used on non-Windows systems
[0.384s] INFO:colcon.colcon_core.shell:Skip shell extension 'powershell' for command environment: Not usable outside of PowerShell
[0.384s] DEBUG:colcon.colcon_core.shell:Skip shell extension 'dsv' for command environment
[0.387s] INFO:colcon.colcon_ros.task.ament_cmake.build:Building ROS package in '/home/eleanorlow/robo1/src/drone_ignition_bringup' with build type 'ament_cmake'
[0.387s] INFO:colcon.colcon_cmake.task.cmake.build:Building CMake package in '/home/eleanorlow/robo1/src/drone_ignition_bringup'
[0.387s] INFO:colcon.colcon_core.shell:Skip shell extension 'powershell' for command environment: Not usable outside of PowerShell
[0.387s] DEBUG:colcon.colcon_core.shell:Skip shell extension 'dsv' for command environment
[0.389s] INFO:colcon.colcon_ros.task.catkin.build:Building ROS package in '/home/eleanorlow/robo1/src/gazebo-vegetation-master/gazebo_vegetation' with build type 'catkin'
[0.390s] INFO:colcon.colcon_cmake.task.cmake.build:Building CMake package in '/home/eleanorlow/robo1/src/gazebo-vegetation-master/gazebo_vegetation'
[0.390s] INFO:colcon.colcon_core.shell:Skip shell extension 'powershell' for command environment: Not usable outside of PowerShell
[0.390s] DEBUG:colcon.colcon_core.shell:Skip shell extension 'dsv' for command environment
[0.392s] INFO:colcon.colcon_ros.task.ament_cmake.build:Building ROS package in '/home/eleanorlow/robo1/src/Robo1_HAJE' with build type 'ament_cmake'
[0.392s] INFO:colcon.colcon_cmake.task.cmake.build:Building CMake package in '/home/eleanorlow/robo1/src/Robo1_HAJE'
[0.393s] INFO:colcon.colcon_core.shell:Skip shell extension 'powershell' for command environment: Not usable outside of PowerShell
[0.393s] DEBUG:colcon.colcon_core.shell:Skip shell extension 'dsv' for command environment
[0.398s] DEBUG:colcon.colcon_core.event_handler.log_command:Invoking command in '/home/eleanorlow/robo1/build/41068_ignition_bringup': CMAKE_PREFIX_PATH=${CMAKE_PREFIX_PATH}:/opt/ros/humble /usr/bin/cmake /home/eleanorlow/robo1/src/41068_ignition_bringup_with_drone/41068_ignition_bringup -DCMAKE_INSTALL_PREFIX=/home/eleanorlow/robo1/install/41068_ignition_bringup
[0.400s] DEBUG:colcon.colcon_core.event_handler.log_command:Invoking command in '/home/eleanorlow/robo1/build/drone_ignition_bringup': CMAKE_PREFIX_PATH=${CMAKE_PREFIX_PATH}:/opt/ros/humble /usr/bin/cmake /home/eleanorlow/robo1/src/drone_ignition_bringup -DCMAKE_INSTALL_PREFIX=/home/eleanorlow/robo1/install/drone_ignition_bringup
[0.402s] DEBUG:colcon.colcon_core.event_handler.log_command:Invoking command in '/home/eleanorlow/robo1/build/gazebo_vegetation': /usr/bin/cmake /home/eleanorlow/robo1/src/gazebo-vegetation-master/gazebo_vegetation -DCATKIN_INSTALL_INTO_PREFIX_ROOT=0 -DCMAKE_INSTALL_PREFIX=/home/eleanorlow/robo1/install/gazebo_vegetation
[0.404s] DEBUG:colcon.colcon_core.event_handler.log_command:Invoking command in '/home/eleanorlow/robo1/build/robo1_haje': CMAKE_PREFIX_PATH=${CMAKE_PREFIX_PATH}:/opt/ros/humble /usr/bin/cmake /home/eleanorlow/robo1/src/Robo1_HAJE -DCMAKE_INSTALL_PREFIX=/home/eleanorlow/robo1/install/robo1_haje
[0.739s] DEBUG:colcon.colcon_core.event_handler.log_command:Invoked command in '/home/eleanorlow/robo1/build/gazebo_vegetation' returned '1': /usr/bin/cmake /home/eleanorlow/robo1/src/gazebo-vegetation-master/gazebo_vegetation -DCATKIN_INSTALL_INTO_PREFIX_ROOT=0 -DCMAKE_INSTALL_PREFIX=/home/eleanorlow/robo1/install/gazebo_vegetation
[0.748s] Level 1:colcon.colcon_core.environment:create_environment_scripts_only(gazebo_vegetation)
[0.753s] Level 1:colcon.colcon_core.environment:checking '/home/eleanorlow/robo1/install/gazebo_vegetation' for CMake module files
[0.753s] Level 1:colcon.colcon_core.environment:checking '/home/eleanorlow/robo1/install/gazebo_vegetation' for CMake config files
[0.754s] Level 1:colcon.colcon_core.environment:checking '/home/eleanorlow/robo1/install/gazebo_vegetation/bin'
[0.754s] Level 1:colcon.colcon_core.environment:checking '/home/eleanorlow/robo1/install/gazebo_vegetation/lib/pkgconfig/gazebo_vegetation.pc'
[0.754s] Level 1:colcon.colcon_core.environment:checking '/home/eleanorlow/robo1/install/gazebo_vegetation/lib/python3.10/site-packages'
[0.754s] Level 1:colcon.colcon_core.environment:checking '/home/eleanorlow/robo1/install/gazebo_vegetation/bin'
[0.754s] INFO:colcon.colcon_core.shell:Creating package script '/home/eleanorlow/robo1/install/gazebo_vegetation/share/gazebo_vegetation/package.ps1'
[0.756s] INFO:colcon.colcon_core.shell:Creating package descriptor '/home/eleanorlow/robo1/install/gazebo_vegetation/share/gazebo_vegetation/package.dsv'
[0.757s] INFO:colcon.colcon_core.shell:Creating package script '/home/eleanorlow/robo1/install/gazebo_vegetation/share/gazebo_vegetation/package.sh'
[0.758s] INFO:colcon.colcon_core.shell:Creating package script '/home/eleanorlow/robo1/install/gazebo_vegetation/share/gazebo_vegetation/package.bash'
[0.759s] INFO:colcon.colcon_core.shell:Creating package script '/home/eleanorlow/robo1/install/gazebo_vegetation/share/gazebo_vegetation/package.zsh'
[0.760s] Level 1:colcon.colcon_core.environment:create_file_with_runtime_dependencies(/home/eleanorlow/robo1/install/gazebo_vegetation/share/colcon-core/packages/gazebo_vegetation)
[1.489s] DEBUG:colcon.colcon_parallel_executor.executor.parallel:closing loop
[1.489s] DEBUG:colcon.colcon_parallel_executor.executor.parallel:loop closed
[1.489s] DEBUG:colcon.colcon_parallel_executor.executor.parallel:run_until_complete finished with '1'
[1.489s] DEBUG:colcon.colcon_core.event_reactor:joining thread
[1.495s] INFO:colcon.colcon_core.plugin_system:Skipping extension 'colcon_notification.desktop_notification.terminal_notifier': Not used on non-Darwin systems
[1.495s] INFO:colcon.colcon_core.plugin_system:Skipping extension 'colcon_notification.desktop_notification.win32': Not used on non-Windows systems
[1.495s] INFO:colcon.colcon_notification.desktop_notification:Sending desktop notification using 'notify2'
[1.537s] DEBUG:colcon.colcon_core.event_reactor:joined thread
[1.537s] INFO:colcon.colcon_core.shell:Creating prefix script '/home/eleanorlow/robo1/install/local_setup.ps1'
[1.538s] INFO:colcon.colcon_core.shell:Creating prefix util module '/home/eleanorlow/robo1/install/_local_setup_util_ps1.py'
[1.539s] INFO:colcon.colcon_core.shell:Creating prefix chain script '/home/eleanorlow/robo1/install/setup.ps1'
[1.540s] INFO:colcon.colcon_core.shell:Creating prefix script '/home/eleanorlow/robo1/install/local_setup.sh'
[1.541s] INFO:colcon.colcon_core.shell:Creating prefix util module '/home/eleanorlow/robo1/install/_local_setup_util_sh.py'
[1.541s] INFO:colcon.colcon_core.shell:Creating prefix chain script '/home/eleanorlow/robo1/install/setup.sh'
[1.542s] INFO:colcon.colcon_core.shell:Creating prefix script '/home/eleanorlow/robo1/install/local_setup.bash'
[1.543s] INFO:colcon.colcon_core.shell:Creating prefix chain script '/home/eleanorlow/robo1/install/setup.bash'
[1.544s] INFO:colcon.colcon_core.shell:Creating prefix script '/home/eleanorlow/robo1/install/local_setup.zsh'
[1.544s] INFO:colcon.colcon_core.shell:Creating prefix chain script '/home/eleanorlow/robo1/install/setup.zsh'
