[0.649s] DEBUG:colcon:Command line arguments: ['/usr/bin/colcon', 'build']
[0.649s] DEBUG:colcon:Parsed command line arguments: Namespace(log_base=None, log_level=None, verb_name='build', build_base='build', install_base='install', merge_install=False, symlink_install=False, test_result_base=None, continue_on_error=False, executor='parallel', parallel_workers=8, event_handlers=None, ignore_user_meta=False, metas=['./colcon.meta'], base_paths=['.'], packages_ignore=None, packages_ignore_regex=None, paths=None, packages_up_to=None, packages_up_to_regex=None, packages_above=None, packages_above_and_dependencies=None, packages_above_depth=None, packages_select_by_dep=None, packages_skip_by_dep=None, packages_skip_up_to=None, packages_select_build_failed=False, packages_skip_build_finished=False, packages_select_test_failures=False, packages_skip_test_passed=False, packages_select=None, packages_skip=None, packages_select_regex=None, packages_skip_regex=None, packages_start=None, packages_end=None, allow_overriding=[], cmake_args=None, cmake_target=None, cmake_target_skip_unavailable=False, cmake_clean_cache=False, cmake_clean_first=False, cmake_force_configure=False, ament_cmake_args=None, catkin_cmake_args=None, catkin_skip_building_tests=False, mixin_files=None, mixin=None, verb_parser=<colcon_mixin.mixin.mixin_argument.MixinArgumentDecorator object at 0x722d1561e530>, verb_extension=<colcon_core.verb.build.BuildVerb object at 0x722d1561da80>, main=<bound method BuildVerb.main of <colcon_core.verb.build.BuildVerb object at 0x722d1561da80>>, mixin_verb=('build',))
[4.678s] Level 1:colcon.colcon_core.package_discovery:discover_packages(colcon_meta) check parameters
[4.678s] Level 1:colcon.colcon_core.package_discovery:discover_packages(recursive) check parameters
[4.678s] Level 1:colcon.colcon_core.package_discovery:discover_packages(ignore) check parameters
[4.678s] Level 1:colcon.colcon_core.package_discovery:discover_packages(path) check parameters
[4.678s] Level 1:colcon.colcon_core.package_discovery:discover_packages(colcon_meta) discover
[4.678s] Level 1:colcon.colcon_core.package_discovery:discover_packages(recursive) discover
[4.679s] INFO:colcon.colcon_core.package_discovery:Crawling recursively for packages in '/home/eleanorlow/robo1'
[4.679s] Level 1:colcon.colcon_core.package_identification:_identify(.) by extensions ['ignore', 'ignore_ament_install']
[4.679s] Level 1:colcon.colcon_core.package_identification:_identify(.) by extension 'ignore'
[4.679s] Level 1:colcon.colcon_core.package_identification:_identify(.) by extension 'ignore_ament_install'
[4.679s] Level 1:colcon.colcon_core.package_identification:_identify(.) by extensions ['colcon_pkg']
[4.679s] Level 1:colcon.colcon_core.package_identification:_identify(.) by extension 'colcon_pkg'
[4.679s] Level 1:colcon.colcon_core.package_identification:_identify(.) by extensions ['colcon_meta']
[4.679s] Level 1:colcon.colcon_core.package_identification:_identify(.) by extension 'colcon_meta'
[4.679s] Level 1:colcon.colcon_core.package_identification:_identify(.) by extensions ['ros']
[4.680s] Level 1:colcon.colcon_core.package_identification:_identify(.) by extension 'ros'
[4.696s] Level 1:colcon.colcon_core.package_identification:_identify(.) by extensions ['cmake', 'python']
[4.696s] Level 1:colcon.colcon_core.package_identification:_identify(.) by extension 'cmake'
[4.696s] Level 1:colcon.colcon_core.package_identification:_identify(.) by extension 'python'
[4.697s] Level 1:colcon.colcon_core.package_identification:_identify(.) by extensions ['python_setup_py']
[4.697s] Level 1:colcon.colcon_core.package_identification:_identify(.) by extension 'python_setup_py'
[4.697s] Level 1:colcon.colcon_core.package_identification:_identify(build) by extensions ['ignore', 'ignore_ament_install']
[4.697s] Level 1:colcon.colcon_core.package_identification:_identify(build) by extension 'ignore'
[4.697s] Level 1:colcon.colcon_core.package_identification:_identify(build) ignored
[4.697s] Level 1:colcon.colcon_core.package_identification:_identify(install) by extensions ['ignore', 'ignore_ament_install']
[4.697s] Level 1:colcon.colcon_core.package_identification:_identify(install) by extension 'ignore'
[4.697s] Level 1:colcon.colcon_core.package_identification:_identify(install) ignored
[4.697s] Level 1:colcon.colcon_core.package_identification:_identify(log) by extensions ['ignore', 'ignore_ament_install']
[4.697s] Level 1:colcon.colcon_core.package_identification:_identify(log) by extension 'ignore'
[4.697s] Level 1:colcon.colcon_core.package_identification:_identify(log) ignored
[4.697s] Level 1:colcon.colcon_core.package_identification:_identify(src) by extensions ['ignore', 'ignore_ament_install']
[4.697s] Level 1:colcon.colcon_core.package_identification:_identify(src) by extension 'ignore'
[4.697s] Level 1:colcon.colcon_core.package_identification:_identify(src) by extension 'ignore_ament_install'
[4.697s] Level 1:colcon.colcon_core.package_identification:_identify(src) by extensions ['colcon_pkg']
[4.697s] Level 1:colcon.colcon_core.package_identification:_identify(src) by extension 'colcon_pkg'
[4.697s] Level 1:colcon.colcon_core.package_identification:_identify(src) by extensions ['colcon_meta']
[4.697s] Level 1:colcon.colcon_core.package_identification:_identify(src) by extension 'colcon_meta'
[4.697s] Level 1:colcon.colcon_core.package_identification:_identify(src) by extensions ['ros']
[4.697s] Level 1:colcon.colcon_core.package_identification:_identify(src) by extension 'ros'
[4.698s] Level 1:colcon.colcon_core.package_identification:_identify(src) by extensions ['cmake', 'python']
[4.698s] Level 1:colcon.colcon_core.package_identification:_identify(src) by extension 'cmake'
[4.698s] Level 1:colcon.colcon_core.package_identification:_identify(src) by extension 'python'
[4.698s] Level 1:colcon.colcon_core.package_identification:_identify(src) by extensions ['python_setup_py']
[4.698s] Level 1:colcon.colcon_core.package_identification:_identify(src) by extension 'python_setup_py'
[4.698s] Level 1:colcon.colcon_core.package_identification:_identify(src/41068_ignition_bringup) by extensions ['ignore', 'ignore_ament_install']
[4.698s] Level 1:colcon.colcon_core.package_identification:_identify(src/41068_ignition_bringup) by extension 'ignore'
[4.698s] Level 1:colcon.colcon_core.package_identification:_identify(src/41068_ignition_bringup) by extension 'ignore_ament_install'
[4.698s] Level 1:colcon.colcon_core.package_identification:_identify(src/41068_ignition_bringup) by extensions ['colcon_pkg']
[4.698s] Level 1:colcon.colcon_core.package_identification:_identify(src/41068_ignition_bringup) by extension 'colcon_pkg'
[4.698s] Level 1:colcon.colcon_core.package_identification:_identify(src/41068_ignition_bringup) by extensions ['colcon_meta']
[4.698s] Level 1:colcon.colcon_core.package_identification:_identify(src/41068_ignition_bringup) by extension 'colcon_meta'
[4.698s] Level 1:colcon.colcon_core.package_identification:_identify(src/41068_ignition_bringup) by extensions ['ros']
[4.698s] Level 1:colcon.colcon_core.package_identification:_identify(src/41068_ignition_bringup) by extension 'ros'
[4.707s] DEBUG:colcon.colcon_core.package_identification:Package 'src/41068_ignition_bringup' with type 'ros.ament_cmake' and name '41068_ignition_bringup'
[4.707s] Level 1:colcon.colcon_core.package_identification:_identify(src/Robo1_HAJE) by extensions ['ignore', 'ignore_ament_install']
[4.707s] Level 1:colcon.colcon_core.package_identification:_identify(src/Robo1_HAJE) by extension 'ignore'
[4.707s] Level 1:colcon.colcon_core.package_identification:_identify(src/Robo1_HAJE) by extension 'ignore_ament_install'
[4.707s] Level 1:colcon.colcon_core.package_identification:_identify(src/Robo1_HAJE) by extensions ['colcon_pkg']
[4.707s] Level 1:colcon.colcon_core.package_identification:_identify(src/Robo1_HAJE) by extension 'colcon_pkg'
[4.707s] Level 1:colcon.colcon_core.package_identification:_identify(src/Robo1_HAJE) by extensions ['colcon_meta']
[4.707s] Level 1:colcon.colcon_core.package_identification:_identify(src/Robo1_HAJE) by extension 'colcon_meta'
[4.707s] Level 1:colcon.colcon_core.package_identification:_identify(src/Robo1_HAJE) by extensions ['ros']
[4.707s] Level 1:colcon.colcon_core.package_identification:_identify(src/Robo1_HAJE) by extension 'ros'
[4.729s] DEBUG:colcon.colcon_core.package_identification:Package 'src/Robo1_HAJE' with type 'ros.ament_cmake' and name 'robo1_haje'
[4.729s] Level 1:colcon.colcon_core.package_identification:_identify(src/drone_ignition_bringup) by extensions ['ignore', 'ignore_ament_install']
[4.729s] Level 1:colcon.colcon_core.package_identification:_identify(src/drone_ignition_bringup) by extension 'ignore'
[4.730s] Level 1:colcon.colcon_core.package_identification:_identify(src/drone_ignition_bringup) by extension 'ignore_ament_install'
[4.730s] Level 1:colcon.colcon_core.package_identification:_identify(src/drone_ignition_bringup) by extensions ['colcon_pkg']
[4.730s] Level 1:colcon.colcon_core.package_identification:_identify(src/drone_ignition_bringup) by extension 'colcon_pkg'
[4.730s] Level 1:colcon.colcon_core.package_identification:_identify(src/drone_ignition_bringup) by extensions ['colcon_meta']
[4.730s] Level 1:colcon.colcon_core.package_identification:_identify(src/drone_ignition_bringup) by extension 'colcon_meta'
[4.730s] Level 1:colcon.colcon_core.package_identification:_identify(src/drone_ignition_bringup) by extensions ['ros']
[4.730s] Level 1:colcon.colcon_core.package_identification:_identify(src/drone_ignition_bringup) by extension 'ros'
[4.746s] DEBUG:colcon.colcon_core.package_identification:Package 'src/drone_ignition_bringup' with type 'ros.ament_cmake' and name 'drone_ignition_bringup'
[4.746s] Level 1:colcon.colcon_core.package_discovery:discover_packages(recursive) using defaults
[4.746s] Level 1:colcon.colcon_core.package_discovery:discover_packages(ignore) discover
[4.746s] Level 1:colcon.colcon_core.package_discovery:discover_packages(ignore) using defaults
[4.746s] Level 1:colcon.colcon_core.package_discovery:discover_packages(path) discover
[4.746s] Level 1:colcon.colcon_core.package_discovery:discover_packages(path) using defaults
[5.006s] Level 1:colcon.colcon_core.package_discovery:discover_packages(prefix_path) check parameters
[5.007s] Level 1:colcon.colcon_core.package_discovery:discover_packages(prefix_path) discover
[5.014s] DEBUG:colcon.colcon_installed_package_information.package_discovery:Found 3 installed packages in /home/eleanorlow/robo1/install
[5.017s] DEBUG:colcon.colcon_installed_package_information.package_discovery:Found 427 installed packages in /opt/ros/humble
[5.019s] Level 1:colcon.colcon_core.package_discovery:discover_packages(prefix_path) using defaults
[5.099s] Level 5:colcon.colcon_core.verb:set package '41068_ignition_bringup' build argument 'cmake_args' from command line to 'None'
[5.099s] Level 5:colcon.colcon_core.verb:set package '41068_ignition_bringup' build argument 'cmake_target' from command line to 'None'
[5.099s] Level 5:colcon.colcon_core.verb:set package '41068_ignition_bringup' build argument 'cmake_target_skip_unavailable' from command line to 'False'
[5.099s] Level 5:colcon.colcon_core.verb:set package '41068_ignition_bringup' build argument 'cmake_clean_cache' from command line to 'False'
[5.099s] Level 5:colcon.colcon_core.verb:set package '41068_ignition_bringup' build argument 'cmake_clean_first' from command line to 'False'
[5.099s] Level 5:colcon.colcon_core.verb:set package '41068_ignition_bringup' build argument 'cmake_force_configure' from command line to 'False'
[5.099s] Level 5:colcon.colcon_core.verb:set package '41068_ignition_bringup' build argument 'ament_cmake_args' from command line to 'None'
[5.099s] Level 5:colcon.colcon_core.verb:set package '41068_ignition_bringup' build argument 'catkin_cmake_args' from command line to 'None'
[5.099s] Level 5:colcon.colcon_core.verb:set package '41068_ignition_bringup' build argument 'catkin_skip_building_tests' from command line to 'False'
[5.099s] DEBUG:colcon.colcon_core.verb:Building package '41068_ignition_bringup' with the following arguments: {'ament_cmake_args': None, 'build_base': '/home/eleanorlow/robo1/build/41068_ignition_bringup', 'catkin_cmake_args': None, 'catkin_skip_building_tests': False, 'cmake_args': None, 'cmake_clean_cache': False, 'cmake_clean_first': False, 'cmake_force_configure': False, 'cmake_target': None, 'cmake_target_skip_unavailable': False, 'install_base': '/home/eleanorlow/robo1/install/41068_ignition_bringup', 'merge_install': False, 'path': '/home/eleanorlow/robo1/src/41068_ignition_bringup', 'symlink_install': False, 'test_result_base': None}
[5.099s] Level 5:colcon.colcon_core.verb:set package 'drone_ignition_bringup' build argument 'cmake_args' from command line to 'None'
[5.099s] Level 5:colcon.colcon_core.verb:set package 'drone_ignition_bringup' build argument 'cmake_target' from command line to 'None'
[5.099s] Level 5:colcon.colcon_core.verb:set package 'drone_ignition_bringup' build argument 'cmake_target_skip_unavailable' from command line to 'False'
[5.099s] Level 5:colcon.colcon_core.verb:set package 'drone_ignition_bringup' build argument 'cmake_clean_cache' from command line to 'False'
[5.099s] Level 5:colcon.colcon_core.verb:set package 'drone_ignition_bringup' build argument 'cmake_clean_first' from command line to 'False'
[5.099s] Level 5:colcon.colcon_core.verb:set package 'drone_ignition_bringup' build argument 'cmake_force_configure' from command line to 'False'
[5.099s] Level 5:colcon.colcon_core.verb:set package 'drone_ignition_bringup' build argument 'ament_cmake_args' from command line to 'None'
[5.099s] Level 5:colcon.colcon_core.verb:set package 'drone_ignition_bringup' build argument 'catkin_cmake_args' from command line to 'None'
[5.099s] Level 5:colcon.colcon_core.verb:set package 'drone_ignition_bringup' build argument 'catkin_skip_building_tests' from command line to 'False'
[5.099s] DEBUG:colcon.colcon_core.verb:Building package 'drone_ignition_bringup' with the following arguments: {'ament_cmake_args': None, 'build_base': '/home/eleanorlow/robo1/build/drone_ignition_bringup', 'catkin_cmake_args': None, 'catkin_skip_building_tests': False, 'cmake_args': None, 'cmake_clean_cache': False, 'cmake_clean_first': False, 'cmake_force_configure': False, 'cmake_target': None, 'cmake_target_skip_unavailable': False, 'install_base': '/home/eleanorlow/robo1/install/drone_ignition_bringup', 'merge_install': False, 'path': '/home/eleanorlow/robo1/src/drone_ignition_bringup', 'symlink_install': False, 'test_result_base': None}
[5.100s] Level 5:colcon.colcon_core.verb:set package 'robo1_haje' build argument 'cmake_args' from command line to 'None'
[5.100s] Level 5:colcon.colcon_core.verb:set package 'robo1_haje' build argument 'cmake_target' from command line to 'None'
[5.100s] Level 5:colcon.colcon_core.verb:set package 'robo1_haje' build argument 'cmake_target_skip_unavailable' from command line to 'False'
[5.100s] Level 5:colcon.colcon_core.verb:set package 'robo1_haje' build argument 'cmake_clean_cache' from command line to 'False'
[5.100s] Level 5:colcon.colcon_core.verb:set package 'robo1_haje' build argument 'cmake_clean_first' from command line to 'False'
[5.100s] Level 5:colcon.colcon_core.verb:set package 'robo1_haje' build argument 'cmake_force_configure' from command line to 'False'
[5.100s] Level 5:colcon.colcon_core.verb:set package 'robo1_haje' build argument 'ament_cmake_args' from command line to 'None'
[5.100s] Level 5:colcon.colcon_core.verb:set package 'robo1_haje' build argument 'catkin_cmake_args' from command line to 'None'
[5.100s] Level 5:colcon.colcon_core.verb:set package 'robo1_haje' build argument 'catkin_skip_building_tests' from command line to 'False'
[5.100s] DEBUG:colcon.colcon_core.verb:Building package 'robo1_haje' with the following arguments: {'ament_cmake_args': None, 'build_base': '/home/eleanorlow/robo1/build/robo1_haje', 'catkin_cmake_args': None, 'catkin_skip_building_tests': False, 'cmake_args': None, 'cmake_clean_cache': False, 'cmake_clean_first': False, 'cmake_force_configure': False, 'cmake_target': None, 'cmake_target_skip_unavailable': False, 'install_base': '/home/eleanorlow/robo1/install/robo1_haje', 'merge_install': False, 'path': '/home/eleanorlow/robo1/src/Robo1_HAJE', 'symlink_install': False, 'test_result_base': None}
[5.100s] INFO:colcon.colcon_core.executor:Executing jobs using 'parallel' executor
[5.101s] DEBUG:colcon.colcon_parallel_executor.executor.parallel:run_until_complete
[5.101s] INFO:colcon.colcon_ros.task.ament_cmake.build:Building ROS package in '/home/eleanorlow/robo1/src/41068_ignition_bringup' with build type 'ament_cmake'
[5.101s] INFO:colcon.colcon_cmake.task.cmake.build:Building CMake package in '/home/eleanorlow/robo1/src/41068_ignition_bringup'
[5.105s] INFO:colcon.colcon_core.plugin_system:Skipping extension 'colcon_core.shell.bat': Not used on non-Windows systems
[5.105s] INFO:colcon.colcon_core.shell:Skip shell extension 'powershell' for command environment: Not usable outside of PowerShell
[5.105s] DEBUG:colcon.colcon_core.shell:Skip shell extension 'dsv' for command environment
[5.108s] INFO:colcon.colcon_ros.task.ament_cmake.build:Building ROS package in '/home/eleanorlow/robo1/src/drone_ignition_bringup' with build type 'ament_cmake'
[5.108s] INFO:colcon.colcon_cmake.task.cmake.build:Building CMake package in '/home/eleanorlow/robo1/src/drone_ignition_bringup'
[5.109s] INFO:colcon.colcon_core.shell:Skip shell extension 'powershell' for command environment: Not usable outside of PowerShell
[5.109s] DEBUG:colcon.colcon_core.shell:Skip shell extension 'dsv' for command environment
[5.111s] INFO:colcon.colcon_ros.task.ament_cmake.build:Building ROS package in '/home/eleanorlow/robo1/src/Robo1_HAJE' with build type 'ament_cmake'
[5.111s] INFO:colcon.colcon_cmake.task.cmake.build:Building CMake package in '/home/eleanorlow/robo1/src/Robo1_HAJE'
[5.111s] INFO:colcon.colcon_core.shell:Skip shell extension 'powershell' for command environment: Not usable outside of PowerShell
[5.111s] DEBUG:colcon.colcon_core.shell:Skip shell extension 'dsv' for command environment
[5.166s] DEBUG:colcon.colcon_core.event_handler.log_command:Invoking command in '/home/eleanorlow/robo1/build/41068_ignition_bringup': CMAKE_PREFIX_PATH=${CMAKE_PREFIX_PATH}:/opt/ros/humble /usr/bin/cmake --build /home/eleanorlow/robo1/build/41068_ignition_bringup -- -j8 -l8
[5.210s] DEBUG:colcon.colcon_core.event_handler.log_command:Invoking command in '/home/eleanorlow/robo1/build/drone_ignition_bringup': CMAKE_PREFIX_PATH=${CMAKE_PREFIX_PATH}:/opt/ros/humble /usr/bin/cmake --build /home/eleanorlow/robo1/build/drone_ignition_bringup -- -j8 -l8
[5.299s] DEBUG:colcon.colcon_core.event_handler.log_command:Invoking command in '/home/eleanorlow/robo1/build/robo1_haje': CMAKE_PREFIX_PATH=${CMAKE_PREFIX_PATH}:/opt/ros/humble /usr/bin/cmake --build /home/eleanorlow/robo1/build/robo1_haje -- -j8 -l8
[5.710s] DEBUG:colcon.colcon_core.event_handler.log_command:Invoked command in '/home/eleanorlow/robo1/build/41068_ignition_bringup' returned '0': CMAKE_PREFIX_PATH=${CMAKE_PREFIX_PATH}:/opt/ros/humble /usr/bin/cmake --build /home/eleanorlow/robo1/build/41068_ignition_bringup -- -j8 -l8
[5.719s] DEBUG:colcon.colcon_core.event_handler.log_command:Invoking command in '/home/eleanorlow/robo1/build/41068_ignition_bringup': CMAKE_PREFIX_PATH=${CMAKE_PREFIX_PATH}:/opt/ros/humble /usr/bin/cmake --install /home/eleanorlow/robo1/build/41068_ignition_bringup
[5.720s] DEBUG:colcon.colcon_core.event_handler.log_command:Invoked command in '/home/eleanorlow/robo1/build/drone_ignition_bringup' returned '0': CMAKE_PREFIX_PATH=${CMAKE_PREFIX_PATH}:/opt/ros/humble /usr/bin/cmake --build /home/eleanorlow/robo1/build/drone_ignition_bringup -- -j8 -l8
[5.721s] DEBUG:colcon.colcon_core.event_handler.log_command:Invoking command in '/home/eleanorlow/robo1/build/drone_ignition_bringup': CMAKE_PREFIX_PATH=${CMAKE_PREFIX_PATH}:/opt/ros/humble /usr/bin/cmake --install /home/eleanorlow/robo1/build/drone_ignition_bringup
[5.799s] Level 1:colcon.colcon_core.environment:create_environment_scripts_only(drone_ignition_bringup)
[5.800s] DEBUG:colcon.colcon_core.event_handler.log_command:Invoked command in '/home/eleanorlow/robo1/build/drone_ignition_bringup' returned '0': CMAKE_PREFIX_PATH=${CMAKE_PREFIX_PATH}:/opt/ros/humble /usr/bin/cmake --install /home/eleanorlow/robo1/build/drone_ignition_bringup
[5.943s] Level 1:colcon.colcon_core.environment:checking '/home/eleanorlow/robo1/install/drone_ignition_bringup' for CMake module files
[5.944s] Level 1:colcon.colcon_core.environment:checking '/home/eleanorlow/robo1/install/drone_ignition_bringup' for CMake config files
[5.944s] Level 1:colcon.colcon_core.shell:create_environment_hook('drone_ignition_bringup', 'cmake_prefix_path')
[5.945s] INFO:colcon.colcon_core.shell:Creating environment hook '/home/eleanorlow/robo1/install/drone_ignition_bringup/share/drone_ignition_bringup/hook/cmake_prefix_path.ps1'
[5.947s] INFO:colcon.colcon_core.shell:Creating environment descriptor '/home/eleanorlow/robo1/install/drone_ignition_bringup/share/drone_ignition_bringup/hook/cmake_prefix_path.dsv'
[5.957s] INFO:colcon.colcon_core.shell:Creating environment hook '/home/eleanorlow/robo1/install/drone_ignition_bringup/share/drone_ignition_bringup/hook/cmake_prefix_path.sh'
[5.968s] Level 1:colcon.colcon_core.environment:checking '/home/eleanorlow/robo1/install/drone_ignition_bringup/bin'
[5.968s] Level 1:colcon.colcon_core.environment:checking '/home/eleanorlow/robo1/install/drone_ignition_bringup/lib/pkgconfig/drone_ignition_bringup.pc'
[5.969s] Level 1:colcon.colcon_core.environment:checking '/home/eleanorlow/robo1/install/drone_ignition_bringup/lib/python3.10/site-packages'
[5.969s] Level 1:colcon.colcon_core.environment:checking '/home/eleanorlow/robo1/install/drone_ignition_bringup/bin'
[5.970s] INFO:colcon.colcon_core.shell:Creating package script '/home/eleanorlow/robo1/install/drone_ignition_bringup/share/drone_ignition_bringup/package.ps1'
[5.972s] INFO:colcon.colcon_core.shell:Creating package descriptor '/home/eleanorlow/robo1/install/drone_ignition_bringup/share/drone_ignition_bringup/package.dsv'
[5.981s] INFO:colcon.colcon_core.shell:Creating package script '/home/eleanorlow/robo1/install/drone_ignition_bringup/share/drone_ignition_bringup/package.sh'
[5.986s] INFO:colcon.colcon_core.shell:Creating package script '/home/eleanorlow/robo1/install/drone_ignition_bringup/share/drone_ignition_bringup/package.bash'
[5.988s] INFO:colcon.colcon_core.shell:Creating package script '/home/eleanorlow/robo1/install/drone_ignition_bringup/share/drone_ignition_bringup/package.zsh'
[6.021s] Level 1:colcon.colcon_core.environment:create_file_with_runtime_dependencies(/home/eleanorlow/robo1/install/drone_ignition_bringup/share/colcon-core/packages/drone_ignition_bringup)
[6.023s] Level 1:colcon.colcon_core.environment:create_environment_scripts_only(drone_ignition_bringup)
[6.023s] Level 1:colcon.colcon_core.environment:checking '/home/eleanorlow/robo1/install/drone_ignition_bringup' for CMake module files
[6.024s] Level 1:colcon.colcon_core.environment:checking '/home/eleanorlow/robo1/install/drone_ignition_bringup' for CMake config files
[6.025s] Level 1:colcon.colcon_core.shell:create_environment_hook('drone_ignition_bringup', 'cmake_prefix_path')
[6.025s] INFO:colcon.colcon_core.shell:Creating environment hook '/home/eleanorlow/robo1/install/drone_ignition_bringup/share/drone_ignition_bringup/hook/cmake_prefix_path.ps1'
[6.026s] INFO:colcon.colcon_core.shell:Creating environment descriptor '/home/eleanorlow/robo1/install/drone_ignition_bringup/share/drone_ignition_bringup/hook/cmake_prefix_path.dsv'
[6.026s] INFO:colcon.colcon_core.shell:Creating environment hook '/home/eleanorlow/robo1/install/drone_ignition_bringup/share/drone_ignition_bringup/hook/cmake_prefix_path.sh'
[6.028s] Level 1:colcon.colcon_core.environment:checking '/home/eleanorlow/robo1/install/drone_ignition_bringup/bin'
[6.028s] Level 1:colcon.colcon_core.environment:checking '/home/eleanorlow/robo1/install/drone_ignition_bringup/lib/pkgconfig/drone_ignition_bringup.pc'
[6.028s] Level 1:colcon.colcon_core.environment:checking '/home/eleanorlow/robo1/install/drone_ignition_bringup/lib/python3.10/site-packages'
[6.028s] Level 1:colcon.colcon_core.environment:checking '/home/eleanorlow/robo1/install/drone_ignition_bringup/bin'
[6.028s] INFO:colcon.colcon_core.shell:Creating package script '/home/eleanorlow/robo1/install/drone_ignition_bringup/share/drone_ignition_bringup/package.ps1'
[6.029s] INFO:colcon.colcon_core.shell:Creating package descriptor '/home/eleanorlow/robo1/install/drone_ignition_bringup/share/drone_ignition_bringup/package.dsv'
[6.029s] INFO:colcon.colcon_core.shell:Creating package script '/home/eleanorlow/robo1/install/drone_ignition_bringup/share/drone_ignition_bringup/package.sh'
[6.030s] INFO:colcon.colcon_core.shell:Creating package script '/home/eleanorlow/robo1/install/drone_ignition_bringup/share/drone_ignition_bringup/package.bash'
[6.042s] INFO:colcon.colcon_core.shell:Creating package script '/home/eleanorlow/robo1/install/drone_ignition_bringup/share/drone_ignition_bringup/package.zsh'
[6.043s] Level 1:colcon.colcon_core.environment:create_file_with_runtime_dependencies(/home/eleanorlow/robo1/install/drone_ignition_bringup/share/colcon-core/packages/drone_ignition_bringup)
[6.046s] Level 1:colcon.colcon_core.environment:create_environment_scripts_only(41068_ignition_bringup)
[6.047s] Level 1:colcon.colcon_core.environment:checking '/home/eleanorlow/robo1/install/41068_ignition_bringup' for CMake module files
[6.047s] DEBUG:colcon.colcon_core.event_handler.log_command:Invoked command in '/home/eleanorlow/robo1/build/41068_ignition_bringup' returned '0': CMAKE_PREFIX_PATH=${CMAKE_PREFIX_PATH}:/opt/ros/humble /usr/bin/cmake --install /home/eleanorlow/robo1/build/41068_ignition_bringup
[6.048s] Level 1:colcon.colcon_core.environment:checking '/home/eleanorlow/robo1/install/41068_ignition_bringup' for CMake config files
[6.048s] Level 1:colcon.colcon_core.shell:create_environment_hook('41068_ignition_bringup', 'cmake_prefix_path')
[6.048s] INFO:colcon.colcon_core.shell:Creating environment hook '/home/eleanorlow/robo1/install/41068_ignition_bringup/share/41068_ignition_bringup/hook/cmake_prefix_path.ps1'
[6.048s] INFO:colcon.colcon_core.shell:Creating environment descriptor '/home/eleanorlow/robo1/install/41068_ignition_bringup/share/41068_ignition_bringup/hook/cmake_prefix_path.dsv'
[6.049s] INFO:colcon.colcon_core.shell:Creating environment hook '/home/eleanorlow/robo1/install/41068_ignition_bringup/share/41068_ignition_bringup/hook/cmake_prefix_path.sh'
[6.050s] Level 1:colcon.colcon_core.environment:checking '/home/eleanorlow/robo1/install/41068_ignition_bringup/bin'
[6.050s] Level 1:colcon.colcon_core.environment:checking '/home/eleanorlow/robo1/install/41068_ignition_bringup/lib/pkgconfig/41068_ignition_bringup.pc'
[6.050s] Level 1:colcon.colcon_core.environment:checking '/home/eleanorlow/robo1/install/41068_ignition_bringup/lib/python3.10/site-packages'
[6.050s] Level 1:colcon.colcon_core.environment:checking '/home/eleanorlow/robo1/install/41068_ignition_bringup/bin'
[6.051s] INFO:colcon.colcon_core.shell:Creating package script '/home/eleanorlow/robo1/install/41068_ignition_bringup/share/41068_ignition_bringup/package.ps1'
[6.051s] INFO:colcon.colcon_core.shell:Creating package descriptor '/home/eleanorlow/robo1/install/41068_ignition_bringup/share/41068_ignition_bringup/package.dsv'
[6.051s] INFO:colcon.colcon_core.shell:Creating package script '/home/eleanorlow/robo1/install/41068_ignition_bringup/share/41068_ignition_bringup/package.sh'
[6.052s] INFO:colcon.colcon_core.shell:Creating package script '/home/eleanorlow/robo1/install/41068_ignition_bringup/share/41068_ignition_bringup/package.bash'
[6.052s] INFO:colcon.colcon_core.shell:Creating package script '/home/eleanorlow/robo1/install/41068_ignition_bringup/share/41068_ignition_bringup/package.zsh'
[6.053s] Level 1:colcon.colcon_core.environment:create_file_with_runtime_dependencies(/home/eleanorlow/robo1/install/41068_ignition_bringup/share/colcon-core/packages/41068_ignition_bringup)
[6.053s] Level 1:colcon.colcon_core.environment:create_environment_scripts_only(41068_ignition_bringup)
[6.053s] Level 1:colcon.colcon_core.environment:checking '/home/eleanorlow/robo1/install/41068_ignition_bringup' for CMake module files
[6.053s] Level 1:colcon.colcon_core.environment:checking '/home/eleanorlow/robo1/install/41068_ignition_bringup' for CMake config files
[6.054s] Level 1:colcon.colcon_core.shell:create_environment_hook('41068_ignition_bringup', 'cmake_prefix_path')
[6.054s] INFO:colcon.colcon_core.shell:Creating environment hook '/home/eleanorlow/robo1/install/41068_ignition_bringup/share/41068_ignition_bringup/hook/cmake_prefix_path.ps1'
[6.054s] INFO:colcon.colcon_core.shell:Creating environment descriptor '/home/eleanorlow/robo1/install/41068_ignition_bringup/share/41068_ignition_bringup/hook/cmake_prefix_path.dsv'
[6.054s] INFO:colcon.colcon_core.shell:Creating environment hook '/home/eleanorlow/robo1/install/41068_ignition_bringup/share/41068_ignition_bringup/hook/cmake_prefix_path.sh'
[6.055s] Level 1:colcon.colcon_core.environment:checking '/home/eleanorlow/robo1/install/41068_ignition_bringup/bin'
[6.055s] Level 1:colcon.colcon_core.environment:checking '/home/eleanorlow/robo1/install/41068_ignition_bringup/lib/pkgconfig/41068_ignition_bringup.pc'
[6.055s] Level 1:colcon.colcon_core.environment:checking '/home/eleanorlow/robo1/install/41068_ignition_bringup/lib/python3.10/site-packages'
[6.055s] Level 1:colcon.colcon_core.environment:checking '/home/eleanorlow/robo1/install/41068_ignition_bringup/bin'
[6.056s] INFO:colcon.colcon_core.shell:Creating package script '/home/eleanorlow/robo1/install/41068_ignition_bringup/share/41068_ignition_bringup/package.ps1'
[6.056s] INFO:colcon.colcon_core.shell:Creating package descriptor '/home/eleanorlow/robo1/install/41068_ignition_bringup/share/41068_ignition_bringup/package.dsv'
[6.056s] INFO:colcon.colcon_core.shell:Creating package script '/home/eleanorlow/robo1/install/41068_ignition_bringup/share/41068_ignition_bringup/package.sh'
[6.057s] INFO:colcon.colcon_core.shell:Creating package script '/home/eleanorlow/robo1/install/41068_ignition_bringup/share/41068_ignition_bringup/package.bash'
[6.057s] INFO:colcon.colcon_core.shell:Creating package script '/home/eleanorlow/robo1/install/41068_ignition_bringup/share/41068_ignition_bringup/package.zsh'
[6.057s] Level 1:colcon.colcon_core.environment:create_file_with_runtime_dependencies(/home/eleanorlow/robo1/install/41068_ignition_bringup/share/colcon-core/packages/41068_ignition_bringup)
[6.160s] DEBUG:colcon.colcon_core.event_handler.log_command:Invoked command in '/home/eleanorlow/robo1/build/robo1_haje' returned '0': CMAKE_PREFIX_PATH=${CMAKE_PREFIX_PATH}:/opt/ros/humble /usr/bin/cmake --build /home/eleanorlow/robo1/build/robo1_haje -- -j8 -l8
[6.161s] DEBUG:colcon.colcon_core.event_handler.log_command:Invoking command in '/home/eleanorlow/robo1/build/robo1_haje': CMAKE_PREFIX_PATH=${CMAKE_PREFIX_PATH}:/opt/ros/humble /usr/bin/cmake --install /home/eleanorlow/robo1/build/robo1_haje
[6.205s] Level 1:colcon.colcon_core.environment:create_environment_scripts_only(robo1_haje)
[6.205s] Level 1:colcon.colcon_core.environment:checking '/home/eleanorlow/robo1/install/robo1_haje' for CMake module files
[6.206s] DEBUG:colcon.colcon_core.event_handler.log_command:Invoked command in '/home/eleanorlow/robo1/build/robo1_haje' returned '0': CMAKE_PREFIX_PATH=${CMAKE_PREFIX_PATH}:/opt/ros/humble /usr/bin/cmake --install /home/eleanorlow/robo1/build/robo1_haje
[6.207s] Level 1:colcon.colcon_core.environment:checking '/home/eleanorlow/robo1/install/robo1_haje' for CMake config files
[6.207s] Level 1:colcon.colcon_core.shell:create_environment_hook('robo1_haje', 'cmake_prefix_path')
[6.208s] INFO:colcon.colcon_core.shell:Creating environment hook '/home/eleanorlow/robo1/install/robo1_haje/share/robo1_haje/hook/cmake_prefix_path.ps1'
[6.209s] INFO:colcon.colcon_core.shell:Creating environment descriptor '/home/eleanorlow/robo1/install/robo1_haje/share/robo1_haje/hook/cmake_prefix_path.dsv'
[6.209s] INFO:colcon.colcon_core.shell:Creating environment hook '/home/eleanorlow/robo1/install/robo1_haje/share/robo1_haje/hook/cmake_prefix_path.sh'
[6.210s] Level 1:colcon.colcon_core.environment:checking '/home/eleanorlow/robo1/install/robo1_haje/lib'
[6.211s] Level 1:colcon.colcon_core.environment:checking '/home/eleanorlow/robo1/install/robo1_haje/bin'
[6.211s] Level 1:colcon.colcon_core.environment:checking '/home/eleanorlow/robo1/install/robo1_haje/lib/pkgconfig/robo1_haje.pc'
[6.211s] Level 1:colcon.colcon_core.environment:checking '/home/eleanorlow/robo1/install/robo1_haje/lib/python3.10/site-packages'
[6.211s] Level 1:colcon.colcon_core.environment:checking '/home/eleanorlow/robo1/install/robo1_haje/bin'
[6.212s] INFO:colcon.colcon_core.shell:Creating package script '/home/eleanorlow/robo1/install/robo1_haje/share/robo1_haje/package.ps1'
[6.213s] INFO:colcon.colcon_core.shell:Creating package descriptor '/home/eleanorlow/robo1/install/robo1_haje/share/robo1_haje/package.dsv'
[6.213s] INFO:colcon.colcon_core.shell:Creating package script '/home/eleanorlow/robo1/install/robo1_haje/share/robo1_haje/package.sh'
[6.214s] INFO:colcon.colcon_core.shell:Creating package script '/home/eleanorlow/robo1/install/robo1_haje/share/robo1_haje/package.bash'
[6.214s] INFO:colcon.colcon_core.shell:Creating package script '/home/eleanorlow/robo1/install/robo1_haje/share/robo1_haje/package.zsh'
[6.215s] Level 1:colcon.colcon_core.environment:create_file_with_runtime_dependencies(/home/eleanorlow/robo1/install/robo1_haje/share/colcon-core/packages/robo1_haje)
[6.216s] Level 1:colcon.colcon_core.environment:create_environment_scripts_only(robo1_haje)
[6.216s] Level 1:colcon.colcon_core.environment:checking '/home/eleanorlow/robo1/install/robo1_haje' for CMake module files
[6.216s] Level 1:colcon.colcon_core.environment:checking '/home/eleanorlow/robo1/install/robo1_haje' for CMake config files
[6.217s] Level 1:colcon.colcon_core.shell:create_environment_hook('robo1_haje', 'cmake_prefix_path')
[6.217s] INFO:colcon.colcon_core.shell:Creating environment hook '/home/eleanorlow/robo1/install/robo1_haje/share/robo1_haje/hook/cmake_prefix_path.ps1'
[6.217s] INFO:colcon.colcon_core.shell:Creating environment descriptor '/home/eleanorlow/robo1/install/robo1_haje/share/robo1_haje/hook/cmake_prefix_path.dsv'
[6.218s] INFO:colcon.colcon_core.shell:Creating environment hook '/home/eleanorlow/robo1/install/robo1_haje/share/robo1_haje/hook/cmake_prefix_path.sh'
[6.218s] Level 1:colcon.colcon_core.environment:checking '/home/eleanorlow/robo1/install/robo1_haje/lib'
[6.218s] Level 1:colcon.colcon_core.environment:checking '/home/eleanorlow/robo1/install/robo1_haje/bin'
[6.218s] Level 1:colcon.colcon_core.environment:checking '/home/eleanorlow/robo1/install/robo1_haje/lib/pkgconfig/robo1_haje.pc'
[6.219s] Level 1:colcon.colcon_core.environment:checking '/home/eleanorlow/robo1/install/robo1_haje/lib/python3.10/site-packages'
[6.219s] Level 1:colcon.colcon_core.environment:checking '/home/eleanorlow/robo1/install/robo1_haje/bin'
[6.219s] INFO:colcon.colcon_core.shell:Creating package script '/home/eleanorlow/robo1/install/robo1_haje/share/robo1_haje/package.ps1'
[6.220s] INFO:colcon.colcon_core.shell:Creating package descriptor '/home/eleanorlow/robo1/install/robo1_haje/share/robo1_haje/package.dsv'
[6.220s] INFO:colcon.colcon_core.shell:Creating package script '/home/eleanorlow/robo1/install/robo1_haje/share/robo1_haje/package.sh'
[6.220s] INFO:colcon.colcon_core.shell:Creating package script '/home/eleanorlow/robo1/install/robo1_haje/share/robo1_haje/package.bash'
[6.221s] INFO:colcon.colcon_core.shell:Creating package script '/home/eleanorlow/robo1/install/robo1_haje/share/robo1_haje/package.zsh'
[6.221s] Level 1:colcon.colcon_core.environment:create_file_with_runtime_dependencies(/home/eleanorlow/robo1/install/robo1_haje/share/colcon-core/packages/robo1_haje)
[6.221s] DEBUG:colcon.colcon_parallel_executor.executor.parallel:closing loop
[6.221s] DEBUG:colcon.colcon_parallel_executor.executor.parallel:loop closed
[6.222s] DEBUG:colcon.colcon_parallel_executor.executor.parallel:run_until_complete finished with '0'
[6.222s] DEBUG:colcon.colcon_core.event_reactor:joining thread
[6.305s] INFO:colcon.colcon_core.plugin_system:Skipping extension 'colcon_notification.desktop_notification.terminal_notifier': Not used on non-Darwin systems
[6.305s] INFO:colcon.colcon_core.plugin_system:Skipping extension 'colcon_notification.desktop_notification.win32': Not used on non-Windows systems
[6.306s] INFO:colcon.colcon_notification.desktop_notification:Sending desktop notification using 'notify2'
[6.335s] DEBUG:colcon.colcon_core.event_reactor:joined thread
[6.336s] INFO:colcon.colcon_core.shell:Creating prefix script '/home/eleanorlow/robo1/install/local_setup.ps1'
[6.338s] INFO:colcon.colcon_core.shell:Creating prefix util module '/home/eleanorlow/robo1/install/_local_setup_util_ps1.py'
[6.340s] INFO:colcon.colcon_core.shell:Creating prefix chain script '/home/eleanorlow/robo1/install/setup.ps1'
[6.342s] INFO:colcon.colcon_core.shell:Creating prefix script '/home/eleanorlow/robo1/install/local_setup.sh'
[6.343s] INFO:colcon.colcon_core.shell:Creating prefix util module '/home/eleanorlow/robo1/install/_local_setup_util_sh.py'
[6.345s] INFO:colcon.colcon_core.shell:Creating prefix chain script '/home/eleanorlow/robo1/install/setup.sh'
[6.347s] INFO:colcon.colcon_core.shell:Creating prefix script '/home/eleanorlow/robo1/install/local_setup.bash'
[6.348s] INFO:colcon.colcon_core.shell:Creating prefix chain script '/home/eleanorlow/robo1/install/setup.bash'
[6.349s] INFO:colcon.colcon_core.shell:Creating prefix script '/home/eleanorlow/robo1/install/local_setup.zsh'
[6.350s] INFO:colcon.colcon_core.shell:Creating prefix chain script '/home/eleanorlow/robo1/install/setup.zsh'
