[0.145s] Invoking command in '/home/eleanorlow/robo1/build/41068_ignition_bringup': CMAKE_PREFIX_PATH=${CMAKE_PREFIX_PATH}:/opt/ros/humble /usr/bin/cmake --build /home/eleanorlow/robo1/build/41068_ignition_bringup -- -j8 -l8
[1.484s] Invoked command in '/home/eleanorlow/robo1/build/41068_ignition_bringup' returned '0': CMAKE_PREFIX_PATH=${CMAKE_PREFIX_PATH}:/opt/ros/humble /usr/bin/cmake --build /home/eleanorlow/robo1/build/41068_ignition_bringup -- -j8 -l8
[1.538s] Invoking command in '/home/eleanorlow/robo1/build/41068_ignition_bringup': CMAKE_PREFIX_PATH=${CMAKE_PREFIX_PATH}:/opt/ros/humble /usr/bin/cmake --install /home/eleanorlow/robo1/build/41068_ignition_bringup
[1.555s] -- Install configuration: ""
[1.555s] -- Up-to-date: /home/eleanorlow/robo1/install/41068_ignition_bringup/share/41068_ignition_bringup/config
[1.655s] -- Up-to-date: /home/eleanorlow/robo1/install/41068_ignition_bringup/share/41068_ignition_bringup/config/slam_params.yaml
[1.655s] -- Up-to-date: /home/eleanorlow/robo1/install/41068_ignition_bringup/share/41068_ignition_bringup/config/41068.rviz
[1.655s] -- Up-to-date: /home/eleanorlow/robo1/install/41068_ignition_bringup/share/41068_ignition_bringup/config/gazebo_bridge.yaml
[1.655s] -- Up-to-date: /home/eleanorlow/robo1/install/41068_ignition_bringup/share/41068_ignition_bringup/config/nav2_params.yaml
[1.705s] -- Up-to-date: /home/eleanorlow/robo1/install/41068_ignition_bringup/share/41068_ignition_bringup/config/robot_localization.yaml
[1.706s] -- Up-to-date: /home/eleanorlow/robo1/install/41068_ignition_bringup/share/41068_ignition_bringup/launch
[1.706s] -- Up-to-date: /home/eleanorlow/robo1/install/41068_ignition_bringup/share/41068_ignition_bringup/launch/41068_navigation.launch.py
[1.707s] -- Up-to-date: /home/eleanorlow/robo1/install/41068_ignition_bringup/share/41068_ignition_bringup/launch/41068_ignition.launch.py
[1.707s] -- Up-to-date: /home/eleanorlow/robo1/install/41068_ignition_bringup/share/41068_ignition_bringup/models
[1.720s] -- Up-to-date: /home/eleanorlow/robo1/install/41068_ignition_bringup/share/41068_ignition_bringup/models/forest_wall
[1.752s] -- Up-to-date: /home/eleanorlow/robo1/install/41068_ignition_bringup/share/41068_ignition_bringup/models/forest_wall/model.sdf
[1.752s] -- Up-to-date: /home/eleanorlow/robo1/install/41068_ignition_bringup/share/41068_ignition_bringup/models/forest_wall/materials
[1.764s] -- Up-to-date: /home/eleanorlow/robo1/install/41068_ignition_bringup/share/41068_ignition_bringup/models/forest_wall/materials/textures
[1.765s] -- Up-to-date: /home/eleanorlow/robo1/install/41068_ignition_bringup/share/41068_ignition_bringup/models/forest_wall/materials/textures/forest_wall.png
[1.765s] -- Up-to-date: /home/eleanorlow/robo1/install/41068_ignition_bringup/share/41068_ignition_bringup/models/forest_wall/materials/textures/forest_wall_transparent.png
[1.765s] -- Up-to-date: /home/eleanorlow/robo1/install/41068_ignition_bringup/share/41068_ignition_bringup/models/forest_wall/materials/textures/forest_wall_transparent_small.png
[1.782s] -- Up-to-date: /home/eleanorlow/robo1/install/41068_ignition_bringup/share/41068_ignition_bringup/models/forest_wall/model.config
[1.782s] -- Up-to-date: /home/eleanorlow/robo1/install/41068_ignition_bringup/share/41068_ignition_bringup/models/grass_plane
[1.827s] -- Up-to-date: /home/eleanorlow/robo1/install/41068_ignition_bringup/share/41068_ignition_bringup/models/grass_plane/model.sdf
[1.828s] -- Up-to-date: /home/eleanorlow/robo1/install/41068_ignition_bringup/share/41068_ignition_bringup/models/grass_plane/materials
[1.841s] -- Up-to-date: /home/eleanorlow/robo1/install/41068_ignition_bringup/share/41068_ignition_bringup/models/grass_plane/materials/textures
[1.856s] -- Up-to-date: /home/eleanorlow/robo1/install/41068_ignition_bringup/share/41068_ignition_bringup/models/grass_plane/materials/textures/empty_grass.png
[1.856s] -- Up-to-date: /home/eleanorlow/robo1/install/41068_ignition_bringup/share/41068_ignition_bringup/models/grass_plane/model.config
[1.856s] -- Up-to-date: /home/eleanorlow/robo1/install/41068_ignition_bringup/share/41068_ignition_bringup/models/forest_plane
[1.867s] -- Up-to-date: /home/eleanorlow/robo1/install/41068_ignition_bringup/share/41068_ignition_bringup/models/forest_plane/model.sdf
[1.867s] -- Up-to-date: /home/eleanorlow/robo1/install/41068_ignition_bringup/share/41068_ignition_bringup/models/forest_plane/materials
[1.868s] -- Up-to-date: /home/eleanorlow/robo1/install/41068_ignition_bringup/share/41068_ignition_bringup/models/forest_plane/materials/textures
[1.883s] -- Up-to-date: /home/eleanorlow/robo1/install/41068_ignition_bringup/share/41068_ignition_bringup/models/forest_plane/materials/textures/forest_overhead.png
[1.883s] -- Up-to-date: /home/eleanorlow/robo1/install/41068_ignition_bringup/share/41068_ignition_bringup/models/forest_plane/materials/textures/leaf_litter.png
[1.883s] -- Up-to-date: /home/eleanorlow/robo1/install/41068_ignition_bringup/share/41068_ignition_bringup/models/forest_plane/materials/textures/empty_grass.png
[1.884s] -- Up-to-date: /home/eleanorlow/robo1/install/41068_ignition_bringup/share/41068_ignition_bringup/models/forest_plane/model.config
[1.884s] -- Up-to-date: /home/eleanorlow/robo1/install/41068_ignition_bringup/share/41068_ignition_bringup/urdf
[1.884s] -- Up-to-date: /home/eleanorlow/robo1/install/41068_ignition_bringup/share/41068_ignition_bringup/urdf/meshes
[1.904s] -- Up-to-date: /home/eleanorlow/robo1/install/41068_ignition_bringup/share/41068_ignition_bringup/urdf/meshes/top_plate.dae
[1.904s] -- Up-to-date: /home/eleanorlow/robo1/install/41068_ignition_bringup/share/41068_ignition_bringup/urdf/meshes/wheel.dae
[1.905s] -- Up-to-date: /home/eleanorlow/robo1/install/41068_ignition_bringup/share/41068_ignition_bringup/urdf/meshes/bumper.dae
[1.905s] -- Up-to-date: /home/eleanorlow/robo1/install/41068_ignition_bringup/share/41068_ignition_bringup/urdf/meshes/base_link.dae
[1.905s] -- Up-to-date: /home/eleanorlow/robo1/install/41068_ignition_bringup/share/41068_ignition_bringup/urdf/meshes/jpl04_arch_nosensor.stl
[1.905s] -- Up-to-date: /home/eleanorlow/robo1/install/41068_ignition_bringup/share/41068_ignition_bringup/urdf/meshes/top_chassis.dae
[1.905s] -- Up-to-date: /home/eleanorlow/robo1/install/41068_ignition_bringup/share/41068_ignition_bringup/urdf/husky.gazebo.xacro
[1.906s] -- Up-to-date: /home/eleanorlow/robo1/install/41068_ignition_bringup/share/41068_ignition_bringup/urdf/wheel.urdf.xacro
[1.906s] -- Up-to-date: /home/eleanorlow/robo1/install/41068_ignition_bringup/share/41068_ignition_bringup/urdf/husky.urdf.xacro
[1.906s] -- Up-to-date: /home/eleanorlow/robo1/install/41068_ignition_bringup/share/41068_ignition_bringup/urdf/common_properties.urdf.xacro
[1.906s] -- Up-to-date: /home/eleanorlow/robo1/install/41068_ignition_bringup/share/41068_ignition_bringup/worlds
[1.908s] -- Up-to-date: /home/eleanorlow/robo1/install/41068_ignition_bringup/share/41068_ignition_bringup/worlds/large_demo.sdf
[1.908s] -- Up-to-date: /home/eleanorlow/robo1/install/41068_ignition_bringup/share/41068_ignition_bringup/worlds/simple_trees.sdf
[1.908s] -- Up-to-date: /home/eleanorlow/robo1/install/41068_ignition_bringup/share/ament_index/resource_index/package_run_dependencies/41068_ignition_bringup
[1.908s] -- Up-to-date: /home/eleanorlow/robo1/install/41068_ignition_bringup/share/ament_index/resource_index/parent_prefix_path/41068_ignition_bringup
[1.908s] -- Up-to-date: /home/eleanorlow/robo1/install/41068_ignition_bringup/share/41068_ignition_bringup/environment/ament_prefix_path.sh
[1.908s] -- Up-to-date: /home/eleanorlow/robo1/install/41068_ignition_bringup/share/41068_ignition_bringup/environment/ament_prefix_path.dsv
[1.908s] -- Up-to-date: /home/eleanorlow/robo1/install/41068_ignition_bringup/share/41068_ignition_bringup/environment/path.sh
[1.908s] -- Up-to-date: /home/eleanorlow/robo1/install/41068_ignition_bringup/share/41068_ignition_bringup/environment/path.dsv
[1.908s] -- Up-to-date: /home/eleanorlow/robo1/install/41068_ignition_bringup/share/41068_ignition_bringup/local_setup.bash
[1.909s] -- Up-to-date: /home/eleanorlow/robo1/install/41068_ignition_bringup/share/41068_ignition_bringup/local_setup.sh
[1.909s] -- Up-to-date: /home/eleanorlow/robo1/install/41068_ignition_bringup/share/41068_ignition_bringup/local_setup.zsh
[1.909s] -- Up-to-date: /home/eleanorlow/robo1/install/41068_ignition_bringup/share/41068_ignition_bringup/local_setup.dsv
[1.909s] -- Installing: /home/eleanorlow/robo1/install/41068_ignition_bringup/share/41068_ignition_bringup/package.dsv
[1.934s] -- Up-to-date: /home/eleanorlow/robo1/install/41068_ignition_bringup/share/ament_index/resource_index/packages/41068_ignition_bringup
[1.944s] -- Up-to-date: /home/eleanorlow/robo1/install/41068_ignition_bringup/share/41068_ignition_bringup/cmake/41068_ignition_bringupConfig.cmake
[1.945s] -- Up-to-date: /home/eleanorlow/robo1/install/41068_ignition_bringup/share/41068_ignition_bringup/cmake/41068_ignition_bringupConfig-version.cmake
[1.945s] -- Up-to-date: /home/eleanorlow/robo1/install/41068_ignition_bringup/share/41068_ignition_bringup/package.xml
[2.168s] Invoked command in '/home/eleanorlow/robo1/build/41068_ignition_bringup' returned '0': CMAKE_PREFIX_PATH=${CMAKE_PREFIX_PATH}:/opt/ros/humble /usr/bin/cmake --install /home/eleanorlow/robo1/build/41068_ignition_bringup
