[3.533s] DEBUG:colcon:Command line arguments: ['/usr/bin/colcon', 'build', '--symlink-install', '--packages-select', 'drone_ignition_bringup']
[3.533s] DEBUG:colcon:Parsed command line arguments: Namespace(log_base=None, log_level=None, verb_name='build', build_base='build', install_base='install', merge_install=False, symlink_install=True, test_result_base=None, continue_on_error=False, executor='parallel', parallel_workers=8, event_handlers=None, ignore_user_meta=False, metas=['./colcon.meta'], base_paths=['.'], packages_ignore=None, packages_ignore_regex=None, paths=None, packages_up_to=None, packages_up_to_regex=None, packages_above=None, packages_above_and_dependencies=None, packages_above_depth=None, packages_select_by_dep=None, packages_skip_by_dep=None, packages_skip_up_to=None, packages_select_build_failed=False, packages_skip_build_finished=False, packages_select_test_failures=False, packages_skip_test_passed=False, packages_select=['drone_ignition_bringup'], packages_skip=None, packages_select_regex=None, packages_skip_regex=None, packages_start=None, packages_end=None, allow_overriding=[], cmake_args=None, cmake_target=None, cmake_target_skip_unavailable=False, cmake_clean_cache=False, cmake_clean_first=False, cmake_force_configure=False, ament_cmake_args=None, catkin_cmake_args=None, catkin_skip_building_tests=False, mixin_files=None, mixin=None, verb_parser=<colcon_mixin.mixin.mixin_argument.MixinArgumentDecorator object at 0x71a577d6a590>, verb_extension=<colcon_core.verb.build.BuildVerb object at 0x71a577d69ae0>, main=<bound method BuildVerb.main of <colcon_core.verb.build.BuildVerb object at 0x71a577d69ae0>>, mixin_verb=('build',))
[7.639s] Level 1:colcon.colcon_core.package_discovery:discover_packages(colcon_meta) check parameters
[7.639s] Level 1:colcon.colcon_core.package_discovery:discover_packages(recursive) check parameters
[7.639s] Level 1:colcon.colcon_core.package_discovery:discover_packages(ignore) check parameters
[7.639s] Level 1:colcon.colcon_core.package_discovery:discover_packages(path) check parameters
[7.639s] Level 1:colcon.colcon_core.package_discovery:discover_packages(colcon_meta) discover
[7.639s] Level 1:colcon.colcon_core.package_discovery:discover_packages(recursive) discover
[7.639s] INFO:colcon.colcon_core.package_discovery:Crawling recursively for packages in '/home/eleanorlow/robo1'
[7.639s] Level 1:colcon.colcon_core.package_identification:_identify(.) by extensions ['ignore', 'ignore_ament_install']
[7.640s] Level 1:colcon.colcon_core.package_identification:_identify(.) by extension 'ignore'
[7.640s] Level 1:colcon.colcon_core.package_identification:_identify(.) by extension 'ignore_ament_install'
[7.640s] Level 1:colcon.colcon_core.package_identification:_identify(.) by extensions ['colcon_pkg']
[7.640s] Level 1:colcon.colcon_core.package_identification:_identify(.) by extension 'colcon_pkg'
[7.640s] Level 1:colcon.colcon_core.package_identification:_identify(.) by extensions ['colcon_meta']
[7.640s] Level 1:colcon.colcon_core.package_identification:_identify(.) by extension 'colcon_meta'
[7.640s] Level 1:colcon.colcon_core.package_identification:_identify(.) by extensions ['ros']
[7.640s] Level 1:colcon.colcon_core.package_identification:_identify(.) by extension 'ros'
[7.659s] Level 1:colcon.colcon_core.package_identification:_identify(.) by extensions ['cmake', 'python']
[7.659s] Level 1:colcon.colcon_core.package_identification:_identify(.) by extension 'cmake'
[7.659s] Level 1:colcon.colcon_core.package_identification:_identify(.) by extension 'python'
[7.659s] Level 1:colcon.colcon_core.package_identification:_identify(.) by extensions ['python_setup_py']
[7.659s] Level 1:colcon.colcon_core.package_identification:_identify(.) by extension 'python_setup_py'
[7.666s] Level 1:colcon.colcon_core.package_identification:_identify(build) by extensions ['ignore', 'ignore_ament_install']
[7.666s] Level 1:colcon.colcon_core.package_identification:_identify(build) by extension 'ignore'
[7.666s] Level 1:colcon.colcon_core.package_identification:_identify(build) ignored
[7.667s] Level 1:colcon.colcon_core.package_identification:_identify(install) by extensions ['ignore', 'ignore_ament_install']
[7.667s] Level 1:colcon.colcon_core.package_identification:_identify(install) by extension 'ignore'
[7.667s] Level 1:colcon.colcon_core.package_identification:_identify(install) ignored
[7.667s] Level 1:colcon.colcon_core.package_identification:_identify(log) by extensions ['ignore', 'ignore_ament_install']
[7.667s] Level 1:colcon.colcon_core.package_identification:_identify(log) by extension 'ignore'
[7.667s] Level 1:colcon.colcon_core.package_identification:_identify(log) ignored
[7.667s] Level 1:colcon.colcon_core.package_identification:_identify(src) by extensions ['ignore', 'ignore_ament_install']
[7.667s] Level 1:colcon.colcon_core.package_identification:_identify(src) by extension 'ignore'
[7.667s] Level 1:colcon.colcon_core.package_identification:_identify(src) by extension 'ignore_ament_install'
[7.668s] Level 1:colcon.colcon_core.package_identification:_identify(src) by extensions ['colcon_pkg']
[7.668s] Level 1:colcon.colcon_core.package_identification:_identify(src) by extension 'colcon_pkg'
[7.668s] Level 1:colcon.colcon_core.package_identification:_identify(src) by extensions ['colcon_meta']
[7.668s] Level 1:colcon.colcon_core.package_identification:_identify(src) by extension 'colcon_meta'
[7.668s] Level 1:colcon.colcon_core.package_identification:_identify(src) by extensions ['ros']
[7.668s] Level 1:colcon.colcon_core.package_identification:_identify(src) by extension 'ros'
[7.668s] Level 1:colcon.colcon_core.package_identification:_identify(src) by extensions ['cmake', 'python']
[7.668s] Level 1:colcon.colcon_core.package_identification:_identify(src) by extension 'cmake'
[7.668s] Level 1:colcon.colcon_core.package_identification:_identify(src) by extension 'python'
[7.668s] Level 1:colcon.colcon_core.package_identification:_identify(src) by extensions ['python_setup_py']
[7.668s] Level 1:colcon.colcon_core.package_identification:_identify(src) by extension 'python_setup_py'
[7.683s] Level 1:colcon.colcon_core.package_identification:_identify(src/41068_ignition_bringup_with_drone) by extensions ['ignore', 'ignore_ament_install']
[7.683s] Level 1:colcon.colcon_core.package_identification:_identify(src/41068_ignition_bringup_with_drone) by extension 'ignore'
[7.683s] Level 1:colcon.colcon_core.package_identification:_identify(src/41068_ignition_bringup_with_drone) by extension 'ignore_ament_install'
[7.683s] Level 1:colcon.colcon_core.package_identification:_identify(src/41068_ignition_bringup_with_drone) by extensions ['colcon_pkg']
[7.684s] Level 1:colcon.colcon_core.package_identification:_identify(src/41068_ignition_bringup_with_drone) by extension 'colcon_pkg'
[7.684s] Level 1:colcon.colcon_core.package_identification:_identify(src/41068_ignition_bringup_with_drone) by extensions ['colcon_meta']
[7.684s] Level 1:colcon.colcon_core.package_identification:_identify(src/41068_ignition_bringup_with_drone) by extension 'colcon_meta'
[7.684s] Level 1:colcon.colcon_core.package_identification:_identify(src/41068_ignition_bringup_with_drone) by extensions ['ros']
[7.684s] Level 1:colcon.colcon_core.package_identification:_identify(src/41068_ignition_bringup_with_drone) by extension 'ros'
[7.684s] Level 1:colcon.colcon_core.package_identification:_identify(src/41068_ignition_bringup_with_drone) by extensions ['cmake', 'python']
[7.684s] Level 1:colcon.colcon_core.package_identification:_identify(src/41068_ignition_bringup_with_drone) by extension 'cmake'
[7.684s] Level 1:colcon.colcon_core.package_identification:_identify(src/41068_ignition_bringup_with_drone) by extension 'python'
[7.684s] Level 1:colcon.colcon_core.package_identification:_identify(src/41068_ignition_bringup_with_drone) by extensions ['python_setup_py']
[7.684s] Level 1:colcon.colcon_core.package_identification:_identify(src/41068_ignition_bringup_with_drone) by extension 'python_setup_py'
[7.694s] Level 1:colcon.colcon_core.package_identification:_identify(src/41068_ignition_bringup_with_drone/41068_ignition_bringup) by extensions ['ignore', 'ignore_ament_install']
[7.694s] Level 1:colcon.colcon_core.package_identification:_identify(src/41068_ignition_bringup_with_drone/41068_ignition_bringup) by extension 'ignore'
[7.694s] Level 1:colcon.colcon_core.package_identification:_identify(src/41068_ignition_bringup_with_drone/41068_ignition_bringup) by extension 'ignore_ament_install'
[7.694s] Level 1:colcon.colcon_core.package_identification:_identify(src/41068_ignition_bringup_with_drone/41068_ignition_bringup) by extensions ['colcon_pkg']
[7.694s] Level 1:colcon.colcon_core.package_identification:_identify(src/41068_ignition_bringup_with_drone/41068_ignition_bringup) by extension 'colcon_pkg'
[7.695s] Level 1:colcon.colcon_core.package_identification:_identify(src/41068_ignition_bringup_with_drone/41068_ignition_bringup) by extensions ['colcon_meta']
[7.695s] Level 1:colcon.colcon_core.package_identification:_identify(src/41068_ignition_bringup_with_drone/41068_ignition_bringup) by extension 'colcon_meta'
[7.695s] Level 1:colcon.colcon_core.package_identification:_identify(src/41068_ignition_bringup_with_drone/41068_ignition_bringup) by extensions ['ros']
[7.695s] Level 1:colcon.colcon_core.package_identification:_identify(src/41068_ignition_bringup_with_drone/41068_ignition_bringup) by extension 'ros'
[7.728s] DEBUG:colcon.colcon_core.package_identification:Package 'src/41068_ignition_bringup_with_drone/41068_ignition_bringup' with type 'ros.ament_cmake' and name '41068_ignition_bringup'
[7.729s] Level 1:colcon.colcon_core.package_identification:_identify(src/Robo1_HAJE) by extensions ['ignore', 'ignore_ament_install']
[7.729s] Level 1:colcon.colcon_core.package_identification:_identify(src/Robo1_HAJE) by extension 'ignore'
[7.729s] Level 1:colcon.colcon_core.package_identification:_identify(src/Robo1_HAJE) by extension 'ignore_ament_install'
[7.729s] Level 1:colcon.colcon_core.package_identification:_identify(src/Robo1_HAJE) by extensions ['colcon_pkg']
[7.729s] Level 1:colcon.colcon_core.package_identification:_identify(src/Robo1_HAJE) by extension 'colcon_pkg'
[7.729s] Level 1:colcon.colcon_core.package_identification:_identify(src/Robo1_HAJE) by extensions ['colcon_meta']
[7.730s] Level 1:colcon.colcon_core.package_identification:_identify(src/Robo1_HAJE) by extension 'colcon_meta'
[7.730s] Level 1:colcon.colcon_core.package_identification:_identify(src/Robo1_HAJE) by extensions ['ros']
[7.730s] Level 1:colcon.colcon_core.package_identification:_identify(src/Robo1_HAJE) by extension 'ros'
[7.747s] DEBUG:colcon.colcon_core.package_identification:Package 'src/Robo1_HAJE' with type 'ros.ament_cmake' and name 'robo1_haje'
[7.747s] Level 1:colcon.colcon_core.package_identification:_identify(src/drone_ignition_bringup) by extensions ['ignore', 'ignore_ament_install']
[7.748s] Level 1:colcon.colcon_core.package_identification:_identify(src/drone_ignition_bringup) by extension 'ignore'
[7.748s] Level 1:colcon.colcon_core.package_identification:_identify(src/drone_ignition_bringup) by extension 'ignore_ament_install'
[7.748s] Level 1:colcon.colcon_core.package_identification:_identify(src/drone_ignition_bringup) by extensions ['colcon_pkg']
[7.748s] Level 1:colcon.colcon_core.package_identification:_identify(src/drone_ignition_bringup) by extension 'colcon_pkg'
[7.748s] Level 1:colcon.colcon_core.package_identification:_identify(src/drone_ignition_bringup) by extensions ['colcon_meta']
[7.748s] Level 1:colcon.colcon_core.package_identification:_identify(src/drone_ignition_bringup) by extension 'colcon_meta'
[7.748s] Level 1:colcon.colcon_core.package_identification:_identify(src/drone_ignition_bringup) by extensions ['ros']
[7.748s] Level 1:colcon.colcon_core.package_identification:_identify(src/drone_ignition_bringup) by extension 'ros'
[7.769s] DEBUG:colcon.colcon_core.package_identification:Package 'src/drone_ignition_bringup' with type 'ros.ament_cmake' and name 'drone_ignition_bringup'
[7.769s] Level 1:colcon.colcon_core.package_identification:_identify(src/gazebo-vegetation-master) by extensions ['ignore', 'ignore_ament_install']
[7.769s] Level 1:colcon.colcon_core.package_identification:_identify(src/gazebo-vegetation-master) by extension 'ignore'
[7.770s] Level 1:colcon.colcon_core.package_identification:_identify(src/gazebo-vegetation-master) by extension 'ignore_ament_install'
[7.770s] Level 1:colcon.colcon_core.package_identification:_identify(src/gazebo-vegetation-master) by extensions ['colcon_pkg']
[7.770s] Level 1:colcon.colcon_core.package_identification:_identify(src/gazebo-vegetation-master) by extension 'colcon_pkg'
[7.770s] Level 1:colcon.colcon_core.package_identification:_identify(src/gazebo-vegetation-master) by extensions ['colcon_meta']
[7.770s] Level 1:colcon.colcon_core.package_identification:_identify(src/gazebo-vegetation-master) by extension 'colcon_meta'
[7.770s] Level 1:colcon.colcon_core.package_identification:_identify(src/gazebo-vegetation-master) by extensions ['ros']
[7.770s] Level 1:colcon.colcon_core.package_identification:_identify(src/gazebo-vegetation-master) by extension 'ros'
[7.770s] Level 1:colcon.colcon_core.package_identification:_identify(src/gazebo-vegetation-master) by extensions ['cmake', 'python']
[7.770s] Level 1:colcon.colcon_core.package_identification:_identify(src/gazebo-vegetation-master) by extension 'cmake'
[7.770s] Level 1:colcon.colcon_core.package_identification:_identify(src/gazebo-vegetation-master) by extension 'python'
[7.770s] Level 1:colcon.colcon_core.package_identification:_identify(src/gazebo-vegetation-master) by extensions ['python_setup_py']
[7.771s] Level 1:colcon.colcon_core.package_identification:_identify(src/gazebo-vegetation-master) by extension 'python_setup_py'
[7.771s] Level 1:colcon.colcon_core.package_identification:_identify(src/gazebo-vegetation-master/gazebo_vegetation) by extensions ['ignore', 'ignore_ament_install']
[7.771s] Level 1:colcon.colcon_core.package_identification:_identify(src/gazebo-vegetation-master/gazebo_vegetation) by extension 'ignore'
[7.771s] Level 1:colcon.colcon_core.package_identification:_identify(src/gazebo-vegetation-master/gazebo_vegetation) by extension 'ignore_ament_install'
[7.771s] Level 1:colcon.colcon_core.package_identification:_identify(src/gazebo-vegetation-master/gazebo_vegetation) by extensions ['colcon_pkg']
[7.771s] Level 1:colcon.colcon_core.package_identification:_identify(src/gazebo-vegetation-master/gazebo_vegetation) by extension 'colcon_pkg'
[7.771s] Level 1:colcon.colcon_core.package_identification:_identify(src/gazebo-vegetation-master/gazebo_vegetation) by extensions ['colcon_meta']
[7.771s] Level 1:colcon.colcon_core.package_identification:_identify(src/gazebo-vegetation-master/gazebo_vegetation) by extension 'colcon_meta'
[7.771s] Level 1:colcon.colcon_core.package_identification:_identify(src/gazebo-vegetation-master/gazebo_vegetation) by extensions ['ros']
[7.772s] Level 1:colcon.colcon_core.package_identification:_identify(src/gazebo-vegetation-master/gazebo_vegetation) by extension 'ros'
[7.780s] DEBUG:colcon.colcon_core.package_identification:Package 'src/gazebo-vegetation-master/gazebo_vegetation' with type 'ros.catkin' and name 'gazebo_vegetation'
[7.780s] Level 1:colcon.colcon_core.package_discovery:discover_packages(recursive) using defaults
[7.780s] Level 1:colcon.colcon_core.package_discovery:discover_packages(ignore) discover
[7.780s] Level 1:colcon.colcon_core.package_discovery:discover_packages(ignore) using defaults
[7.780s] Level 1:colcon.colcon_core.package_discovery:discover_packages(path) discover
[7.780s] Level 1:colcon.colcon_core.package_discovery:discover_packages(path) using defaults
[8.024s] INFO:colcon.colcon_core.package_selection:Skipping not selected package '41068_ignition_bringup' in 'src/41068_ignition_bringup_with_drone/41068_ignition_bringup'
[8.024s] INFO:colcon.colcon_core.package_selection:Skipping not selected package 'gazebo_vegetation' in 'src/gazebo-vegetation-master/gazebo_vegetation'
[8.024s] INFO:colcon.colcon_core.package_selection:Skipping not selected package 'robo1_haje' in 'src/Robo1_HAJE'
[8.025s] Level 1:colcon.colcon_core.package_discovery:discover_packages(prefix_path) check parameters
[8.025s] Level 1:colcon.colcon_core.package_discovery:discover_packages(prefix_path) discover
[8.077s] DEBUG:colcon.colcon_installed_package_information.package_discovery:Found 3 installed packages in /home/eleanorlow/robo1/install
[8.124s] DEBUG:colcon.colcon_installed_package_information.package_discovery:Found 427 installed packages in /opt/ros/humble
[8.128s] Level 1:colcon.colcon_core.package_discovery:discover_packages(prefix_path) using defaults
[11.360s] Level 5:colcon.colcon_core.verb:set package 'drone_ignition_bringup' build argument 'cmake_args' from command line to 'None'
[11.361s] Level 5:colcon.colcon_core.verb:set package 'drone_ignition_bringup' build argument 'cmake_target' from command line to 'None'
[11.361s] Level 5:colcon.colcon_core.verb:set package 'drone_ignition_bringup' build argument 'cmake_target_skip_unavailable' from command line to 'False'
[11.361s] Level 5:colcon.colcon_core.verb:set package 'drone_ignition_bringup' build argument 'cmake_clean_cache' from command line to 'False'
[11.361s] Level 5:colcon.colcon_core.verb:set package 'drone_ignition_bringup' build argument 'cmake_clean_first' from command line to 'False'
[11.361s] Level 5:colcon.colcon_core.verb:set package 'drone_ignition_bringup' build argument 'cmake_force_configure' from command line to 'False'
[11.361s] Level 5:colcon.colcon_core.verb:set package 'drone_ignition_bringup' build argument 'ament_cmake_args' from command line to 'None'
[11.361s] Level 5:colcon.colcon_core.verb:set package 'drone_ignition_bringup' build argument 'catkin_cmake_args' from command line to 'None'
[11.361s] Level 5:colcon.colcon_core.verb:set package 'drone_ignition_bringup' build argument 'catkin_skip_building_tests' from command line to 'False'
[11.361s] DEBUG:colcon.colcon_core.verb:Building package 'drone_ignition_bringup' with the following arguments: {'ament_cmake_args': None, 'build_base': '/home/eleanorlow/robo1/build/drone_ignition_bringup', 'catkin_cmake_args': None, 'catkin_skip_building_tests': False, 'cmake_args': None, 'cmake_clean_cache': False, 'cmake_clean_first': False, 'cmake_force_configure': False, 'cmake_target': None, 'cmake_target_skip_unavailable': False, 'install_base': '/home/eleanorlow/robo1/install/drone_ignition_bringup', 'merge_install': False, 'path': '/home/eleanorlow/robo1/src/drone_ignition_bringup', 'symlink_install': True, 'test_result_base': None}
[11.361s] INFO:colcon.colcon_core.executor:Executing jobs using 'parallel' executor
[11.362s] DEBUG:colcon.colcon_parallel_executor.executor.parallel:run_until_complete
[11.362s] INFO:colcon.colcon_ros.task.ament_cmake.build:Building ROS package in '/home/eleanorlow/robo1/src/drone_ignition_bringup' with build type 'ament_cmake'
[11.362s] INFO:colcon.colcon_cmake.task.cmake.build:Building CMake package in '/home/eleanorlow/robo1/src/drone_ignition_bringup'
[11.425s] INFO:colcon.colcon_core.plugin_system:Skipping extension 'colcon_core.shell.bat': Not used on non-Windows systems
[11.425s] INFO:colcon.colcon_core.shell:Skip shell extension 'powershell' for command environment: Not usable outside of PowerShell
[11.425s] DEBUG:colcon.colcon_core.shell:Skip shell extension 'dsv' for command environment
[11.482s] DEBUG:colcon.colcon_core.event_handler.log_command:Invoking command in '/home/eleanorlow/robo1/build/drone_ignition_bringup': CMAKE_PREFIX_PATH=${CMAKE_PREFIX_PATH}:/opt/ros/humble /usr/bin/cmake --build /home/eleanorlow/robo1/build/drone_ignition_bringup -- -j8 -l8
[12.321s] DEBUG:colcon.colcon_core.event_handler.log_command:Invoked command in '/home/eleanorlow/robo1/build/drone_ignition_bringup' returned '0': CMAKE_PREFIX_PATH=${CMAKE_PREFIX_PATH}:/opt/ros/humble /usr/bin/cmake --build /home/eleanorlow/robo1/build/drone_ignition_bringup -- -j8 -l8
[12.402s] DEBUG:colcon.colcon_core.event_handler.log_command:Invoking command in '/home/eleanorlow/robo1/build/drone_ignition_bringup': CMAKE_PREFIX_PATH=${CMAKE_PREFIX_PATH}:/opt/ros/humble /usr/bin/cmake --install /home/eleanorlow/robo1/build/drone_ignition_bringup
[13.188s] Level 1:colcon.colcon_core.environment:create_environment_scripts_only(drone_ignition_bringup)
[13.190s] DEBUG:colcon.colcon_core.event_handler.log_command:Invoked command in '/home/eleanorlow/robo1/build/drone_ignition_bringup' returned '0': CMAKE_PREFIX_PATH=${CMAKE_PREFIX_PATH}:/opt/ros/humble /usr/bin/cmake --install /home/eleanorlow/robo1/build/drone_ignition_bringup
[13.239s] Level 1:colcon.colcon_core.environment:checking '/home/eleanorlow/robo1/install/drone_ignition_bringup' for CMake module files
[13.240s] Level 1:colcon.colcon_core.environment:checking '/home/eleanorlow/robo1/install/drone_ignition_bringup' for CMake config files
[13.288s] Level 1:colcon.colcon_core.shell:create_environment_hook('drone_ignition_bringup', 'cmake_prefix_path')
[13.289s] INFO:colcon.colcon_core.shell:Creating environment hook '/home/eleanorlow/robo1/install/drone_ignition_bringup/share/drone_ignition_bringup/hook/cmake_prefix_path.ps1'
[13.303s] INFO:colcon.colcon_core.shell:Creating environment descriptor '/home/eleanorlow/robo1/install/drone_ignition_bringup/share/drone_ignition_bringup/hook/cmake_prefix_path.dsv'
[13.305s] INFO:colcon.colcon_core.shell:Creating environment hook '/home/eleanorlow/robo1/install/drone_ignition_bringup/share/drone_ignition_bringup/hook/cmake_prefix_path.sh'
[13.307s] Level 1:colcon.colcon_core.environment:checking '/home/eleanorlow/robo1/install/drone_ignition_bringup/bin'
[13.307s] Level 1:colcon.colcon_core.environment:checking '/home/eleanorlow/robo1/install/drone_ignition_bringup/lib/pkgconfig/drone_ignition_bringup.pc'
[13.307s] Level 1:colcon.colcon_core.environment:checking '/home/eleanorlow/robo1/install/drone_ignition_bringup/lib/python3.10/site-packages'
[13.308s] Level 1:colcon.colcon_core.environment:checking '/home/eleanorlow/robo1/install/drone_ignition_bringup/bin'
[13.309s] INFO:colcon.colcon_core.shell:Creating package script '/home/eleanorlow/robo1/install/drone_ignition_bringup/share/drone_ignition_bringup/package.ps1'
[13.311s] INFO:colcon.colcon_core.shell:Creating package descriptor '/home/eleanorlow/robo1/install/drone_ignition_bringup/share/drone_ignition_bringup/package.dsv'
[13.312s] INFO:colcon.colcon_core.shell:Creating package script '/home/eleanorlow/robo1/install/drone_ignition_bringup/share/drone_ignition_bringup/package.sh'
[13.314s] INFO:colcon.colcon_core.shell:Creating package script '/home/eleanorlow/robo1/install/drone_ignition_bringup/share/drone_ignition_bringup/package.bash'
[13.320s] INFO:colcon.colcon_core.shell:Creating package script '/home/eleanorlow/robo1/install/drone_ignition_bringup/share/drone_ignition_bringup/package.zsh'
[13.335s] Level 1:colcon.colcon_core.environment:create_file_with_runtime_dependencies(/home/eleanorlow/robo1/install/drone_ignition_bringup/share/colcon-core/packages/drone_ignition_bringup)
[13.336s] Level 1:colcon.colcon_core.environment:create_environment_scripts_only(drone_ignition_bringup)
[13.337s] Level 1:colcon.colcon_core.environment:checking '/home/eleanorlow/robo1/install/drone_ignition_bringup' for CMake module files
[13.338s] Level 1:colcon.colcon_core.environment:checking '/home/eleanorlow/robo1/install/drone_ignition_bringup' for CMake config files
[13.338s] Level 1:colcon.colcon_core.shell:create_environment_hook('drone_ignition_bringup', 'cmake_prefix_path')
[13.339s] INFO:colcon.colcon_core.shell:Creating environment hook '/home/eleanorlow/robo1/install/drone_ignition_bringup/share/drone_ignition_bringup/hook/cmake_prefix_path.ps1'
[13.340s] INFO:colcon.colcon_core.shell:Creating environment descriptor '/home/eleanorlow/robo1/install/drone_ignition_bringup/share/drone_ignition_bringup/hook/cmake_prefix_path.dsv'
[13.340s] INFO:colcon.colcon_core.shell:Creating environment hook '/home/eleanorlow/robo1/install/drone_ignition_bringup/share/drone_ignition_bringup/hook/cmake_prefix_path.sh'
[13.341s] Level 1:colcon.colcon_core.environment:checking '/home/eleanorlow/robo1/install/drone_ignition_bringup/bin'
[13.341s] Level 1:colcon.colcon_core.environment:checking '/home/eleanorlow/robo1/install/drone_ignition_bringup/lib/pkgconfig/drone_ignition_bringup.pc'
[13.342s] Level 1:colcon.colcon_core.environment:checking '/home/eleanorlow/robo1/install/drone_ignition_bringup/lib/python3.10/site-packages'
[13.342s] Level 1:colcon.colcon_core.environment:checking '/home/eleanorlow/robo1/install/drone_ignition_bringup/bin'
[13.343s] INFO:colcon.colcon_core.shell:Creating package script '/home/eleanorlow/robo1/install/drone_ignition_bringup/share/drone_ignition_bringup/package.ps1'
[13.343s] INFO:colcon.colcon_core.shell:Creating package descriptor '/home/eleanorlow/robo1/install/drone_ignition_bringup/share/drone_ignition_bringup/package.dsv'
[13.344s] INFO:colcon.colcon_core.shell:Creating package script '/home/eleanorlow/robo1/install/drone_ignition_bringup/share/drone_ignition_bringup/package.sh'
[13.345s] INFO:colcon.colcon_core.shell:Creating package script '/home/eleanorlow/robo1/install/drone_ignition_bringup/share/drone_ignition_bringup/package.bash'
[13.345s] INFO:colcon.colcon_core.shell:Creating package script '/home/eleanorlow/robo1/install/drone_ignition_bringup/share/drone_ignition_bringup/package.zsh'
[13.346s] Level 1:colcon.colcon_core.environment:create_file_with_runtime_dependencies(/home/eleanorlow/robo1/install/drone_ignition_bringup/share/colcon-core/packages/drone_ignition_bringup)
[13.347s] DEBUG:colcon.colcon_parallel_executor.executor.parallel:closing loop
[13.347s] DEBUG:colcon.colcon_parallel_executor.executor.parallel:loop closed
[13.347s] DEBUG:colcon.colcon_parallel_executor.executor.parallel:run_until_complete finished with '0'
[13.347s] DEBUG:colcon.colcon_core.event_reactor:joining thread
[13.464s] INFO:colcon.colcon_core.plugin_system:Skipping extension 'colcon_notification.desktop_notification.terminal_notifier': Not used on non-Darwin systems
[13.464s] INFO:colcon.colcon_core.plugin_system:Skipping extension 'colcon_notification.desktop_notification.win32': Not used on non-Windows systems
[13.464s] INFO:colcon.colcon_notification.desktop_notification:Sending desktop notification using 'notify2'
[13.484s] DEBUG:colcon.colcon_core.event_reactor:joined thread
[13.485s] INFO:colcon.colcon_core.shell:Creating prefix script '/home/eleanorlow/robo1/install/local_setup.ps1'
[13.486s] INFO:colcon.colcon_core.shell:Creating prefix util module '/home/eleanorlow/robo1/install/_local_setup_util_ps1.py'
[13.488s] INFO:colcon.colcon_core.shell:Creating prefix chain script '/home/eleanorlow/robo1/install/setup.ps1'
[13.489s] INFO:colcon.colcon_core.shell:Creating prefix script '/home/eleanorlow/robo1/install/local_setup.sh'
[13.490s] INFO:colcon.colcon_core.shell:Creating prefix util module '/home/eleanorlow/robo1/install/_local_setup_util_sh.py'
[13.490s] INFO:colcon.colcon_core.shell:Creating prefix chain script '/home/eleanorlow/robo1/install/setup.sh'
[13.491s] INFO:colcon.colcon_core.shell:Creating prefix script '/home/eleanorlow/robo1/install/local_setup.bash'
[13.492s] INFO:colcon.colcon_core.shell:Creating prefix chain script '/home/eleanorlow/robo1/install/setup.bash'
[13.492s] INFO:colcon.colcon_core.shell:Creating prefix script '/home/eleanorlow/robo1/install/local_setup.zsh'
[13.493s] INFO:colcon.colcon_core.shell:Creating prefix chain script '/home/eleanorlow/robo1/install/setup.zsh'
