[0.073s] DEBUG:colcon:Command line arguments: ['/usr/bin/colcon', 'build']
[0.073s] DEBUG:colcon:Parsed command line arguments: Namespace(log_base=None, log_level=None, verb_name='build', build_base='build', install_base='install', merge_install=False, symlink_install=False, test_result_base=None, continue_on_error=False, executor='parallel', parallel_workers=8, event_handlers=None, ignore_user_meta=False, metas=['./colcon.meta'], base_paths=['.'], packages_ignore=None, packages_ignore_regex=None, paths=None, packages_up_to=None, packages_up_to_regex=None, packages_above=None, packages_above_and_dependencies=None, packages_above_depth=None, packages_select_by_dep=None, packages_skip_by_dep=None, packages_skip_up_to=None, packages_select_build_failed=False, packages_skip_build_finished=False, packages_select_test_failures=False, packages_skip_test_passed=False, packages_select=None, packages_skip=None, packages_select_regex=None, packages_skip_regex=None, packages_start=None, packages_end=None, allow_overriding=[], cmake_args=None, cmake_target=None, cmake_target_skip_unavailable=False, cmake_clean_cache=False, cmake_clean_first=False, cmake_force_configure=False, ament_cmake_args=None, catkin_cmake_args=None, catkin_skip_building_tests=False, mixin_files=None, mixin=None, verb_parser=<colcon_mixin.mixin.mixin_argument.MixinArgumentDecorator object at 0x76470c7d2530>, verb_extension=<colcon_core.verb.build.BuildVerb object at 0x76470c7d1a80>, main=<bound method BuildVerb.main of <colcon_core.verb.build.BuildVerb object at 0x76470c7d1a80>>, mixin_verb=('build',))
[0.193s] Level 1:colcon.colcon_core.package_discovery:discover_packages(colcon_meta) check parameters
[0.193s] Level 1:colcon.colcon_core.package_discovery:discover_packages(recursive) check parameters
[0.193s] Level 1:colcon.colcon_core.package_discovery:discover_packages(ignore) check parameters
[0.193s] Level 1:colcon.colcon_core.package_discovery:discover_packages(path) check parameters
[0.193s] Level 1:colcon.colcon_core.package_discovery:discover_packages(colcon_meta) discover
[0.193s] Level 1:colcon.colcon_core.package_discovery:discover_packages(recursive) discover
[0.193s] INFO:colcon.colcon_core.package_discovery:Crawling recursively for packages in '/home/eleanorlow/robo1'
[0.194s] Level 1:colcon.colcon_core.package_identification:_identify(.) by extensions ['ignore', 'ignore_ament_install']
[0.194s] Level 1:colcon.colcon_core.package_identification:_identify(.) by extension 'ignore'
[0.194s] Level 1:colcon.colcon_core.package_identification:_identify(.) by extension 'ignore_ament_install'
[0.194s] Level 1:colcon.colcon_core.package_identification:_identify(.) by extensions ['colcon_pkg']
[0.194s] Level 1:colcon.colcon_core.package_identification:_identify(.) by extension 'colcon_pkg'
[0.194s] Level 1:colcon.colcon_core.package_identification:_identify(.) by extensions ['colcon_meta']
[0.194s] Level 1:colcon.colcon_core.package_identification:_identify(.) by extension 'colcon_meta'
[0.194s] Level 1:colcon.colcon_core.package_identification:_identify(.) by extensions ['ros']
[0.194s] Level 1:colcon.colcon_core.package_identification:_identify(.) by extension 'ros'
[0.201s] Level 1:colcon.colcon_core.package_identification:_identify(.) by extensions ['cmake', 'python']
[0.201s] Level 1:colcon.colcon_core.package_identification:_identify(.) by extension 'cmake'
[0.201s] Level 1:colcon.colcon_core.package_identification:_identify(.) by extension 'python'
[0.201s] Level 1:colcon.colcon_core.package_identification:_identify(.) by extensions ['python_setup_py']
[0.201s] Level 1:colcon.colcon_core.package_identification:_identify(.) by extension 'python_setup_py'
[0.201s] Level 1:colcon.colcon_core.package_identification:_identify(build) by extensions ['ignore', 'ignore_ament_install']
[0.201s] Level 1:colcon.colcon_core.package_identification:_identify(build) by extension 'ignore'
[0.201s] Level 1:colcon.colcon_core.package_identification:_identify(build) ignored
[0.201s] Level 1:colcon.colcon_core.package_identification:_identify(install) by extensions ['ignore', 'ignore_ament_install']
[0.202s] Level 1:colcon.colcon_core.package_identification:_identify(install) by extension 'ignore'
[0.202s] Level 1:colcon.colcon_core.package_identification:_identify(install) ignored
[0.202s] Level 1:colcon.colcon_core.package_identification:_identify(log) by extensions ['ignore', 'ignore_ament_install']
[0.202s] Level 1:colcon.colcon_core.package_identification:_identify(log) by extension 'ignore'
[0.202s] Level 1:colcon.colcon_core.package_identification:_identify(log) ignored
[0.202s] Level 1:colcon.colcon_core.package_identification:_identify(src) by extensions ['ignore', 'ignore_ament_install']
[0.202s] Level 1:colcon.colcon_core.package_identification:_identify(src) by extension 'ignore'
[0.202s] Level 1:colcon.colcon_core.package_identification:_identify(src) by extension 'ignore_ament_install'
[0.202s] Level 1:colcon.colcon_core.package_identification:_identify(src) by extensions ['colcon_pkg']
[0.202s] Level 1:colcon.colcon_core.package_identification:_identify(src) by extension 'colcon_pkg'
[0.202s] Level 1:colcon.colcon_core.package_identification:_identify(src) by extensions ['colcon_meta']
[0.202s] Level 1:colcon.colcon_core.package_identification:_identify(src) by extension 'colcon_meta'
[0.202s] Level 1:colcon.colcon_core.package_identification:_identify(src) by extensions ['ros']
[0.202s] Level 1:colcon.colcon_core.package_identification:_identify(src) by extension 'ros'
[0.202s] Level 1:colcon.colcon_core.package_identification:_identify(src) by extensions ['cmake', 'python']
[0.202s] Level 1:colcon.colcon_core.package_identification:_identify(src) by extension 'cmake'
[0.202s] Level 1:colcon.colcon_core.package_identification:_identify(src) by extension 'python'
[0.202s] Level 1:colcon.colcon_core.package_identification:_identify(src) by extensions ['python_setup_py']
[0.202s] Level 1:colcon.colcon_core.package_identification:_identify(src) by extension 'python_setup_py'
[0.202s] Level 1:colcon.colcon_core.package_identification:_identify(src/41068_ignition_bringup) by extensions ['ignore', 'ignore_ament_install']
[0.202s] Level 1:colcon.colcon_core.package_identification:_identify(src/41068_ignition_bringup) by extension 'ignore'
[0.202s] Level 1:colcon.colcon_core.package_identification:_identify(src/41068_ignition_bringup) by extension 'ignore_ament_install'
[0.202s] Level 1:colcon.colcon_core.package_identification:_identify(src/41068_ignition_bringup) by extensions ['colcon_pkg']
[0.202s] Level 1:colcon.colcon_core.package_identification:_identify(src/41068_ignition_bringup) by extension 'colcon_pkg'
[0.202s] Level 1:colcon.colcon_core.package_identification:_identify(src/41068_ignition_bringup) by extensions ['colcon_meta']
[0.202s] Level 1:colcon.colcon_core.package_identification:_identify(src/41068_ignition_bringup) by extension 'colcon_meta'
[0.202s] Level 1:colcon.colcon_core.package_identification:_identify(src/41068_ignition_bringup) by extensions ['ros']
[0.203s] Level 1:colcon.colcon_core.package_identification:_identify(src/41068_ignition_bringup) by extension 'ros'
[0.204s] DEBUG:colcon.colcon_core.package_identification:Package 'src/41068_ignition_bringup' with type 'ros.ament_cmake' and name '41068_ignition_bringup'
[0.204s] Level 1:colcon.colcon_core.package_identification:_identify(src/Robo1_HAJE) by extensions ['ignore', 'ignore_ament_install']
[0.205s] Level 1:colcon.colcon_core.package_identification:_identify(src/Robo1_HAJE) by extension 'ignore'
[0.205s] Level 1:colcon.colcon_core.package_identification:_identify(src/Robo1_HAJE) by extension 'ignore_ament_install'
[0.205s] Level 1:colcon.colcon_core.package_identification:_identify(src/Robo1_HAJE) by extensions ['colcon_pkg']
[0.205s] Level 1:colcon.colcon_core.package_identification:_identify(src/Robo1_HAJE) by extension 'colcon_pkg'
[0.205s] Level 1:colcon.colcon_core.package_identification:_identify(src/Robo1_HAJE) by extensions ['colcon_meta']
[0.205s] Level 1:colcon.colcon_core.package_identification:_identify(src/Robo1_HAJE) by extension 'colcon_meta'
[0.205s] Level 1:colcon.colcon_core.package_identification:_identify(src/Robo1_HAJE) by extensions ['ros']
[0.205s] Level 1:colcon.colcon_core.package_identification:_identify(src/Robo1_HAJE) by extension 'ros'
[0.206s] DEBUG:colcon.colcon_core.package_identification:Package 'src/Robo1_HAJE' with type 'ros.ament_cmake' and name 'robo1_haje'
[0.206s] Level 1:colcon.colcon_core.package_identification:_identify(src/drone_ignition_bringup) by extensions ['ignore', 'ignore_ament_install']
[0.206s] Level 1:colcon.colcon_core.package_identification:_identify(src/drone_ignition_bringup) by extension 'ignore'
[0.206s] Level 1:colcon.colcon_core.package_identification:_identify(src/drone_ignition_bringup) by extension 'ignore_ament_install'
[0.207s] Level 1:colcon.colcon_core.package_identification:_identify(src/drone_ignition_bringup) by extensions ['colcon_pkg']
[0.207s] Level 1:colcon.colcon_core.package_identification:_identify(src/drone_ignition_bringup) by extension 'colcon_pkg'
[0.207s] Level 1:colcon.colcon_core.package_identification:_identify(src/drone_ignition_bringup) by extensions ['colcon_meta']
[0.207s] Level 1:colcon.colcon_core.package_identification:_identify(src/drone_ignition_bringup) by extension 'colcon_meta'
[0.207s] Level 1:colcon.colcon_core.package_identification:_identify(src/drone_ignition_bringup) by extensions ['ros']
[0.207s] Level 1:colcon.colcon_core.package_identification:_identify(src/drone_ignition_bringup) by extension 'ros'
[0.207s] DEBUG:colcon.colcon_core.package_identification:Package 'src/drone_ignition_bringup' with type 'ros.ament_cmake' and name 'drone_ignition_bringup'
[0.207s] Level 1:colcon.colcon_core.package_discovery:discover_packages(recursive) using defaults
[0.207s] Level 1:colcon.colcon_core.package_discovery:discover_packages(ignore) discover
[0.207s] Level 1:colcon.colcon_core.package_discovery:discover_packages(ignore) using defaults
[0.207s] Level 1:colcon.colcon_core.package_discovery:discover_packages(path) discover
[0.207s] Level 1:colcon.colcon_core.package_discovery:discover_packages(path) using defaults
[0.229s] Level 1:colcon.colcon_core.package_discovery:discover_packages(prefix_path) check parameters
[0.229s] Level 1:colcon.colcon_core.package_discovery:discover_packages(prefix_path) discover
[0.230s] WARNING:colcon.colcon_ros.prefix_path.ament:The path '/home/eleanorlow/robo1/install/robo1_haje' in the environment variable AMENT_PREFIX_PATH doesn't exist
[0.230s] WARNING:colcon.colcon_ros.prefix_path.ament:The path '/home/eleanorlow/robo1/install/drone_ignition_bringup' in the environment variable AMENT_PREFIX_PATH doesn't exist
[0.230s] WARNING:colcon.colcon_ros.prefix_path.ament:The path '/home/eleanorlow/robo1/install/41068_ignition_bringup' in the environment variable AMENT_PREFIX_PATH doesn't exist
[0.230s] WARNING:colcon.colcon_ros.prefix_path.catkin:The path '/home/eleanorlow/robo1/install/robo1_haje' in the environment variable CMAKE_PREFIX_PATH doesn't exist
[0.230s] WARNING:colcon.colcon_ros.prefix_path.catkin:The path '/home/eleanorlow/robo1/install/drone_ignition_bringup' in the environment variable CMAKE_PREFIX_PATH doesn't exist
[0.230s] WARNING:colcon.colcon_ros.prefix_path.catkin:The path '/home/eleanorlow/robo1/install/41068_ignition_bringup' in the environment variable CMAKE_PREFIX_PATH doesn't exist
[0.230s] DEBUG:colcon.colcon_installed_package_information.package_discovery:Found 0 installed packages in /home/eleanorlow/robo1/install
[0.232s] DEBUG:colcon.colcon_installed_package_information.package_discovery:Found 427 installed packages in /opt/ros/humble
[0.233s] Level 1:colcon.colcon_core.package_discovery:discover_packages(prefix_path) using defaults
[0.270s] Level 5:colcon.colcon_core.verb:set package '41068_ignition_bringup' build argument 'cmake_args' from command line to 'None'
[0.270s] Level 5:colcon.colcon_core.verb:set package '41068_ignition_bringup' build argument 'cmake_target' from command line to 'None'
[0.270s] Level 5:colcon.colcon_core.verb:set package '41068_ignition_bringup' build argument 'cmake_target_skip_unavailable' from command line to 'False'
[0.270s] Level 5:colcon.colcon_core.verb:set package '41068_ignition_bringup' build argument 'cmake_clean_cache' from command line to 'False'
[0.270s] Level 5:colcon.colcon_core.verb:set package '41068_ignition_bringup' build argument 'cmake_clean_first' from command line to 'False'
[0.270s] Level 5:colcon.colcon_core.verb:set package '41068_ignition_bringup' build argument 'cmake_force_configure' from command line to 'False'
[0.270s] Level 5:colcon.colcon_core.verb:set package '41068_ignition_bringup' build argument 'ament_cmake_args' from command line to 'None'
[0.270s] Level 5:colcon.colcon_core.verb:set package '41068_ignition_bringup' build argument 'catkin_cmake_args' from command line to 'None'
[0.270s] Level 5:colcon.colcon_core.verb:set package '41068_ignition_bringup' build argument 'catkin_skip_building_tests' from command line to 'False'
[0.270s] DEBUG:colcon.colcon_core.verb:Building package '41068_ignition_bringup' with the following arguments: {'ament_cmake_args': None, 'build_base': '/home/eleanorlow/robo1/build/41068_ignition_bringup', 'catkin_cmake_args': None, 'catkin_skip_building_tests': False, 'cmake_args': None, 'cmake_clean_cache': False, 'cmake_clean_first': False, 'cmake_force_configure': False, 'cmake_target': None, 'cmake_target_skip_unavailable': False, 'install_base': '/home/eleanorlow/robo1/install/41068_ignition_bringup', 'merge_install': False, 'path': '/home/eleanorlow/robo1/src/41068_ignition_bringup', 'symlink_install': False, 'test_result_base': None}
[0.271s] Level 5:colcon.colcon_core.verb:set package 'drone_ignition_bringup' build argument 'cmake_args' from command line to 'None'
[0.271s] Level 5:colcon.colcon_core.verb:set package 'drone_ignition_bringup' build argument 'cmake_target' from command line to 'None'
[0.271s] Level 5:colcon.colcon_core.verb:set package 'drone_ignition_bringup' build argument 'cmake_target_skip_unavailable' from command line to 'False'
[0.271s] Level 5:colcon.colcon_core.verb:set package 'drone_ignition_bringup' build argument 'cmake_clean_cache' from command line to 'False'
[0.271s] Level 5:colcon.colcon_core.verb:set package 'drone_ignition_bringup' build argument 'cmake_clean_first' from command line to 'False'
[0.271s] Level 5:colcon.colcon_core.verb:set package 'drone_ignition_bringup' build argument 'cmake_force_configure' from command line to 'False'
[0.271s] Level 5:colcon.colcon_core.verb:set package 'drone_ignition_bringup' build argument 'ament_cmake_args' from command line to 'None'
[0.271s] Level 5:colcon.colcon_core.verb:set package 'drone_ignition_bringup' build argument 'catkin_cmake_args' from command line to 'None'
[0.271s] Level 5:colcon.colcon_core.verb:set package 'drone_ignition_bringup' build argument 'catkin_skip_building_tests' from command line to 'False'
[0.271s] DEBUG:colcon.colcon_core.verb:Building package 'drone_ignition_bringup' with the following arguments: {'ament_cmake_args': None, 'build_base': '/home/eleanorlow/robo1/build/drone_ignition_bringup', 'catkin_cmake_args': None, 'catkin_skip_building_tests': False, 'cmake_args': None, 'cmake_clean_cache': False, 'cmake_clean_first': False, 'cmake_force_configure': False, 'cmake_target': None, 'cmake_target_skip_unavailable': False, 'install_base': '/home/eleanorlow/robo1/install/drone_ignition_bringup', 'merge_install': False, 'path': '/home/eleanorlow/robo1/src/drone_ignition_bringup', 'symlink_install': False, 'test_result_base': None}
[0.271s] Level 5:colcon.colcon_core.verb:set package 'robo1_haje' build argument 'cmake_args' from command line to 'None'
[0.271s] Level 5:colcon.colcon_core.verb:set package 'robo1_haje' build argument 'cmake_target' from command line to 'None'
[0.271s] Level 5:colcon.colcon_core.verb:set package 'robo1_haje' build argument 'cmake_target_skip_unavailable' from command line to 'False'
[0.271s] Level 5:colcon.colcon_core.verb:set package 'robo1_haje' build argument 'cmake_clean_cache' from command line to 'False'
[0.271s] Level 5:colcon.colcon_core.verb:set package 'robo1_haje' build argument 'cmake_clean_first' from command line to 'False'
[0.271s] Level 5:colcon.colcon_core.verb:set package 'robo1_haje' build argument 'cmake_force_configure' from command line to 'False'
[0.271s] Level 5:colcon.colcon_core.verb:set package 'robo1_haje' build argument 'ament_cmake_args' from command line to 'None'
[0.271s] Level 5:colcon.colcon_core.verb:set package 'robo1_haje' build argument 'catkin_cmake_args' from command line to 'None'
[0.272s] Level 5:colcon.colcon_core.verb:set package 'robo1_haje' build argument 'catkin_skip_building_tests' from command line to 'False'
[0.272s] DEBUG:colcon.colcon_core.verb:Building package 'robo1_haje' with the following arguments: {'ament_cmake_args': None, 'build_base': '/home/eleanorlow/robo1/build/robo1_haje', 'catkin_cmake_args': None, 'catkin_skip_building_tests': False, 'cmake_args': None, 'cmake_clean_cache': False, 'cmake_clean_first': False, 'cmake_force_configure': False, 'cmake_target': None, 'cmake_target_skip_unavailable': False, 'install_base': '/home/eleanorlow/robo1/install/robo1_haje', 'merge_install': False, 'path': '/home/eleanorlow/robo1/src/Robo1_HAJE', 'symlink_install': False, 'test_result_base': None}
[0.272s] INFO:colcon.colcon_core.executor:Executing jobs using 'parallel' executor
[0.272s] DEBUG:colcon.colcon_parallel_executor.executor.parallel:run_until_complete
[0.273s] INFO:colcon.colcon_ros.task.ament_cmake.build:Building ROS package in '/home/eleanorlow/robo1/src/41068_ignition_bringup' with build type 'ament_cmake'
[0.273s] INFO:colcon.colcon_cmake.task.cmake.build:Building CMake package in '/home/eleanorlow/robo1/src/41068_ignition_bringup'
[0.274s] INFO:colcon.colcon_core.plugin_system:Skipping extension 'colcon_core.shell.bat': Not used on non-Windows systems
[0.274s] INFO:colcon.colcon_core.shell:Skip shell extension 'powershell' for command environment: Not usable outside of PowerShell
[0.274s] DEBUG:colcon.colcon_core.shell:Skip shell extension 'dsv' for command environment
[0.277s] INFO:colcon.colcon_ros.task.ament_cmake.build:Building ROS package in '/home/eleanorlow/robo1/src/drone_ignition_bringup' with build type 'ament_cmake'
[0.277s] INFO:colcon.colcon_cmake.task.cmake.build:Building CMake package in '/home/eleanorlow/robo1/src/drone_ignition_bringup'
[0.277s] INFO:colcon.colcon_core.shell:Skip shell extension 'powershell' for command environment: Not usable outside of PowerShell
[0.277s] DEBUG:colcon.colcon_core.shell:Skip shell extension 'dsv' for command environment
[0.280s] INFO:colcon.colcon_ros.task.ament_cmake.build:Building ROS package in '/home/eleanorlow/robo1/src/Robo1_HAJE' with build type 'ament_cmake'
[0.280s] INFO:colcon.colcon_cmake.task.cmake.build:Building CMake package in '/home/eleanorlow/robo1/src/Robo1_HAJE'
[0.280s] INFO:colcon.colcon_core.shell:Skip shell extension 'powershell' for command environment: Not usable outside of PowerShell
[0.280s] DEBUG:colcon.colcon_core.shell:Skip shell extension 'dsv' for command environment
[0.286s] DEBUG:colcon.colcon_core.event_handler.log_command:Invoking command in '/home/eleanorlow/robo1/build/41068_ignition_bringup': CMAKE_PREFIX_PATH=${CMAKE_PREFIX_PATH}:/opt/ros/humble /usr/bin/cmake --build /home/eleanorlow/robo1/build/41068_ignition_bringup -- -j8 -l8
[0.288s] DEBUG:colcon.colcon_core.event_handler.log_command:Invoking command in '/home/eleanorlow/robo1/build/drone_ignition_bringup': CMAKE_PREFIX_PATH=${CMAKE_PREFIX_PATH}:/opt/ros/humble /usr/bin/cmake --build /home/eleanorlow/robo1/build/drone_ignition_bringup -- -j8 -l8
[0.291s] DEBUG:colcon.colcon_core.event_handler.log_command:Invoking command in '/home/eleanorlow/robo1/build/robo1_haje': CMAKE_PREFIX_PATH=${CMAKE_PREFIX_PATH}:/opt/ros/humble /usr/bin/cmake --build /home/eleanorlow/robo1/build/robo1_haje -- -j8 -l8
[0.312s] DEBUG:colcon.colcon_core.event_handler.log_command:Invoked command in '/home/eleanorlow/robo1/build/41068_ignition_bringup' returned '0': CMAKE_PREFIX_PATH=${CMAKE_PREFIX_PATH}:/opt/ros/humble /usr/bin/cmake --build /home/eleanorlow/robo1/build/41068_ignition_bringup -- -j8 -l8
[0.319s] DEBUG:colcon.colcon_core.event_handler.log_command:Invoking command in '/home/eleanorlow/robo1/build/41068_ignition_bringup': CMAKE_PREFIX_PATH=${CMAKE_PREFIX_PATH}:/opt/ros/humble /usr/bin/cmake --install /home/eleanorlow/robo1/build/41068_ignition_bringup
[0.320s] DEBUG:colcon.colcon_core.event_handler.log_command:Invoked command in '/home/eleanorlow/robo1/build/drone_ignition_bringup' returned '0': CMAKE_PREFIX_PATH=${CMAKE_PREFIX_PATH}:/opt/ros/humble /usr/bin/cmake --build /home/eleanorlow/robo1/build/drone_ignition_bringup -- -j8 -l8
[0.322s] DEBUG:colcon.colcon_core.event_handler.log_command:Invoking command in '/home/eleanorlow/robo1/build/drone_ignition_bringup': CMAKE_PREFIX_PATH=${CMAKE_PREFIX_PATH}:/opt/ros/humble /usr/bin/cmake --install /home/eleanorlow/robo1/build/drone_ignition_bringup
[0.337s] DEBUG:colcon.colcon_core.event_handler.log_command:Invoked command in '/home/eleanorlow/robo1/build/robo1_haje' returned '0': CMAKE_PREFIX_PATH=${CMAKE_PREFIX_PATH}:/opt/ros/humble /usr/bin/cmake --build /home/eleanorlow/robo1/build/robo1_haje -- -j8 -l8
[0.339s] DEBUG:colcon.colcon_core.event_handler.log_command:Invoking command in '/home/eleanorlow/robo1/build/robo1_haje': CMAKE_PREFIX_PATH=${CMAKE_PREFIX_PATH}:/opt/ros/humble /usr/bin/cmake --install /home/eleanorlow/robo1/build/robo1_haje
[0.512s] Level 1:colcon.colcon_core.environment:create_environment_scripts_only(robo1_haje)
[0.514s] DEBUG:colcon.colcon_core.event_handler.log_command:Invoked command in '/home/eleanorlow/robo1/build/robo1_haje' returned '0': CMAKE_PREFIX_PATH=${CMAKE_PREFIX_PATH}:/opt/ros/humble /usr/bin/cmake --install /home/eleanorlow/robo1/build/robo1_haje
[0.517s] Level 1:colcon.colcon_core.environment:checking '/home/eleanorlow/robo1/install/robo1_haje' for CMake module files
[0.518s] Level 1:colcon.colcon_core.environment:checking '/home/eleanorlow/robo1/install/robo1_haje' for CMake config files
[0.519s] Level 1:colcon.colcon_core.shell:create_environment_hook('robo1_haje', 'cmake_prefix_path')
[0.519s] INFO:colcon.colcon_core.shell:Creating environment hook '/home/eleanorlow/robo1/install/robo1_haje/share/robo1_haje/hook/cmake_prefix_path.ps1'
[0.520s] INFO:colcon.colcon_core.shell:Creating environment descriptor '/home/eleanorlow/robo1/install/robo1_haje/share/robo1_haje/hook/cmake_prefix_path.dsv'
[0.521s] INFO:colcon.colcon_core.shell:Creating environment hook '/home/eleanorlow/robo1/install/robo1_haje/share/robo1_haje/hook/cmake_prefix_path.sh'
[0.523s] Level 1:colcon.colcon_core.environment:checking '/home/eleanorlow/robo1/install/robo1_haje/lib'
[0.523s] Level 1:colcon.colcon_core.environment:checking '/home/eleanorlow/robo1/install/robo1_haje/bin'
[0.524s] Level 1:colcon.colcon_core.environment:checking '/home/eleanorlow/robo1/install/robo1_haje/lib/pkgconfig/robo1_haje.pc'
[0.524s] Level 1:colcon.colcon_core.environment:checking '/home/eleanorlow/robo1/install/robo1_haje/lib/python3.10/site-packages'
[0.525s] Level 1:colcon.colcon_core.environment:checking '/home/eleanorlow/robo1/install/robo1_haje/bin'
[0.525s] INFO:colcon.colcon_core.shell:Creating package script '/home/eleanorlow/robo1/install/robo1_haje/share/robo1_haje/package.ps1'
[0.526s] INFO:colcon.colcon_core.shell:Creating package descriptor '/home/eleanorlow/robo1/install/robo1_haje/share/robo1_haje/package.dsv'
[0.538s] INFO:colcon.colcon_core.shell:Creating package script '/home/eleanorlow/robo1/install/robo1_haje/share/robo1_haje/package.sh'
[0.540s] INFO:colcon.colcon_core.shell:Creating package script '/home/eleanorlow/robo1/install/robo1_haje/share/robo1_haje/package.bash'
[0.542s] INFO:colcon.colcon_core.shell:Creating package script '/home/eleanorlow/robo1/install/robo1_haje/share/robo1_haje/package.zsh'
[0.543s] Level 1:colcon.colcon_core.environment:create_file_with_runtime_dependencies(/home/eleanorlow/robo1/install/robo1_haje/share/colcon-core/packages/robo1_haje)
[0.544s] Level 1:colcon.colcon_core.environment:create_environment_scripts_only(robo1_haje)
[0.545s] Level 1:colcon.colcon_core.environment:checking '/home/eleanorlow/robo1/install/robo1_haje' for CMake module files
[0.545s] Level 1:colcon.colcon_core.environment:checking '/home/eleanorlow/robo1/install/robo1_haje' for CMake config files
[0.546s] Level 1:colcon.colcon_core.shell:create_environment_hook('robo1_haje', 'cmake_prefix_path')
[0.546s] INFO:colcon.colcon_core.shell:Creating environment hook '/home/eleanorlow/robo1/install/robo1_haje/share/robo1_haje/hook/cmake_prefix_path.ps1'
[0.562s] INFO:colcon.colcon_core.shell:Creating environment descriptor '/home/eleanorlow/robo1/install/robo1_haje/share/robo1_haje/hook/cmake_prefix_path.dsv'
[0.574s] INFO:colcon.colcon_core.shell:Creating environment hook '/home/eleanorlow/robo1/install/robo1_haje/share/robo1_haje/hook/cmake_prefix_path.sh'
[0.577s] Level 1:colcon.colcon_core.environment:checking '/home/eleanorlow/robo1/install/robo1_haje/lib'
[0.577s] Level 1:colcon.colcon_core.environment:checking '/home/eleanorlow/robo1/install/robo1_haje/bin'
[0.577s] Level 1:colcon.colcon_core.environment:checking '/home/eleanorlow/robo1/install/robo1_haje/lib/pkgconfig/robo1_haje.pc'
[0.578s] Level 1:colcon.colcon_core.environment:checking '/home/eleanorlow/robo1/install/robo1_haje/lib/python3.10/site-packages'
[0.578s] Level 1:colcon.colcon_core.environment:checking '/home/eleanorlow/robo1/install/robo1_haje/bin'
[0.578s] INFO:colcon.colcon_core.shell:Creating package script '/home/eleanorlow/robo1/install/robo1_haje/share/robo1_haje/package.ps1'
[0.585s] INFO:colcon.colcon_core.shell:Creating package descriptor '/home/eleanorlow/robo1/install/robo1_haje/share/robo1_haje/package.dsv'
[0.597s] INFO:colcon.colcon_core.shell:Creating package script '/home/eleanorlow/robo1/install/robo1_haje/share/robo1_haje/package.sh'
[0.600s] INFO:colcon.colcon_core.shell:Creating package script '/home/eleanorlow/robo1/install/robo1_haje/share/robo1_haje/package.bash'
[0.601s] INFO:colcon.colcon_core.shell:Creating package script '/home/eleanorlow/robo1/install/robo1_haje/share/robo1_haje/package.zsh'
[0.614s] Level 1:colcon.colcon_core.environment:create_file_with_runtime_dependencies(/home/eleanorlow/robo1/install/robo1_haje/share/colcon-core/packages/robo1_haje)
[1.298s] Level 1:colcon.colcon_core.environment:create_environment_scripts_only(41068_ignition_bringup)
[1.299s] Level 1:colcon.colcon_core.environment:checking '/home/eleanorlow/robo1/install/41068_ignition_bringup' for CMake module files
[1.299s] DEBUG:colcon.colcon_core.event_handler.log_command:Invoked command in '/home/eleanorlow/robo1/build/41068_ignition_bringup' returned '0': CMAKE_PREFIX_PATH=${CMAKE_PREFIX_PATH}:/opt/ros/humble /usr/bin/cmake --install /home/eleanorlow/robo1/build/41068_ignition_bringup
[1.299s] Level 1:colcon.colcon_core.environment:checking '/home/eleanorlow/robo1/install/41068_ignition_bringup' for CMake config files
[1.300s] Level 1:colcon.colcon_core.shell:create_environment_hook('41068_ignition_bringup', 'cmake_prefix_path')
[1.300s] INFO:colcon.colcon_core.shell:Creating environment hook '/home/eleanorlow/robo1/install/41068_ignition_bringup/share/41068_ignition_bringup/hook/cmake_prefix_path.ps1'
[1.300s] INFO:colcon.colcon_core.shell:Creating environment descriptor '/home/eleanorlow/robo1/install/41068_ignition_bringup/share/41068_ignition_bringup/hook/cmake_prefix_path.dsv'
[1.301s] INFO:colcon.colcon_core.shell:Creating environment hook '/home/eleanorlow/robo1/install/41068_ignition_bringup/share/41068_ignition_bringup/hook/cmake_prefix_path.sh'
[1.301s] Level 1:colcon.colcon_core.environment:checking '/home/eleanorlow/robo1/install/41068_ignition_bringup/bin'
[1.301s] Level 1:colcon.colcon_core.environment:checking '/home/eleanorlow/robo1/install/41068_ignition_bringup/lib/pkgconfig/41068_ignition_bringup.pc'
[1.301s] Level 1:colcon.colcon_core.environment:checking '/home/eleanorlow/robo1/install/41068_ignition_bringup/lib/python3.10/site-packages'
[1.301s] Level 1:colcon.colcon_core.environment:checking '/home/eleanorlow/robo1/install/41068_ignition_bringup/bin'
[1.302s] INFO:colcon.colcon_core.shell:Creating package script '/home/eleanorlow/robo1/install/41068_ignition_bringup/share/41068_ignition_bringup/package.ps1'
[1.302s] INFO:colcon.colcon_core.shell:Creating package descriptor '/home/eleanorlow/robo1/install/41068_ignition_bringup/share/41068_ignition_bringup/package.dsv'
[1.303s] INFO:colcon.colcon_core.shell:Creating package script '/home/eleanorlow/robo1/install/41068_ignition_bringup/share/41068_ignition_bringup/package.sh'
[1.303s] INFO:colcon.colcon_core.shell:Creating package script '/home/eleanorlow/robo1/install/41068_ignition_bringup/share/41068_ignition_bringup/package.bash'
[1.303s] INFO:colcon.colcon_core.shell:Creating package script '/home/eleanorlow/robo1/install/41068_ignition_bringup/share/41068_ignition_bringup/package.zsh'
[1.303s] Level 1:colcon.colcon_core.environment:create_file_with_runtime_dependencies(/home/eleanorlow/robo1/install/41068_ignition_bringup/share/colcon-core/packages/41068_ignition_bringup)
[1.304s] Level 1:colcon.colcon_core.environment:create_environment_scripts_only(41068_ignition_bringup)
[1.304s] Level 1:colcon.colcon_core.environment:checking '/home/eleanorlow/robo1/install/41068_ignition_bringup' for CMake module files
[1.304s] Level 1:colcon.colcon_core.environment:checking '/home/eleanorlow/robo1/install/41068_ignition_bringup' for CMake config files
[1.304s] Level 1:colcon.colcon_core.shell:create_environment_hook('41068_ignition_bringup', 'cmake_prefix_path')
[1.304s] INFO:colcon.colcon_core.shell:Creating environment hook '/home/eleanorlow/robo1/install/41068_ignition_bringup/share/41068_ignition_bringup/hook/cmake_prefix_path.ps1'
[1.305s] INFO:colcon.colcon_core.shell:Creating environment descriptor '/home/eleanorlow/robo1/install/41068_ignition_bringup/share/41068_ignition_bringup/hook/cmake_prefix_path.dsv'
[1.305s] INFO:colcon.colcon_core.shell:Creating environment hook '/home/eleanorlow/robo1/install/41068_ignition_bringup/share/41068_ignition_bringup/hook/cmake_prefix_path.sh'
[1.306s] Level 1:colcon.colcon_core.environment:checking '/home/eleanorlow/robo1/install/41068_ignition_bringup/bin'
[1.306s] Level 1:colcon.colcon_core.environment:checking '/home/eleanorlow/robo1/install/41068_ignition_bringup/lib/pkgconfig/41068_ignition_bringup.pc'
[1.306s] Level 1:colcon.colcon_core.environment:checking '/home/eleanorlow/robo1/install/41068_ignition_bringup/lib/python3.10/site-packages'
[1.306s] Level 1:colcon.colcon_core.environment:checking '/home/eleanorlow/robo1/install/41068_ignition_bringup/bin'
[1.306s] INFO:colcon.colcon_core.shell:Creating package script '/home/eleanorlow/robo1/install/41068_ignition_bringup/share/41068_ignition_bringup/package.ps1'
[1.307s] INFO:colcon.colcon_core.shell:Creating package descriptor '/home/eleanorlow/robo1/install/41068_ignition_bringup/share/41068_ignition_bringup/package.dsv'
[1.307s] INFO:colcon.colcon_core.shell:Creating package script '/home/eleanorlow/robo1/install/41068_ignition_bringup/share/41068_ignition_bringup/package.sh'
[1.307s] INFO:colcon.colcon_core.shell:Creating package script '/home/eleanorlow/robo1/install/41068_ignition_bringup/share/41068_ignition_bringup/package.bash'
[1.308s] INFO:colcon.colcon_core.shell:Creating package script '/home/eleanorlow/robo1/install/41068_ignition_bringup/share/41068_ignition_bringup/package.zsh'
[1.308s] Level 1:colcon.colcon_core.environment:create_file_with_runtime_dependencies(/home/eleanorlow/robo1/install/41068_ignition_bringup/share/colcon-core/packages/41068_ignition_bringup)
[1.891s] Level 1:colcon.colcon_core.environment:create_environment_scripts_only(drone_ignition_bringup)
[1.892s] Level 1:colcon.colcon_core.environment:checking '/home/eleanorlow/robo1/install/drone_ignition_bringup' for CMake module files
[1.892s] DEBUG:colcon.colcon_core.event_handler.log_command:Invoked command in '/home/eleanorlow/robo1/build/drone_ignition_bringup' returned '0': CMAKE_PREFIX_PATH=${CMAKE_PREFIX_PATH}:/opt/ros/humble /usr/bin/cmake --install /home/eleanorlow/robo1/build/drone_ignition_bringup
[1.893s] Level 1:colcon.colcon_core.environment:checking '/home/eleanorlow/robo1/install/drone_ignition_bringup' for CMake config files
[1.893s] Level 1:colcon.colcon_core.shell:create_environment_hook('drone_ignition_bringup', 'cmake_prefix_path')
[1.894s] INFO:colcon.colcon_core.shell:Creating environment hook '/home/eleanorlow/robo1/install/drone_ignition_bringup/share/drone_ignition_bringup/hook/cmake_prefix_path.ps1'
[1.894s] INFO:colcon.colcon_core.shell:Creating environment descriptor '/home/eleanorlow/robo1/install/drone_ignition_bringup/share/drone_ignition_bringup/hook/cmake_prefix_path.dsv'
[1.895s] INFO:colcon.colcon_core.shell:Creating environment hook '/home/eleanorlow/robo1/install/drone_ignition_bringup/share/drone_ignition_bringup/hook/cmake_prefix_path.sh'
[1.896s] Level 1:colcon.colcon_core.environment:checking '/home/eleanorlow/robo1/install/drone_ignition_bringup/bin'
[1.896s] Level 1:colcon.colcon_core.environment:checking '/home/eleanorlow/robo1/install/drone_ignition_bringup/lib/pkgconfig/drone_ignition_bringup.pc'
[1.896s] Level 1:colcon.colcon_core.environment:checking '/home/eleanorlow/robo1/install/drone_ignition_bringup/lib/python3.10/site-packages'
[1.896s] Level 1:colcon.colcon_core.environment:checking '/home/eleanorlow/robo1/install/drone_ignition_bringup/bin'
[1.897s] INFO:colcon.colcon_core.shell:Creating package script '/home/eleanorlow/robo1/install/drone_ignition_bringup/share/drone_ignition_bringup/package.ps1'
[1.898s] INFO:colcon.colcon_core.shell:Creating package descriptor '/home/eleanorlow/robo1/install/drone_ignition_bringup/share/drone_ignition_bringup/package.dsv'
[1.898s] INFO:colcon.colcon_core.shell:Creating package script '/home/eleanorlow/robo1/install/drone_ignition_bringup/share/drone_ignition_bringup/package.sh'
[1.899s] INFO:colcon.colcon_core.shell:Creating package script '/home/eleanorlow/robo1/install/drone_ignition_bringup/share/drone_ignition_bringup/package.bash'
[1.899s] INFO:colcon.colcon_core.shell:Creating package script '/home/eleanorlow/robo1/install/drone_ignition_bringup/share/drone_ignition_bringup/package.zsh'
[1.900s] Level 1:colcon.colcon_core.environment:create_file_with_runtime_dependencies(/home/eleanorlow/robo1/install/drone_ignition_bringup/share/colcon-core/packages/drone_ignition_bringup)
[1.901s] Level 1:colcon.colcon_core.environment:create_environment_scripts_only(drone_ignition_bringup)
[1.901s] Level 1:colcon.colcon_core.environment:checking '/home/eleanorlow/robo1/install/drone_ignition_bringup' for CMake module files
[1.902s] Level 1:colcon.colcon_core.environment:checking '/home/eleanorlow/robo1/install/drone_ignition_bringup' for CMake config files
[1.902s] Level 1:colcon.colcon_core.shell:create_environment_hook('drone_ignition_bringup', 'cmake_prefix_path')
[1.902s] INFO:colcon.colcon_core.shell:Creating environment hook '/home/eleanorlow/robo1/install/drone_ignition_bringup/share/drone_ignition_bringup/hook/cmake_prefix_path.ps1'
[1.903s] INFO:colcon.colcon_core.shell:Creating environment descriptor '/home/eleanorlow/robo1/install/drone_ignition_bringup/share/drone_ignition_bringup/hook/cmake_prefix_path.dsv'
[1.903s] INFO:colcon.colcon_core.shell:Creating environment hook '/home/eleanorlow/robo1/install/drone_ignition_bringup/share/drone_ignition_bringup/hook/cmake_prefix_path.sh'
[1.904s] Level 1:colcon.colcon_core.environment:checking '/home/eleanorlow/robo1/install/drone_ignition_bringup/bin'
[1.904s] Level 1:colcon.colcon_core.environment:checking '/home/eleanorlow/robo1/install/drone_ignition_bringup/lib/pkgconfig/drone_ignition_bringup.pc'
[1.904s] Level 1:colcon.colcon_core.environment:checking '/home/eleanorlow/robo1/install/drone_ignition_bringup/lib/python3.10/site-packages'
[1.904s] Level 1:colcon.colcon_core.environment:checking '/home/eleanorlow/robo1/install/drone_ignition_bringup/bin'
[1.905s] INFO:colcon.colcon_core.shell:Creating package script '/home/eleanorlow/robo1/install/drone_ignition_bringup/share/drone_ignition_bringup/package.ps1'
[1.905s] INFO:colcon.colcon_core.shell:Creating package descriptor '/home/eleanorlow/robo1/install/drone_ignition_bringup/share/drone_ignition_bringup/package.dsv'
[1.905s] INFO:colcon.colcon_core.shell:Creating package script '/home/eleanorlow/robo1/install/drone_ignition_bringup/share/drone_ignition_bringup/package.sh'
[1.906s] INFO:colcon.colcon_core.shell:Creating package script '/home/eleanorlow/robo1/install/drone_ignition_bringup/share/drone_ignition_bringup/package.bash'
[1.906s] INFO:colcon.colcon_core.shell:Creating package script '/home/eleanorlow/robo1/install/drone_ignition_bringup/share/drone_ignition_bringup/package.zsh'
[1.906s] Level 1:colcon.colcon_core.environment:create_file_with_runtime_dependencies(/home/eleanorlow/robo1/install/drone_ignition_bringup/share/colcon-core/packages/drone_ignition_bringup)
[1.907s] DEBUG:colcon.colcon_parallel_executor.executor.parallel:closing loop
[1.907s] DEBUG:colcon.colcon_parallel_executor.executor.parallel:loop closed
[1.907s] DEBUG:colcon.colcon_parallel_executor.executor.parallel:run_until_complete finished with '0'
[1.907s] DEBUG:colcon.colcon_core.event_reactor:joining thread
[1.911s] INFO:colcon.colcon_core.plugin_system:Skipping extension 'colcon_notification.desktop_notification.terminal_notifier': Not used on non-Darwin systems
[1.911s] INFO:colcon.colcon_core.plugin_system:Skipping extension 'colcon_notification.desktop_notification.win32': Not used on non-Windows systems
[1.911s] INFO:colcon.colcon_notification.desktop_notification:Sending desktop notification using 'notify2'
[1.953s] DEBUG:colcon.colcon_core.event_reactor:joined thread
[1.954s] INFO:colcon.colcon_core.shell:Creating prefix script '/home/eleanorlow/robo1/install/local_setup.ps1'
[1.956s] INFO:colcon.colcon_core.shell:Creating prefix util module '/home/eleanorlow/robo1/install/_local_setup_util_ps1.py'
[1.959s] INFO:colcon.colcon_core.shell:Creating prefix chain script '/home/eleanorlow/robo1/install/setup.ps1'
[1.961s] INFO:colcon.colcon_core.shell:Creating prefix script '/home/eleanorlow/robo1/install/local_setup.sh'
[1.962s] INFO:colcon.colcon_core.shell:Creating prefix util module '/home/eleanorlow/robo1/install/_local_setup_util_sh.py'
[1.963s] INFO:colcon.colcon_core.shell:Creating prefix chain script '/home/eleanorlow/robo1/install/setup.sh'
[1.965s] INFO:colcon.colcon_core.shell:Creating prefix script '/home/eleanorlow/robo1/install/local_setup.bash'
[1.966s] INFO:colcon.colcon_core.shell:Creating prefix chain script '/home/eleanorlow/robo1/install/setup.bash'
[1.968s] INFO:colcon.colcon_core.shell:Creating prefix script '/home/eleanorlow/robo1/install/local_setup.zsh'
[1.969s] INFO:colcon.colcon_core.shell:Creating prefix chain script '/home/eleanorlow/robo1/install/setup.zsh'
