[0.011s] Invoking command in '/home/eleanorlow/robo1/build/drone_ignition_bringup': CMAKE_PREFIX_PATH=${CMAKE_PREFIX_PATH}:/opt/ros/humble /usr/bin/cmake --build /home/eleanorlow/robo1/build/drone_ignition_bringup -- -j8 -l8
[0.043s] Invoked command in '/home/eleanorlow/robo1/build/drone_ignition_bringup' returned '0': CMAKE_PREFIX_PATH=${CMAKE_PREFIX_PATH}:/opt/ros/humble /usr/bin/cmake --build /home/eleanorlow/robo1/build/drone_ignition_bringup -- -j8 -l8
[0.044s] Invoking command in '/home/eleanorlow/robo1/build/drone_ignition_bringup': CMAKE_PREFIX_PATH=${CMAKE_PREFIX_PATH}:/opt/ros/humble /usr/bin/cmake --install /home/eleanorlow/robo1/build/drone_ignition_bringup
[0.049s] -- Install configuration: ""
[0.049s] -- Installing: /home/eleanorlow/robo1/install/drone_ignition_bringup/share/drone_ignition_bringup/config
[0.049s] -- Installing: /home/eleanorlow/robo1/install/drone_ignition_bringup/share/drone_ignition_bringup/config/slam_params.yaml
[0.067s] -- Installing: /home/eleanorlow/robo1/install/drone_ignition_bringup/share/drone_ignition_bringup/config/drone.rviz
[0.075s] -- Installing: /home/eleanorlow/robo1/install/drone_ignition_bringup/share/drone_ignition_bringup/config/gazebo_bridge.yaml
[0.075s] -- Installing: /home/eleanorlow/robo1/install/drone_ignition_bringup/share/drone_ignition_bringup/config/nav2_params.yaml
[0.077s] -- Installing: /home/eleanorlow/robo1/install/drone_ignition_bringup/share/drone_ignition_bringup/config/robot_localization.yaml
[0.078s] -- Installing: /home/eleanorlow/robo1/install/drone_ignition_bringup/share/drone_ignition_bringup/launch
[0.079s] -- Installing: /home/eleanorlow/robo1/install/drone_ignition_bringup/share/drone_ignition_bringup/launch/drone_ignition.launch.py
[0.079s] -- Installing: /home/eleanorlow/robo1/install/drone_ignition_bringup/share/drone_ignition_bringup/launch/drone_navigation.launch.py
[0.079s] -- Installing: /home/eleanorlow/robo1/install/drone_ignition_bringup/share/drone_ignition_bringup/models
[0.079s] -- Installing: /home/eleanorlow/robo1/install/drone_ignition_bringup/share/drone_ignition_bringup/models/forest_wall
[0.079s] -- Installing: /home/eleanorlow/robo1/install/drone_ignition_bringup/share/drone_ignition_bringup/models/forest_wall/model.sdf
[0.105s] -- Installing: /home/eleanorlow/robo1/install/drone_ignition_bringup/share/drone_ignition_bringup/models/forest_wall/materials
[0.106s] -- Installing: /home/eleanorlow/robo1/install/drone_ignition_bringup/share/drone_ignition_bringup/models/forest_wall/materials/textures
[0.106s] -- Installing: /home/eleanorlow/robo1/install/drone_ignition_bringup/share/drone_ignition_bringup/models/forest_wall/materials/textures/forest_wall.png
[0.204s] -- Installing: /home/eleanorlow/robo1/install/drone_ignition_bringup/share/drone_ignition_bringup/models/forest_wall/materials/textures/forest_wall_transparent.png
[0.286s] -- Installing: /home/eleanorlow/robo1/install/drone_ignition_bringup/share/drone_ignition_bringup/models/forest_wall/materials/textures/forest_wall_transparent_small.png
[0.299s] -- Installing: /home/eleanorlow/robo1/install/drone_ignition_bringup/share/drone_ignition_bringup/models/forest_wall/model.config
[0.301s] -- Installing: /home/eleanorlow/robo1/install/drone_ignition_bringup/share/drone_ignition_bringup/models/grass_plane
[0.301s] -- Installing: /home/eleanorlow/robo1/install/drone_ignition_bringup/share/drone_ignition_bringup/models/grass_plane/model.sdf
[0.309s] -- Installing: /home/eleanorlow/robo1/install/drone_ignition_bringup/share/drone_ignition_bringup/models/grass_plane/materials
[0.309s] -- Installing: /home/eleanorlow/robo1/install/drone_ignition_bringup/share/drone_ignition_bringup/models/grass_plane/materials/textures
[0.309s] -- Installing: /home/eleanorlow/robo1/install/drone_ignition_bringup/share/drone_ignition_bringup/models/grass_plane/materials/textures/empty_grass.png
[0.377s] -- Installing: /home/eleanorlow/robo1/install/drone_ignition_bringup/share/drone_ignition_bringup/models/grass_plane/model.config
[0.378s] -- Installing: /home/eleanorlow/robo1/install/drone_ignition_bringup/share/drone_ignition_bringup/models/forest_plane
[0.378s] -- Installing: /home/eleanorlow/robo1/install/drone_ignition_bringup/share/drone_ignition_bringup/models/forest_plane/model.sdf
[0.396s] -- Installing: /home/eleanorlow/robo1/install/drone_ignition_bringup/share/drone_ignition_bringup/models/forest_plane/materials
[0.396s] -- Installing: /home/eleanorlow/robo1/install/drone_ignition_bringup/share/drone_ignition_bringup/models/forest_plane/materials/textures
[0.396s] -- Installing: /home/eleanorlow/robo1/install/drone_ignition_bringup/share/drone_ignition_bringup/models/forest_plane/materials/textures/forest_overhead.png
[0.480s] -- Installing: /home/eleanorlow/robo1/install/drone_ignition_bringup/share/drone_ignition_bringup/models/forest_plane/materials/textures/leaf_litter.png
[0.568s] -- Installing: /home/eleanorlow/robo1/install/drone_ignition_bringup/share/drone_ignition_bringup/models/forest_plane/materials/textures/empty_grass.png
[0.662s] -- Installing: /home/eleanorlow/robo1/install/drone_ignition_bringup/share/drone_ignition_bringup/models/forest_plane/model.config
[0.691s] -- Installing: /home/eleanorlow/robo1/install/drone_ignition_bringup/share/drone_ignition_bringup/urdf
[0.691s] -- Installing: /home/eleanorlow/robo1/install/drone_ignition_bringup/share/drone_ignition_bringup/urdf/meshes
[0.691s] -- Installing: /home/eleanorlow/robo1/install/drone_ignition_bringup/share/drone_ignition_bringup/urdf/meshes/propeller_ccw.dae
[0.730s] -- Installing: /home/eleanorlow/robo1/install/drone_ignition_bringup/share/drone_ignition_bringup/urdf/meshes/vi_camera.jpg
[0.746s] -- Installing: /home/eleanorlow/robo1/install/drone_ignition_bringup/share/drone_ignition_bringup/urdf/meshes/vi_sensor.jpg
[0.760s] -- Installing: /home/eleanorlow/robo1/install/drone_ignition_bringup/share/drone_ignition_bringup/urdf/meshes/x4.dae
[0.799s] -- Installing: /home/eleanorlow/robo1/install/drone_ignition_bringup/share/drone_ignition_bringup/urdf/meshes/vi_camera.dae
[0.816s] -- Installing: /home/eleanorlow/robo1/install/drone_ignition_bringup/share/drone_ignition_bringup/urdf/meshes/propeller_cw.dae
[0.843s] -- Installing: /home/eleanorlow/robo1/install/drone_ignition_bringup/share/drone_ignition_bringup/urdf/meshes/led_lamp.dae
[0.860s] -- Installing: /home/eleanorlow/robo1/install/drone_ignition_bringup/share/drone_ignition_bringup/urdf/meshes/neo11_propeller_cw.dae
[0.925s] -- Installing: /home/eleanorlow/robo1/install/drone_ignition_bringup/share/drone_ignition_bringup/urdf/meshes/led.dae
[0.939s] -- Installing: /home/eleanorlow/robo1/install/drone_ignition_bringup/share/drone_ignition_bringup/urdf/meshes/pelican.dae
[0.968s] -- Installing: /home/eleanorlow/robo1/install/drone_ignition_bringup/share/drone_ignition_bringup/urdf/meshes/x4.jpg
[0.997s] -- Installing: /home/eleanorlow/robo1/install/drone_ignition_bringup/share/drone_ignition_bringup/urdf/meshes/spotlight.dae
[1.004s] -- Installing: /home/eleanorlow/robo1/install/drone_ignition_bringup/share/drone_ignition_bringup/urdf/meshes/vi_sensor.dae
[1.176s] -- Installing: /home/eleanorlow/robo1/install/drone_ignition_bringup/share/drone_ignition_bringup/urdf/meshes/neo11_propeller_ccw.dae
[1.201s] -- Installing: /home/eleanorlow/robo1/install/drone_ignition_bringup/share/drone_ignition_bringup/urdf/proparm.urdf.xacro
[1.219s] -- Installing: /home/eleanorlow/robo1/install/drone_ignition_bringup/share/drone_ignition_bringup/urdf/X4 UAV Config 6
[1.219s] -- Installing: /home/eleanorlow/robo1/install/drone_ignition_bringup/share/drone_ignition_bringup/urdf/X4 UAV Config 6/model.sdf
[1.245s] -- Installing: /home/eleanorlow/robo1/install/drone_ignition_bringup/share/drone_ignition_bringup/urdf/X4 UAV Config 6/meshes
[1.245s] -- Installing: /home/eleanorlow/robo1/install/drone_ignition_bringup/share/drone_ignition_bringup/urdf/X4 UAV Config 6/meshes/propeller_ccw.dae
[1.264s] -- Installing: /home/eleanorlow/robo1/install/drone_ignition_bringup/share/drone_ignition_bringup/urdf/X4 UAV Config 6/meshes/vi_camera.jpg
[1.274s] -- Installing: /home/eleanorlow/robo1/install/drone_ignition_bringup/share/drone_ignition_bringup/urdf/X4 UAV Config 6/meshes/vi_sensor.jpg
[1.280s] -- Installing: /home/eleanorlow/robo1/install/drone_ignition_bringup/share/drone_ignition_bringup/urdf/X4 UAV Config 6/meshes/x4.dae
[1.294s] -- Installing: /home/eleanorlow/robo1/install/drone_ignition_bringup/share/drone_ignition_bringup/urdf/X4 UAV Config 6/meshes/vi_camera.dae
[1.295s] -- Installing: /home/eleanorlow/robo1/install/drone_ignition_bringup/share/drone_ignition_bringup/urdf/X4 UAV Config 6/meshes/propeller_cw.dae
[1.295s] -- Installing: /home/eleanorlow/robo1/install/drone_ignition_bringup/share/drone_ignition_bringup/urdf/X4 UAV Config 6/meshes/led_lamp.dae
[1.296s] -- Installing: /home/eleanorlow/robo1/install/drone_ignition_bringup/share/drone_ignition_bringup/urdf/X4 UAV Config 6/meshes/neo11_propeller_cw.dae
[1.311s] -- Installing: /home/eleanorlow/robo1/install/drone_ignition_bringup/share/drone_ignition_bringup/urdf/X4 UAV Config 6/meshes/led.dae
[1.311s] -- Installing: /home/eleanorlow/robo1/install/drone_ignition_bringup/share/drone_ignition_bringup/urdf/X4 UAV Config 6/meshes/pelican.dae
[1.319s] -- Installing: /home/eleanorlow/robo1/install/drone_ignition_bringup/share/drone_ignition_bringup/urdf/X4 UAV Config 6/meshes/x4.jpg
[1.329s] -- Installing: /home/eleanorlow/robo1/install/drone_ignition_bringup/share/drone_ignition_bringup/urdf/X4 UAV Config 6/meshes/spotlight.dae
[1.333s] -- Installing: /home/eleanorlow/robo1/install/drone_ignition_bringup/share/drone_ignition_bringup/urdf/X4 UAV Config 6/meshes/vi_sensor.dae
[1.497s] -- Installing: /home/eleanorlow/robo1/install/drone_ignition_bringup/share/drone_ignition_bringup/urdf/X4 UAV Config 6/meshes/neo11_propeller_ccw.dae
[1.516s] -- Installing: /home/eleanorlow/robo1/install/drone_ignition_bringup/share/drone_ignition_bringup/urdf/X4 UAV Config 6/worlds
[1.516s] -- Installing: /home/eleanorlow/robo1/install/drone_ignition_bringup/share/drone_ignition_bringup/urdf/X4 UAV Config 6/worlds/example.sdf
[1.529s] -- Installing: /home/eleanorlow/robo1/install/drone_ignition_bringup/share/drone_ignition_bringup/urdf/X4 UAV Config 6/materials
[1.529s] -- Installing: /home/eleanorlow/robo1/install/drone_ignition_bringup/share/drone_ignition_bringup/urdf/X4 UAV Config 6/materials/textures
[1.529s] -- Installing: /home/eleanorlow/robo1/install/drone_ignition_bringup/share/drone_ignition_bringup/urdf/X4 UAV Config 6/materials/textures/led.jpg
[1.531s] -- Installing: /home/eleanorlow/robo1/install/drone_ignition_bringup/share/drone_ignition_bringup/urdf/X4 UAV Config 6/materials/textures/spotlight.jpg
[1.537s] -- Installing: /home/eleanorlow/robo1/install/drone_ignition_bringup/share/drone_ignition_bringup/urdf/X4 UAV Config 6/thumbnails
[1.537s] -- Installing: /home/eleanorlow/robo1/install/drone_ignition_bringup/share/drone_ignition_bringup/urdf/X4 UAV Config 6/thumbnails/3.jpg
[1.550s] -- Installing: /home/eleanorlow/robo1/install/drone_ignition_bringup/share/drone_ignition_bringup/urdf/X4 UAV Config 6/thumbnails/4.jpg
[1.551s] -- Installing: /home/eleanorlow/robo1/install/drone_ignition_bringup/share/drone_ignition_bringup/urdf/X4 UAV Config 6/thumbnails/5.jpg
[1.552s] -- Installing: /home/eleanorlow/robo1/install/drone_ignition_bringup/share/drone_ignition_bringup/urdf/X4 UAV Config 6/thumbnails/2.jpg
[1.553s] -- Installing: /home/eleanorlow/robo1/install/drone_ignition_bringup/share/drone_ignition_bringup/urdf/X4 UAV Config 6/thumbnails/1.jpg
[1.561s] -- Installing: /home/eleanorlow/robo1/install/drone_ignition_bringup/share/drone_ignition_bringup/urdf/X4 UAV Config 6/model.config
[1.561s] -- Installing: /home/eleanorlow/robo1/install/drone_ignition_bringup/share/drone_ignition_bringup/urdf/drone.urdf.xacro
[1.574s] -- Installing: /home/eleanorlow/robo1/install/drone_ignition_bringup/share/drone_ignition_bringup/urdf/drone.gazebo.xacro
[1.586s] -- Installing: /home/eleanorlow/robo1/install/drone_ignition_bringup/share/drone_ignition_bringup/urdf/common_properties.urdf.xacro
[1.586s] -- Installing: /home/eleanorlow/robo1/install/drone_ignition_bringup/share/drone_ignition_bringup/worlds
[1.587s] -- Installing: /home/eleanorlow/robo1/install/drone_ignition_bringup/share/drone_ignition_bringup/worlds/large_demo.sdf
[1.587s] -- Installing: /home/eleanorlow/robo1/install/drone_ignition_bringup/share/drone_ignition_bringup/worlds/simple_trees.sdf
[1.588s] -- Installing: /home/eleanorlow/robo1/install/drone_ignition_bringup/share/ament_index/resource_index/package_run_dependencies/drone_ignition_bringup
[1.604s] -- Installing: /home/eleanorlow/robo1/install/drone_ignition_bringup/share/ament_index/resource_index/parent_prefix_path/drone_ignition_bringup
[1.605s] -- Installing: /home/eleanorlow/robo1/install/drone_ignition_bringup/share/drone_ignition_bringup/environment/ament_prefix_path.sh
[1.605s] -- Installing: /home/eleanorlow/robo1/install/drone_ignition_bringup/share/drone_ignition_bringup/environment/ament_prefix_path.dsv
[1.606s] -- Installing: /home/eleanorlow/robo1/install/drone_ignition_bringup/share/drone_ignition_bringup/environment/path.sh
[1.606s] -- Installing: /home/eleanorlow/robo1/install/drone_ignition_bringup/share/drone_ignition_bringup/environment/path.dsv
[1.607s] -- Installing: /home/eleanorlow/robo1/install/drone_ignition_bringup/share/drone_ignition_bringup/local_setup.bash
[1.608s] -- Installing: /home/eleanorlow/robo1/install/drone_ignition_bringup/share/drone_ignition_bringup/local_setup.sh
[1.608s] -- Installing: /home/eleanorlow/robo1/install/drone_ignition_bringup/share/drone_ignition_bringup/local_setup.zsh
[1.609s] -- Installing: /home/eleanorlow/robo1/install/drone_ignition_bringup/share/drone_ignition_bringup/local_setup.dsv
[1.609s] -- Installing: /home/eleanorlow/robo1/install/drone_ignition_bringup/share/drone_ignition_bringup/package.dsv
[1.610s] -- Installing: /home/eleanorlow/robo1/install/drone_ignition_bringup/share/ament_index/resource_index/packages/drone_ignition_bringup
[1.610s] -- Installing: /home/eleanorlow/robo1/install/drone_ignition_bringup/share/drone_ignition_bringup/cmake/drone_ignition_bringupConfig.cmake
[1.610s] -- Installing: /home/eleanorlow/robo1/install/drone_ignition_bringup/share/drone_ignition_bringup/cmake/drone_ignition_bringupConfig-version.cmake
[1.611s] -- Installing: /home/eleanorlow/robo1/install/drone_ignition_bringup/share/drone_ignition_bringup/package.xml
[1.615s] Invoked command in '/home/eleanorlow/robo1/build/drone_ignition_bringup' returned '0': CMAKE_PREFIX_PATH=${CMAKE_PREFIX_PATH}:/opt/ros/humble /usr/bin/cmake --install /home/eleanorlow/robo1/build/drone_ignition_bringup
