[0.192s] Invoking command in '/home/eleanorlow/robo1/build/robo1_haje': CMAKE_PREFIX_PATH=${CMAKE_PREFIX_PATH}:/opt/ros/humble /usr/bin/cmake --build /home/eleanorlow/robo1/build/robo1_haje -- -j8 -l8
[2.449s] [100%] Built target Movement
[2.461s] Invoked command in '/home/eleanorlow/robo1/build/robo1_haje' returned '0': CMAKE_PREFIX_PATH=${CMAKE_PREFIX_PATH}:/opt/ros/humble /usr/bin/cmake --build /home/eleanorlow/robo1/build/robo1_haje -- -j8 -l8
[2.463s] Invoking command in '/home/eleanorlow/robo1/build/robo1_haje': CMAKE_PREFIX_PATH=${CMAKE_PREFIX_PATH}:/opt/ros/humble /usr/bin/cmake --install /home/eleanorlow/robo1/build/robo1_haje
[2.468s] -- Install configuration: ""
[2.468s] -- Up-to-date: /home/eleanorlow/robo1/install/robo1_haje/share/robo1_haje/launch
[2.478s] -- Up-to-date: /home/eleanorlow/robo1/install/robo1_haje/share/robo1_haje/launch/launch.py
[2.535s] -- Up-to-date: /home/eleanorlow/robo1/install/robo1_haje/lib/robo1_haje/Movement
[2.535s] -- Up-to-date: /home/eleanorlow/robo1/install/robo1_haje/share/ament_index/resource_index/package_run_dependencies/robo1_haje
[2.535s] -- Up-to-date: /home/eleanorlow/robo1/install/robo1_haje/share/ament_index/resource_index/parent_prefix_path/robo1_haje
[2.536s] -- Up-to-date: /home/eleanorlow/robo1/install/robo1_haje/share/robo1_haje/environment/ament_prefix_path.sh
[2.536s] -- Up-to-date: /home/eleanorlow/robo1/install/robo1_haje/share/robo1_haje/environment/ament_prefix_path.dsv
[2.536s] -- Up-to-date: /home/eleanorlow/robo1/install/robo1_haje/share/robo1_haje/environment/path.sh
[2.536s] -- Up-to-date: /home/eleanorlow/robo1/install/robo1_haje/share/robo1_haje/environment/path.dsv
[2.536s] -- Up-to-date: /home/eleanorlow/robo1/install/robo1_haje/share/robo1_haje/local_setup.bash
[2.537s] -- Up-to-date: /home/eleanorlow/robo1/install/robo1_haje/share/robo1_haje/local_setup.sh
[2.537s] -- Up-to-date: /home/eleanorlow/robo1/install/robo1_haje/share/robo1_haje/local_setup.zsh
[2.537s] -- Up-to-date: /home/eleanorlow/robo1/install/robo1_haje/share/robo1_haje/local_setup.dsv
[2.537s] -- Installing: /home/eleanorlow/robo1/install/robo1_haje/share/robo1_haje/package.dsv
[2.537s] -- Up-to-date: /home/eleanorlow/robo1/install/robo1_haje/share/ament_index/resource_index/packages/robo1_haje
[2.537s] -- Up-to-date: /home/eleanorlow/robo1/install/robo1_haje/share/robo1_haje/cmake/robo1_hajeConfig.cmake
[2.537s] -- Up-to-date: /home/eleanorlow/robo1/install/robo1_haje/share/robo1_haje/cmake/robo1_hajeConfig-version.cmake
[2.538s] -- Up-to-date: /home/eleanorlow/robo1/install/robo1_haje/share/robo1_haje/package.xml
[2.542s] Invoked command in '/home/eleanorlow/robo1/build/robo1_haje' returned '0': CMAKE_PREFIX_PATH=${CMAKE_PREFIX_PATH}:/opt/ros/humble /usr/bin/cmake --install /home/eleanorlow/robo1/build/robo1_haje
