[0.086s] Invoking command in '/home/eleanorlow/robo1/build/drone_ignition_bringup': CMAKE_PREFIX_PATH=${CMAKE_PREFIX_PATH}:/opt/ros/humble /usr/bin/cmake --build /home/eleanorlow/robo1/build/drone_ignition_bringup -- -j8 -l8
[0.686s] Invoked command in '/home/eleanorlow/robo1/build/drone_ignition_bringup' returned '0': CMAKE_PREFIX_PATH=${CMAKE_PREFIX_PATH}:/opt/ros/humble /usr/bin/cmake --build /home/eleanorlow/robo1/build/drone_ignition_bringup -- -j8 -l8
[0.694s] Invoking command in '/home/eleanorlow/robo1/build/drone_ignition_bringup': CMAKE_PREFIX_PATH=${CMAKE_PREFIX_PATH}:/opt/ros/humble /usr/bin/cmake --install /home/eleanorlow/robo1/build/drone_ignition_bringup
[0.699s] -- Install configuration: ""
[0.700s] -- Execute custom install script
[0.710s] -- Up-to-date symlink: /home/eleanorlow/robo1/install/drone_ignition_bringup/share/drone_ignition_bringup/config/drone.rviz
[0.720s] -- Up-to-date symlink: /home/eleanorlow/robo1/install/drone_ignition_bringup/share/drone_ignition_bringup/config/gazebo_bridge.yaml
[0.721s] -- Up-to-date symlink: /home/eleanorlow/robo1/install/drone_ignition_bringup/share/drone_ignition_bringup/config/nav2_params.yaml
[0.721s] -- Up-to-date symlink: /home/eleanorlow/robo1/install/drone_ignition_bringup/share/drone_ignition_bringup/config/robot_localization.yaml
[0.722s] -- Up-to-date symlink: /home/eleanorlow/robo1/install/drone_ignition_bringup/share/drone_ignition_bringup/config/slam_params.yaml
[0.731s] -- Up-to-date symlink: /home/eleanorlow/robo1/install/drone_ignition_bringup/share/drone_ignition_bringup/launch/drone_ignition.launch.py
[0.732s] -- Up-to-date symlink: /home/eleanorlow/robo1/install/drone_ignition_bringup/share/drone_ignition_bringup/launch/drone_navigation.launch.py
[0.746s] -- Up-to-date symlink: /home/eleanorlow/robo1/install/drone_ignition_bringup/share/drone_ignition_bringup/models/bush_3/meshes/Summer_B.jpg
[0.747s] -- Up-to-date symlink: /home/eleanorlow/robo1/install/drone_ignition_bringup/share/drone_ignition_bringup/models/bush_3/meshes/bush_3.mtl
[0.748s] -- Up-to-date symlink: /home/eleanorlow/robo1/install/drone_ignition_bringup/share/drone_ignition_bringup/models/bush_3/meshes/bush_3.obj
[0.748s] -- Up-to-date symlink: /home/eleanorlow/robo1/install/drone_ignition_bringup/share/drone_ignition_bringup/models/bush_3/model.config
[0.749s] -- Up-to-date symlink: /home/eleanorlow/robo1/install/drone_ignition_bringup/share/drone_ignition_bringup/models/bush_3/model.sdf
[0.757s] -- Up-to-date symlink: /home/eleanorlow/robo1/install/drone_ignition_bringup/share/drone_ignition_bringup/models/bush_4/meshes/Bright_G.jpg
[0.757s] -- Up-to-date symlink: /home/eleanorlow/robo1/install/drone_ignition_bringup/share/drone_ignition_bringup/models/bush_4/meshes/bush_4.mtl
[0.757s] -- Up-to-date symlink: /home/eleanorlow/robo1/install/drone_ignition_bringup/share/drone_ignition_bringup/models/bush_4/meshes/bush_4.obj
[0.758s] -- Up-to-date symlink: /home/eleanorlow/robo1/install/drone_ignition_bringup/share/drone_ignition_bringup/models/bush_4/model.config
[0.759s] -- Up-to-date symlink: /home/eleanorlow/robo1/install/drone_ignition_bringup/share/drone_ignition_bringup/models/bush_4/model.sdf
[0.759s] -- Up-to-date symlink: /home/eleanorlow/robo1/install/drone_ignition_bringup/share/drone_ignition_bringup/models/bush_5/meshes/Small_na.jpg
[0.760s] -- Up-to-date symlink: /home/eleanorlow/robo1/install/drone_ignition_bringup/share/drone_ignition_bringup/models/bush_5/meshes/bush_5.mtl
[0.760s] -- Up-to-date symlink: /home/eleanorlow/robo1/install/drone_ignition_bringup/share/drone_ignition_bringup/models/bush_5/meshes/bush_5.obj
[0.760s] -- Up-to-date symlink: /home/eleanorlow/robo1/install/drone_ignition_bringup/share/drone_ignition_bringup/models/bush_5/model.config
[0.761s] -- Up-to-date symlink: /home/eleanorlow/robo1/install/drone_ignition_bringup/share/drone_ignition_bringup/models/bush_5/model.sdf
[0.761s] -- Up-to-date symlink: /home/eleanorlow/robo1/install/drone_ignition_bringup/share/drone_ignition_bringup/models/forest_plane/materials/textures/empty_grass.png
[0.761s] -- Up-to-date symlink: /home/eleanorlow/robo1/install/drone_ignition_bringup/share/drone_ignition_bringup/models/forest_plane/materials/textures/forest_overhead.png
[0.762s] -- Up-to-date symlink: /home/eleanorlow/robo1/install/drone_ignition_bringup/share/drone_ignition_bringup/models/forest_plane/materials/textures/leaf_litter.png
[0.762s] -- Up-to-date symlink: /home/eleanorlow/robo1/install/drone_ignition_bringup/share/drone_ignition_bringup/models/forest_plane/model.config
[0.762s] -- Up-to-date symlink: /home/eleanorlow/robo1/install/drone_ignition_bringup/share/drone_ignition_bringup/models/forest_plane/model.sdf
[0.762s] -- Up-to-date symlink: /home/eleanorlow/robo1/install/drone_ignition_bringup/share/drone_ignition_bringup/models/forest_wall/materials/textures/forest_wall.png
[0.769s] -- Up-to-date symlink: /home/eleanorlow/robo1/install/drone_ignition_bringup/share/drone_ignition_bringup/models/forest_wall/materials/textures/forest_wall_transparent.png
[0.770s] -- Up-to-date symlink: /home/eleanorlow/robo1/install/drone_ignition_bringup/share/drone_ignition_bringup/models/forest_wall/materials/textures/forest_wall_transparent_small.png
[0.770s] -- Up-to-date symlink: /home/eleanorlow/robo1/install/drone_ignition_bringup/share/drone_ignition_bringup/models/forest_wall/model.config
[0.770s] -- Up-to-date symlink: /home/eleanorlow/robo1/install/drone_ignition_bringup/share/drone_ignition_bringup/models/forest_wall/model.sdf
[0.771s] -- Up-to-date symlink: /home/eleanorlow/robo1/install/drone_ignition_bringup/share/drone_ignition_bringup/models/grass_plane/materials/textures/empty_grass.png
[0.771s] -- Up-to-date symlink: /home/eleanorlow/robo1/install/drone_ignition_bringup/share/drone_ignition_bringup/models/grass_plane/model.config
[0.771s] -- Up-to-date symlink: /home/eleanorlow/robo1/install/drone_ignition_bringup/share/drone_ignition_bringup/models/grass_plane/model.sdf
[0.777s] -- Up-to-date symlink: /home/eleanorlow/robo1/install/drone_ignition_bringup/share/drone_ignition_bringup/models/palm_tree/meshes/model/__Wood_Lumber_ButtJoined_.jpg
[0.777s] -- Up-to-date symlink: /home/eleanorlow/robo1/install/drone_ignition_bringup/share/drone_ignition_bringup/models/palm_tree/meshes/palm_tree.dae
[0.777s] -- Up-to-date symlink: /home/eleanorlow/robo1/install/drone_ignition_bringup/share/drone_ignition_bringup/models/palm_tree/model.config
[0.777s] -- Up-to-date symlink: /home/eleanorlow/robo1/install/drone_ignition_bringup/share/drone_ignition_bringup/models/palm_tree/model.sdf
[0.778s] -- Up-to-date symlink: /home/eleanorlow/robo1/install/drone_ignition_bringup/share/drone_ignition_bringup/models/tree_1/meshes/Sonnerat.jpg
[0.778s] -- Up-to-date symlink: /home/eleanorlow/robo1/install/drone_ignition_bringup/share/drone_ignition_bringup/models/tree_1/meshes/tree_1.mtl
[0.778s] -- Up-to-date symlink: /home/eleanorlow/robo1/install/drone_ignition_bringup/share/drone_ignition_bringup/models/tree_1/meshes/tree_1.obj
[0.779s] -- Up-to-date symlink: /home/eleanorlow/robo1/install/drone_ignition_bringup/share/drone_ignition_bringup/models/tree_1/model.config
[0.779s] -- Up-to-date symlink: /home/eleanorlow/robo1/install/drone_ignition_bringup/share/drone_ignition_bringup/models/tree_1/model.sdf
[0.779s] -- Up-to-date symlink: /home/eleanorlow/robo1/install/drone_ignition_bringup/share/drone_ignition_bringup/models/tree_2/meshes/Mossy_Tr.jpg
[0.779s] -- Up-to-date symlink: /home/eleanorlow/robo1/install/drone_ignition_bringup/share/drone_ignition_bringup/models/tree_2/meshes/Walnut_L.jpg
[0.780s] -- Up-to-date symlink: /home/eleanorlow/robo1/install/drone_ignition_bringup/share/drone_ignition_bringup/models/tree_2/meshes/tree_2.mtl
[0.780s] -- Up-to-date symlink: /home/eleanorlow/robo1/install/drone_ignition_bringup/share/drone_ignition_bringup/models/tree_2/meshes/tree_2.obj
[0.780s] -- Up-to-date symlink: /home/eleanorlow/robo1/install/drone_ignition_bringup/share/drone_ignition_bringup/models/tree_2/model.config
[0.780s] -- Up-to-date symlink: /home/eleanorlow/robo1/install/drone_ignition_bringup/share/drone_ignition_bringup/models/tree_2/model.sdf
[0.780s] -- Up-to-date symlink: /home/eleanorlow/robo1/install/drone_ignition_bringup/share/drone_ignition_bringup/models/tree_3/meshes/Walnut_L.jpg
[0.781s] -- Up-to-date symlink: /home/eleanorlow/robo1/install/drone_ignition_bringup/share/drone_ignition_bringup/models/tree_3/meshes/tree_3.mtl
[0.781s] -- Up-to-date symlink: /home/eleanorlow/robo1/install/drone_ignition_bringup/share/drone_ignition_bringup/models/tree_3/meshes/tree_3.obj
[0.781s] -- Up-to-date symlink: /home/eleanorlow/robo1/install/drone_ignition_bringup/share/drone_ignition_bringup/models/tree_3/model.config
[0.781s] -- Up-to-date symlink: /home/eleanorlow/robo1/install/drone_ignition_bringup/share/drone_ignition_bringup/models/tree_3/model.sdf
[0.781s] -- Up-to-date symlink: /home/eleanorlow/robo1/install/drone_ignition_bringup/share/drone_ignition_bringup/models/tree_4/meshes/Bottom_T.jpg
[0.782s] -- Up-to-date symlink: /home/eleanorlow/robo1/install/drone_ignition_bringup/share/drone_ignition_bringup/models/tree_4/meshes/tree_4.mtl
[0.782s] -- Up-to-date symlink: /home/eleanorlow/robo1/install/drone_ignition_bringup/share/drone_ignition_bringup/models/tree_4/meshes/tree_4.obj
[0.782s] -- Up-to-date symlink: /home/eleanorlow/robo1/install/drone_ignition_bringup/share/drone_ignition_bringup/models/tree_4/model.config
[0.782s] -- Up-to-date symlink: /home/eleanorlow/robo1/install/drone_ignition_bringup/share/drone_ignition_bringup/models/tree_4/model.sdf
[0.783s] -- Up-to-date symlink: /home/eleanorlow/robo1/install/drone_ignition_bringup/share/drone_ignition_bringup/models/tree_5/meshes/Bark___S.jpg
[0.783s] -- Up-to-date symlink: /home/eleanorlow/robo1/install/drone_ignition_bringup/share/drone_ignition_bringup/models/tree_5/meshes/tree.mtl
[0.783s] -- Up-to-date symlink: /home/eleanorlow/robo1/install/drone_ignition_bringup/share/drone_ignition_bringup/models/tree_5/meshes/tree.obj
[0.783s] -- Up-to-date symlink: /home/eleanorlow/robo1/install/drone_ignition_bringup/share/drone_ignition_bringup/models/tree_5/model.config
[0.783s] -- Up-to-date symlink: /home/eleanorlow/robo1/install/drone_ignition_bringup/share/drone_ignition_bringup/models/tree_5/model.sdf
[0.784s] -- Up-to-date symlink: /home/eleanorlow/robo1/install/drone_ignition_bringup/share/drone_ignition_bringup/models/tree_6/meshes/Oak_Leav.jpg
[0.784s] -- Up-to-date symlink: /home/eleanorlow/robo1/install/drone_ignition_bringup/share/drone_ignition_bringup/models/tree_6/meshes/tree.mtl
[0.784s] -- Up-to-date symlink: /home/eleanorlow/robo1/install/drone_ignition_bringup/share/drone_ignition_bringup/models/tree_6/meshes/tree.obj
[0.784s] -- Up-to-date symlink: /home/eleanorlow/robo1/install/drone_ignition_bringup/share/drone_ignition_bringup/models/tree_6/model.config
[0.784s] -- Up-to-date symlink: /home/eleanorlow/robo1/install/drone_ignition_bringup/share/drone_ignition_bringup/models/tree_6/model.sdf
[0.785s] -- Up-to-date symlink: /home/eleanorlow/robo1/install/drone_ignition_bringup/share/drone_ignition_bringup/models/tree_7/meshes/Bark___0.jpg
[0.785s] -- Up-to-date symlink: /home/eleanorlow/robo1/install/drone_ignition_bringup/share/drone_ignition_bringup/models/tree_7/meshes/tree_7.mtl
[0.785s] -- Up-to-date symlink: /home/eleanorlow/robo1/install/drone_ignition_bringup/share/drone_ignition_bringup/models/tree_7/meshes/tree_7.obj
[0.785s] -- Up-to-date symlink: /home/eleanorlow/robo1/install/drone_ignition_bringup/share/drone_ignition_bringup/models/tree_7/model.config
[0.785s] -- Up-to-date symlink: /home/eleanorlow/robo1/install/drone_ignition_bringup/share/drone_ignition_bringup/models/tree_7/model.sdf
[0.786s] -- Up-to-date symlink: /home/eleanorlow/robo1/install/drone_ignition_bringup/share/drone_ignition_bringup/models/tree_8/meshes/Bottom_T.jpg
[0.786s] -- Up-to-date symlink: /home/eleanorlow/robo1/install/drone_ignition_bringup/share/drone_ignition_bringup/models/tree_8/meshes/tree_8.mtl
[0.786s] -- Up-to-date symlink: /home/eleanorlow/robo1/install/drone_ignition_bringup/share/drone_ignition_bringup/models/tree_8/meshes/tree_8.obj
[0.786s] -- Up-to-date symlink: /home/eleanorlow/robo1/install/drone_ignition_bringup/share/drone_ignition_bringup/models/tree_8/model.config
[0.787s] -- Up-to-date symlink: /home/eleanorlow/robo1/install/drone_ignition_bringup/share/drone_ignition_bringup/models/tree_8/model.sdf
[0.787s] -- Up-to-date symlink: /home/eleanorlow/robo1/install/drone_ignition_bringup/share/drone_ignition_bringup/models/tree_9/meshes/Bark___1.jpg
[0.795s] -- Up-to-date symlink: /home/eleanorlow/robo1/install/drone_ignition_bringup/share/drone_ignition_bringup/models/tree_9/meshes/tree_9.mtl
[0.795s] -- Up-to-date symlink: /home/eleanorlow/robo1/install/drone_ignition_bringup/share/drone_ignition_bringup/models/tree_9/meshes/tree_9.obj
[0.795s] -- Up-to-date symlink: /home/eleanorlow/robo1/install/drone_ignition_bringup/share/drone_ignition_bringup/models/tree_9/model.config
[0.796s] -- Up-to-date symlink: /home/eleanorlow/robo1/install/drone_ignition_bringup/share/drone_ignition_bringup/models/tree_9/model.sdf
[0.796s] -- Up-to-date symlink: /home/eleanorlow/robo1/install/drone_ignition_bringup/share/drone_ignition_bringup/urdf/common_properties.urdf.xacro
[0.797s] -- Up-to-date symlink: /home/eleanorlow/robo1/install/drone_ignition_bringup/share/drone_ignition_bringup/urdf/drone.gazebo.xacro
[0.797s] -- Up-to-date symlink: /home/eleanorlow/robo1/install/drone_ignition_bringup/share/drone_ignition_bringup/urdf/drone.urdf.xacro
[0.797s] -- Up-to-date symlink: /home/eleanorlow/robo1/install/drone_ignition_bringup/share/drone_ignition_bringup/urdf/meshes/hull.dae
[0.798s] -- Up-to-date symlink: /home/eleanorlow/robo1/install/drone_ignition_bringup/share/drone_ignition_bringup/urdf/meshes/propeller_fl.dae
[0.798s] -- Up-to-date symlink: /home/eleanorlow/robo1/install/drone_ignition_bringup/share/drone_ignition_bringup/urdf/meshes/propeller_fr.dae
[0.798s] -- Up-to-date symlink: /home/eleanorlow/robo1/install/drone_ignition_bringup/share/drone_ignition_bringup/urdf/meshes/propeller_rl.dae
[0.799s] -- Up-to-date symlink: /home/eleanorlow/robo1/install/drone_ignition_bringup/share/drone_ignition_bringup/urdf/meshes/propeller_rr.dae
[0.799s] -- Up-to-date symlink: /home/eleanorlow/robo1/install/drone_ignition_bringup/share/drone_ignition_bringup/worlds/forestland_small.sdf
[0.800s] -- Up-to-date symlink: /home/eleanorlow/robo1/install/drone_ignition_bringup/share/drone_ignition_bringup/worlds/large_demo.sdf
[0.800s] -- Up-to-date symlink: /home/eleanorlow/robo1/install/drone_ignition_bringup/share/drone_ignition_bringup/worlds/simple_trees.sdf
[0.800s] -- Up-to-date symlink: /home/eleanorlow/robo1/install/drone_ignition_bringup/share/ament_index/resource_index/package_run_dependencies/drone_ignition_bringup
[0.819s] -- Up-to-date symlink: /home/eleanorlow/robo1/install/drone_ignition_bringup/share/ament_index/resource_index/parent_prefix_path/drone_ignition_bringup
[0.820s] -- Up-to-date symlink: /home/eleanorlow/robo1/install/drone_ignition_bringup/share/drone_ignition_bringup/environment/ament_prefix_path.sh
[0.820s] -- Up-to-date symlink: /home/eleanorlow/robo1/install/drone_ignition_bringup/share/drone_ignition_bringup/environment/ament_prefix_path.dsv
[0.821s] -- Up-to-date symlink: /home/eleanorlow/robo1/install/drone_ignition_bringup/share/drone_ignition_bringup/environment/path.sh
[0.822s] -- Up-to-date symlink: /home/eleanorlow/robo1/install/drone_ignition_bringup/share/drone_ignition_bringup/environment/path.dsv
[0.823s] -- Up-to-date symlink: /home/eleanorlow/robo1/install/drone_ignition_bringup/share/drone_ignition_bringup/local_setup.bash
[0.823s] -- Up-to-date symlink: /home/eleanorlow/robo1/install/drone_ignition_bringup/share/drone_ignition_bringup/local_setup.sh
[0.824s] -- Up-to-date symlink: /home/eleanorlow/robo1/install/drone_ignition_bringup/share/drone_ignition_bringup/local_setup.zsh
[0.824s] -- Up-to-date symlink: /home/eleanorlow/robo1/install/drone_ignition_bringup/share/drone_ignition_bringup/local_setup.dsv
[0.824s] -- Symlinking: /home/eleanorlow/robo1/install/drone_ignition_bringup/share/drone_ignition_bringup/package.dsv
[0.836s] -- Up-to-date symlink: /home/eleanorlow/robo1/install/drone_ignition_bringup/share/ament_index/resource_index/packages/drone_ignition_bringup
[0.836s] -- Up-to-date symlink: /home/eleanorlow/robo1/install/drone_ignition_bringup/share/drone_ignition_bringup/cmake/drone_ignition_bringupConfig.cmake
[0.837s] -- Up-to-date symlink: /home/eleanorlow/robo1/install/drone_ignition_bringup/share/drone_ignition_bringup/cmake/drone_ignition_bringupConfig-version.cmake
[0.837s] -- Up-to-date symlink: /home/eleanorlow/robo1/install/drone_ignition_bringup/share/drone_ignition_bringup/package.xml
[0.840s] Invoked command in '/home/eleanorlow/robo1/build/drone_ignition_bringup' returned '0': CMAKE_PREFIX_PATH=${CMAKE_PREFIX_PATH}:/opt/ros/humble /usr/bin/cmake --install /home/eleanorlow/robo1/build/drone_ignition_bringup
