[0.107s] Invoking command in '/home/eleanorlow/robo1/build/drone_ignition_bringup': CMAKE_PREFIX_PATH=${CMAKE_PREFIX_PATH}:/opt/ros/humble /usr/bin/cmake --build /home/eleanorlow/robo1/build/drone_ignition_bringup -- -j8 -l8
[0.734s] Invoked command in '/home/eleanorlow/robo1/build/drone_ignition_bringup' returned '0': CMAKE_PREFIX_PATH=${CMAKE_PREFIX_PATH}:/opt/ros/humble /usr/bin/cmake --build /home/eleanorlow/robo1/build/drone_ignition_bringup -- -j8 -l8
[0.815s] Invoking command in '/home/eleanorlow/robo1/build/drone_ignition_bringup': CMAKE_PREFIX_PATH=${CMAKE_PREFIX_PATH}:/opt/ros/humble /usr/bin/cmake --install /home/eleanorlow/robo1/build/drone_ignition_bringup
[0.824s] -- Install configuration: ""
[0.825s] -- Execute custom install script
[0.842s] -- Up-to-date symlink: /home/eleanorlow/robo1/install/drone_ignition_bringup/share/drone_ignition_bringup/config/drone.rviz
[0.853s] -- Up-to-date symlink: /home/eleanorlow/robo1/install/drone_ignition_bringup/share/drone_ignition_bringup/config/gazebo_bridge.yaml
[0.854s] -- Up-to-date symlink: /home/eleanorlow/robo1/install/drone_ignition_bringup/share/drone_ignition_bringup/config/nav2_params.yaml
[0.864s] -- Up-to-date symlink: /home/eleanorlow/robo1/install/drone_ignition_bringup/share/drone_ignition_bringup/config/robot_localization.yaml
[0.876s] -- Up-to-date symlink: /home/eleanorlow/robo1/install/drone_ignition_bringup/share/drone_ignition_bringup/config/slam_params.yaml
[0.887s] -- Up-to-date symlink: /home/eleanorlow/robo1/install/drone_ignition_bringup/share/drone_ignition_bringup/launch/drone_ignition.launch.py
[0.887s] -- Up-to-date symlink: /home/eleanorlow/robo1/install/drone_ignition_bringup/share/drone_ignition_bringup/launch/drone_navigation.launch.py
[0.935s] -- Up-to-date symlink: /home/eleanorlow/robo1/install/drone_ignition_bringup/share/drone_ignition_bringup/models/forest_plane/materials/textures/empty_grass.png
[0.936s] -- Up-to-date symlink: /home/eleanorlow/robo1/install/drone_ignition_bringup/share/drone_ignition_bringup/models/forest_plane/materials/textures/forest_overhead.png
[0.936s] -- Up-to-date symlink: /home/eleanorlow/robo1/install/drone_ignition_bringup/share/drone_ignition_bringup/models/forest_plane/materials/textures/leaf_litter.png
[0.936s] -- Up-to-date symlink: /home/eleanorlow/robo1/install/drone_ignition_bringup/share/drone_ignition_bringup/models/forest_plane/model.config
[0.937s] -- Up-to-date symlink: /home/eleanorlow/robo1/install/drone_ignition_bringup/share/drone_ignition_bringup/models/forest_plane/model.sdf
[0.937s] -- Up-to-date symlink: /home/eleanorlow/robo1/install/drone_ignition_bringup/share/drone_ignition_bringup/models/forest_wall/materials/textures/forest_wall.png
[0.937s] -- Up-to-date symlink: /home/eleanorlow/robo1/install/drone_ignition_bringup/share/drone_ignition_bringup/models/forest_wall/materials/textures/forest_wall_transparent.png
[0.938s] -- Up-to-date symlink: /home/eleanorlow/robo1/install/drone_ignition_bringup/share/drone_ignition_bringup/models/forest_wall/materials/textures/forest_wall_transparent_small.png
[0.952s] -- Up-to-date symlink: /home/eleanorlow/robo1/install/drone_ignition_bringup/share/drone_ignition_bringup/models/forest_wall/model.config
[0.952s] -- Up-to-date symlink: /home/eleanorlow/robo1/install/drone_ignition_bringup/share/drone_ignition_bringup/models/forest_wall/model.sdf
[0.997s] -- Up-to-date symlink: /home/eleanorlow/robo1/install/drone_ignition_bringup/share/drone_ignition_bringup/models/grass_plane/materials/textures/empty_grass.png
[0.998s] -- Up-to-date symlink: /home/eleanorlow/robo1/install/drone_ignition_bringup/share/drone_ignition_bringup/models/grass_plane/model.config
[0.998s] -- Up-to-date symlink: /home/eleanorlow/robo1/install/drone_ignition_bringup/share/drone_ignition_bringup/models/grass_plane/model.sdf
[0.999s] -- Up-to-date symlink: /home/eleanorlow/robo1/install/drone_ignition_bringup/share/drone_ignition_bringup/urdf/common_properties.urdf.xacro
[1.000s] -- Up-to-date symlink: /home/eleanorlow/robo1/install/drone_ignition_bringup/share/drone_ignition_bringup/urdf/drone.gazebo.xacro
[1.000s] -- Up-to-date symlink: /home/eleanorlow/robo1/install/drone_ignition_bringup/share/drone_ignition_bringup/urdf/drone.urdf.xacro
[1.000s] -- Up-to-date symlink: /home/eleanorlow/robo1/install/drone_ignition_bringup/share/drone_ignition_bringup/urdf/meshes/hull.dae
[1.001s] -- Up-to-date symlink: /home/eleanorlow/robo1/install/drone_ignition_bringup/share/drone_ignition_bringup/urdf/meshes/propeller_fl.dae
[1.001s] -- Up-to-date symlink: /home/eleanorlow/robo1/install/drone_ignition_bringup/share/drone_ignition_bringup/urdf/meshes/propeller_fr.dae
[1.001s] -- Up-to-date symlink: /home/eleanorlow/robo1/install/drone_ignition_bringup/share/drone_ignition_bringup/urdf/meshes/propeller_rl.dae
[1.001s] -- Up-to-date symlink: /home/eleanorlow/robo1/install/drone_ignition_bringup/share/drone_ignition_bringup/urdf/meshes/propeller_rr.dae
[1.001s] -- Symlinking: /home/eleanorlow/robo1/install/drone_ignition_bringup/share/drone_ignition_bringup/worlds/forestland.sdf
[1.017s] -- Up-to-date symlink: /home/eleanorlow/robo1/install/drone_ignition_bringup/share/drone_ignition_bringup/worlds/large_demo.sdf
[1.020s] -- Up-to-date symlink: /home/eleanorlow/robo1/install/drone_ignition_bringup/share/drone_ignition_bringup/worlds/simple_trees.sdf
[1.020s] -- Up-to-date symlink: /home/eleanorlow/robo1/install/drone_ignition_bringup/share/ament_index/resource_index/package_run_dependencies/drone_ignition_bringup
[1.042s] -- Up-to-date symlink: /home/eleanorlow/robo1/install/drone_ignition_bringup/share/ament_index/resource_index/parent_prefix_path/drone_ignition_bringup
[1.043s] -- Up-to-date symlink: /home/eleanorlow/robo1/install/drone_ignition_bringup/share/drone_ignition_bringup/environment/ament_prefix_path.sh
[1.043s] -- Up-to-date symlink: /home/eleanorlow/robo1/install/drone_ignition_bringup/share/drone_ignition_bringup/environment/ament_prefix_path.dsv
[1.044s] -- Up-to-date symlink: /home/eleanorlow/robo1/install/drone_ignition_bringup/share/drone_ignition_bringup/environment/path.sh
[1.044s] -- Up-to-date symlink: /home/eleanorlow/robo1/install/drone_ignition_bringup/share/drone_ignition_bringup/environment/path.dsv
[1.044s] -- Up-to-date symlink: /home/eleanorlow/robo1/install/drone_ignition_bringup/share/drone_ignition_bringup/local_setup.bash
[1.045s] -- Up-to-date symlink: /home/eleanorlow/robo1/install/drone_ignition_bringup/share/drone_ignition_bringup/local_setup.sh
[1.045s] -- Up-to-date symlink: /home/eleanorlow/robo1/install/drone_ignition_bringup/share/drone_ignition_bringup/local_setup.zsh
[1.045s] -- Up-to-date symlink: /home/eleanorlow/robo1/install/drone_ignition_bringup/share/drone_ignition_bringup/local_setup.dsv
[1.045s] -- Symlinking: /home/eleanorlow/robo1/install/drone_ignition_bringup/share/drone_ignition_bringup/package.dsv
[1.064s] -- Up-to-date symlink: /home/eleanorlow/robo1/install/drone_ignition_bringup/share/ament_index/resource_index/packages/drone_ignition_bringup
[1.075s] -- Up-to-date symlink: /home/eleanorlow/robo1/install/drone_ignition_bringup/share/drone_ignition_bringup/cmake/drone_ignition_bringupConfig.cmake
[1.075s] -- Up-to-date symlink: /home/eleanorlow/robo1/install/drone_ignition_bringup/share/drone_ignition_bringup/cmake/drone_ignition_bringupConfig-version.cmake
[1.076s] -- Up-to-date symlink: /home/eleanorlow/robo1/install/drone_ignition_bringup/share/drone_ignition_bringup/package.xml
[1.080s] Invoked command in '/home/eleanorlow/robo1/build/drone_ignition_bringup' returned '0': CMAKE_PREFIX_PATH=${CMAKE_PREFIX_PATH}:/opt/ros/humble /usr/bin/cmake --install /home/eleanorlow/robo1/build/drone_ignition_bringup
