[5.074s] DEBUG:colcon:Command line arguments: ['/usr/bin/colcon', 'build', '--symlink-install', '--packages-select', 'drone_ignition_bringup']
[5.074s] DEBUG:colcon:Parsed command line arguments: Namespace(log_base=None, log_level=None, verb_name='build', build_base='build', install_base='install', merge_install=False, symlink_install=True, test_result_base=None, continue_on_error=False, executor='parallel', parallel_workers=8, event_handlers=None, ignore_user_meta=False, metas=['./colcon.meta'], base_paths=['.'], packages_ignore=None, packages_ignore_regex=None, paths=None, packages_up_to=None, packages_up_to_regex=None, packages_above=None, packages_above_and_dependencies=None, packages_above_depth=None, packages_select_by_dep=None, packages_skip_by_dep=None, packages_skip_up_to=None, packages_select_build_failed=False, packages_skip_build_finished=False, packages_select_test_failures=False, packages_skip_test_passed=False, packages_select=['drone_ignition_bringup'], packages_skip=None, packages_select_regex=None, packages_skip_regex=None, packages_start=None, packages_end=None, allow_overriding=[], cmake_args=None, cmake_target=None, cmake_target_skip_unavailable=False, cmake_clean_cache=False, cmake_clean_first=False, cmake_force_configure=False, ament_cmake_args=None, catkin_cmake_args=None, catkin_skip_building_tests=False, mixin_files=None, mixin=None, verb_parser=<colcon_mixin.mixin.mixin_argument.MixinArgumentDecorator object at 0x7053daf72590>, verb_extension=<colcon_core.verb.build.BuildVerb object at 0x7053daf71ae0>, main=<bound method BuildVerb.main of <colcon_core.verb.build.BuildVerb object at 0x7053daf71ae0>>, mixin_verb=('build',))
[11.073s] Level 1:colcon.colcon_core.package_discovery:discover_packages(colcon_meta) check parameters
[11.073s] Level 1:colcon.colcon_core.package_discovery:discover_packages(recursive) check parameters
[11.073s] Level 1:colcon.colcon_core.package_discovery:discover_packages(ignore) check parameters
[11.073s] Level 1:colcon.colcon_core.package_discovery:discover_packages(path) check parameters
[11.074s] Level 1:colcon.colcon_core.package_discovery:discover_packages(colcon_meta) discover
[11.074s] Level 1:colcon.colcon_core.package_discovery:discover_packages(recursive) discover
[11.074s] INFO:colcon.colcon_core.package_discovery:Crawling recursively for packages in '/home/eleanorlow/robo1'
[11.074s] Level 1:colcon.colcon_core.package_identification:_identify(.) by extensions ['ignore', 'ignore_ament_install']
[11.074s] Level 1:colcon.colcon_core.package_identification:_identify(.) by extension 'ignore'
[11.074s] Level 1:colcon.colcon_core.package_identification:_identify(.) by extension 'ignore_ament_install'
[11.074s] Level 1:colcon.colcon_core.package_identification:_identify(.) by extensions ['colcon_pkg']
[11.074s] Level 1:colcon.colcon_core.package_identification:_identify(.) by extension 'colcon_pkg'
[11.074s] Level 1:colcon.colcon_core.package_identification:_identify(.) by extensions ['colcon_meta']
[11.075s] Level 1:colcon.colcon_core.package_identification:_identify(.) by extension 'colcon_meta'
[11.075s] Level 1:colcon.colcon_core.package_identification:_identify(.) by extensions ['ros']
[11.075s] Level 1:colcon.colcon_core.package_identification:_identify(.) by extension 'ros'
[11.115s] Level 1:colcon.colcon_core.package_identification:_identify(.) by extensions ['cmake', 'python']
[11.115s] Level 1:colcon.colcon_core.package_identification:_identify(.) by extension 'cmake'
[11.115s] Level 1:colcon.colcon_core.package_identification:_identify(.) by extension 'python'
[11.115s] Level 1:colcon.colcon_core.package_identification:_identify(.) by extensions ['python_setup_py']
[11.115s] Level 1:colcon.colcon_core.package_identification:_identify(.) by extension 'python_setup_py'
[11.115s] Level 1:colcon.colcon_core.package_identification:_identify(build) by extensions ['ignore', 'ignore_ament_install']
[11.115s] Level 1:colcon.colcon_core.package_identification:_identify(build) by extension 'ignore'
[11.115s] Level 1:colcon.colcon_core.package_identification:_identify(build) ignored
[11.115s] Level 1:colcon.colcon_core.package_identification:_identify(install) by extensions ['ignore', 'ignore_ament_install']
[11.116s] Level 1:colcon.colcon_core.package_identification:_identify(install) by extension 'ignore'
[11.116s] Level 1:colcon.colcon_core.package_identification:_identify(install) ignored
[11.116s] Level 1:colcon.colcon_core.package_identification:_identify(log) by extensions ['ignore', 'ignore_ament_install']
[11.116s] Level 1:colcon.colcon_core.package_identification:_identify(log) by extension 'ignore'
[11.116s] Level 1:colcon.colcon_core.package_identification:_identify(log) ignored
[11.116s] Level 1:colcon.colcon_core.package_identification:_identify(src) by extensions ['ignore', 'ignore_ament_install']
[11.116s] Level 1:colcon.colcon_core.package_identification:_identify(src) by extension 'ignore'
[11.116s] Level 1:colcon.colcon_core.package_identification:_identify(src) by extension 'ignore_ament_install'
[11.116s] Level 1:colcon.colcon_core.package_identification:_identify(src) by extensions ['colcon_pkg']
[11.116s] Level 1:colcon.colcon_core.package_identification:_identify(src) by extension 'colcon_pkg'
[11.116s] Level 1:colcon.colcon_core.package_identification:_identify(src) by extensions ['colcon_meta']
[11.116s] Level 1:colcon.colcon_core.package_identification:_identify(src) by extension 'colcon_meta'
[11.116s] Level 1:colcon.colcon_core.package_identification:_identify(src) by extensions ['ros']
[11.116s] Level 1:colcon.colcon_core.package_identification:_identify(src) by extension 'ros'
[11.116s] Level 1:colcon.colcon_core.package_identification:_identify(src) by extensions ['cmake', 'python']
[11.116s] Level 1:colcon.colcon_core.package_identification:_identify(src) by extension 'cmake'
[11.116s] Level 1:colcon.colcon_core.package_identification:_identify(src) by extension 'python'
[11.116s] Level 1:colcon.colcon_core.package_identification:_identify(src) by extensions ['python_setup_py']
[11.116s] Level 1:colcon.colcon_core.package_identification:_identify(src) by extension 'python_setup_py'
[11.122s] Level 1:colcon.colcon_core.package_identification:_identify(src/41068_ignition_bringup_with_drone) by extensions ['ignore', 'ignore_ament_install']
[11.123s] Level 1:colcon.colcon_core.package_identification:_identify(src/41068_ignition_bringup_with_drone) by extension 'ignore'
[11.123s] Level 1:colcon.colcon_core.package_identification:_identify(src/41068_ignition_bringup_with_drone) by extension 'ignore_ament_install'
[11.123s] Level 1:colcon.colcon_core.package_identification:_identify(src/41068_ignition_bringup_with_drone) by extensions ['colcon_pkg']
[11.123s] Level 1:colcon.colcon_core.package_identification:_identify(src/41068_ignition_bringup_with_drone) by extension 'colcon_pkg'
[11.123s] Level 1:colcon.colcon_core.package_identification:_identify(src/41068_ignition_bringup_with_drone) by extensions ['colcon_meta']
[11.123s] Level 1:colcon.colcon_core.package_identification:_identify(src/41068_ignition_bringup_with_drone) by extension 'colcon_meta'
[11.123s] Level 1:colcon.colcon_core.package_identification:_identify(src/41068_ignition_bringup_with_drone) by extensions ['ros']
[11.123s] Level 1:colcon.colcon_core.package_identification:_identify(src/41068_ignition_bringup_with_drone) by extension 'ros'
[11.123s] Level 1:colcon.colcon_core.package_identification:_identify(src/41068_ignition_bringup_with_drone) by extensions ['cmake', 'python']
[11.123s] Level 1:colcon.colcon_core.package_identification:_identify(src/41068_ignition_bringup_with_drone) by extension 'cmake'
[11.123s] Level 1:colcon.colcon_core.package_identification:_identify(src/41068_ignition_bringup_with_drone) by extension 'python'
[11.123s] Level 1:colcon.colcon_core.package_identification:_identify(src/41068_ignition_bringup_with_drone) by extensions ['python_setup_py']
[11.123s] Level 1:colcon.colcon_core.package_identification:_identify(src/41068_ignition_bringup_with_drone) by extension 'python_setup_py'
[11.126s] Level 1:colcon.colcon_core.package_identification:_identify(src/41068_ignition_bringup_with_drone/41068_ignition_bringup) by extensions ['ignore', 'ignore_ament_install']
[11.127s] Level 1:colcon.colcon_core.package_identification:_identify(src/41068_ignition_bringup_with_drone/41068_ignition_bringup) by extension 'ignore'
[11.127s] Level 1:colcon.colcon_core.package_identification:_identify(src/41068_ignition_bringup_with_drone/41068_ignition_bringup) by extension 'ignore_ament_install'
[11.127s] Level 1:colcon.colcon_core.package_identification:_identify(src/41068_ignition_bringup_with_drone/41068_ignition_bringup) by extensions ['colcon_pkg']
[11.127s] Level 1:colcon.colcon_core.package_identification:_identify(src/41068_ignition_bringup_with_drone/41068_ignition_bringup) by extension 'colcon_pkg'
[11.127s] Level 1:colcon.colcon_core.package_identification:_identify(src/41068_ignition_bringup_with_drone/41068_ignition_bringup) by extensions ['colcon_meta']
[11.127s] Level 1:colcon.colcon_core.package_identification:_identify(src/41068_ignition_bringup_with_drone/41068_ignition_bringup) by extension 'colcon_meta'
[11.127s] Level 1:colcon.colcon_core.package_identification:_identify(src/41068_ignition_bringup_with_drone/41068_ignition_bringup) by extensions ['ros']
[11.127s] Level 1:colcon.colcon_core.package_identification:_identify(src/41068_ignition_bringup_with_drone/41068_ignition_bringup) by extension 'ros'
[11.173s] DEBUG:colcon.colcon_core.package_identification:Package 'src/41068_ignition_bringup_with_drone/41068_ignition_bringup' with type 'ros.ament_cmake' and name '41068_ignition_bringup'
[11.186s] Level 1:colcon.colcon_core.package_identification:_identify(src/Robo1_HAJE) by extensions ['ignore', 'ignore_ament_install']
[11.186s] Level 1:colcon.colcon_core.package_identification:_identify(src/Robo1_HAJE) by extension 'ignore'
[11.186s] Level 1:colcon.colcon_core.package_identification:_identify(src/Robo1_HAJE) by extension 'ignore_ament_install'
[11.187s] Level 1:colcon.colcon_core.package_identification:_identify(src/Robo1_HAJE) by extensions ['colcon_pkg']
[11.187s] Level 1:colcon.colcon_core.package_identification:_identify(src/Robo1_HAJE) by extension 'colcon_pkg'
[11.187s] Level 1:colcon.colcon_core.package_identification:_identify(src/Robo1_HAJE) by extensions ['colcon_meta']
[11.187s] Level 1:colcon.colcon_core.package_identification:_identify(src/Robo1_HAJE) by extension 'colcon_meta'
[11.187s] Level 1:colcon.colcon_core.package_identification:_identify(src/Robo1_HAJE) by extensions ['ros']
[11.187s] Level 1:colcon.colcon_core.package_identification:_identify(src/Robo1_HAJE) by extension 'ros'
[11.204s] DEBUG:colcon.colcon_core.package_identification:Package 'src/Robo1_HAJE' with type 'ros.ament_cmake' and name 'robo1_haje'
[11.205s] Level 1:colcon.colcon_core.package_identification:_identify(src/drone_ignition_bringup) by extensions ['ignore', 'ignore_ament_install']
[11.205s] Level 1:colcon.colcon_core.package_identification:_identify(src/drone_ignition_bringup) by extension 'ignore'
[11.205s] Level 1:colcon.colcon_core.package_identification:_identify(src/drone_ignition_bringup) by extension 'ignore_ament_install'
[11.205s] Level 1:colcon.colcon_core.package_identification:_identify(src/drone_ignition_bringup) by extensions ['colcon_pkg']
[11.205s] Level 1:colcon.colcon_core.package_identification:_identify(src/drone_ignition_bringup) by extension 'colcon_pkg'
[11.205s] Level 1:colcon.colcon_core.package_identification:_identify(src/drone_ignition_bringup) by extensions ['colcon_meta']
[11.205s] Level 1:colcon.colcon_core.package_identification:_identify(src/drone_ignition_bringup) by extension 'colcon_meta'
[11.205s] Level 1:colcon.colcon_core.package_identification:_identify(src/drone_ignition_bringup) by extensions ['ros']
[11.205s] Level 1:colcon.colcon_core.package_identification:_identify(src/drone_ignition_bringup) by extension 'ros'
[11.221s] DEBUG:colcon.colcon_core.package_identification:Package 'src/drone_ignition_bringup' with type 'ros.ament_cmake' and name 'drone_ignition_bringup'
[11.222s] Level 1:colcon.colcon_core.package_discovery:discover_packages(recursive) using defaults
[11.222s] Level 1:colcon.colcon_core.package_discovery:discover_packages(ignore) discover
[11.222s] Level 1:colcon.colcon_core.package_discovery:discover_packages(ignore) using defaults
[11.222s] Level 1:colcon.colcon_core.package_discovery:discover_packages(path) discover
[11.222s] Level 1:colcon.colcon_core.package_discovery:discover_packages(path) using defaults
[11.581s] INFO:colcon.colcon_core.package_selection:Skipping not selected package '41068_ignition_bringup' in 'src/41068_ignition_bringup_with_drone/41068_ignition_bringup'
[11.581s] INFO:colcon.colcon_core.package_selection:Skipping not selected package 'robo1_haje' in 'src/Robo1_HAJE'
[11.582s] Level 1:colcon.colcon_core.package_discovery:discover_packages(prefix_path) check parameters
[11.582s] Level 1:colcon.colcon_core.package_discovery:discover_packages(prefix_path) discover
[11.655s] DEBUG:colcon.colcon_installed_package_information.package_discovery:Found 3 installed packages in /home/eleanorlow/robo1/install
[11.686s] DEBUG:colcon.colcon_installed_package_information.package_discovery:Found 427 installed packages in /opt/ros/humble
[11.691s] Level 1:colcon.colcon_core.package_discovery:discover_packages(prefix_path) using defaults
[15.472s] Level 5:colcon.colcon_core.verb:set package 'drone_ignition_bringup' build argument 'cmake_args' from command line to 'None'
[15.472s] Level 5:colcon.colcon_core.verb:set package 'drone_ignition_bringup' build argument 'cmake_target' from command line to 'None'
[15.472s] Level 5:colcon.colcon_core.verb:set package 'drone_ignition_bringup' build argument 'cmake_target_skip_unavailable' from command line to 'False'
[15.472s] Level 5:colcon.colcon_core.verb:set package 'drone_ignition_bringup' build argument 'cmake_clean_cache' from command line to 'False'
[15.472s] Level 5:colcon.colcon_core.verb:set package 'drone_ignition_bringup' build argument 'cmake_clean_first' from command line to 'False'
[15.472s] Level 5:colcon.colcon_core.verb:set package 'drone_ignition_bringup' build argument 'cmake_force_configure' from command line to 'False'
[15.472s] Level 5:colcon.colcon_core.verb:set package 'drone_ignition_bringup' build argument 'ament_cmake_args' from command line to 'None'
[15.473s] Level 5:colcon.colcon_core.verb:set package 'drone_ignition_bringup' build argument 'catkin_cmake_args' from command line to 'None'
[15.473s] Level 5:colcon.colcon_core.verb:set package 'drone_ignition_bringup' build argument 'catkin_skip_building_tests' from command line to 'False'
[15.473s] DEBUG:colcon.colcon_core.verb:Building package 'drone_ignition_bringup' with the following arguments: {'ament_cmake_args': None, 'build_base': '/home/eleanorlow/robo1/build/drone_ignition_bringup', 'catkin_cmake_args': None, 'catkin_skip_building_tests': False, 'cmake_args': None, 'cmake_clean_cache': False, 'cmake_clean_first': False, 'cmake_force_configure': False, 'cmake_target': None, 'cmake_target_skip_unavailable': False, 'install_base': '/home/eleanorlow/robo1/install/drone_ignition_bringup', 'merge_install': False, 'path': '/home/eleanorlow/robo1/src/drone_ignition_bringup', 'symlink_install': True, 'test_result_base': None}
[15.473s] INFO:colcon.colcon_core.executor:Executing jobs using 'parallel' executor
[15.473s] DEBUG:colcon.colcon_parallel_executor.executor.parallel:run_until_complete
[15.474s] INFO:colcon.colcon_ros.task.ament_cmake.build:Building ROS package in '/home/eleanorlow/robo1/src/drone_ignition_bringup' with build type 'ament_cmake'
[15.474s] INFO:colcon.colcon_cmake.task.cmake.build:Building CMake package in '/home/eleanorlow/robo1/src/drone_ignition_bringup'
[15.528s] INFO:colcon.colcon_core.plugin_system:Skipping extension 'colcon_core.shell.bat': Not used on non-Windows systems
[15.528s] INFO:colcon.colcon_core.shell:Skip shell extension 'powershell' for command environment: Not usable outside of PowerShell
[15.528s] DEBUG:colcon.colcon_core.shell:Skip shell extension 'dsv' for command environment
[15.592s] DEBUG:colcon.colcon_core.event_handler.log_command:Invoking command in '/home/eleanorlow/robo1/build/drone_ignition_bringup': CMAKE_PREFIX_PATH=${CMAKE_PREFIX_PATH}:/opt/ros/humble /usr/bin/cmake --build /home/eleanorlow/robo1/build/drone_ignition_bringup -- -j8 -l8
[16.351s] DEBUG:colcon.colcon_core.event_handler.log_command:Invoked command in '/home/eleanorlow/robo1/build/drone_ignition_bringup' returned '0': CMAKE_PREFIX_PATH=${CMAKE_PREFIX_PATH}:/opt/ros/humble /usr/bin/cmake --build /home/eleanorlow/robo1/build/drone_ignition_bringup -- -j8 -l8
[16.411s] DEBUG:colcon.colcon_core.event_handler.log_command:Invoking command in '/home/eleanorlow/robo1/build/drone_ignition_bringup': CMAKE_PREFIX_PATH=${CMAKE_PREFIX_PATH}:/opt/ros/humble /usr/bin/cmake --install /home/eleanorlow/robo1/build/drone_ignition_bringup
[16.731s] Level 1:colcon.colcon_core.environment:create_environment_scripts_only(drone_ignition_bringup)
[16.732s] DEBUG:colcon.colcon_core.event_handler.log_command:Invoked command in '/home/eleanorlow/robo1/build/drone_ignition_bringup' returned '0': CMAKE_PREFIX_PATH=${CMAKE_PREFIX_PATH}:/opt/ros/humble /usr/bin/cmake --install /home/eleanorlow/robo1/build/drone_ignition_bringup
[16.793s] Level 1:colcon.colcon_core.environment:checking '/home/eleanorlow/robo1/install/drone_ignition_bringup' for CMake module files
[16.794s] Level 1:colcon.colcon_core.environment:checking '/home/eleanorlow/robo1/install/drone_ignition_bringup' for CMake config files
[16.809s] Level 1:colcon.colcon_core.shell:create_environment_hook('drone_ignition_bringup', 'cmake_prefix_path')
[16.810s] INFO:colcon.colcon_core.shell:Creating environment hook '/home/eleanorlow/robo1/install/drone_ignition_bringup/share/drone_ignition_bringup/hook/cmake_prefix_path.ps1'
[16.825s] INFO:colcon.colcon_core.shell:Creating environment descriptor '/home/eleanorlow/robo1/install/drone_ignition_bringup/share/drone_ignition_bringup/hook/cmake_prefix_path.dsv'
[16.826s] INFO:colcon.colcon_core.shell:Creating environment hook '/home/eleanorlow/robo1/install/drone_ignition_bringup/share/drone_ignition_bringup/hook/cmake_prefix_path.sh'
[16.829s] Level 1:colcon.colcon_core.environment:checking '/home/eleanorlow/robo1/install/drone_ignition_bringup/bin'
[16.829s] Level 1:colcon.colcon_core.environment:checking '/home/eleanorlow/robo1/install/drone_ignition_bringup/lib/pkgconfig/drone_ignition_bringup.pc'
[16.829s] Level 1:colcon.colcon_core.environment:checking '/home/eleanorlow/robo1/install/drone_ignition_bringup/lib/python3.10/site-packages'
[16.830s] Level 1:colcon.colcon_core.environment:checking '/home/eleanorlow/robo1/install/drone_ignition_bringup/bin'
[16.830s] INFO:colcon.colcon_core.shell:Creating package script '/home/eleanorlow/robo1/install/drone_ignition_bringup/share/drone_ignition_bringup/package.ps1'
[16.833s] INFO:colcon.colcon_core.shell:Creating package descriptor '/home/eleanorlow/robo1/install/drone_ignition_bringup/share/drone_ignition_bringup/package.dsv'
[16.834s] INFO:colcon.colcon_core.shell:Creating package script '/home/eleanorlow/robo1/install/drone_ignition_bringup/share/drone_ignition_bringup/package.sh'
[16.836s] INFO:colcon.colcon_core.shell:Creating package script '/home/eleanorlow/robo1/install/drone_ignition_bringup/share/drone_ignition_bringup/package.bash'
[16.841s] INFO:colcon.colcon_core.shell:Creating package script '/home/eleanorlow/robo1/install/drone_ignition_bringup/share/drone_ignition_bringup/package.zsh'
[16.856s] Level 1:colcon.colcon_core.environment:create_file_with_runtime_dependencies(/home/eleanorlow/robo1/install/drone_ignition_bringup/share/colcon-core/packages/drone_ignition_bringup)
[16.858s] Level 1:colcon.colcon_core.environment:create_environment_scripts_only(drone_ignition_bringup)
[16.858s] Level 1:colcon.colcon_core.environment:checking '/home/eleanorlow/robo1/install/drone_ignition_bringup' for CMake module files
[16.859s] Level 1:colcon.colcon_core.environment:checking '/home/eleanorlow/robo1/install/drone_ignition_bringup' for CMake config files
[16.859s] Level 1:colcon.colcon_core.shell:create_environment_hook('drone_ignition_bringup', 'cmake_prefix_path')
[16.860s] INFO:colcon.colcon_core.shell:Creating environment hook '/home/eleanorlow/robo1/install/drone_ignition_bringup/share/drone_ignition_bringup/hook/cmake_prefix_path.ps1'
[16.861s] INFO:colcon.colcon_core.shell:Creating environment descriptor '/home/eleanorlow/robo1/install/drone_ignition_bringup/share/drone_ignition_bringup/hook/cmake_prefix_path.dsv'
[16.861s] INFO:colcon.colcon_core.shell:Creating environment hook '/home/eleanorlow/robo1/install/drone_ignition_bringup/share/drone_ignition_bringup/hook/cmake_prefix_path.sh'
[16.862s] Level 1:colcon.colcon_core.environment:checking '/home/eleanorlow/robo1/install/drone_ignition_bringup/bin'
[16.862s] Level 1:colcon.colcon_core.environment:checking '/home/eleanorlow/robo1/install/drone_ignition_bringup/lib/pkgconfig/drone_ignition_bringup.pc'
[16.863s] Level 1:colcon.colcon_core.environment:checking '/home/eleanorlow/robo1/install/drone_ignition_bringup/lib/python3.10/site-packages'
[16.863s] Level 1:colcon.colcon_core.environment:checking '/home/eleanorlow/robo1/install/drone_ignition_bringup/bin'
[16.864s] INFO:colcon.colcon_core.shell:Creating package script '/home/eleanorlow/robo1/install/drone_ignition_bringup/share/drone_ignition_bringup/package.ps1'
[16.864s] INFO:colcon.colcon_core.shell:Creating package descriptor '/home/eleanorlow/robo1/install/drone_ignition_bringup/share/drone_ignition_bringup/package.dsv'
[16.865s] INFO:colcon.colcon_core.shell:Creating package script '/home/eleanorlow/robo1/install/drone_ignition_bringup/share/drone_ignition_bringup/package.sh'
[16.866s] INFO:colcon.colcon_core.shell:Creating package script '/home/eleanorlow/robo1/install/drone_ignition_bringup/share/drone_ignition_bringup/package.bash'
[16.866s] INFO:colcon.colcon_core.shell:Creating package script '/home/eleanorlow/robo1/install/drone_ignition_bringup/share/drone_ignition_bringup/package.zsh'
[16.867s] Level 1:colcon.colcon_core.environment:create_file_with_runtime_dependencies(/home/eleanorlow/robo1/install/drone_ignition_bringup/share/colcon-core/packages/drone_ignition_bringup)
[16.868s] DEBUG:colcon.colcon_parallel_executor.executor.parallel:closing loop
[16.868s] DEBUG:colcon.colcon_parallel_executor.executor.parallel:loop closed
[16.868s] DEBUG:colcon.colcon_parallel_executor.executor.parallel:run_until_complete finished with '0'
[16.868s] DEBUG:colcon.colcon_core.event_reactor:joining thread
[16.940s] INFO:colcon.colcon_core.plugin_system:Skipping extension 'colcon_notification.desktop_notification.terminal_notifier': Not used on non-Darwin systems
[16.940s] INFO:colcon.colcon_core.plugin_system:Skipping extension 'colcon_notification.desktop_notification.win32': Not used on non-Windows systems
[16.940s] INFO:colcon.colcon_notification.desktop_notification:Sending desktop notification using 'notify2'
[16.985s] DEBUG:colcon.colcon_core.event_reactor:joined thread
[16.986s] INFO:colcon.colcon_core.shell:Creating prefix script '/home/eleanorlow/robo1/install/local_setup.ps1'
[16.987s] INFO:colcon.colcon_core.shell:Creating prefix util module '/home/eleanorlow/robo1/install/_local_setup_util_ps1.py'
[16.990s] INFO:colcon.colcon_core.shell:Creating prefix chain script '/home/eleanorlow/robo1/install/setup.ps1'
[16.993s] INFO:colcon.colcon_core.shell:Creating prefix script '/home/eleanorlow/robo1/install/local_setup.sh'
[16.994s] INFO:colcon.colcon_core.shell:Creating prefix util module '/home/eleanorlow/robo1/install/_local_setup_util_sh.py'
[16.995s] INFO:colcon.colcon_core.shell:Creating prefix chain script '/home/eleanorlow/robo1/install/setup.sh'
[16.997s] INFO:colcon.colcon_core.shell:Creating prefix script '/home/eleanorlow/robo1/install/local_setup.bash'
[16.999s] INFO:colcon.colcon_core.shell:Creating prefix chain script '/home/eleanorlow/robo1/install/setup.bash'
[17.001s] INFO:colcon.colcon_core.shell:Creating prefix script '/home/eleanorlow/robo1/install/local_setup.zsh'
[17.002s] INFO:colcon.colcon_core.shell:Creating prefix chain script '/home/eleanorlow/robo1/install/setup.zsh'
