[0.012s] Invoking command in '/home/eleanorlow/robo1/build/robo1_haje': CMAKE_PREFIX_PATH=${CMAKE_PREFIX_PATH}:/opt/ros/humble /usr/bin/cmake /home/eleanorlow/robo1/src/Robo1_HAJE -DCMAKE_INSTALL_PREFIX=/home/eleanorlow/robo1/install/robo1_haje
[0.113s] -- The C compiler identification is GNU 11.4.0
[0.179s] -- The CXX compiler identification is GNU 11.4.0
[0.185s] -- Detecting C compiler ABI info
[0.243s] -- Detecting C compiler ABI info - done
[0.251s] -- Check for working C compiler: /usr/bin/cc - skipped
[0.251s] -- Detecting C compile features
[0.251s] -- Detecting C compile features - done
[0.255s] -- Detecting CXX compiler ABI info
[0.324s] -- Detecting CXX compiler ABI info - done
[0.330s] -- Check for working CXX compiler: /usr/bin/c++ - skipped
[0.330s] -- Detecting CXX compile features
[0.330s] -- Detecting CXX compile features - done
[0.332s] -- Found ament_cmake: 1.3.12 (/opt/ros/humble/share/ament_cmake/cmake)
[0.446s] -- Found Python3: /usr/bin/python3 (found version "3.10.12") found components: Interpreter 
[0.514s] -- Found rclcpp: 16.0.14 (/opt/ros/humble/share/rclcpp/cmake)
[0.556s] -- Found rosidl_generator_c: 3.1.7 (/opt/ros/humble/share/rosidl_generator_c/cmake)
[0.560s] -- Found rosidl_adapter: 3.1.7 (/opt/ros/humble/share/rosidl_adapter/cmake)
[0.569s] -- Found rosidl_generator_cpp: 3.1.7 (/opt/ros/humble/share/rosidl_generator_cpp/cmake)
[0.580s] -- Using all available rosidl_typesupport_c: rosidl_typesupport_fastrtps_c;rosidl_typesupport_introspection_c
[0.591s] -- Using all available rosidl_typesupport_cpp: rosidl_typesupport_fastrtps_cpp;rosidl_typesupport_introspection_cpp
[0.632s] -- Found rmw_implementation_cmake: 6.1.2 (/opt/ros/humble/share/rmw_implementation_cmake/cmake)
[0.635s] -- Found rmw_fastrtps_cpp: 6.2.8 (/opt/ros/humble/share/rmw_fastrtps_cpp/cmake)
[0.707s] -- Found OpenSSL: /usr/lib/x86_64-linux-gnu/libcrypto.so (found version "3.0.2")  
[0.729s] -- Found FastRTPS: /opt/ros/humble/include  
[0.759s] -- Using RMW implementation 'rmw_fastrtps_cpp' as default
[0.768s] -- Looking for pthread.h
[0.824s] -- Looking for pthread.h - found
[0.825s] -- Performing Test CMAKE_HAVE_LIBC_PTHREAD
[0.883s] -- Performing Test CMAKE_HAVE_LIBC_PTHREAD - Success
[0.884s] -- Found Threads: TRUE  
[0.935s] -- Found nav2_msgs: 1.1.18 (/opt/ros/humble/share/nav2_msgs/cmake)
[1.004s] -- Found rclcpp_action: 16.0.14 (/opt/ros/humble/share/rclcpp_action/cmake)
[1.015s] -- Found rosidl_default_generators: 1.2.0 (/opt/ros/humble/share/rosidl_default_generators/cmake)
[1.069s] -- Configuring done
[1.076s] -- Generating done
[1.079s] -- Build files have been written to: /home/eleanorlow/robo1/build/robo1_haje
