[0.203s] Invoking command in '/home/eleanorlow/robo1/build/41068_ignition_bringup': CMAKE_PREFIX_PATH=${CMAKE_PREFIX_PATH}:/opt/ros/humble /usr/bin/cmake --build /home/eleanorlow/robo1/build/41068_ignition_bringup -- -j8 -l8
[1.449s] Invoked command in '/home/eleanorlow/robo1/build/41068_ignition_bringup' returned '0': CMAKE_PREFIX_PATH=${CMAKE_PREFIX_PATH}:/opt/ros/humble /usr/bin/cmake --build /home/eleanorlow/robo1/build/41068_ignition_bringup -- -j8 -l8
[1.462s] Invoking command in '/home/eleanorlow/robo1/build/41068_ignition_bringup': CMAKE_PREFIX_PATH=${CMAKE_PREFIX_PATH}:/opt/ros/humble /usr/bin/cmake --install /home/eleanorlow/robo1/build/41068_ignition_bringup
[1.512s] -- Install configuration: ""
[1.512s] -- Up-to-date: /home/eleanorlow/robo1/install/41068_ignition_bringup/share/41068_ignition_bringup/config
[1.513s] -- Up-to-date: /home/eleanorlow/robo1/install/41068_ignition_bringup/share/41068_ignition_bringup/config/slam_params.yaml
[1.513s] -- Up-to-date: /home/eleanorlow/robo1/install/41068_ignition_bringup/share/41068_ignition_bringup/config/41068.rviz
[1.513s] -- Up-to-date: /home/eleanorlow/robo1/install/41068_ignition_bringup/share/41068_ignition_bringup/config/gazebo_bridge.yaml
[1.513s] -- Up-to-date: /home/eleanorlow/robo1/install/41068_ignition_bringup/share/41068_ignition_bringup/config/nav2_params.yaml
[1.513s] -- Up-to-date: /home/eleanorlow/robo1/install/41068_ignition_bringup/share/41068_ignition_bringup/config/robot_localization.yaml
[1.513s] -- Up-to-date: /home/eleanorlow/robo1/install/41068_ignition_bringup/share/41068_ignition_bringup/launch
[1.536s] -- Up-to-date: /home/eleanorlow/robo1/install/41068_ignition_bringup/share/41068_ignition_bringup/launch/41068_navigation.launch.py
[1.536s] -- Up-to-date: /home/eleanorlow/robo1/install/41068_ignition_bringup/share/41068_ignition_bringup/launch/41068_ignition.launch.py
[1.536s] -- Up-to-date: /home/eleanorlow/robo1/install/41068_ignition_bringup/share/41068_ignition_bringup/models
[1.536s] -- Up-to-date: /home/eleanorlow/robo1/install/41068_ignition_bringup/share/41068_ignition_bringup/models/forest_wall
[1.603s] -- Up-to-date: /home/eleanorlow/robo1/install/41068_ignition_bringup/share/41068_ignition_bringup/models/forest_wall/model.sdf
[1.603s] -- Up-to-date: /home/eleanorlow/robo1/install/41068_ignition_bringup/share/41068_ignition_bringup/models/forest_wall/materials
[1.647s] -- Up-to-date: /home/eleanorlow/robo1/install/41068_ignition_bringup/share/41068_ignition_bringup/models/forest_wall/materials/textures
[1.703s] -- Up-to-date: /home/eleanorlow/robo1/install/41068_ignition_bringup/share/41068_ignition_bringup/models/forest_wall/materials/textures/forest_wall.png
[1.703s] -- Up-to-date: /home/eleanorlow/robo1/install/41068_ignition_bringup/share/41068_ignition_bringup/models/forest_wall/materials/textures/forest_wall_transparent.png
[1.703s] -- Up-to-date: /home/eleanorlow/robo1/install/41068_ignition_bringup/share/41068_ignition_bringup/models/forest_wall/materials/textures/forest_wall_transparent_small.png
[1.703s] -- Up-to-date: /home/eleanorlow/robo1/install/41068_ignition_bringup/share/41068_ignition_bringup/models/forest_wall/model.config
[1.703s] -- Up-to-date: /home/eleanorlow/robo1/install/41068_ignition_bringup/share/41068_ignition_bringup/models/grass_plane
[1.781s] -- Up-to-date: /home/eleanorlow/robo1/install/41068_ignition_bringup/share/41068_ignition_bringup/models/grass_plane/model.sdf
[1.781s] -- Up-to-date: /home/eleanorlow/robo1/install/41068_ignition_bringup/share/41068_ignition_bringup/models/grass_plane/materials
[1.805s] -- Up-to-date: /home/eleanorlow/robo1/install/41068_ignition_bringup/share/41068_ignition_bringup/models/grass_plane/materials/textures
[1.857s] -- Up-to-date: /home/eleanorlow/robo1/install/41068_ignition_bringup/share/41068_ignition_bringup/models/grass_plane/materials/textures/empty_grass.png
[1.857s] -- Up-to-date: /home/eleanorlow/robo1/install/41068_ignition_bringup/share/41068_ignition_bringup/models/grass_plane/model.config
[1.857s] -- Up-to-date: /home/eleanorlow/robo1/install/41068_ignition_bringup/share/41068_ignition_bringup/models/forest_plane
[1.903s] -- Up-to-date: /home/eleanorlow/robo1/install/41068_ignition_bringup/share/41068_ignition_bringup/models/forest_plane/model.sdf
[1.903s] -- Up-to-date: /home/eleanorlow/robo1/install/41068_ignition_bringup/share/41068_ignition_bringup/models/forest_plane/materials
[1.970s] -- Up-to-date: /home/eleanorlow/robo1/install/41068_ignition_bringup/share/41068_ignition_bringup/models/forest_plane/materials/textures
[2.015s] -- Up-to-date: /home/eleanorlow/robo1/install/41068_ignition_bringup/share/41068_ignition_bringup/models/forest_plane/materials/textures/forest_overhead.png
[2.015s] -- Up-to-date: /home/eleanorlow/robo1/install/41068_ignition_bringup/share/41068_ignition_bringup/models/forest_plane/materials/textures/leaf_litter.png
[2.015s] -- Up-to-date: /home/eleanorlow/robo1/install/41068_ignition_bringup/share/41068_ignition_bringup/models/forest_plane/materials/textures/empty_grass.png
[2.015s] -- Up-to-date: /home/eleanorlow/robo1/install/41068_ignition_bringup/share/41068_ignition_bringup/models/forest_plane/model.config
[2.015s] -- Up-to-date: /home/eleanorlow/robo1/install/41068_ignition_bringup/share/41068_ignition_bringup/urdf
[2.015s] -- Up-to-date: /home/eleanorlow/robo1/install/41068_ignition_bringup/share/41068_ignition_bringup/urdf/meshes
[2.038s] -- Up-to-date: /home/eleanorlow/robo1/install/41068_ignition_bringup/share/41068_ignition_bringup/urdf/meshes/top_plate.dae
[2.038s] -- Up-to-date: /home/eleanorlow/robo1/install/41068_ignition_bringup/share/41068_ignition_bringup/urdf/meshes/wheel.dae
[2.038s] -- Up-to-date: /home/eleanorlow/robo1/install/41068_ignition_bringup/share/41068_ignition_bringup/urdf/meshes/bumper.dae
[2.038s] -- Up-to-date: /home/eleanorlow/robo1/install/41068_ignition_bringup/share/41068_ignition_bringup/urdf/meshes/base_link.dae
[2.039s] -- Up-to-date: /home/eleanorlow/robo1/install/41068_ignition_bringup/share/41068_ignition_bringup/urdf/meshes/jpl04_arch_nosensor.stl
[2.039s] -- Up-to-date: /home/eleanorlow/robo1/install/41068_ignition_bringup/share/41068_ignition_bringup/urdf/meshes/top_chassis.dae
[2.039s] -- Up-to-date: /home/eleanorlow/robo1/install/41068_ignition_bringup/share/41068_ignition_bringup/urdf/husky.gazebo.xacro
[2.039s] -- Up-to-date: /home/eleanorlow/robo1/install/41068_ignition_bringup/share/41068_ignition_bringup/urdf/wheel.urdf.xacro
[2.039s] -- Up-to-date: /home/eleanorlow/robo1/install/41068_ignition_bringup/share/41068_ignition_bringup/urdf/husky.urdf.xacro
[2.039s] -- Up-to-date: /home/eleanorlow/robo1/install/41068_ignition_bringup/share/41068_ignition_bringup/urdf/common_properties.urdf.xacro
[2.039s] -- Up-to-date: /home/eleanorlow/robo1/install/41068_ignition_bringup/share/41068_ignition_bringup/worlds
[2.057s] -- Up-to-date: /home/eleanorlow/robo1/install/41068_ignition_bringup/share/41068_ignition_bringup/worlds/large_demo.sdf
[2.058s] -- Up-to-date: /home/eleanorlow/robo1/install/41068_ignition_bringup/share/41068_ignition_bringup/worlds/simple_trees.sdf
[2.059s] -- Up-to-date: /home/eleanorlow/robo1/install/41068_ignition_bringup/share/ament_index/resource_index/package_run_dependencies/41068_ignition_bringup
[2.068s] -- Up-to-date: /home/eleanorlow/robo1/install/41068_ignition_bringup/share/ament_index/resource_index/parent_prefix_path/41068_ignition_bringup
[2.115s] -- Up-to-date: /home/eleanorlow/robo1/install/41068_ignition_bringup/share/41068_ignition_bringup/environment/ament_prefix_path.sh
[2.116s] -- Up-to-date: /home/eleanorlow/robo1/install/41068_ignition_bringup/share/41068_ignition_bringup/environment/ament_prefix_path.dsv
[2.116s] -- Up-to-date: /home/eleanorlow/robo1/install/41068_ignition_bringup/share/41068_ignition_bringup/environment/path.sh
[2.117s] -- Up-to-date: /home/eleanorlow/robo1/install/41068_ignition_bringup/share/41068_ignition_bringup/environment/path.dsv
[2.117s] -- Up-to-date: /home/eleanorlow/robo1/install/41068_ignition_bringup/share/41068_ignition_bringup/local_setup.bash
[2.117s] -- Up-to-date: /home/eleanorlow/robo1/install/41068_ignition_bringup/share/41068_ignition_bringup/local_setup.sh
[2.117s] -- Up-to-date: /home/eleanorlow/robo1/install/41068_ignition_bringup/share/41068_ignition_bringup/local_setup.zsh
[2.117s] -- Up-to-date: /home/eleanorlow/robo1/install/41068_ignition_bringup/share/41068_ignition_bringup/local_setup.dsv
[2.117s] -- Installing: /home/eleanorlow/robo1/install/41068_ignition_bringup/share/41068_ignition_bringup/package.dsv
[2.201s] -- Up-to-date: /home/eleanorlow/robo1/install/41068_ignition_bringup/share/ament_index/resource_index/packages/41068_ignition_bringup
[2.202s] -- Up-to-date: /home/eleanorlow/robo1/install/41068_ignition_bringup/share/41068_ignition_bringup/cmake/41068_ignition_bringupConfig.cmake
[2.202s] -- Up-to-date: /home/eleanorlow/robo1/install/41068_ignition_bringup/share/41068_ignition_bringup/cmake/41068_ignition_bringupConfig-version.cmake
[2.202s] -- Up-to-date: /home/eleanorlow/robo1/install/41068_ignition_bringup/share/41068_ignition_bringup/package.xml
[2.231s] Invoked command in '/home/eleanorlow/robo1/build/41068_ignition_bringup' returned '0': CMAKE_PREFIX_PATH=${CMAKE_PREFIX_PATH}:/opt/ros/humble /usr/bin/cmake --install /home/eleanorlow/robo1/build/41068_ignition_bringup
