[100%] Built target Movement
-- Install configuration: ""
-- Up-to-date: /home/eleanorlow/robo1/install/robo1_haje/share/robo1_haje/launch
-- Up-to-date: /home/eleanorlow/robo1/install/robo1_haje/share/robo1_haje/launch/launch.py
-- Up-to-date: /home/eleanorlow/robo1/install/robo1_haje/lib/robo1_haje/Movement
-- Up-to-date: /home/eleanorlow/robo1/install/robo1_haje/share/ament_index/resource_index/package_run_dependencies/robo1_haje
-- Up-to-date: /home/eleanorlow/robo1/install/robo1_haje/share/ament_index/resource_index/parent_prefix_path/robo1_haje
-- Up-to-date: /home/eleanorlow/robo1/install/robo1_haje/share/robo1_haje/environment/ament_prefix_path.sh
-- Up-to-date: /home/eleanorlow/robo1/install/robo1_haje/share/robo1_haje/environment/ament_prefix_path.dsv
-- Up-to-date: /home/eleanorlow/robo1/install/robo1_haje/share/robo1_haje/environment/path.sh
-- Up-to-date: /home/eleanorlow/robo1/install/robo1_haje/share/robo1_haje/environment/path.dsv
-- Up-to-date: /home/eleanorlow/robo1/install/robo1_haje/share/robo1_haje/local_setup.bash
-- Up-to-date: /home/eleanorlow/robo1/install/robo1_haje/share/robo1_haje/local_setup.sh
-- Up-to-date: /home/eleanorlow/robo1/install/robo1_haje/share/robo1_haje/local_setup.zsh
-- Up-to-date: /home/eleanorlow/robo1/install/robo1_haje/share/robo1_haje/local_setup.dsv
-- Installing: /home/eleanorlow/robo1/install/robo1_haje/share/robo1_haje/package.dsv
-- Up-to-date: /home/eleanorlow/robo1/install/robo1_haje/share/ament_index/resource_index/packages/robo1_haje
-- Up-to-date: /home/eleanorlow/robo1/install/robo1_haje/share/robo1_haje/cmake/robo1_hajeConfig.cmake
-- Up-to-date: /home/eleanorlow/robo1/install/robo1_haje/share/robo1_haje/cmake/robo1_hajeConfig-version.cmake
-- Up-to-date: /home/eleanorlow/robo1/install/robo1_haje/share/robo1_haje/package.xml
