[0.158s] Invoking command in '/home/eleanorlow/robo1/build/robo1_haje': CMAKE_PREFIX_PATH=${CMAKE_PREFIX_PATH}:/opt/ros/humble /usr/bin/cmake --build /home/eleanorlow/robo1/build/robo1_haje -- -j8 -l8
[2.138s] [100%] Built target Movement
[2.149s] Invoked command in '/home/eleanorlow/robo1/build/robo1_haje' returned '0': CMAKE_PREFIX_PATH=${CMAKE_PREFIX_PATH}:/opt/ros/humble /usr/bin/cmake --build /home/eleanorlow/robo1/build/robo1_haje -- -j8 -l8
[2.151s] Invoking command in '/home/eleanorlow/robo1/build/robo1_haje': CMAKE_PREFIX_PATH=${CMAKE_PREFIX_PATH}:/opt/ros/humble /usr/bin/cmake --install /home/eleanorlow/robo1/build/robo1_haje
[2.156s] -- Install configuration: ""
[2.156s] -- Up-to-date: /home/eleanorlow/robo1/install/robo1_haje/share/robo1_haje/launch
[2.157s] -- Up-to-date: /home/eleanorlow/robo1/install/robo1_haje/share/robo1_haje/launch/launch.py
[2.184s] -- Up-to-date: /home/eleanorlow/robo1/install/robo1_haje/lib/robo1_haje/Movement
[2.185s] -- Up-to-date: /home/eleanorlow/robo1/install/robo1_haje/share/ament_index/resource_index/package_run_dependencies/robo1_haje
[2.185s] -- Up-to-date: /home/eleanorlow/robo1/install/robo1_haje/share/ament_index/resource_index/parent_prefix_path/robo1_haje
[2.185s] -- Up-to-date: /home/eleanorlow/robo1/install/robo1_haje/share/robo1_haje/environment/ament_prefix_path.sh
[2.185s] -- Up-to-date: /home/eleanorlow/robo1/install/robo1_haje/share/robo1_haje/environment/ament_prefix_path.dsv
[2.186s] -- Up-to-date: /home/eleanorlow/robo1/install/robo1_haje/share/robo1_haje/environment/path.sh
[2.186s] -- Up-to-date: /home/eleanorlow/robo1/install/robo1_haje/share/robo1_haje/environment/path.dsv
[2.186s] -- Up-to-date: /home/eleanorlow/robo1/install/robo1_haje/share/robo1_haje/local_setup.bash
[2.186s] -- Up-to-date: /home/eleanorlow/robo1/install/robo1_haje/share/robo1_haje/local_setup.sh
[2.186s] -- Up-to-date: /home/eleanorlow/robo1/install/robo1_haje/share/robo1_haje/local_setup.zsh
[2.187s] -- Up-to-date: /home/eleanorlow/robo1/install/robo1_haje/share/robo1_haje/local_setup.dsv
[2.187s] -- Installing: /home/eleanorlow/robo1/install/robo1_haje/share/robo1_haje/package.dsv
[2.187s] -- Up-to-date: /home/eleanorlow/robo1/install/robo1_haje/share/ament_index/resource_index/packages/robo1_haje
[2.187s] -- Up-to-date: /home/eleanorlow/robo1/install/robo1_haje/share/robo1_haje/cmake/robo1_hajeConfig.cmake
[2.187s] -- Up-to-date: /home/eleanorlow/robo1/install/robo1_haje/share/robo1_haje/cmake/robo1_hajeConfig-version.cmake
[2.188s] -- Up-to-date: /home/eleanorlow/robo1/install/robo1_haje/share/robo1_haje/package.xml
[2.189s] Invoked command in '/home/eleanorlow/robo1/build/robo1_haje' returned '0': CMAKE_PREFIX_PATH=${CMAKE_PREFIX_PATH}:/opt/ros/humble /usr/bin/cmake --install /home/eleanorlow/robo1/build/robo1_haje
