[0.086s] Invoking command in '/home/eleanorlow/robo1/build/robo1_haje': CMAKE_PREFIX_PATH=/opt/ros/humble /usr/bin/cmake --build /home/eleanorlow/robo1/build/robo1_haje -- -j8 -l8
[0.984s] [ 50%] [32mBuilding CXX object CMakeFiles/Movement.dir/src/Movement.cpp.o[0m
[7.669s] [100%] [32m[1mLinking CXX executable Movement[0m
[8.766s] [100%] Built target Movement
[8.773s] Invoked command in '/home/eleanorlow/robo1/build/robo1_haje' returned '0': CMAKE_PREFIX_PATH=/opt/ros/humble /usr/bin/cmake --build /home/eleanorlow/robo1/build/robo1_haje -- -j8 -l8
[8.775s] Invoking command in '/home/eleanorlow/robo1/build/robo1_haje': CMAKE_PREFIX_PATH=/opt/ros/humble /usr/bin/cmake --install /home/eleanorlow/robo1/build/robo1_haje
[8.780s] -- Install configuration: ""
[8.780s] -- Installing: /home/eleanorlow/robo1/install/robo1_haje/share/robo1_haje/launch
[8.780s] -- Installing: /home/eleanorlow/robo1/install/robo1_haje/share/robo1_haje/launch/launch.py
[8.780s] -- Installing: /home/eleanorlow/robo1/install/robo1_haje/lib/robo1_haje/Movement
[8.781s] -- Set runtime path of "/home/eleanorlow/robo1/install/robo1_haje/lib/robo1_haje/Movement" to ""
[8.781s] -- Installing: /home/eleanorlow/robo1/install/robo1_haje/share/ament_index/resource_index/package_run_dependencies/robo1_haje
[8.781s] -- Installing: /home/eleanorlow/robo1/install/robo1_haje/share/ament_index/resource_index/parent_prefix_path/robo1_haje
[8.781s] -- Installing: /home/eleanorlow/robo1/install/robo1_haje/share/robo1_haje/environment/ament_prefix_path.sh
[8.781s] -- Installing: /home/eleanorlow/robo1/install/robo1_haje/share/robo1_haje/environment/ament_prefix_path.dsv
[8.804s] -- Installing: /home/eleanorlow/robo1/install/robo1_haje/share/robo1_haje/environment/path.sh
[8.804s] -- Installing: /home/eleanorlow/robo1/install/robo1_haje/share/robo1_haje/environment/path.dsv
[8.804s] -- Installing: /home/eleanorlow/robo1/install/robo1_haje/share/robo1_haje/local_setup.bash
[8.805s] -- Installing: /home/eleanorlow/robo1/install/robo1_haje/share/robo1_haje/local_setup.sh
[8.805s] -- Installing: /home/eleanorlow/robo1/install/robo1_haje/share/robo1_haje/local_setup.zsh
[8.806s] -- Installing: /home/eleanorlow/robo1/install/robo1_haje/share/robo1_haje/local_setup.dsv
[8.806s] -- Installing: /home/eleanorlow/robo1/install/robo1_haje/share/robo1_haje/package.dsv
[8.806s] -- Installing: /home/eleanorlow/robo1/install/robo1_haje/share/ament_index/resource_index/packages/robo1_haje
[8.807s] -- Installing: /home/eleanorlow/robo1/install/robo1_haje/share/robo1_haje/cmake/robo1_hajeConfig.cmake
[8.807s] -- Installing: /home/eleanorlow/robo1/install/robo1_haje/share/robo1_haje/cmake/robo1_hajeConfig-version.cmake
[8.807s] -- Installing: /home/eleanorlow/robo1/install/robo1_haje/share/robo1_haje/package.xml
[8.809s] Invoked command in '/home/eleanorlow/robo1/build/robo1_haje' returned '0': CMAKE_PREFIX_PATH=/opt/ros/humble /usr/bin/cmake --install /home/eleanorlow/robo1/build/robo1_haje
