[3.477s] DEBUG:colcon:Command line arguments: ['/usr/bin/colcon', 'build', '--symlink-install', '--packages-select', 'drone_ignition_bringup']
[3.477s] DEBUG:colcon:Parsed command line arguments: Namespace(log_base=None, log_level=None, verb_name='build', build_base='build', install_base='install', merge_install=False, symlink_install=True, test_result_base=None, continue_on_error=False, executor='parallel', parallel_workers=8, event_handlers=None, ignore_user_meta=False, metas=['./colcon.meta'], base_paths=['.'], packages_ignore=None, packages_ignore_regex=None, paths=None, packages_up_to=None, packages_up_to_regex=None, packages_above=None, packages_above_and_dependencies=None, packages_above_depth=None, packages_select_by_dep=None, packages_skip_by_dep=None, packages_skip_up_to=None, packages_select_build_failed=False, packages_skip_build_finished=False, packages_select_test_failures=False, packages_skip_test_passed=False, packages_select=['drone_ignition_bringup'], packages_skip=None, packages_select_regex=None, packages_skip_regex=None, packages_start=None, packages_end=None, allow_overriding=[], cmake_args=None, cmake_target=None, cmake_target_skip_unavailable=False, cmake_clean_cache=False, cmake_clean_first=False, cmake_force_configure=False, ament_cmake_args=None, catkin_cmake_args=None, catkin_skip_building_tests=False, mixin_files=None, mixin=None, verb_parser=<colcon_mixin.mixin.mixin_argument.MixinArgumentDecorator object at 0x7e0ecd71e590>, verb_extension=<colcon_core.verb.build.BuildVerb object at 0x7e0ecd71dae0>, main=<bound method BuildVerb.main of <colcon_core.verb.build.BuildVerb object at 0x7e0ecd71dae0>>, mixin_verb=('build',))
[7.753s] Level 1:colcon.colcon_core.package_discovery:discover_packages(colcon_meta) check parameters
[7.753s] Level 1:colcon.colcon_core.package_discovery:discover_packages(recursive) check parameters
[7.753s] Level 1:colcon.colcon_core.package_discovery:discover_packages(ignore) check parameters
[7.753s] Level 1:colcon.colcon_core.package_discovery:discover_packages(path) check parameters
[7.753s] Level 1:colcon.colcon_core.package_discovery:discover_packages(colcon_meta) discover
[7.753s] Level 1:colcon.colcon_core.package_discovery:discover_packages(recursive) discover
[7.753s] INFO:colcon.colcon_core.package_discovery:Crawling recursively for packages in '/home/eleanorlow/robo1'
[7.753s] Level 1:colcon.colcon_core.package_identification:_identify(.) by extensions ['ignore', 'ignore_ament_install']
[7.754s] Level 1:colcon.colcon_core.package_identification:_identify(.) by extension 'ignore'
[7.754s] Level 1:colcon.colcon_core.package_identification:_identify(.) by extension 'ignore_ament_install'
[7.754s] Level 1:colcon.colcon_core.package_identification:_identify(.) by extensions ['colcon_pkg']
[7.754s] Level 1:colcon.colcon_core.package_identification:_identify(.) by extension 'colcon_pkg'
[7.754s] Level 1:colcon.colcon_core.package_identification:_identify(.) by extensions ['colcon_meta']
[7.754s] Level 1:colcon.colcon_core.package_identification:_identify(.) by extension 'colcon_meta'
[7.754s] Level 1:colcon.colcon_core.package_identification:_identify(.) by extensions ['ros']
[7.754s] Level 1:colcon.colcon_core.package_identification:_identify(.) by extension 'ros'
[7.839s] Level 1:colcon.colcon_core.package_identification:_identify(.) by extensions ['cmake', 'python']
[7.839s] Level 1:colcon.colcon_core.package_identification:_identify(.) by extension 'cmake'
[7.839s] Level 1:colcon.colcon_core.package_identification:_identify(.) by extension 'python'
[7.839s] Level 1:colcon.colcon_core.package_identification:_identify(.) by extensions ['python_setup_py']
[7.839s] Level 1:colcon.colcon_core.package_identification:_identify(.) by extension 'python_setup_py'
[7.840s] Level 1:colcon.colcon_core.package_identification:_identify(build) by extensions ['ignore', 'ignore_ament_install']
[7.840s] Level 1:colcon.colcon_core.package_identification:_identify(build) by extension 'ignore'
[7.840s] Level 1:colcon.colcon_core.package_identification:_identify(build) ignored
[7.840s] Level 1:colcon.colcon_core.package_identification:_identify(install) by extensions ['ignore', 'ignore_ament_install']
[7.840s] Level 1:colcon.colcon_core.package_identification:_identify(install) by extension 'ignore'
[7.840s] Level 1:colcon.colcon_core.package_identification:_identify(install) ignored
[7.840s] Level 1:colcon.colcon_core.package_identification:_identify(log) by extensions ['ignore', 'ignore_ament_install']
[7.840s] Level 1:colcon.colcon_core.package_identification:_identify(log) by extension 'ignore'
[7.840s] Level 1:colcon.colcon_core.package_identification:_identify(log) ignored
[7.840s] Level 1:colcon.colcon_core.package_identification:_identify(src) by extensions ['ignore', 'ignore_ament_install']
[7.840s] Level 1:colcon.colcon_core.package_identification:_identify(src) by extension 'ignore'
[7.840s] Level 1:colcon.colcon_core.package_identification:_identify(src) by extension 'ignore_ament_install'
[7.840s] Level 1:colcon.colcon_core.package_identification:_identify(src) by extensions ['colcon_pkg']
[7.841s] Level 1:colcon.colcon_core.package_identification:_identify(src) by extension 'colcon_pkg'
[7.841s] Level 1:colcon.colcon_core.package_identification:_identify(src) by extensions ['colcon_meta']
[7.841s] Level 1:colcon.colcon_core.package_identification:_identify(src) by extension 'colcon_meta'
[7.841s] Level 1:colcon.colcon_core.package_identification:_identify(src) by extensions ['ros']
[7.841s] Level 1:colcon.colcon_core.package_identification:_identify(src) by extension 'ros'
[7.841s] Level 1:colcon.colcon_core.package_identification:_identify(src) by extensions ['cmake', 'python']
[7.841s] Level 1:colcon.colcon_core.package_identification:_identify(src) by extension 'cmake'
[7.841s] Level 1:colcon.colcon_core.package_identification:_identify(src) by extension 'python'
[7.841s] Level 1:colcon.colcon_core.package_identification:_identify(src) by extensions ['python_setup_py']
[7.841s] Level 1:colcon.colcon_core.package_identification:_identify(src) by extension 'python_setup_py'
[7.841s] Level 1:colcon.colcon_core.package_identification:_identify(src/41068_ignition_bringup_with_drone) by extensions ['ignore', 'ignore_ament_install']
[7.841s] Level 1:colcon.colcon_core.package_identification:_identify(src/41068_ignition_bringup_with_drone) by extension 'ignore'
[7.841s] Level 1:colcon.colcon_core.package_identification:_identify(src/41068_ignition_bringup_with_drone) by extension 'ignore_ament_install'
[7.841s] Level 1:colcon.colcon_core.package_identification:_identify(src/41068_ignition_bringup_with_drone) by extensions ['colcon_pkg']
[7.841s] Level 1:colcon.colcon_core.package_identification:_identify(src/41068_ignition_bringup_with_drone) by extension 'colcon_pkg'
[7.841s] Level 1:colcon.colcon_core.package_identification:_identify(src/41068_ignition_bringup_with_drone) by extensions ['colcon_meta']
[7.841s] Level 1:colcon.colcon_core.package_identification:_identify(src/41068_ignition_bringup_with_drone) by extension 'colcon_meta'
[7.841s] Level 1:colcon.colcon_core.package_identification:_identify(src/41068_ignition_bringup_with_drone) by extensions ['ros']
[7.841s] Level 1:colcon.colcon_core.package_identification:_identify(src/41068_ignition_bringup_with_drone) by extension 'ros'
[7.841s] Level 1:colcon.colcon_core.package_identification:_identify(src/41068_ignition_bringup_with_drone) by extensions ['cmake', 'python']
[7.841s] Level 1:colcon.colcon_core.package_identification:_identify(src/41068_ignition_bringup_with_drone) by extension 'cmake'
[7.842s] Level 1:colcon.colcon_core.package_identification:_identify(src/41068_ignition_bringup_with_drone) by extension 'python'
[7.842s] Level 1:colcon.colcon_core.package_identification:_identify(src/41068_ignition_bringup_with_drone) by extensions ['python_setup_py']
[7.842s] Level 1:colcon.colcon_core.package_identification:_identify(src/41068_ignition_bringup_with_drone) by extension 'python_setup_py'
[7.842s] Level 1:colcon.colcon_core.package_identification:_identify(src/41068_ignition_bringup_with_drone/41068_ignition_bringup) by extensions ['ignore', 'ignore_ament_install']
[7.842s] Level 1:colcon.colcon_core.package_identification:_identify(src/41068_ignition_bringup_with_drone/41068_ignition_bringup) by extension 'ignore'
[7.842s] Level 1:colcon.colcon_core.package_identification:_identify(src/41068_ignition_bringup_with_drone/41068_ignition_bringup) by extension 'ignore_ament_install'
[7.842s] Level 1:colcon.colcon_core.package_identification:_identify(src/41068_ignition_bringup_with_drone/41068_ignition_bringup) by extensions ['colcon_pkg']
[7.842s] Level 1:colcon.colcon_core.package_identification:_identify(src/41068_ignition_bringup_with_drone/41068_ignition_bringup) by extension 'colcon_pkg'
[7.842s] Level 1:colcon.colcon_core.package_identification:_identify(src/41068_ignition_bringup_with_drone/41068_ignition_bringup) by extensions ['colcon_meta']
[7.842s] Level 1:colcon.colcon_core.package_identification:_identify(src/41068_ignition_bringup_with_drone/41068_ignition_bringup) by extension 'colcon_meta'
[7.842s] Level 1:colcon.colcon_core.package_identification:_identify(src/41068_ignition_bringup_with_drone/41068_ignition_bringup) by extensions ['ros']
[7.842s] Level 1:colcon.colcon_core.package_identification:_identify(src/41068_ignition_bringup_with_drone/41068_ignition_bringup) by extension 'ros'
[7.854s] DEBUG:colcon.colcon_core.package_identification:Package 'src/41068_ignition_bringup_with_drone/41068_ignition_bringup' with type 'ros.ament_cmake' and name '41068_ignition_bringup'
[7.854s] Level 1:colcon.colcon_core.package_identification:_identify(src/Robo1_HAJE) by extensions ['ignore', 'ignore_ament_install']
[7.854s] Level 1:colcon.colcon_core.package_identification:_identify(src/Robo1_HAJE) by extension 'ignore'
[7.854s] Level 1:colcon.colcon_core.package_identification:_identify(src/Robo1_HAJE) by extension 'ignore_ament_install'
[7.855s] Level 1:colcon.colcon_core.package_identification:_identify(src/Robo1_HAJE) by extensions ['colcon_pkg']
[7.855s] Level 1:colcon.colcon_core.package_identification:_identify(src/Robo1_HAJE) by extension 'colcon_pkg'
[7.855s] Level 1:colcon.colcon_core.package_identification:_identify(src/Robo1_HAJE) by extensions ['colcon_meta']
[7.855s] Level 1:colcon.colcon_core.package_identification:_identify(src/Robo1_HAJE) by extension 'colcon_meta'
[7.855s] Level 1:colcon.colcon_core.package_identification:_identify(src/Robo1_HAJE) by extensions ['ros']
[7.855s] Level 1:colcon.colcon_core.package_identification:_identify(src/Robo1_HAJE) by extension 'ros'
[7.870s] DEBUG:colcon.colcon_core.package_identification:Package 'src/Robo1_HAJE' with type 'ros.ament_cmake' and name 'robo1_haje'
[7.870s] Level 1:colcon.colcon_core.package_identification:_identify(src/drone_ignition_bringup) by extensions ['ignore', 'ignore_ament_install']
[7.870s] Level 1:colcon.colcon_core.package_identification:_identify(src/drone_ignition_bringup) by extension 'ignore'
[7.870s] Level 1:colcon.colcon_core.package_identification:_identify(src/drone_ignition_bringup) by extension 'ignore_ament_install'
[7.870s] Level 1:colcon.colcon_core.package_identification:_identify(src/drone_ignition_bringup) by extensions ['colcon_pkg']
[7.870s] Level 1:colcon.colcon_core.package_identification:_identify(src/drone_ignition_bringup) by extension 'colcon_pkg'
[7.870s] Level 1:colcon.colcon_core.package_identification:_identify(src/drone_ignition_bringup) by extensions ['colcon_meta']
[7.870s] Level 1:colcon.colcon_core.package_identification:_identify(src/drone_ignition_bringup) by extension 'colcon_meta'
[7.870s] Level 1:colcon.colcon_core.package_identification:_identify(src/drone_ignition_bringup) by extensions ['ros']
[7.870s] Level 1:colcon.colcon_core.package_identification:_identify(src/drone_ignition_bringup) by extension 'ros'
[7.888s] DEBUG:colcon.colcon_core.package_identification:Package 'src/drone_ignition_bringup' with type 'ros.ament_cmake' and name 'drone_ignition_bringup'
[7.889s] Level 1:colcon.colcon_core.package_identification:_identify(src/gazebo-vegetation-master) by extensions ['ignore', 'ignore_ament_install']
[7.889s] Level 1:colcon.colcon_core.package_identification:_identify(src/gazebo-vegetation-master) by extension 'ignore'
[7.889s] Level 1:colcon.colcon_core.package_identification:_identify(src/gazebo-vegetation-master) by extension 'ignore_ament_install'
[7.889s] Level 1:colcon.colcon_core.package_identification:_identify(src/gazebo-vegetation-master) by extensions ['colcon_pkg']
[7.889s] Level 1:colcon.colcon_core.package_identification:_identify(src/gazebo-vegetation-master) by extension 'colcon_pkg'
[7.889s] Level 1:colcon.colcon_core.package_identification:_identify(src/gazebo-vegetation-master) by extensions ['colcon_meta']
[7.889s] Level 1:colcon.colcon_core.package_identification:_identify(src/gazebo-vegetation-master) by extension 'colcon_meta'
[7.889s] Level 1:colcon.colcon_core.package_identification:_identify(src/gazebo-vegetation-master) by extensions ['ros']
[7.889s] Level 1:colcon.colcon_core.package_identification:_identify(src/gazebo-vegetation-master) by extension 'ros'
[7.889s] Level 1:colcon.colcon_core.package_identification:_identify(src/gazebo-vegetation-master) by extensions ['cmake', 'python']
[7.889s] Level 1:colcon.colcon_core.package_identification:_identify(src/gazebo-vegetation-master) by extension 'cmake'
[7.889s] Level 1:colcon.colcon_core.package_identification:_identify(src/gazebo-vegetation-master) by extension 'python'
[7.889s] Level 1:colcon.colcon_core.package_identification:_identify(src/gazebo-vegetation-master) by extensions ['python_setup_py']
[7.889s] Level 1:colcon.colcon_core.package_identification:_identify(src/gazebo-vegetation-master) by extension 'python_setup_py'
[7.889s] Level 1:colcon.colcon_core.package_identification:_identify(src/gazebo-vegetation-master/gazebo_vegetation) by extensions ['ignore', 'ignore_ament_install']
[7.889s] Level 1:colcon.colcon_core.package_identification:_identify(src/gazebo-vegetation-master/gazebo_vegetation) by extension 'ignore'
[7.889s] Level 1:colcon.colcon_core.package_identification:_identify(src/gazebo-vegetation-master/gazebo_vegetation) by extension 'ignore_ament_install'
[7.889s] Level 1:colcon.colcon_core.package_identification:_identify(src/gazebo-vegetation-master/gazebo_vegetation) by extensions ['colcon_pkg']
[7.889s] Level 1:colcon.colcon_core.package_identification:_identify(src/gazebo-vegetation-master/gazebo_vegetation) by extension 'colcon_pkg'
[7.889s] Level 1:colcon.colcon_core.package_identification:_identify(src/gazebo-vegetation-master/gazebo_vegetation) by extensions ['colcon_meta']
[7.889s] Level 1:colcon.colcon_core.package_identification:_identify(src/gazebo-vegetation-master/gazebo_vegetation) by extension 'colcon_meta'
[7.890s] Level 1:colcon.colcon_core.package_identification:_identify(src/gazebo-vegetation-master/gazebo_vegetation) by extensions ['ros']
[7.890s] Level 1:colcon.colcon_core.package_identification:_identify(src/gazebo-vegetation-master/gazebo_vegetation) by extension 'ros'
[7.890s] DEBUG:colcon.colcon_core.package_identification:Package 'src/gazebo-vegetation-master/gazebo_vegetation' with type 'ros.catkin' and name 'gazebo_vegetation'
[7.890s] Level 1:colcon.colcon_core.package_discovery:discover_packages(recursive) using defaults
[7.890s] Level 1:colcon.colcon_core.package_discovery:discover_packages(ignore) discover
[7.890s] Level 1:colcon.colcon_core.package_discovery:discover_packages(ignore) using defaults
[7.890s] Level 1:colcon.colcon_core.package_discovery:discover_packages(path) discover
[7.890s] Level 1:colcon.colcon_core.package_discovery:discover_packages(path) using defaults
[8.148s] INFO:colcon.colcon_core.package_selection:Skipping not selected package '41068_ignition_bringup' in 'src/41068_ignition_bringup_with_drone/41068_ignition_bringup'
[8.148s] INFO:colcon.colcon_core.package_selection:Skipping not selected package 'gazebo_vegetation' in 'src/gazebo-vegetation-master/gazebo_vegetation'
[8.148s] INFO:colcon.colcon_core.package_selection:Skipping not selected package 'robo1_haje' in 'src/Robo1_HAJE'
[8.149s] Level 1:colcon.colcon_core.package_discovery:discover_packages(prefix_path) check parameters
[8.149s] Level 1:colcon.colcon_core.package_discovery:discover_packages(prefix_path) discover
[8.222s] DEBUG:colcon.colcon_installed_package_information.package_discovery:Found 3 installed packages in /home/eleanorlow/robo1/install
[8.269s] DEBUG:colcon.colcon_installed_package_information.package_discovery:Found 427 installed packages in /opt/ros/humble
[8.273s] Level 1:colcon.colcon_core.package_discovery:discover_packages(prefix_path) using defaults
[11.663s] Level 5:colcon.colcon_core.verb:set package 'drone_ignition_bringup' build argument 'cmake_args' from command line to 'None'
[11.663s] Level 5:colcon.colcon_core.verb:set package 'drone_ignition_bringup' build argument 'cmake_target' from command line to 'None'
[11.663s] Level 5:colcon.colcon_core.verb:set package 'drone_ignition_bringup' build argument 'cmake_target_skip_unavailable' from command line to 'False'
[11.663s] Level 5:colcon.colcon_core.verb:set package 'drone_ignition_bringup' build argument 'cmake_clean_cache' from command line to 'False'
[11.663s] Level 5:colcon.colcon_core.verb:set package 'drone_ignition_bringup' build argument 'cmake_clean_first' from command line to 'False'
[11.663s] Level 5:colcon.colcon_core.verb:set package 'drone_ignition_bringup' build argument 'cmake_force_configure' from command line to 'False'
[11.663s] Level 5:colcon.colcon_core.verb:set package 'drone_ignition_bringup' build argument 'ament_cmake_args' from command line to 'None'
[11.664s] Level 5:colcon.colcon_core.verb:set package 'drone_ignition_bringup' build argument 'catkin_cmake_args' from command line to 'None'
[11.664s] Level 5:colcon.colcon_core.verb:set package 'drone_ignition_bringup' build argument 'catkin_skip_building_tests' from command line to 'False'
[11.664s] DEBUG:colcon.colcon_core.verb:Building package 'drone_ignition_bringup' with the following arguments: {'ament_cmake_args': None, 'build_base': '/home/eleanorlow/robo1/build/drone_ignition_bringup', 'catkin_cmake_args': None, 'catkin_skip_building_tests': False, 'cmake_args': None, 'cmake_clean_cache': False, 'cmake_clean_first': False, 'cmake_force_configure': False, 'cmake_target': None, 'cmake_target_skip_unavailable': False, 'install_base': '/home/eleanorlow/robo1/install/drone_ignition_bringup', 'merge_install': False, 'path': '/home/eleanorlow/robo1/src/drone_ignition_bringup', 'symlink_install': True, 'test_result_base': None}
[11.664s] INFO:colcon.colcon_core.executor:Executing jobs using 'parallel' executor
[11.664s] DEBUG:colcon.colcon_parallel_executor.executor.parallel:run_until_complete
[11.665s] INFO:colcon.colcon_ros.task.ament_cmake.build:Building ROS package in '/home/eleanorlow/robo1/src/drone_ignition_bringup' with build type 'ament_cmake'
[11.665s] INFO:colcon.colcon_cmake.task.cmake.build:Building CMake package in '/home/eleanorlow/robo1/src/drone_ignition_bringup'
[11.716s] INFO:colcon.colcon_core.plugin_system:Skipping extension 'colcon_core.shell.bat': Not used on non-Windows systems
[11.716s] INFO:colcon.colcon_core.shell:Skip shell extension 'powershell' for command environment: Not usable outside of PowerShell
[11.716s] DEBUG:colcon.colcon_core.shell:Skip shell extension 'dsv' for command environment
[11.768s] DEBUG:colcon.colcon_core.event_handler.log_command:Invoking command in '/home/eleanorlow/robo1/build/drone_ignition_bringup': CMAKE_PREFIX_PATH=${CMAKE_PREFIX_PATH}:/opt/ros/humble /usr/bin/cmake --build /home/eleanorlow/robo1/build/drone_ignition_bringup -- -j8 -l8
[12.421s] DEBUG:colcon.colcon_core.event_handler.log_command:Invoked command in '/home/eleanorlow/robo1/build/drone_ignition_bringup' returned '0': CMAKE_PREFIX_PATH=${CMAKE_PREFIX_PATH}:/opt/ros/humble /usr/bin/cmake --build /home/eleanorlow/robo1/build/drone_ignition_bringup -- -j8 -l8
[12.502s] DEBUG:colcon.colcon_core.event_handler.log_command:Invoking command in '/home/eleanorlow/robo1/build/drone_ignition_bringup': CMAKE_PREFIX_PATH=${CMAKE_PREFIX_PATH}:/opt/ros/humble /usr/bin/cmake --install /home/eleanorlow/robo1/build/drone_ignition_bringup
[12.931s] Level 1:colcon.colcon_core.environment:create_environment_scripts_only(drone_ignition_bringup)
[12.931s] DEBUG:colcon.colcon_core.event_handler.log_command:Invoked command in '/home/eleanorlow/robo1/build/drone_ignition_bringup' returned '0': CMAKE_PREFIX_PATH=${CMAKE_PREFIX_PATH}:/opt/ros/humble /usr/bin/cmake --install /home/eleanorlow/robo1/build/drone_ignition_bringup
[12.995s] Level 1:colcon.colcon_core.environment:checking '/home/eleanorlow/robo1/install/drone_ignition_bringup' for CMake module files
[12.996s] Level 1:colcon.colcon_core.environment:checking '/home/eleanorlow/robo1/install/drone_ignition_bringup' for CMake config files
[13.022s] Level 1:colcon.colcon_core.shell:create_environment_hook('drone_ignition_bringup', 'cmake_prefix_path')
[13.023s] INFO:colcon.colcon_core.shell:Creating environment hook '/home/eleanorlow/robo1/install/drone_ignition_bringup/share/drone_ignition_bringup/hook/cmake_prefix_path.ps1'
[13.037s] INFO:colcon.colcon_core.shell:Creating environment descriptor '/home/eleanorlow/robo1/install/drone_ignition_bringup/share/drone_ignition_bringup/hook/cmake_prefix_path.dsv'
[13.039s] INFO:colcon.colcon_core.shell:Creating environment hook '/home/eleanorlow/robo1/install/drone_ignition_bringup/share/drone_ignition_bringup/hook/cmake_prefix_path.sh'
[13.041s] Level 1:colcon.colcon_core.environment:checking '/home/eleanorlow/robo1/install/drone_ignition_bringup/bin'
[13.042s] Level 1:colcon.colcon_core.environment:checking '/home/eleanorlow/robo1/install/drone_ignition_bringup/lib/pkgconfig/drone_ignition_bringup.pc'
[13.042s] Level 1:colcon.colcon_core.environment:checking '/home/eleanorlow/robo1/install/drone_ignition_bringup/lib/python3.10/site-packages'
[13.042s] Level 1:colcon.colcon_core.environment:checking '/home/eleanorlow/robo1/install/drone_ignition_bringup/bin'
[13.043s] INFO:colcon.colcon_core.shell:Creating package script '/home/eleanorlow/robo1/install/drone_ignition_bringup/share/drone_ignition_bringup/package.ps1'
[13.045s] INFO:colcon.colcon_core.shell:Creating package descriptor '/home/eleanorlow/robo1/install/drone_ignition_bringup/share/drone_ignition_bringup/package.dsv'
[13.047s] INFO:colcon.colcon_core.shell:Creating package script '/home/eleanorlow/robo1/install/drone_ignition_bringup/share/drone_ignition_bringup/package.sh'
[13.049s] INFO:colcon.colcon_core.shell:Creating package script '/home/eleanorlow/robo1/install/drone_ignition_bringup/share/drone_ignition_bringup/package.bash'
[13.054s] INFO:colcon.colcon_core.shell:Creating package script '/home/eleanorlow/robo1/install/drone_ignition_bringup/share/drone_ignition_bringup/package.zsh'
[13.069s] Level 1:colcon.colcon_core.environment:create_file_with_runtime_dependencies(/home/eleanorlow/robo1/install/drone_ignition_bringup/share/colcon-core/packages/drone_ignition_bringup)
[13.071s] Level 1:colcon.colcon_core.environment:create_environment_scripts_only(drone_ignition_bringup)
[13.071s] Level 1:colcon.colcon_core.environment:checking '/home/eleanorlow/robo1/install/drone_ignition_bringup' for CMake module files
[13.072s] Level 1:colcon.colcon_core.environment:checking '/home/eleanorlow/robo1/install/drone_ignition_bringup' for CMake config files
[13.073s] Level 1:colcon.colcon_core.shell:create_environment_hook('drone_ignition_bringup', 'cmake_prefix_path')
[13.073s] INFO:colcon.colcon_core.shell:Creating environment hook '/home/eleanorlow/robo1/install/drone_ignition_bringup/share/drone_ignition_bringup/hook/cmake_prefix_path.ps1'
[13.074s] INFO:colcon.colcon_core.shell:Creating environment descriptor '/home/eleanorlow/robo1/install/drone_ignition_bringup/share/drone_ignition_bringup/hook/cmake_prefix_path.dsv'
[13.075s] INFO:colcon.colcon_core.shell:Creating environment hook '/home/eleanorlow/robo1/install/drone_ignition_bringup/share/drone_ignition_bringup/hook/cmake_prefix_path.sh'
[13.076s] Level 1:colcon.colcon_core.environment:checking '/home/eleanorlow/robo1/install/drone_ignition_bringup/bin'
[13.076s] Level 1:colcon.colcon_core.environment:checking '/home/eleanorlow/robo1/install/drone_ignition_bringup/lib/pkgconfig/drone_ignition_bringup.pc'
[13.076s] Level 1:colcon.colcon_core.environment:checking '/home/eleanorlow/robo1/install/drone_ignition_bringup/lib/python3.10/site-packages'
[13.077s] Level 1:colcon.colcon_core.environment:checking '/home/eleanorlow/robo1/install/drone_ignition_bringup/bin'
[13.077s] INFO:colcon.colcon_core.shell:Creating package script '/home/eleanorlow/robo1/install/drone_ignition_bringup/share/drone_ignition_bringup/package.ps1'
[13.078s] INFO:colcon.colcon_core.shell:Creating package descriptor '/home/eleanorlow/robo1/install/drone_ignition_bringup/share/drone_ignition_bringup/package.dsv'
[13.079s] INFO:colcon.colcon_core.shell:Creating package script '/home/eleanorlow/robo1/install/drone_ignition_bringup/share/drone_ignition_bringup/package.sh'
[13.080s] INFO:colcon.colcon_core.shell:Creating package script '/home/eleanorlow/robo1/install/drone_ignition_bringup/share/drone_ignition_bringup/package.bash'
[13.080s] INFO:colcon.colcon_core.shell:Creating package script '/home/eleanorlow/robo1/install/drone_ignition_bringup/share/drone_ignition_bringup/package.zsh'
[13.081s] Level 1:colcon.colcon_core.environment:create_file_with_runtime_dependencies(/home/eleanorlow/robo1/install/drone_ignition_bringup/share/colcon-core/packages/drone_ignition_bringup)
[13.081s] DEBUG:colcon.colcon_parallel_executor.executor.parallel:closing loop
[13.082s] DEBUG:colcon.colcon_parallel_executor.executor.parallel:loop closed
[13.082s] DEBUG:colcon.colcon_parallel_executor.executor.parallel:run_until_complete finished with '0'
[13.082s] DEBUG:colcon.colcon_core.event_reactor:joining thread
[13.176s] INFO:colcon.colcon_core.plugin_system:Skipping extension 'colcon_notification.desktop_notification.terminal_notifier': Not used on non-Darwin systems
[13.176s] INFO:colcon.colcon_core.plugin_system:Skipping extension 'colcon_notification.desktop_notification.win32': Not used on non-Windows systems
[13.176s] INFO:colcon.colcon_notification.desktop_notification:Sending desktop notification using 'notify2'
[13.203s] DEBUG:colcon.colcon_core.event_reactor:joined thread
[13.203s] INFO:colcon.colcon_core.shell:Creating prefix script '/home/eleanorlow/robo1/install/local_setup.ps1'
[13.205s] INFO:colcon.colcon_core.shell:Creating prefix util module '/home/eleanorlow/robo1/install/_local_setup_util_ps1.py'
[13.206s] INFO:colcon.colcon_core.shell:Creating prefix chain script '/home/eleanorlow/robo1/install/setup.ps1'
[13.208s] INFO:colcon.colcon_core.shell:Creating prefix script '/home/eleanorlow/robo1/install/local_setup.sh'
[13.208s] INFO:colcon.colcon_core.shell:Creating prefix util module '/home/eleanorlow/robo1/install/_local_setup_util_sh.py'
[13.209s] INFO:colcon.colcon_core.shell:Creating prefix chain script '/home/eleanorlow/robo1/install/setup.sh'
[13.210s] INFO:colcon.colcon_core.shell:Creating prefix script '/home/eleanorlow/robo1/install/local_setup.bash'
[13.211s] INFO:colcon.colcon_core.shell:Creating prefix chain script '/home/eleanorlow/robo1/install/setup.bash'
[13.212s] INFO:colcon.colcon_core.shell:Creating prefix script '/home/eleanorlow/robo1/install/local_setup.zsh'
[13.213s] INFO:colcon.colcon_core.shell:Creating prefix chain script '/home/eleanorlow/robo1/install/setup.zsh'
