[1.644s] DEBUG:colcon:Command line arguments: ['/usr/bin/colcon', 'build']
[1.644s] DEBUG:colcon:Parsed command line arguments: Namespace(log_base=None, log_level=None, verb_name='build', build_base='build', install_base='install', merge_install=False, symlink_install=False, test_result_base=None, continue_on_error=False, executor='parallel', parallel_workers=8, event_handlers=None, ignore_user_meta=False, metas=['./colcon.meta'], base_paths=['.'], packages_ignore=None, packages_ignore_regex=None, paths=None, packages_up_to=None, packages_up_to_regex=None, packages_above=None, packages_above_and_dependencies=None, packages_above_depth=None, packages_select_by_dep=None, packages_skip_by_dep=None, packages_skip_up_to=None, packages_select_build_failed=False, packages_skip_build_finished=False, packages_select_test_failures=False, packages_skip_test_passed=False, packages_select=None, packages_skip=None, packages_select_regex=None, packages_skip_regex=None, packages_start=None, packages_end=None, allow_overriding=[], cmake_args=None, cmake_target=None, cmake_target_skip_unavailable=False, cmake_clean_cache=False, cmake_clean_first=False, cmake_force_configure=False, ament_cmake_args=None, catkin_cmake_args=None, catkin_skip_building_tests=False, mixin_files=None, mixin=None, verb_parser=<colcon_mixin.mixin.mixin_argument.MixinArgumentDecorator object at 0x710f6d06e530>, verb_extension=<colcon_core.verb.build.BuildVerb object at 0x710f6d06da80>, main=<bound method BuildVerb.main of <colcon_core.verb.build.BuildVerb object at 0x710f6d06da80>>, mixin_verb=('build',))
[5.020s] Level 1:colcon.colcon_core.package_discovery:discover_packages(colcon_meta) check parameters
[5.020s] Level 1:colcon.colcon_core.package_discovery:discover_packages(recursive) check parameters
[5.020s] Level 1:colcon.colcon_core.package_discovery:discover_packages(ignore) check parameters
[5.020s] Level 1:colcon.colcon_core.package_discovery:discover_packages(path) check parameters
[5.021s] Level 1:colcon.colcon_core.package_discovery:discover_packages(colcon_meta) discover
[5.021s] Level 1:colcon.colcon_core.package_discovery:discover_packages(recursive) discover
[5.021s] INFO:colcon.colcon_core.package_discovery:Crawling recursively for packages in '/home/eleanorlow/robo1'
[5.021s] Level 1:colcon.colcon_core.package_identification:_identify(.) by extensions ['ignore', 'ignore_ament_install']
[5.021s] Level 1:colcon.colcon_core.package_identification:_identify(.) by extension 'ignore'
[5.021s] Level 1:colcon.colcon_core.package_identification:_identify(.) by extension 'ignore_ament_install'
[5.021s] Level 1:colcon.colcon_core.package_identification:_identify(.) by extensions ['colcon_pkg']
[5.021s] Level 1:colcon.colcon_core.package_identification:_identify(.) by extension 'colcon_pkg'
[5.022s] Level 1:colcon.colcon_core.package_identification:_identify(.) by extensions ['colcon_meta']
[5.022s] Level 1:colcon.colcon_core.package_identification:_identify(.) by extension 'colcon_meta'
[5.022s] Level 1:colcon.colcon_core.package_identification:_identify(.) by extensions ['ros']
[5.022s] Level 1:colcon.colcon_core.package_identification:_identify(.) by extension 'ros'
[5.092s] Level 1:colcon.colcon_core.package_identification:_identify(.) by extensions ['cmake', 'python']
[5.092s] Level 1:colcon.colcon_core.package_identification:_identify(.) by extension 'cmake'
[5.092s] Level 1:colcon.colcon_core.package_identification:_identify(.) by extension 'python'
[5.092s] Level 1:colcon.colcon_core.package_identification:_identify(.) by extensions ['python_setup_py']
[5.092s] Level 1:colcon.colcon_core.package_identification:_identify(.) by extension 'python_setup_py'
[5.092s] Level 1:colcon.colcon_core.package_identification:_identify(build) by extensions ['ignore', 'ignore_ament_install']
[5.092s] Level 1:colcon.colcon_core.package_identification:_identify(build) by extension 'ignore'
[5.092s] Level 1:colcon.colcon_core.package_identification:_identify(build) ignored
[5.093s] Level 1:colcon.colcon_core.package_identification:_identify(install) by extensions ['ignore', 'ignore_ament_install']
[5.093s] Level 1:colcon.colcon_core.package_identification:_identify(install) by extension 'ignore'
[5.093s] Level 1:colcon.colcon_core.package_identification:_identify(install) ignored
[5.094s] Level 1:colcon.colcon_core.package_identification:_identify(log) by extensions ['ignore', 'ignore_ament_install']
[5.094s] Level 1:colcon.colcon_core.package_identification:_identify(log) by extension 'ignore'
[5.094s] Level 1:colcon.colcon_core.package_identification:_identify(log) ignored
[5.094s] Level 1:colcon.colcon_core.package_identification:_identify(src) by extensions ['ignore', 'ignore_ament_install']
[5.094s] Level 1:colcon.colcon_core.package_identification:_identify(src) by extension 'ignore'
[5.094s] Level 1:colcon.colcon_core.package_identification:_identify(src) by extension 'ignore_ament_install'
[5.094s] Level 1:colcon.colcon_core.package_identification:_identify(src) by extensions ['colcon_pkg']
[5.094s] Level 1:colcon.colcon_core.package_identification:_identify(src) by extension 'colcon_pkg'
[5.094s] Level 1:colcon.colcon_core.package_identification:_identify(src) by extensions ['colcon_meta']
[5.094s] Level 1:colcon.colcon_core.package_identification:_identify(src) by extension 'colcon_meta'
[5.094s] Level 1:colcon.colcon_core.package_identification:_identify(src) by extensions ['ros']
[5.094s] Level 1:colcon.colcon_core.package_identification:_identify(src) by extension 'ros'
[5.094s] Level 1:colcon.colcon_core.package_identification:_identify(src) by extensions ['cmake', 'python']
[5.094s] Level 1:colcon.colcon_core.package_identification:_identify(src) by extension 'cmake'
[5.095s] Level 1:colcon.colcon_core.package_identification:_identify(src) by extension 'python'
[5.095s] Level 1:colcon.colcon_core.package_identification:_identify(src) by extensions ['python_setup_py']
[5.095s] Level 1:colcon.colcon_core.package_identification:_identify(src) by extension 'python_setup_py'
[5.095s] Level 1:colcon.colcon_core.package_identification:_identify(src/41068_ignition_bringup) by extensions ['ignore', 'ignore_ament_install']
[5.095s] Level 1:colcon.colcon_core.package_identification:_identify(src/41068_ignition_bringup) by extension 'ignore'
[5.095s] Level 1:colcon.colcon_core.package_identification:_identify(src/41068_ignition_bringup) by extension 'ignore_ament_install'
[5.095s] Level 1:colcon.colcon_core.package_identification:_identify(src/41068_ignition_bringup) by extensions ['colcon_pkg']
[5.095s] Level 1:colcon.colcon_core.package_identification:_identify(src/41068_ignition_bringup) by extension 'colcon_pkg'
[5.095s] Level 1:colcon.colcon_core.package_identification:_identify(src/41068_ignition_bringup) by extensions ['colcon_meta']
[5.095s] Level 1:colcon.colcon_core.package_identification:_identify(src/41068_ignition_bringup) by extension 'colcon_meta'
[5.095s] Level 1:colcon.colcon_core.package_identification:_identify(src/41068_ignition_bringup) by extensions ['ros']
[5.095s] Level 1:colcon.colcon_core.package_identification:_identify(src/41068_ignition_bringup) by extension 'ros'
[5.145s] DEBUG:colcon.colcon_core.package_identification:Package 'src/41068_ignition_bringup' with type 'ros.ament_cmake' and name '41068_ignition_bringup'
[5.145s] Level 1:colcon.colcon_core.package_identification:_identify(src/Robo1_HAJE) by extensions ['ignore', 'ignore_ament_install']
[5.145s] Level 1:colcon.colcon_core.package_identification:_identify(src/Robo1_HAJE) by extension 'ignore'
[5.146s] Level 1:colcon.colcon_core.package_identification:_identify(src/Robo1_HAJE) by extension 'ignore_ament_install'
[5.146s] Level 1:colcon.colcon_core.package_identification:_identify(src/Robo1_HAJE) by extensions ['colcon_pkg']
[5.146s] Level 1:colcon.colcon_core.package_identification:_identify(src/Robo1_HAJE) by extension 'colcon_pkg'
[5.146s] Level 1:colcon.colcon_core.package_identification:_identify(src/Robo1_HAJE) by extensions ['colcon_meta']
[5.146s] Level 1:colcon.colcon_core.package_identification:_identify(src/Robo1_HAJE) by extension 'colcon_meta'
[5.146s] Level 1:colcon.colcon_core.package_identification:_identify(src/Robo1_HAJE) by extensions ['ros']
[5.146s] Level 1:colcon.colcon_core.package_identification:_identify(src/Robo1_HAJE) by extension 'ros'
[5.162s] DEBUG:colcon.colcon_core.package_identification:Package 'src/Robo1_HAJE' with type 'ros.ament_cmake' and name 'robo1_haje'
[5.162s] Level 1:colcon.colcon_core.package_identification:_identify(src/drone_ignition_bringup) by extensions ['ignore', 'ignore_ament_install']
[5.162s] Level 1:colcon.colcon_core.package_identification:_identify(src/drone_ignition_bringup) by extension 'ignore'
[5.162s] Level 1:colcon.colcon_core.package_identification:_identify(src/drone_ignition_bringup) by extension 'ignore_ament_install'
[5.163s] Level 1:colcon.colcon_core.package_identification:_identify(src/drone_ignition_bringup) by extensions ['colcon_pkg']
[5.163s] Level 1:colcon.colcon_core.package_identification:_identify(src/drone_ignition_bringup) by extension 'colcon_pkg'
[5.163s] Level 1:colcon.colcon_core.package_identification:_identify(src/drone_ignition_bringup) by extensions ['colcon_meta']
[5.163s] Level 1:colcon.colcon_core.package_identification:_identify(src/drone_ignition_bringup) by extension 'colcon_meta'
[5.163s] Level 1:colcon.colcon_core.package_identification:_identify(src/drone_ignition_bringup) by extensions ['ros']
[5.163s] Level 1:colcon.colcon_core.package_identification:_identify(src/drone_ignition_bringup) by extension 'ros'
[5.165s] DEBUG:colcon.colcon_core.package_identification:Package 'src/drone_ignition_bringup' with type 'ros.ament_cmake' and name 'drone_ignition_bringup'
[5.165s] Level 1:colcon.colcon_core.package_discovery:discover_packages(recursive) using defaults
[5.165s] Level 1:colcon.colcon_core.package_discovery:discover_packages(ignore) discover
[5.165s] Level 1:colcon.colcon_core.package_discovery:discover_packages(ignore) using defaults
[5.165s] Level 1:colcon.colcon_core.package_discovery:discover_packages(path) discover
[5.165s] Level 1:colcon.colcon_core.package_discovery:discover_packages(path) using defaults
[5.369s] Level 1:colcon.colcon_core.package_discovery:discover_packages(prefix_path) check parameters
[5.369s] Level 1:colcon.colcon_core.package_discovery:discover_packages(prefix_path) discover
[5.373s] DEBUG:colcon.colcon_installed_package_information.package_discovery:Found 3 installed packages in /home/eleanorlow/robo1/install
[5.374s] DEBUG:colcon.colcon_installed_package_information.package_discovery:Found 427 installed packages in /opt/ros/humble
[5.375s] Level 1:colcon.colcon_core.package_discovery:discover_packages(prefix_path) using defaults
[5.454s] Level 5:colcon.colcon_core.verb:set package '41068_ignition_bringup' build argument 'cmake_args' from command line to 'None'
[5.454s] Level 5:colcon.colcon_core.verb:set package '41068_ignition_bringup' build argument 'cmake_target' from command line to 'None'
[5.454s] Level 5:colcon.colcon_core.verb:set package '41068_ignition_bringup' build argument 'cmake_target_skip_unavailable' from command line to 'False'
[5.454s] Level 5:colcon.colcon_core.verb:set package '41068_ignition_bringup' build argument 'cmake_clean_cache' from command line to 'False'
[5.454s] Level 5:colcon.colcon_core.verb:set package '41068_ignition_bringup' build argument 'cmake_clean_first' from command line to 'False'
[5.454s] Level 5:colcon.colcon_core.verb:set package '41068_ignition_bringup' build argument 'cmake_force_configure' from command line to 'False'
[5.454s] Level 5:colcon.colcon_core.verb:set package '41068_ignition_bringup' build argument 'ament_cmake_args' from command line to 'None'
[5.454s] Level 5:colcon.colcon_core.verb:set package '41068_ignition_bringup' build argument 'catkin_cmake_args' from command line to 'None'
[5.454s] Level 5:colcon.colcon_core.verb:set package '41068_ignition_bringup' build argument 'catkin_skip_building_tests' from command line to 'False'
[5.454s] DEBUG:colcon.colcon_core.verb:Building package '41068_ignition_bringup' with the following arguments: {'ament_cmake_args': None, 'build_base': '/home/eleanorlow/robo1/build/41068_ignition_bringup', 'catkin_cmake_args': None, 'catkin_skip_building_tests': False, 'cmake_args': None, 'cmake_clean_cache': False, 'cmake_clean_first': False, 'cmake_force_configure': False, 'cmake_target': None, 'cmake_target_skip_unavailable': False, 'install_base': '/home/eleanorlow/robo1/install/41068_ignition_bringup', 'merge_install': False, 'path': '/home/eleanorlow/robo1/src/41068_ignition_bringup', 'symlink_install': False, 'test_result_base': None}
[5.455s] Level 5:colcon.colcon_core.verb:set package 'drone_ignition_bringup' build argument 'cmake_args' from command line to 'None'
[5.455s] Level 5:colcon.colcon_core.verb:set package 'drone_ignition_bringup' build argument 'cmake_target' from command line to 'None'
[5.455s] Level 5:colcon.colcon_core.verb:set package 'drone_ignition_bringup' build argument 'cmake_target_skip_unavailable' from command line to 'False'
[5.455s] Level 5:colcon.colcon_core.verb:set package 'drone_ignition_bringup' build argument 'cmake_clean_cache' from command line to 'False'
[5.455s] Level 5:colcon.colcon_core.verb:set package 'drone_ignition_bringup' build argument 'cmake_clean_first' from command line to 'False'
[5.455s] Level 5:colcon.colcon_core.verb:set package 'drone_ignition_bringup' build argument 'cmake_force_configure' from command line to 'False'
[5.455s] Level 5:colcon.colcon_core.verb:set package 'drone_ignition_bringup' build argument 'ament_cmake_args' from command line to 'None'
[5.455s] Level 5:colcon.colcon_core.verb:set package 'drone_ignition_bringup' build argument 'catkin_cmake_args' from command line to 'None'
[5.455s] Level 5:colcon.colcon_core.verb:set package 'drone_ignition_bringup' build argument 'catkin_skip_building_tests' from command line to 'False'
[5.455s] DEBUG:colcon.colcon_core.verb:Building package 'drone_ignition_bringup' with the following arguments: {'ament_cmake_args': None, 'build_base': '/home/eleanorlow/robo1/build/drone_ignition_bringup', 'catkin_cmake_args': None, 'catkin_skip_building_tests': False, 'cmake_args': None, 'cmake_clean_cache': False, 'cmake_clean_first': False, 'cmake_force_configure': False, 'cmake_target': None, 'cmake_target_skip_unavailable': False, 'install_base': '/home/eleanorlow/robo1/install/drone_ignition_bringup', 'merge_install': False, 'path': '/home/eleanorlow/robo1/src/drone_ignition_bringup', 'symlink_install': False, 'test_result_base': None}
[5.455s] Level 5:colcon.colcon_core.verb:set package 'robo1_haje' build argument 'cmake_args' from command line to 'None'
[5.455s] Level 5:colcon.colcon_core.verb:set package 'robo1_haje' build argument 'cmake_target' from command line to 'None'
[5.455s] Level 5:colcon.colcon_core.verb:set package 'robo1_haje' build argument 'cmake_target_skip_unavailable' from command line to 'False'
[5.455s] Level 5:colcon.colcon_core.verb:set package 'robo1_haje' build argument 'cmake_clean_cache' from command line to 'False'
[5.455s] Level 5:colcon.colcon_core.verb:set package 'robo1_haje' build argument 'cmake_clean_first' from command line to 'False'
[5.455s] Level 5:colcon.colcon_core.verb:set package 'robo1_haje' build argument 'cmake_force_configure' from command line to 'False'
[5.455s] Level 5:colcon.colcon_core.verb:set package 'robo1_haje' build argument 'ament_cmake_args' from command line to 'None'
[5.455s] Level 5:colcon.colcon_core.verb:set package 'robo1_haje' build argument 'catkin_cmake_args' from command line to 'None'
[5.455s] Level 5:colcon.colcon_core.verb:set package 'robo1_haje' build argument 'catkin_skip_building_tests' from command line to 'False'
[5.455s] DEBUG:colcon.colcon_core.verb:Building package 'robo1_haje' with the following arguments: {'ament_cmake_args': None, 'build_base': '/home/eleanorlow/robo1/build/robo1_haje', 'catkin_cmake_args': None, 'catkin_skip_building_tests': False, 'cmake_args': None, 'cmake_clean_cache': False, 'cmake_clean_first': False, 'cmake_force_configure': False, 'cmake_target': None, 'cmake_target_skip_unavailable': False, 'install_base': '/home/eleanorlow/robo1/install/robo1_haje', 'merge_install': False, 'path': '/home/eleanorlow/robo1/src/Robo1_HAJE', 'symlink_install': False, 'test_result_base': None}
[5.455s] INFO:colcon.colcon_core.executor:Executing jobs using 'parallel' executor
[5.456s] DEBUG:colcon.colcon_parallel_executor.executor.parallel:run_until_complete
[5.456s] INFO:colcon.colcon_ros.task.ament_cmake.build:Building ROS package in '/home/eleanorlow/robo1/src/41068_ignition_bringup' with build type 'ament_cmake'
[5.456s] INFO:colcon.colcon_cmake.task.cmake.build:Building CMake package in '/home/eleanorlow/robo1/src/41068_ignition_bringup'
[5.459s] INFO:colcon.colcon_core.plugin_system:Skipping extension 'colcon_core.shell.bat': Not used on non-Windows systems
[5.460s] INFO:colcon.colcon_core.shell:Skip shell extension 'powershell' for command environment: Not usable outside of PowerShell
[5.460s] DEBUG:colcon.colcon_core.shell:Skip shell extension 'dsv' for command environment
[5.463s] INFO:colcon.colcon_ros.task.ament_cmake.build:Building ROS package in '/home/eleanorlow/robo1/src/drone_ignition_bringup' with build type 'ament_cmake'
[5.463s] INFO:colcon.colcon_cmake.task.cmake.build:Building CMake package in '/home/eleanorlow/robo1/src/drone_ignition_bringup'
[5.463s] INFO:colcon.colcon_core.shell:Skip shell extension 'powershell' for command environment: Not usable outside of PowerShell
[5.463s] DEBUG:colcon.colcon_core.shell:Skip shell extension 'dsv' for command environment
[5.465s] INFO:colcon.colcon_ros.task.ament_cmake.build:Building ROS package in '/home/eleanorlow/robo1/src/Robo1_HAJE' with build type 'ament_cmake'
[5.465s] INFO:colcon.colcon_cmake.task.cmake.build:Building CMake package in '/home/eleanorlow/robo1/src/Robo1_HAJE'
[5.466s] INFO:colcon.colcon_core.shell:Skip shell extension 'powershell' for command environment: Not usable outside of PowerShell
[5.466s] DEBUG:colcon.colcon_core.shell:Skip shell extension 'dsv' for command environment
[5.528s] DEBUG:colcon.colcon_core.event_handler.log_command:Invoking command in '/home/eleanorlow/robo1/build/robo1_haje': CMAKE_PREFIX_PATH=${CMAKE_PREFIX_PATH}:/opt/ros/humble /usr/bin/cmake --build /home/eleanorlow/robo1/build/robo1_haje -- -j8 -l8
[5.605s] DEBUG:colcon.colcon_core.event_handler.log_command:Invoking command in '/home/eleanorlow/robo1/build/drone_ignition_bringup': CMAKE_PREFIX_PATH=${CMAKE_PREFIX_PATH}:/opt/ros/humble /usr/bin/cmake --build /home/eleanorlow/robo1/build/drone_ignition_bringup -- -j8 -l8
[5.639s] DEBUG:colcon.colcon_core.event_handler.log_command:Invoking command in '/home/eleanorlow/robo1/build/41068_ignition_bringup': CMAKE_PREFIX_PATH=${CMAKE_PREFIX_PATH}:/opt/ros/humble /usr/bin/cmake --build /home/eleanorlow/robo1/build/41068_ignition_bringup -- -j8 -l8
[6.267s] DEBUG:colcon.colcon_core.event_handler.log_command:Invoked command in '/home/eleanorlow/robo1/build/drone_ignition_bringup' returned '0': CMAKE_PREFIX_PATH=${CMAKE_PREFIX_PATH}:/opt/ros/humble /usr/bin/cmake --build /home/eleanorlow/robo1/build/drone_ignition_bringup -- -j8 -l8
[6.299s] DEBUG:colcon.colcon_core.event_handler.log_command:Invoking command in '/home/eleanorlow/robo1/build/drone_ignition_bringup': CMAKE_PREFIX_PATH=${CMAKE_PREFIX_PATH}:/opt/ros/humble /usr/bin/cmake --install /home/eleanorlow/robo1/build/drone_ignition_bringup
[6.299s] DEBUG:colcon.colcon_core.event_handler.log_command:Invoked command in '/home/eleanorlow/robo1/build/41068_ignition_bringup' returned '0': CMAKE_PREFIX_PATH=${CMAKE_PREFIX_PATH}:/opt/ros/humble /usr/bin/cmake --build /home/eleanorlow/robo1/build/41068_ignition_bringup -- -j8 -l8
[6.304s] DEBUG:colcon.colcon_core.event_handler.log_command:Invoking command in '/home/eleanorlow/robo1/build/41068_ignition_bringup': CMAKE_PREFIX_PATH=${CMAKE_PREFIX_PATH}:/opt/ros/humble /usr/bin/cmake --install /home/eleanorlow/robo1/build/41068_ignition_bringup
[6.361s] Level 1:colcon.colcon_core.environment:create_environment_scripts_only(41068_ignition_bringup)
[6.362s] DEBUG:colcon.colcon_core.event_handler.log_command:Invoked command in '/home/eleanorlow/robo1/build/41068_ignition_bringup' returned '0': CMAKE_PREFIX_PATH=${CMAKE_PREFIX_PATH}:/opt/ros/humble /usr/bin/cmake --install /home/eleanorlow/robo1/build/41068_ignition_bringup
[6.516s] Level 1:colcon.colcon_core.environment:checking '/home/eleanorlow/robo1/install/41068_ignition_bringup' for CMake module files
[6.517s] Level 1:colcon.colcon_core.environment:checking '/home/eleanorlow/robo1/install/41068_ignition_bringup' for CMake config files
[6.522s] Level 1:colcon.colcon_core.shell:create_environment_hook('41068_ignition_bringup', 'cmake_prefix_path')
[6.523s] INFO:colcon.colcon_core.shell:Creating environment hook '/home/eleanorlow/robo1/install/41068_ignition_bringup/share/41068_ignition_bringup/hook/cmake_prefix_path.ps1'
[6.538s] INFO:colcon.colcon_core.shell:Creating environment descriptor '/home/eleanorlow/robo1/install/41068_ignition_bringup/share/41068_ignition_bringup/hook/cmake_prefix_path.dsv'
[6.575s] INFO:colcon.colcon_core.shell:Creating environment hook '/home/eleanorlow/robo1/install/41068_ignition_bringup/share/41068_ignition_bringup/hook/cmake_prefix_path.sh'
[6.579s] Level 1:colcon.colcon_core.environment:checking '/home/eleanorlow/robo1/install/41068_ignition_bringup/bin'
[6.579s] Level 1:colcon.colcon_core.environment:checking '/home/eleanorlow/robo1/install/41068_ignition_bringup/lib/pkgconfig/41068_ignition_bringup.pc'
[6.580s] Level 1:colcon.colcon_core.environment:checking '/home/eleanorlow/robo1/install/41068_ignition_bringup/lib/python3.10/site-packages'
[6.580s] Level 1:colcon.colcon_core.environment:checking '/home/eleanorlow/robo1/install/41068_ignition_bringup/bin'
[6.581s] INFO:colcon.colcon_core.shell:Creating package script '/home/eleanorlow/robo1/install/41068_ignition_bringup/share/41068_ignition_bringup/package.ps1'
[6.584s] INFO:colcon.colcon_core.shell:Creating package descriptor '/home/eleanorlow/robo1/install/41068_ignition_bringup/share/41068_ignition_bringup/package.dsv'
[6.609s] INFO:colcon.colcon_core.shell:Creating package script '/home/eleanorlow/robo1/install/41068_ignition_bringup/share/41068_ignition_bringup/package.sh'
[6.621s] INFO:colcon.colcon_core.shell:Creating package script '/home/eleanorlow/robo1/install/41068_ignition_bringup/share/41068_ignition_bringup/package.bash'
[6.645s] INFO:colcon.colcon_core.shell:Creating package script '/home/eleanorlow/robo1/install/41068_ignition_bringup/share/41068_ignition_bringup/package.zsh'
[6.659s] Level 1:colcon.colcon_core.environment:create_file_with_runtime_dependencies(/home/eleanorlow/robo1/install/41068_ignition_bringup/share/colcon-core/packages/41068_ignition_bringup)
[6.660s] Level 1:colcon.colcon_core.environment:create_environment_scripts_only(41068_ignition_bringup)
[6.661s] Level 1:colcon.colcon_core.environment:checking '/home/eleanorlow/robo1/install/41068_ignition_bringup' for CMake module files
[6.662s] Level 1:colcon.colcon_core.environment:checking '/home/eleanorlow/robo1/install/41068_ignition_bringup' for CMake config files
[6.662s] Level 1:colcon.colcon_core.shell:create_environment_hook('41068_ignition_bringup', 'cmake_prefix_path')
[6.662s] INFO:colcon.colcon_core.shell:Creating environment hook '/home/eleanorlow/robo1/install/41068_ignition_bringup/share/41068_ignition_bringup/hook/cmake_prefix_path.ps1'
[6.671s] INFO:colcon.colcon_core.shell:Creating environment descriptor '/home/eleanorlow/robo1/install/41068_ignition_bringup/share/41068_ignition_bringup/hook/cmake_prefix_path.dsv'
[6.673s] INFO:colcon.colcon_core.shell:Creating environment hook '/home/eleanorlow/robo1/install/41068_ignition_bringup/share/41068_ignition_bringup/hook/cmake_prefix_path.sh'
[6.674s] Level 1:colcon.colcon_core.environment:checking '/home/eleanorlow/robo1/install/41068_ignition_bringup/bin'
[6.674s] Level 1:colcon.colcon_core.environment:checking '/home/eleanorlow/robo1/install/41068_ignition_bringup/lib/pkgconfig/41068_ignition_bringup.pc'
[6.674s] Level 1:colcon.colcon_core.environment:checking '/home/eleanorlow/robo1/install/41068_ignition_bringup/lib/python3.10/site-packages'
[6.675s] Level 1:colcon.colcon_core.environment:checking '/home/eleanorlow/robo1/install/41068_ignition_bringup/bin'
[6.675s] INFO:colcon.colcon_core.shell:Creating package script '/home/eleanorlow/robo1/install/41068_ignition_bringup/share/41068_ignition_bringup/package.ps1'
[6.677s] INFO:colcon.colcon_core.shell:Creating package descriptor '/home/eleanorlow/robo1/install/41068_ignition_bringup/share/41068_ignition_bringup/package.dsv'
[6.678s] INFO:colcon.colcon_core.shell:Creating package script '/home/eleanorlow/robo1/install/41068_ignition_bringup/share/41068_ignition_bringup/package.sh'
[6.679s] INFO:colcon.colcon_core.shell:Creating package script '/home/eleanorlow/robo1/install/41068_ignition_bringup/share/41068_ignition_bringup/package.bash'
[6.680s] INFO:colcon.colcon_core.shell:Creating package script '/home/eleanorlow/robo1/install/41068_ignition_bringup/share/41068_ignition_bringup/package.zsh'
[6.681s] Level 1:colcon.colcon_core.environment:create_file_with_runtime_dependencies(/home/eleanorlow/robo1/install/41068_ignition_bringup/share/colcon-core/packages/41068_ignition_bringup)
[6.937s] DEBUG:colcon.colcon_core.event_handler.log_command:Invoked command in '/home/eleanorlow/robo1/build/robo1_haje' returned '0': CMAKE_PREFIX_PATH=${CMAKE_PREFIX_PATH}:/opt/ros/humble /usr/bin/cmake --build /home/eleanorlow/robo1/build/robo1_haje -- -j8 -l8
[6.982s] DEBUG:colcon.colcon_core.event_handler.log_command:Invoking command in '/home/eleanorlow/robo1/build/robo1_haje': CMAKE_PREFIX_PATH=${CMAKE_PREFIX_PATH}:/opt/ros/humble /usr/bin/cmake --install /home/eleanorlow/robo1/build/robo1_haje
[7.038s] Level 1:colcon.colcon_core.environment:create_environment_scripts_only(robo1_haje)
[7.039s] Level 1:colcon.colcon_core.environment:checking '/home/eleanorlow/robo1/install/robo1_haje' for CMake module files
[7.040s] DEBUG:colcon.colcon_core.event_handler.log_command:Invoked command in '/home/eleanorlow/robo1/build/robo1_haje' returned '0': CMAKE_PREFIX_PATH=${CMAKE_PREFIX_PATH}:/opt/ros/humble /usr/bin/cmake --install /home/eleanorlow/robo1/build/robo1_haje
[7.041s] Level 1:colcon.colcon_core.environment:checking '/home/eleanorlow/robo1/install/robo1_haje' for CMake config files
[7.041s] Level 1:colcon.colcon_core.shell:create_environment_hook('robo1_haje', 'cmake_prefix_path')
[7.042s] INFO:colcon.colcon_core.shell:Creating environment hook '/home/eleanorlow/robo1/install/robo1_haje/share/robo1_haje/hook/cmake_prefix_path.ps1'
[7.050s] INFO:colcon.colcon_core.shell:Creating environment descriptor '/home/eleanorlow/robo1/install/robo1_haje/share/robo1_haje/hook/cmake_prefix_path.dsv'
[7.051s] INFO:colcon.colcon_core.shell:Creating environment hook '/home/eleanorlow/robo1/install/robo1_haje/share/robo1_haje/hook/cmake_prefix_path.sh'
[7.052s] Level 1:colcon.colcon_core.environment:checking '/home/eleanorlow/robo1/install/robo1_haje/lib'
[7.052s] Level 1:colcon.colcon_core.environment:checking '/home/eleanorlow/robo1/install/robo1_haje/bin'
[7.052s] Level 1:colcon.colcon_core.environment:checking '/home/eleanorlow/robo1/install/robo1_haje/lib/pkgconfig/robo1_haje.pc'
[7.053s] Level 1:colcon.colcon_core.environment:checking '/home/eleanorlow/robo1/install/robo1_haje/lib/python3.10/site-packages'
[7.053s] Level 1:colcon.colcon_core.environment:checking '/home/eleanorlow/robo1/install/robo1_haje/bin'
[7.053s] INFO:colcon.colcon_core.shell:Creating package script '/home/eleanorlow/robo1/install/robo1_haje/share/robo1_haje/package.ps1'
[7.054s] INFO:colcon.colcon_core.shell:Creating package descriptor '/home/eleanorlow/robo1/install/robo1_haje/share/robo1_haje/package.dsv'
[7.054s] INFO:colcon.colcon_core.shell:Creating package script '/home/eleanorlow/robo1/install/robo1_haje/share/robo1_haje/package.sh'
[7.054s] INFO:colcon.colcon_core.shell:Creating package script '/home/eleanorlow/robo1/install/robo1_haje/share/robo1_haje/package.bash'
[7.055s] INFO:colcon.colcon_core.shell:Creating package script '/home/eleanorlow/robo1/install/robo1_haje/share/robo1_haje/package.zsh'
[7.055s] Level 1:colcon.colcon_core.environment:create_file_with_runtime_dependencies(/home/eleanorlow/robo1/install/robo1_haje/share/colcon-core/packages/robo1_haje)
[7.055s] Level 1:colcon.colcon_core.environment:create_environment_scripts_only(robo1_haje)
[7.056s] Level 1:colcon.colcon_core.environment:checking '/home/eleanorlow/robo1/install/robo1_haje' for CMake module files
[7.056s] Level 1:colcon.colcon_core.environment:checking '/home/eleanorlow/robo1/install/robo1_haje' for CMake config files
[7.056s] Level 1:colcon.colcon_core.shell:create_environment_hook('robo1_haje', 'cmake_prefix_path')
[7.056s] INFO:colcon.colcon_core.shell:Creating environment hook '/home/eleanorlow/robo1/install/robo1_haje/share/robo1_haje/hook/cmake_prefix_path.ps1'
[7.057s] INFO:colcon.colcon_core.shell:Creating environment descriptor '/home/eleanorlow/robo1/install/robo1_haje/share/robo1_haje/hook/cmake_prefix_path.dsv'
[7.057s] INFO:colcon.colcon_core.shell:Creating environment hook '/home/eleanorlow/robo1/install/robo1_haje/share/robo1_haje/hook/cmake_prefix_path.sh'
[7.057s] Level 1:colcon.colcon_core.environment:checking '/home/eleanorlow/robo1/install/robo1_haje/lib'
[7.057s] Level 1:colcon.colcon_core.environment:checking '/home/eleanorlow/robo1/install/robo1_haje/bin'
[7.057s] Level 1:colcon.colcon_core.environment:checking '/home/eleanorlow/robo1/install/robo1_haje/lib/pkgconfig/robo1_haje.pc'
[7.058s] Level 1:colcon.colcon_core.environment:checking '/home/eleanorlow/robo1/install/robo1_haje/lib/python3.10/site-packages'
[7.058s] Level 1:colcon.colcon_core.environment:checking '/home/eleanorlow/robo1/install/robo1_haje/bin'
[7.058s] INFO:colcon.colcon_core.shell:Creating package script '/home/eleanorlow/robo1/install/robo1_haje/share/robo1_haje/package.ps1'
[7.059s] INFO:colcon.colcon_core.shell:Creating package descriptor '/home/eleanorlow/robo1/install/robo1_haje/share/robo1_haje/package.dsv'
[7.059s] INFO:colcon.colcon_core.shell:Creating package script '/home/eleanorlow/robo1/install/robo1_haje/share/robo1_haje/package.sh'
[7.060s] INFO:colcon.colcon_core.shell:Creating package script '/home/eleanorlow/robo1/install/robo1_haje/share/robo1_haje/package.bash'
[7.060s] INFO:colcon.colcon_core.shell:Creating package script '/home/eleanorlow/robo1/install/robo1_haje/share/robo1_haje/package.zsh'
[7.061s] Level 1:colcon.colcon_core.environment:create_file_with_runtime_dependencies(/home/eleanorlow/robo1/install/robo1_haje/share/colcon-core/packages/robo1_haje)
[7.399s] Level 1:colcon.colcon_core.environment:create_environment_scripts_only(drone_ignition_bringup)
[7.400s] Level 1:colcon.colcon_core.environment:checking '/home/eleanorlow/robo1/install/drone_ignition_bringup' for CMake module files
[7.400s] DEBUG:colcon.colcon_core.event_handler.log_command:Invoked command in '/home/eleanorlow/robo1/build/drone_ignition_bringup' returned '0': CMAKE_PREFIX_PATH=${CMAKE_PREFIX_PATH}:/opt/ros/humble /usr/bin/cmake --install /home/eleanorlow/robo1/build/drone_ignition_bringup
[7.401s] Level 1:colcon.colcon_core.environment:checking '/home/eleanorlow/robo1/install/drone_ignition_bringup' for CMake config files
[7.418s] Level 1:colcon.colcon_core.shell:create_environment_hook('drone_ignition_bringup', 'cmake_prefix_path')
[7.418s] INFO:colcon.colcon_core.shell:Creating environment hook '/home/eleanorlow/robo1/install/drone_ignition_bringup/share/drone_ignition_bringup/hook/cmake_prefix_path.ps1'
[7.419s] INFO:colcon.colcon_core.shell:Creating environment descriptor '/home/eleanorlow/robo1/install/drone_ignition_bringup/share/drone_ignition_bringup/hook/cmake_prefix_path.dsv'
[7.419s] INFO:colcon.colcon_core.shell:Creating environment hook '/home/eleanorlow/robo1/install/drone_ignition_bringup/share/drone_ignition_bringup/hook/cmake_prefix_path.sh'
[7.420s] Level 1:colcon.colcon_core.environment:checking '/home/eleanorlow/robo1/install/drone_ignition_bringup/bin'
[7.420s] Level 1:colcon.colcon_core.environment:checking '/home/eleanorlow/robo1/install/drone_ignition_bringup/lib/pkgconfig/drone_ignition_bringup.pc'
[7.420s] Level 1:colcon.colcon_core.environment:checking '/home/eleanorlow/robo1/install/drone_ignition_bringup/lib/python3.10/site-packages'
[7.421s] Level 1:colcon.colcon_core.environment:checking '/home/eleanorlow/robo1/install/drone_ignition_bringup/bin'
[7.421s] INFO:colcon.colcon_core.shell:Creating package script '/home/eleanorlow/robo1/install/drone_ignition_bringup/share/drone_ignition_bringup/package.ps1'
[7.422s] INFO:colcon.colcon_core.shell:Creating package descriptor '/home/eleanorlow/robo1/install/drone_ignition_bringup/share/drone_ignition_bringup/package.dsv'
[7.423s] INFO:colcon.colcon_core.shell:Creating package script '/home/eleanorlow/robo1/install/drone_ignition_bringup/share/drone_ignition_bringup/package.sh'
[7.423s] INFO:colcon.colcon_core.shell:Creating package script '/home/eleanorlow/robo1/install/drone_ignition_bringup/share/drone_ignition_bringup/package.bash'
[7.424s] INFO:colcon.colcon_core.shell:Creating package script '/home/eleanorlow/robo1/install/drone_ignition_bringup/share/drone_ignition_bringup/package.zsh'
[7.425s] Level 1:colcon.colcon_core.environment:create_file_with_runtime_dependencies(/home/eleanorlow/robo1/install/drone_ignition_bringup/share/colcon-core/packages/drone_ignition_bringup)
[7.425s] Level 1:colcon.colcon_core.environment:create_environment_scripts_only(drone_ignition_bringup)
[7.425s] Level 1:colcon.colcon_core.environment:checking '/home/eleanorlow/robo1/install/drone_ignition_bringup' for CMake module files
[7.426s] Level 1:colcon.colcon_core.environment:checking '/home/eleanorlow/robo1/install/drone_ignition_bringup' for CMake config files
[7.426s] Level 1:colcon.colcon_core.shell:create_environment_hook('drone_ignition_bringup', 'cmake_prefix_path')
[7.426s] INFO:colcon.colcon_core.shell:Creating environment hook '/home/eleanorlow/robo1/install/drone_ignition_bringup/share/drone_ignition_bringup/hook/cmake_prefix_path.ps1'
[7.426s] INFO:colcon.colcon_core.shell:Creating environment descriptor '/home/eleanorlow/robo1/install/drone_ignition_bringup/share/drone_ignition_bringup/hook/cmake_prefix_path.dsv'
[7.426s] INFO:colcon.colcon_core.shell:Creating environment hook '/home/eleanorlow/robo1/install/drone_ignition_bringup/share/drone_ignition_bringup/hook/cmake_prefix_path.sh'
[7.427s] Level 1:colcon.colcon_core.environment:checking '/home/eleanorlow/robo1/install/drone_ignition_bringup/bin'
[7.427s] Level 1:colcon.colcon_core.environment:checking '/home/eleanorlow/robo1/install/drone_ignition_bringup/lib/pkgconfig/drone_ignition_bringup.pc'
[7.427s] Level 1:colcon.colcon_core.environment:checking '/home/eleanorlow/robo1/install/drone_ignition_bringup/lib/python3.10/site-packages'
[7.427s] Level 1:colcon.colcon_core.environment:checking '/home/eleanorlow/robo1/install/drone_ignition_bringup/bin'
[7.428s] INFO:colcon.colcon_core.shell:Creating package script '/home/eleanorlow/robo1/install/drone_ignition_bringup/share/drone_ignition_bringup/package.ps1'
[7.428s] INFO:colcon.colcon_core.shell:Creating package descriptor '/home/eleanorlow/robo1/install/drone_ignition_bringup/share/drone_ignition_bringup/package.dsv'
[7.428s] INFO:colcon.colcon_core.shell:Creating package script '/home/eleanorlow/robo1/install/drone_ignition_bringup/share/drone_ignition_bringup/package.sh'
[7.428s] INFO:colcon.colcon_core.shell:Creating package script '/home/eleanorlow/robo1/install/drone_ignition_bringup/share/drone_ignition_bringup/package.bash'
[7.429s] INFO:colcon.colcon_core.shell:Creating package script '/home/eleanorlow/robo1/install/drone_ignition_bringup/share/drone_ignition_bringup/package.zsh'
[7.429s] Level 1:colcon.colcon_core.environment:create_file_with_runtime_dependencies(/home/eleanorlow/robo1/install/drone_ignition_bringup/share/colcon-core/packages/drone_ignition_bringup)
[7.429s] DEBUG:colcon.colcon_parallel_executor.executor.parallel:closing loop
[7.430s] DEBUG:colcon.colcon_parallel_executor.executor.parallel:loop closed
[7.430s] DEBUG:colcon.colcon_parallel_executor.executor.parallel:run_until_complete finished with '0'
[7.430s] DEBUG:colcon.colcon_core.event_reactor:joining thread
[7.470s] INFO:colcon.colcon_core.plugin_system:Skipping extension 'colcon_notification.desktop_notification.terminal_notifier': Not used on non-Darwin systems
[7.470s] INFO:colcon.colcon_core.plugin_system:Skipping extension 'colcon_notification.desktop_notification.win32': Not used on non-Windows systems
[7.471s] INFO:colcon.colcon_notification.desktop_notification:Sending desktop notification using 'notify2'
[7.563s] DEBUG:colcon.colcon_core.event_reactor:joined thread
[7.563s] INFO:colcon.colcon_core.shell:Creating prefix script '/home/eleanorlow/robo1/install/local_setup.ps1'
[7.564s] INFO:colcon.colcon_core.shell:Creating prefix util module '/home/eleanorlow/robo1/install/_local_setup_util_ps1.py'
[7.566s] INFO:colcon.colcon_core.shell:Creating prefix chain script '/home/eleanorlow/robo1/install/setup.ps1'
[7.567s] INFO:colcon.colcon_core.shell:Creating prefix script '/home/eleanorlow/robo1/install/local_setup.sh'
[7.568s] INFO:colcon.colcon_core.shell:Creating prefix util module '/home/eleanorlow/robo1/install/_local_setup_util_sh.py'
[7.569s] INFO:colcon.colcon_core.shell:Creating prefix chain script '/home/eleanorlow/robo1/install/setup.sh'
[7.570s] INFO:colcon.colcon_core.shell:Creating prefix script '/home/eleanorlow/robo1/install/local_setup.bash'
[7.571s] INFO:colcon.colcon_core.shell:Creating prefix chain script '/home/eleanorlow/robo1/install/setup.bash'
[7.572s] INFO:colcon.colcon_core.shell:Creating prefix script '/home/eleanorlow/robo1/install/local_setup.zsh'
[7.572s] INFO:colcon.colcon_core.shell:Creating prefix chain script '/home/eleanorlow/robo1/install/setup.zsh'
