[0.069s] Invoking command in '/home/eleanorlow/robo1/build/41068_ignition_bringup': CMAKE_PREFIX_PATH=${CMAKE_PREFIX_PATH}:/opt/ros/humble /usr/bin/cmake --build /home/eleanorlow/robo1/build/41068_ignition_bringup -- -j8 -l8
[0.752s] Invoked command in '/home/eleanorlow/robo1/build/41068_ignition_bringup' returned '0': CMAKE_PREFIX_PATH=${CMAKE_PREFIX_PATH}:/opt/ros/humble /usr/bin/cmake --build /home/eleanorlow/robo1/build/41068_ignition_bringup -- -j8 -l8
[0.799s] Invoking command in '/home/eleanorlow/robo1/build/41068_ignition_bringup': CMAKE_PREFIX_PATH=${CMAKE_PREFIX_PATH}:/opt/ros/humble /usr/bin/cmake --install /home/eleanorlow/robo1/build/41068_ignition_bringup
[0.824s] -- Install configuration: ""
[0.824s] -- Up-to-date: /home/eleanorlow/robo1/install/41068_ignition_bringup/share/41068_ignition_bringup/config
[0.871s] -- Up-to-date: /home/eleanorlow/robo1/install/41068_ignition_bringup/share/41068_ignition_bringup/config/slam_params.yaml
[0.871s] -- Up-to-date: /home/eleanorlow/robo1/install/41068_ignition_bringup/share/41068_ignition_bringup/config/41068.rviz
[0.907s] -- Up-to-date: /home/eleanorlow/robo1/install/41068_ignition_bringup/share/41068_ignition_bringup/config/gazebo_bridge.yaml
[0.907s] -- Up-to-date: /home/eleanorlow/robo1/install/41068_ignition_bringup/share/41068_ignition_bringup/config/nav2_params.yaml
[0.920s] -- Up-to-date: /home/eleanorlow/robo1/install/41068_ignition_bringup/share/41068_ignition_bringup/config/robot_localization.yaml
[0.920s] -- Up-to-date: /home/eleanorlow/robo1/install/41068_ignition_bringup/share/41068_ignition_bringup/launch
[0.977s] -- Up-to-date: /home/eleanorlow/robo1/install/41068_ignition_bringup/share/41068_ignition_bringup/launch/41068_navigation.launch.py
[0.977s] -- Up-to-date: /home/eleanorlow/robo1/install/41068_ignition_bringup/share/41068_ignition_bringup/launch/41068_ignition.launch.py
[0.978s] -- Up-to-date: /home/eleanorlow/robo1/install/41068_ignition_bringup/share/41068_ignition_bringup/models
[0.978s] -- Up-to-date: /home/eleanorlow/robo1/install/41068_ignition_bringup/share/41068_ignition_bringup/models/forest_wall
[0.978s] -- Up-to-date: /home/eleanorlow/robo1/install/41068_ignition_bringup/share/41068_ignition_bringup/models/forest_wall/model.sdf
[0.978s] -- Up-to-date: /home/eleanorlow/robo1/install/41068_ignition_bringup/share/41068_ignition_bringup/models/forest_wall/materials
[0.993s] -- Up-to-date: /home/eleanorlow/robo1/install/41068_ignition_bringup/share/41068_ignition_bringup/models/forest_wall/materials/textures
[0.994s] -- Up-to-date: /home/eleanorlow/robo1/install/41068_ignition_bringup/share/41068_ignition_bringup/models/forest_wall/materials/textures/forest_wall.png
[0.994s] -- Up-to-date: /home/eleanorlow/robo1/install/41068_ignition_bringup/share/41068_ignition_bringup/models/forest_wall/materials/textures/forest_wall_transparent.png
[0.994s] -- Up-to-date: /home/eleanorlow/robo1/install/41068_ignition_bringup/share/41068_ignition_bringup/models/forest_wall/materials/textures/forest_wall_transparent_small.png
[1.014s] -- Up-to-date: /home/eleanorlow/robo1/install/41068_ignition_bringup/share/41068_ignition_bringup/models/forest_wall/model.config
[1.015s] -- Up-to-date: /home/eleanorlow/robo1/install/41068_ignition_bringup/share/41068_ignition_bringup/models/grass_plane
[1.015s] -- Up-to-date: /home/eleanorlow/robo1/install/41068_ignition_bringup/share/41068_ignition_bringup/models/grass_plane/model.sdf
[1.015s] -- Up-to-date: /home/eleanorlow/robo1/install/41068_ignition_bringup/share/41068_ignition_bringup/models/grass_plane/materials
[1.016s] -- Up-to-date: /home/eleanorlow/robo1/install/41068_ignition_bringup/share/41068_ignition_bringup/models/grass_plane/materials/textures
[1.017s] -- Up-to-date: /home/eleanorlow/robo1/install/41068_ignition_bringup/share/41068_ignition_bringup/models/grass_plane/materials/textures/empty_grass.png
[1.017s] -- Up-to-date: /home/eleanorlow/robo1/install/41068_ignition_bringup/share/41068_ignition_bringup/models/grass_plane/model.config
[1.017s] -- Up-to-date: /home/eleanorlow/robo1/install/41068_ignition_bringup/share/41068_ignition_bringup/models/forest_plane
[1.017s] -- Up-to-date: /home/eleanorlow/robo1/install/41068_ignition_bringup/share/41068_ignition_bringup/models/forest_plane/model.sdf
[1.017s] -- Up-to-date: /home/eleanorlow/robo1/install/41068_ignition_bringup/share/41068_ignition_bringup/models/forest_plane/materials
[1.047s] -- Up-to-date: /home/eleanorlow/robo1/install/41068_ignition_bringup/share/41068_ignition_bringup/models/forest_plane/materials/textures
[1.048s] -- Up-to-date: /home/eleanorlow/robo1/install/41068_ignition_bringup/share/41068_ignition_bringup/models/forest_plane/materials/textures/forest_overhead.png
[1.048s] -- Up-to-date: /home/eleanorlow/robo1/install/41068_ignition_bringup/share/41068_ignition_bringup/models/forest_plane/materials/textures/leaf_litter.png
[1.048s] -- Up-to-date: /home/eleanorlow/robo1/install/41068_ignition_bringup/share/41068_ignition_bringup/models/forest_plane/materials/textures/empty_grass.png
[1.049s] -- Up-to-date: /home/eleanorlow/robo1/install/41068_ignition_bringup/share/41068_ignition_bringup/models/forest_plane/model.config
[1.050s] -- Up-to-date: /home/eleanorlow/robo1/install/41068_ignition_bringup/share/41068_ignition_bringup/urdf
[1.050s] -- Up-to-date: /home/eleanorlow/robo1/install/41068_ignition_bringup/share/41068_ignition_bringup/urdf/meshes
[1.050s] -- Up-to-date: /home/eleanorlow/robo1/install/41068_ignition_bringup/share/41068_ignition_bringup/urdf/meshes/top_plate.dae
[1.050s] -- Up-to-date: /home/eleanorlow/robo1/install/41068_ignition_bringup/share/41068_ignition_bringup/urdf/meshes/wheel.dae
[1.050s] -- Up-to-date: /home/eleanorlow/robo1/install/41068_ignition_bringup/share/41068_ignition_bringup/urdf/meshes/bumper.dae
[1.050s] -- Up-to-date: /home/eleanorlow/robo1/install/41068_ignition_bringup/share/41068_ignition_bringup/urdf/meshes/base_link.dae
[1.051s] -- Up-to-date: /home/eleanorlow/robo1/install/41068_ignition_bringup/share/41068_ignition_bringup/urdf/meshes/jpl04_arch_nosensor.stl
[1.051s] -- Up-to-date: /home/eleanorlow/robo1/install/41068_ignition_bringup/share/41068_ignition_bringup/urdf/meshes/top_chassis.dae
[1.051s] -- Up-to-date: /home/eleanorlow/robo1/install/41068_ignition_bringup/share/41068_ignition_bringup/urdf/husky.gazebo.xacro
[1.051s] -- Up-to-date: /home/eleanorlow/robo1/install/41068_ignition_bringup/share/41068_ignition_bringup/urdf/wheel.urdf.xacro
[1.051s] -- Up-to-date: /home/eleanorlow/robo1/install/41068_ignition_bringup/share/41068_ignition_bringup/urdf/husky.urdf.xacro
[1.051s] -- Up-to-date: /home/eleanorlow/robo1/install/41068_ignition_bringup/share/41068_ignition_bringup/urdf/common_properties.urdf.xacro
[1.051s] -- Up-to-date: /home/eleanorlow/robo1/install/41068_ignition_bringup/share/41068_ignition_bringup/worlds
[1.051s] -- Up-to-date: /home/eleanorlow/robo1/install/41068_ignition_bringup/share/41068_ignition_bringup/worlds/large_demo.sdf
[1.051s] -- Up-to-date: /home/eleanorlow/robo1/install/41068_ignition_bringup/share/41068_ignition_bringup/worlds/simple_trees.sdf
[1.051s] -- Up-to-date: /home/eleanorlow/robo1/install/41068_ignition_bringup/share/ament_index/resource_index/package_run_dependencies/41068_ignition_bringup
[1.052s] -- Up-to-date: /home/eleanorlow/robo1/install/41068_ignition_bringup/share/ament_index/resource_index/parent_prefix_path/41068_ignition_bringup
[1.052s] -- Up-to-date: /home/eleanorlow/robo1/install/41068_ignition_bringup/share/41068_ignition_bringup/environment/ament_prefix_path.sh
[1.052s] -- Up-to-date: /home/eleanorlow/robo1/install/41068_ignition_bringup/share/41068_ignition_bringup/environment/ament_prefix_path.dsv
[1.052s] -- Up-to-date: /home/eleanorlow/robo1/install/41068_ignition_bringup/share/41068_ignition_bringup/environment/path.sh
[1.052s] -- Up-to-date: /home/eleanorlow/robo1/install/41068_ignition_bringup/share/41068_ignition_bringup/environment/path.dsv
[1.052s] -- Up-to-date: /home/eleanorlow/robo1/install/41068_ignition_bringup/share/41068_ignition_bringup/local_setup.bash
[1.052s] -- Up-to-date: /home/eleanorlow/robo1/install/41068_ignition_bringup/share/41068_ignition_bringup/local_setup.sh
[1.052s] -- Up-to-date: /home/eleanorlow/robo1/install/41068_ignition_bringup/share/41068_ignition_bringup/local_setup.zsh
[1.052s] -- Up-to-date: /home/eleanorlow/robo1/install/41068_ignition_bringup/share/41068_ignition_bringup/local_setup.dsv
[1.053s] -- Installing: /home/eleanorlow/robo1/install/41068_ignition_bringup/share/41068_ignition_bringup/package.dsv
[1.066s] -- Up-to-date: /home/eleanorlow/robo1/install/41068_ignition_bringup/share/ament_index/resource_index/packages/41068_ignition_bringup
[1.066s] -- Up-to-date: /home/eleanorlow/robo1/install/41068_ignition_bringup/share/41068_ignition_bringup/cmake/41068_ignition_bringupConfig.cmake
[1.066s] -- Up-to-date: /home/eleanorlow/robo1/install/41068_ignition_bringup/share/41068_ignition_bringup/cmake/41068_ignition_bringupConfig-version.cmake
[1.066s] -- Up-to-date: /home/eleanorlow/robo1/install/41068_ignition_bringup/share/41068_ignition_bringup/package.xml
[1.234s] Invoked command in '/home/eleanorlow/robo1/build/41068_ignition_bringup' returned '0': CMAKE_PREFIX_PATH=${CMAKE_PREFIX_PATH}:/opt/ros/humble /usr/bin/cmake --install /home/eleanorlow/robo1/build/41068_ignition_bringup
