[0.130s] Invoking command in '/home/eleanorlow/robo1/build/drone_ignition_bringup': CMAKE_PREFIX_PATH=${CMAKE_PREFIX_PATH}:/opt/ros/humble /usr/bin/cmake --build /home/eleanorlow/robo1/build/drone_ignition_bringup -- -j8 -l8
[1.381s] Invoked command in '/home/eleanorlow/robo1/build/drone_ignition_bringup' returned '0': CMAKE_PREFIX_PATH=${CMAKE_PREFIX_PATH}:/opt/ros/humble /usr/bin/cmake --build /home/eleanorlow/robo1/build/drone_ignition_bringup -- -j8 -l8
[1.390s] Invoking command in '/home/eleanorlow/robo1/build/drone_ignition_bringup': CMAKE_PREFIX_PATH=${CMAKE_PREFIX_PATH}:/opt/ros/humble /usr/bin/cmake --install /home/eleanorlow/robo1/build/drone_ignition_bringup
[1.407s] -- Install configuration: ""
[1.419s] -- Up-to-date: /home/eleanorlow/robo1/install/drone_ignition_bringup/share/drone_ignition_bringup/config
[1.434s] -- Up-to-date: /home/eleanorlow/robo1/install/drone_ignition_bringup/share/drone_ignition_bringup/config/slam_params.yaml
[1.434s] -- Up-to-date: /home/eleanorlow/robo1/install/drone_ignition_bringup/share/drone_ignition_bringup/config/drone.rviz
[1.434s] -- Up-to-date: /home/eleanorlow/robo1/install/drone_ignition_bringup/share/drone_ignition_bringup/config/gazebo_bridge.yaml
[1.435s] -- Up-to-date: /home/eleanorlow/robo1/install/drone_ignition_bringup/share/drone_ignition_bringup/config/nav2_params.yaml
[1.435s] -- Up-to-date: /home/eleanorlow/robo1/install/drone_ignition_bringup/share/drone_ignition_bringup/config/robot_localization.yaml
[1.435s] -- Up-to-date: /home/eleanorlow/robo1/install/drone_ignition_bringup/share/drone_ignition_bringup/launch
[1.449s] -- Up-to-date: /home/eleanorlow/robo1/install/drone_ignition_bringup/share/drone_ignition_bringup/launch/drone_ignition.launch.py
[1.449s] -- Up-to-date: /home/eleanorlow/robo1/install/drone_ignition_bringup/share/drone_ignition_bringup/launch/drone_navigation.launch.py
[1.450s] -- Up-to-date: /home/eleanorlow/robo1/install/drone_ignition_bringup/share/drone_ignition_bringup/models
[1.461s] -- Up-to-date: /home/eleanorlow/robo1/install/drone_ignition_bringup/share/drone_ignition_bringup/models/forest_wall
[1.499s] -- Up-to-date: /home/eleanorlow/robo1/install/drone_ignition_bringup/share/drone_ignition_bringup/models/forest_wall/model.sdf
[1.499s] -- Up-to-date: /home/eleanorlow/robo1/install/drone_ignition_bringup/share/drone_ignition_bringup/models/forest_wall/materials
[1.532s] -- Up-to-date: /home/eleanorlow/robo1/install/drone_ignition_bringup/share/drone_ignition_bringup/models/forest_wall/materials/textures
[1.577s] -- Up-to-date: /home/eleanorlow/robo1/install/drone_ignition_bringup/share/drone_ignition_bringup/models/forest_wall/materials/textures/forest_wall.png
[1.577s] -- Up-to-date: /home/eleanorlow/robo1/install/drone_ignition_bringup/share/drone_ignition_bringup/models/forest_wall/materials/textures/forest_wall_transparent.png
[1.578s] -- Up-to-date: /home/eleanorlow/robo1/install/drone_ignition_bringup/share/drone_ignition_bringup/models/forest_wall/materials/textures/forest_wall_transparent_small.png
[1.578s] -- Up-to-date: /home/eleanorlow/robo1/install/drone_ignition_bringup/share/drone_ignition_bringup/models/forest_wall/model.config
[1.578s] -- Up-to-date: /home/eleanorlow/robo1/install/drone_ignition_bringup/share/drone_ignition_bringup/models/grass_plane
[1.614s] -- Up-to-date: /home/eleanorlow/robo1/install/drone_ignition_bringup/share/drone_ignition_bringup/models/grass_plane/model.sdf
[1.614s] -- Up-to-date: /home/eleanorlow/robo1/install/drone_ignition_bringup/share/drone_ignition_bringup/models/grass_plane/materials
[1.639s] -- Up-to-date: /home/eleanorlow/robo1/install/drone_ignition_bringup/share/drone_ignition_bringup/models/grass_plane/materials/textures
[1.658s] -- Up-to-date: /home/eleanorlow/robo1/install/drone_ignition_bringup/share/drone_ignition_bringup/models/grass_plane/materials/textures/empty_grass.png
[1.659s] -- Up-to-date: /home/eleanorlow/robo1/install/drone_ignition_bringup/share/drone_ignition_bringup/models/grass_plane/model.config
[1.659s] -- Up-to-date: /home/eleanorlow/robo1/install/drone_ignition_bringup/share/drone_ignition_bringup/models/forest_plane
[1.671s] -- Up-to-date: /home/eleanorlow/robo1/install/drone_ignition_bringup/share/drone_ignition_bringup/models/forest_plane/model.sdf
[1.671s] -- Up-to-date: /home/eleanorlow/robo1/install/drone_ignition_bringup/share/drone_ignition_bringup/models/forest_plane/materials
[1.672s] -- Up-to-date: /home/eleanorlow/robo1/install/drone_ignition_bringup/share/drone_ignition_bringup/models/forest_plane/materials/textures
[1.688s] -- Up-to-date: /home/eleanorlow/robo1/install/drone_ignition_bringup/share/drone_ignition_bringup/models/forest_plane/materials/textures/forest_overhead.png
[1.688s] -- Up-to-date: /home/eleanorlow/robo1/install/drone_ignition_bringup/share/drone_ignition_bringup/models/forest_plane/materials/textures/leaf_litter.png
[1.688s] -- Up-to-date: /home/eleanorlow/robo1/install/drone_ignition_bringup/share/drone_ignition_bringup/models/forest_plane/materials/textures/empty_grass.png
[1.688s] -- Up-to-date: /home/eleanorlow/robo1/install/drone_ignition_bringup/share/drone_ignition_bringup/models/forest_plane/model.config
[1.688s] -- Up-to-date: /home/eleanorlow/robo1/install/drone_ignition_bringup/share/drone_ignition_bringup/urdf
[1.688s] -- Up-to-date: /home/eleanorlow/robo1/install/drone_ignition_bringup/share/drone_ignition_bringup/urdf/meshes
[1.709s] -- Up-to-date: /home/eleanorlow/robo1/install/drone_ignition_bringup/share/drone_ignition_bringup/urdf/meshes/propeller_ccw.dae
[1.709s] -- Up-to-date: /home/eleanorlow/robo1/install/drone_ignition_bringup/share/drone_ignition_bringup/urdf/meshes/vi_camera.jpg
[1.709s] -- Up-to-date: /home/eleanorlow/robo1/install/drone_ignition_bringup/share/drone_ignition_bringup/urdf/meshes/vi_sensor.jpg
[1.709s] -- Up-to-date: /home/eleanorlow/robo1/install/drone_ignition_bringup/share/drone_ignition_bringup/urdf/meshes/x4.dae
[1.709s] -- Up-to-date: /home/eleanorlow/robo1/install/drone_ignition_bringup/share/drone_ignition_bringup/urdf/meshes/vi_camera.dae
[1.710s] -- Up-to-date: /home/eleanorlow/robo1/install/drone_ignition_bringup/share/drone_ignition_bringup/urdf/meshes/propeller_cw.dae
[1.710s] -- Up-to-date: /home/eleanorlow/robo1/install/drone_ignition_bringup/share/drone_ignition_bringup/urdf/meshes/led_lamp.dae
[1.710s] -- Up-to-date: /home/eleanorlow/robo1/install/drone_ignition_bringup/share/drone_ignition_bringup/urdf/meshes/neo11_propeller_cw.dae
[1.710s] -- Up-to-date: /home/eleanorlow/robo1/install/drone_ignition_bringup/share/drone_ignition_bringup/urdf/meshes/led.dae
[1.710s] -- Up-to-date: /home/eleanorlow/robo1/install/drone_ignition_bringup/share/drone_ignition_bringup/urdf/meshes/pelican.dae
[1.710s] -- Up-to-date: /home/eleanorlow/robo1/install/drone_ignition_bringup/share/drone_ignition_bringup/urdf/meshes/x4.jpg
[1.711s] -- Up-to-date: /home/eleanorlow/robo1/install/drone_ignition_bringup/share/drone_ignition_bringup/urdf/meshes/spotlight.dae
[1.711s] -- Up-to-date: /home/eleanorlow/robo1/install/drone_ignition_bringup/share/drone_ignition_bringup/urdf/meshes/vi_sensor.dae
[1.711s] -- Up-to-date: /home/eleanorlow/robo1/install/drone_ignition_bringup/share/drone_ignition_bringup/urdf/meshes/neo11_propeller_ccw.dae
[1.711s] -- Up-to-date: /home/eleanorlow/robo1/install/drone_ignition_bringup/share/drone_ignition_bringup/urdf/proparm.urdf.xacro
[1.711s] -- Up-to-date: /home/eleanorlow/robo1/install/drone_ignition_bringup/share/drone_ignition_bringup/urdf/X4 UAV Config 6
[1.735s] -- Up-to-date: /home/eleanorlow/robo1/install/drone_ignition_bringup/share/drone_ignition_bringup/urdf/X4 UAV Config 6/model.sdf
[1.735s] -- Up-to-date: /home/eleanorlow/robo1/install/drone_ignition_bringup/share/drone_ignition_bringup/urdf/X4 UAV Config 6/meshes
[1.748s] -- Up-to-date: /home/eleanorlow/robo1/install/drone_ignition_bringup/share/drone_ignition_bringup/urdf/X4 UAV Config 6/meshes/propeller_ccw.dae
[1.749s] -- Up-to-date: /home/eleanorlow/robo1/install/drone_ignition_bringup/share/drone_ignition_bringup/urdf/X4 UAV Config 6/meshes/vi_camera.jpg
[1.749s] -- Up-to-date: /home/eleanorlow/robo1/install/drone_ignition_bringup/share/drone_ignition_bringup/urdf/X4 UAV Config 6/meshes/vi_sensor.jpg
[1.749s] -- Up-to-date: /home/eleanorlow/robo1/install/drone_ignition_bringup/share/drone_ignition_bringup/urdf/X4 UAV Config 6/meshes/x4.dae
[1.749s] -- Up-to-date: /home/eleanorlow/robo1/install/drone_ignition_bringup/share/drone_ignition_bringup/urdf/X4 UAV Config 6/meshes/vi_camera.dae
[1.749s] -- Up-to-date: /home/eleanorlow/robo1/install/drone_ignition_bringup/share/drone_ignition_bringup/urdf/X4 UAV Config 6/meshes/propeller_cw.dae
[1.749s] -- Up-to-date: /home/eleanorlow/robo1/install/drone_ignition_bringup/share/drone_ignition_bringup/urdf/X4 UAV Config 6/meshes/led_lamp.dae
[1.750s] -- Up-to-date: /home/eleanorlow/robo1/install/drone_ignition_bringup/share/drone_ignition_bringup/urdf/X4 UAV Config 6/meshes/neo11_propeller_cw.dae
[1.750s] -- Up-to-date: /home/eleanorlow/robo1/install/drone_ignition_bringup/share/drone_ignition_bringup/urdf/X4 UAV Config 6/meshes/led.dae
[1.750s] -- Up-to-date: /home/eleanorlow/robo1/install/drone_ignition_bringup/share/drone_ignition_bringup/urdf/X4 UAV Config 6/meshes/pelican.dae
[1.750s] -- Up-to-date: /home/eleanorlow/robo1/install/drone_ignition_bringup/share/drone_ignition_bringup/urdf/X4 UAV Config 6/meshes/x4.jpg
[1.750s] -- Up-to-date: /home/eleanorlow/robo1/install/drone_ignition_bringup/share/drone_ignition_bringup/urdf/X4 UAV Config 6/meshes/spotlight.dae
[1.750s] -- Up-to-date: /home/eleanorlow/robo1/install/drone_ignition_bringup/share/drone_ignition_bringup/urdf/X4 UAV Config 6/meshes/vi_sensor.dae
[1.751s] -- Up-to-date: /home/eleanorlow/robo1/install/drone_ignition_bringup/share/drone_ignition_bringup/urdf/X4 UAV Config 6/meshes/neo11_propeller_ccw.dae
[1.751s] -- Up-to-date: /home/eleanorlow/robo1/install/drone_ignition_bringup/share/drone_ignition_bringup/urdf/X4 UAV Config 6/worlds
[1.773s] -- Up-to-date: /home/eleanorlow/robo1/install/drone_ignition_bringup/share/drone_ignition_bringup/urdf/X4 UAV Config 6/worlds/example.sdf
[1.773s] -- Up-to-date: /home/eleanorlow/robo1/install/drone_ignition_bringup/share/drone_ignition_bringup/urdf/X4 UAV Config 6/materials
[1.774s] -- Up-to-date: /home/eleanorlow/robo1/install/drone_ignition_bringup/share/drone_ignition_bringup/urdf/X4 UAV Config 6/materials/textures
[1.775s] -- Up-to-date: /home/eleanorlow/robo1/install/drone_ignition_bringup/share/drone_ignition_bringup/urdf/X4 UAV Config 6/materials/textures/led.jpg
[1.775s] -- Up-to-date: /home/eleanorlow/robo1/install/drone_ignition_bringup/share/drone_ignition_bringup/urdf/X4 UAV Config 6/materials/textures/spotlight.jpg
[1.775s] -- Up-to-date: /home/eleanorlow/robo1/install/drone_ignition_bringup/share/drone_ignition_bringup/urdf/X4 UAV Config 6/thumbnails
[1.786s] -- Up-to-date: /home/eleanorlow/robo1/install/drone_ignition_bringup/share/drone_ignition_bringup/urdf/X4 UAV Config 6/thumbnails/3.jpg
[1.787s] -- Up-to-date: /home/eleanorlow/robo1/install/drone_ignition_bringup/share/drone_ignition_bringup/urdf/X4 UAV Config 6/thumbnails/4.jpg
[1.787s] -- Up-to-date: /home/eleanorlow/robo1/install/drone_ignition_bringup/share/drone_ignition_bringup/urdf/X4 UAV Config 6/thumbnails/5.jpg
[1.787s] -- Up-to-date: /home/eleanorlow/robo1/install/drone_ignition_bringup/share/drone_ignition_bringup/urdf/X4 UAV Config 6/thumbnails/2.jpg
[1.787s] -- Up-to-date: /home/eleanorlow/robo1/install/drone_ignition_bringup/share/drone_ignition_bringup/urdf/X4 UAV Config 6/thumbnails/1.jpg
[1.787s] -- Up-to-date: /home/eleanorlow/robo1/install/drone_ignition_bringup/share/drone_ignition_bringup/urdf/X4 UAV Config 6/model.config
[1.787s] -- Installing: /home/eleanorlow/robo1/install/drone_ignition_bringup/share/drone_ignition_bringup/urdf/drone.urdf.xacro
[1.787s] -- Up-to-date: /home/eleanorlow/robo1/install/drone_ignition_bringup/share/drone_ignition_bringup/urdf/drone.gazebo.xacro
[1.787s] -- Up-to-date: /home/eleanorlow/robo1/install/drone_ignition_bringup/share/drone_ignition_bringup/urdf/common_properties.urdf.xacro
[1.788s] -- Up-to-date: /home/eleanorlow/robo1/install/drone_ignition_bringup/share/drone_ignition_bringup/worlds
[1.791s] -- Up-to-date: /home/eleanorlow/robo1/install/drone_ignition_bringup/share/drone_ignition_bringup/worlds/large_demo.sdf
[1.791s] -- Up-to-date: /home/eleanorlow/robo1/install/drone_ignition_bringup/share/drone_ignition_bringup/worlds/simple_trees.sdf
[1.791s] -- Up-to-date: /home/eleanorlow/robo1/install/drone_ignition_bringup/share/ament_index/resource_index/package_run_dependencies/drone_ignition_bringup
[1.791s] -- Up-to-date: /home/eleanorlow/robo1/install/drone_ignition_bringup/share/ament_index/resource_index/parent_prefix_path/drone_ignition_bringup
[1.813s] -- Up-to-date: /home/eleanorlow/robo1/install/drone_ignition_bringup/share/drone_ignition_bringup/environment/ament_prefix_path.sh
[1.813s] -- Up-to-date: /home/eleanorlow/robo1/install/drone_ignition_bringup/share/drone_ignition_bringup/environment/ament_prefix_path.dsv
[1.814s] -- Up-to-date: /home/eleanorlow/robo1/install/drone_ignition_bringup/share/drone_ignition_bringup/environment/path.sh
[1.814s] -- Up-to-date: /home/eleanorlow/robo1/install/drone_ignition_bringup/share/drone_ignition_bringup/environment/path.dsv
[1.814s] -- Up-to-date: /home/eleanorlow/robo1/install/drone_ignition_bringup/share/drone_ignition_bringup/local_setup.bash
[1.814s] -- Up-to-date: /home/eleanorlow/robo1/install/drone_ignition_bringup/share/drone_ignition_bringup/local_setup.sh
[1.814s] -- Up-to-date: /home/eleanorlow/robo1/install/drone_ignition_bringup/share/drone_ignition_bringup/local_setup.zsh
[1.814s] -- Up-to-date: /home/eleanorlow/robo1/install/drone_ignition_bringup/share/drone_ignition_bringup/local_setup.dsv
[1.815s] -- Installing: /home/eleanorlow/robo1/install/drone_ignition_bringup/share/drone_ignition_bringup/package.dsv
[1.816s] -- Up-to-date: /home/eleanorlow/robo1/install/drone_ignition_bringup/share/ament_index/resource_index/packages/drone_ignition_bringup
[1.830s] -- Up-to-date: /home/eleanorlow/robo1/install/drone_ignition_bringup/share/drone_ignition_bringup/cmake/drone_ignition_bringupConfig.cmake
[1.830s] -- Up-to-date: /home/eleanorlow/robo1/install/drone_ignition_bringup/share/drone_ignition_bringup/cmake/drone_ignition_bringupConfig-version.cmake
[1.830s] -- Up-to-date: /home/eleanorlow/robo1/install/drone_ignition_bringup/share/drone_ignition_bringup/package.xml
[1.833s] Invoked command in '/home/eleanorlow/robo1/build/drone_ignition_bringup' returned '0': CMAKE_PREFIX_PATH=${CMAKE_PREFIX_PATH}:/opt/ros/humble /usr/bin/cmake --install /home/eleanorlow/robo1/build/drone_ignition_bringup
