-- Install configuration: ""
-- Execute custom install script
-- Up-to-date symlink: /home/eleanorlow/robo1/install/drone_ignition_bringup/share/drone_ignition_bringup/config/drone.rviz
-- Up-to-date symlink: /home/eleanorlow/robo1/install/drone_ignition_bringup/share/drone_ignition_bringup/config/gazebo_bridge.yaml
-- Up-to-date symlink: /home/eleanorlow/robo1/install/drone_ignition_bringup/share/drone_ignition_bringup/config/nav2_params.yaml
-- Up-to-date symlink: /home/eleanorlow/robo1/install/drone_ignition_bringup/share/drone_ignition_bringup/config/robot_localization.yaml
-- Up-to-date symlink: /home/eleanorlow/robo1/install/drone_ignition_bringup/share/drone_ignition_bringup/config/slam_params.yaml
-- Up-to-date symlink: /home/eleanorlow/robo1/install/drone_ignition_bringup/share/drone_ignition_bringup/launch/drone_ignition.launch.py
-- Up-to-date symlink: /home/eleanorlow/robo1/install/drone_ignition_bringup/share/drone_ignition_bringup/launch/drone_navigation.launch.py
-- Up-to-date symlink: /home/eleanorlow/robo1/install/drone_ignition_bringup/share/drone_ignition_bringup/models/bush_3/meshes/Summer_B.jpg
-- Up-to-date symlink: /home/eleanorlow/robo1/install/drone_ignition_bringup/share/drone_ignition_bringup/models/bush_3/meshes/bush_3.mtl
-- Up-to-date symlink: /home/eleanorlow/robo1/install/drone_ignition_bringup/share/drone_ignition_bringup/models/bush_3/meshes/bush_3.obj
-- Up-to-date symlink: /home/eleanorlow/robo1/install/drone_ignition_bringup/share/drone_ignition_bringup/models/bush_3/model.config
-- Up-to-date symlink: /home/eleanorlow/robo1/install/drone_ignition_bringup/share/drone_ignition_bringup/models/bush_3/model.sdf
-- Up-to-date symlink: /home/eleanorlow/robo1/install/drone_ignition_bringup/share/drone_ignition_bringup/models/bush_4/meshes/Bright_G.jpg
-- Up-to-date symlink: /home/eleanorlow/robo1/install/drone_ignition_bringup/share/drone_ignition_bringup/models/bush_4/meshes/bush_4.mtl
-- Up-to-date symlink: /home/eleanorlow/robo1/install/drone_ignition_bringup/share/drone_ignition_bringup/models/bush_4/meshes/bush_4.obj
-- Up-to-date symlink: /home/eleanorlow/robo1/install/drone_ignition_bringup/share/drone_ignition_bringup/models/bush_4/model.config
-- Up-to-date symlink: /home/eleanorlow/robo1/install/drone_ignition_bringup/share/drone_ignition_bringup/models/bush_4/model.sdf
-- Up-to-date symlink: /home/eleanorlow/robo1/install/drone_ignition_bringup/share/drone_ignition_bringup/models/bush_5/meshes/Small_na.jpg
-- Up-to-date symlink: /home/eleanorlow/robo1/install/drone_ignition_bringup/share/drone_ignition_bringup/models/bush_5/meshes/bush_5.mtl
-- Up-to-date symlink: /home/eleanorlow/robo1/install/drone_ignition_bringup/share/drone_ignition_bringup/models/bush_5/meshes/bush_5.obj
-- Up-to-date symlink: /home/eleanorlow/robo1/install/drone_ignition_bringup/share/drone_ignition_bringup/models/bush_5/model.config
-- Up-to-date symlink: /home/eleanorlow/robo1/install/drone_ignition_bringup/share/drone_ignition_bringup/models/bush_5/model.sdf
-- Up-to-date symlink: /home/eleanorlow/robo1/install/drone_ignition_bringup/share/drone_ignition_bringup/models/forest_plane/materials/textures/empty_grass.png
-- Up-to-date symlink: /home/eleanorlow/robo1/install/drone_ignition_bringup/share/drone_ignition_bringup/models/forest_plane/materials/textures/forest_overhead.png
-- Up-to-date symlink: /home/eleanorlow/robo1/install/drone_ignition_bringup/share/drone_ignition_bringup/models/forest_plane/materials/textures/leaf_litter.png
-- Up-to-date symlink: /home/eleanorlow/robo1/install/drone_ignition_bringup/share/drone_ignition_bringup/models/forest_plane/model.config
-- Up-to-date symlink: /home/eleanorlow/robo1/install/drone_ignition_bringup/share/drone_ignition_bringup/models/forest_plane/model.sdf
-- Up-to-date symlink: /home/eleanorlow/robo1/install/drone_ignition_bringup/share/drone_ignition_bringup/models/forest_wall/materials/textures/forest_wall.png
-- Up-to-date symlink: /home/eleanorlow/robo1/install/drone_ignition_bringup/share/drone_ignition_bringup/models/forest_wall/materials/textures/forest_wall_transparent.png
-- Up-to-date symlink: /home/eleanorlow/robo1/install/drone_ignition_bringup/share/drone_ignition_bringup/models/forest_wall/materials/textures/forest_wall_transparent_small.png
-- Up-to-date symlink: /home/eleanorlow/robo1/install/drone_ignition_bringup/share/drone_ignition_bringup/models/forest_wall/model.config
-- Up-to-date symlink: /home/eleanorlow/robo1/install/drone_ignition_bringup/share/drone_ignition_bringup/models/forest_wall/model.sdf
-- Up-to-date symlink: /home/eleanorlow/robo1/install/drone_ignition_bringup/share/drone_ignition_bringup/models/grass_plane/materials/textures/empty_grass.png
-- Up-to-date symlink: /home/eleanorlow/robo1/install/drone_ignition_bringup/share/drone_ignition_bringup/models/grass_plane/model.config
-- Up-to-date symlink: /home/eleanorlow/robo1/install/drone_ignition_bringup/share/drone_ignition_bringup/models/grass_plane/model.sdf
-- Up-to-date symlink: /home/eleanorlow/robo1/install/drone_ignition_bringup/share/drone_ignition_bringup/models/palm_tree/meshes/model/__Wood_Lumber_ButtJoined_.jpg
-- Up-to-date symlink: /home/eleanorlow/robo1/install/drone_ignition_bringup/share/drone_ignition_bringup/models/palm_tree/meshes/palm_tree.dae
-- Up-to-date symlink: /home/eleanorlow/robo1/install/drone_ignition_bringup/share/drone_ignition_bringup/models/palm_tree/model.config
-- Up-to-date symlink: /home/eleanorlow/robo1/install/drone_ignition_bringup/share/drone_ignition_bringup/models/palm_tree/model.sdf
-- Up-to-date symlink: /home/eleanorlow/robo1/install/drone_ignition_bringup/share/drone_ignition_bringup/models/tree_1/meshes/Sonnerat.jpg
-- Up-to-date symlink: /home/eleanorlow/robo1/install/drone_ignition_bringup/share/drone_ignition_bringup/models/tree_1/meshes/tree_1.mtl
-- Up-to-date symlink: /home/eleanorlow/robo1/install/drone_ignition_bringup/share/drone_ignition_bringup/models/tree_1/meshes/tree_1.obj
-- Up-to-date symlink: /home/eleanorlow/robo1/install/drone_ignition_bringup/share/drone_ignition_bringup/models/tree_1/model.config
-- Up-to-date symlink: /home/eleanorlow/robo1/install/drone_ignition_bringup/share/drone_ignition_bringup/models/tree_1/model.sdf
-- Up-to-date symlink: /home/eleanorlow/robo1/install/drone_ignition_bringup/share/drone_ignition_bringup/models/tree_2/meshes/Mossy_Tr.jpg
-- Up-to-date symlink: /home/eleanorlow/robo1/install/drone_ignition_bringup/share/drone_ignition_bringup/models/tree_2/meshes/Walnut_L.jpg
-- Up-to-date symlink: /home/eleanorlow/robo1/install/drone_ignition_bringup/share/drone_ignition_bringup/models/tree_2/meshes/tree_2.mtl
-- Up-to-date symlink: /home/eleanorlow/robo1/install/drone_ignition_bringup/share/drone_ignition_bringup/models/tree_2/meshes/tree_2.obj
-- Up-to-date symlink: /home/eleanorlow/robo1/install/drone_ignition_bringup/share/drone_ignition_bringup/models/tree_2/model.config
-- Up-to-date symlink: /home/eleanorlow/robo1/install/drone_ignition_bringup/share/drone_ignition_bringup/models/tree_2/model.sdf
-- Up-to-date symlink: /home/eleanorlow/robo1/install/drone_ignition_bringup/share/drone_ignition_bringup/models/tree_3/meshes/Walnut_L.jpg
-- Up-to-date symlink: /home/eleanorlow/robo1/install/drone_ignition_bringup/share/drone_ignition_bringup/models/tree_3/meshes/tree_3.mtl
-- Up-to-date symlink: /home/eleanorlow/robo1/install/drone_ignition_bringup/share/drone_ignition_bringup/models/tree_3/meshes/tree_3.obj
-- Up-to-date symlink: /home/eleanorlow/robo1/install/drone_ignition_bringup/share/drone_ignition_bringup/models/tree_3/model.config
-- Up-to-date symlink: /home/eleanorlow/robo1/install/drone_ignition_bringup/share/drone_ignition_bringup/models/tree_3/model.sdf
-- Up-to-date symlink: /home/eleanorlow/robo1/install/drone_ignition_bringup/share/drone_ignition_bringup/models/tree_4/meshes/Bottom_T.jpg
-- Up-to-date symlink: /home/eleanorlow/robo1/install/drone_ignition_bringup/share/drone_ignition_bringup/models/tree_4/meshes/tree_4.mtl
-- Up-to-date symlink: /home/eleanorlow/robo1/install/drone_ignition_bringup/share/drone_ignition_bringup/models/tree_4/meshes/tree_4.obj
-- Up-to-date symlink: /home/eleanorlow/robo1/install/drone_ignition_bringup/share/drone_ignition_bringup/models/tree_4/model.config
-- Up-to-date symlink: /home/eleanorlow/robo1/install/drone_ignition_bringup/share/drone_ignition_bringup/models/tree_4/model.sdf
-- Up-to-date symlink: /home/eleanorlow/robo1/install/drone_ignition_bringup/share/drone_ignition_bringup/models/tree_5/meshes/Bark___S.jpg
-- Up-to-date symlink: /home/eleanorlow/robo1/install/drone_ignition_bringup/share/drone_ignition_bringup/models/tree_5/meshes/tree.mtl
-- Up-to-date symlink: /home/eleanorlow/robo1/install/drone_ignition_bringup/share/drone_ignition_bringup/models/tree_5/meshes/tree.obj
-- Up-to-date symlink: /home/eleanorlow/robo1/install/drone_ignition_bringup/share/drone_ignition_bringup/models/tree_5/model.config
-- Up-to-date symlink: /home/eleanorlow/robo1/install/drone_ignition_bringup/share/drone_ignition_bringup/models/tree_5/model.sdf
-- Up-to-date symlink: /home/eleanorlow/robo1/install/drone_ignition_bringup/share/drone_ignition_bringup/models/tree_6/meshes/Oak_Leav.jpg
-- Up-to-date symlink: /home/eleanorlow/robo1/install/drone_ignition_bringup/share/drone_ignition_bringup/models/tree_6/meshes/tree.mtl
-- Up-to-date symlink: /home/eleanorlow/robo1/install/drone_ignition_bringup/share/drone_ignition_bringup/models/tree_6/meshes/tree.obj
-- Up-to-date symlink: /home/eleanorlow/robo1/install/drone_ignition_bringup/share/drone_ignition_bringup/models/tree_6/model.config
-- Up-to-date symlink: /home/eleanorlow/robo1/install/drone_ignition_bringup/share/drone_ignition_bringup/models/tree_6/model.sdf
-- Up-to-date symlink: /home/eleanorlow/robo1/install/drone_ignition_bringup/share/drone_ignition_bringup/models/tree_7/meshes/Bark___0.jpg
-- Up-to-date symlink: /home/eleanorlow/robo1/install/drone_ignition_bringup/share/drone_ignition_bringup/models/tree_7/meshes/tree_7.mtl
-- Up-to-date symlink: /home/eleanorlow/robo1/install/drone_ignition_bringup/share/drone_ignition_bringup/models/tree_7/meshes/tree_7.obj
-- Up-to-date symlink: /home/eleanorlow/robo1/install/drone_ignition_bringup/share/drone_ignition_bringup/models/tree_7/model.config
-- Up-to-date symlink: /home/eleanorlow/robo1/install/drone_ignition_bringup/share/drone_ignition_bringup/models/tree_7/model.sdf
-- Up-to-date symlink: /home/eleanorlow/robo1/install/drone_ignition_bringup/share/drone_ignition_bringup/models/tree_8/meshes/Bottom_T.jpg
-- Up-to-date symlink: /home/eleanorlow/robo1/install/drone_ignition_bringup/share/drone_ignition_bringup/models/tree_8/meshes/tree_8.mtl
-- Up-to-date symlink: /home/eleanorlow/robo1/install/drone_ignition_bringup/share/drone_ignition_bringup/models/tree_8/meshes/tree_8.obj
-- Up-to-date symlink: /home/eleanorlow/robo1/install/drone_ignition_bringup/share/drone_ignition_bringup/models/tree_8/model.config
-- Up-to-date symlink: /home/eleanorlow/robo1/install/drone_ignition_bringup/share/drone_ignition_bringup/models/tree_8/model.sdf
-- Up-to-date symlink: /home/eleanorlow/robo1/install/drone_ignition_bringup/share/drone_ignition_bringup/models/tree_9/meshes/Bark___1.jpg
-- Up-to-date symlink: /home/eleanorlow/robo1/install/drone_ignition_bringup/share/drone_ignition_bringup/models/tree_9/meshes/tree_9.mtl
-- Up-to-date symlink: /home/eleanorlow/robo1/install/drone_ignition_bringup/share/drone_ignition_bringup/models/tree_9/meshes/tree_9.obj
-- Up-to-date symlink: /home/eleanorlow/robo1/install/drone_ignition_bringup/share/drone_ignition_bringup/models/tree_9/model.config
-- Up-to-date symlink: /home/eleanorlow/robo1/install/drone_ignition_bringup/share/drone_ignition_bringup/models/tree_9/model.sdf
-- Up-to-date symlink: /home/eleanorlow/robo1/install/drone_ignition_bringup/share/drone_ignition_bringup/urdf/common_properties.urdf.xacro
-- Up-to-date symlink: /home/eleanorlow/robo1/install/drone_ignition_bringup/share/drone_ignition_bringup/urdf/drone.gazebo.xacro
-- Up-to-date symlink: /home/eleanorlow/robo1/install/drone_ignition_bringup/share/drone_ignition_bringup/urdf/drone.urdf.xacro
-- Up-to-date symlink: /home/eleanorlow/robo1/install/drone_ignition_bringup/share/drone_ignition_bringup/urdf/meshes/hull.dae
-- Up-to-date symlink: /home/eleanorlow/robo1/install/drone_ignition_bringup/share/drone_ignition_bringup/urdf/meshes/propeller_fl.dae
-- Up-to-date symlink: /home/eleanorlow/robo1/install/drone_ignition_bringup/share/drone_ignition_bringup/urdf/meshes/propeller_fr.dae
-- Up-to-date symlink: /home/eleanorlow/robo1/install/drone_ignition_bringup/share/drone_ignition_bringup/urdf/meshes/propeller_rl.dae
-- Up-to-date symlink: /home/eleanorlow/robo1/install/drone_ignition_bringup/share/drone_ignition_bringup/urdf/meshes/propeller_rr.dae
-- Up-to-date symlink: /home/eleanorlow/robo1/install/drone_ignition_bringup/share/drone_ignition_bringup/worlds/forestland_small.sdf
-- Up-to-date symlink: /home/eleanorlow/robo1/install/drone_ignition_bringup/share/drone_ignition_bringup/worlds/large_demo.sdf
-- Up-to-date symlink: /home/eleanorlow/robo1/install/drone_ignition_bringup/share/drone_ignition_bringup/worlds/naked_forestland_small.sdf
-- Up-to-date symlink: /home/eleanorlow/robo1/install/drone_ignition_bringup/share/drone_ignition_bringup/worlds/simple_trees.sdf
-- Up-to-date symlink: /home/eleanorlow/robo1/install/drone_ignition_bringup/share/ament_index/resource_index/package_run_dependencies/drone_ignition_bringup
-- Up-to-date symlink: /home/eleanorlow/robo1/install/drone_ignition_bringup/share/ament_index/resource_index/parent_prefix_path/drone_ignition_bringup
-- Up-to-date symlink: /home/eleanorlow/robo1/install/drone_ignition_bringup/share/drone_ignition_bringup/environment/ament_prefix_path.sh
-- Up-to-date symlink: /home/eleanorlow/robo1/install/drone_ignition_bringup/share/drone_ignition_bringup/environment/ament_prefix_path.dsv
-- Up-to-date symlink: /home/eleanorlow/robo1/install/drone_ignition_bringup/share/drone_ignition_bringup/environment/path.sh
-- Up-to-date symlink: /home/eleanorlow/robo1/install/drone_ignition_bringup/share/drone_ignition_bringup/environment/path.dsv
-- Up-to-date symlink: /home/eleanorlow/robo1/install/drone_ignition_bringup/share/drone_ignition_bringup/local_setup.bash
-- Up-to-date symlink: /home/eleanorlow/robo1/install/drone_ignition_bringup/share/drone_ignition_bringup/local_setup.sh
-- Up-to-date symlink: /home/eleanorlow/robo1/install/drone_ignition_bringup/share/drone_ignition_bringup/local_setup.zsh
-- Up-to-date symlink: /home/eleanorlow/robo1/install/drone_ignition_bringup/share/drone_ignition_bringup/local_setup.dsv
-- Symlinking: /home/eleanorlow/robo1/install/drone_ignition_bringup/share/drone_ignition_bringup/package.dsv
-- Up-to-date symlink: /home/eleanorlow/robo1/install/drone_ignition_bringup/share/ament_index/resource_index/packages/drone_ignition_bringup
-- Up-to-date symlink: /home/eleanorlow/robo1/install/drone_ignition_bringup/share/drone_ignition_bringup/cmake/drone_ignition_bringupConfig.cmake
-- Up-to-date symlink: /home/eleanorlow/robo1/install/drone_ignition_bringup/share/drone_ignition_bringup/cmake/drone_ignition_bringupConfig-version.cmake
-- Up-to-date symlink: /home/eleanorlow/robo1/install/drone_ignition_bringup/share/drone_ignition_bringup/package.xml
