[0.172s] Invoking command in '/home/eleanorlow/robo1/build/41068_ignition_bringup': CMAKE_PREFIX_PATH=${CMAKE_PREFIX_PATH}:/opt/ros/humble /usr/bin/cmake --build /home/eleanorlow/robo1/build/41068_ignition_bringup -- -j8 -l8
[1.922s] Invoked command in '/home/eleanorlow/robo1/build/41068_ignition_bringup' returned '0': CMAKE_PREFIX_PATH=${CMAKE_PREFIX_PATH}:/opt/ros/humble /usr/bin/cmake --build /home/eleanorlow/robo1/build/41068_ignition_bringup -- -j8 -l8
[1.967s] Invoking command in '/home/eleanorlow/robo1/build/41068_ignition_bringup': CMAKE_PREFIX_PATH=${CMAKE_PREFIX_PATH}:/opt/ros/humble /usr/bin/cmake --install /home/eleanorlow/robo1/build/41068_ignition_bringup
[2.004s] -- Install configuration: ""
[2.005s] -- Up-to-date: /home/eleanorlow/robo1/install/41068_ignition_bringup/share/41068_ignition_bringup/config
[2.005s] -- Up-to-date: /home/eleanorlow/robo1/install/41068_ignition_bringup/share/41068_ignition_bringup/config/slam_params.yaml
[2.005s] -- Up-to-date: /home/eleanorlow/robo1/install/41068_ignition_bringup/share/41068_ignition_bringup/config/41068.rviz
[2.005s] -- Up-to-date: /home/eleanorlow/robo1/install/41068_ignition_bringup/share/41068_ignition_bringup/config/gazebo_bridge.yaml
[2.023s] -- Up-to-date: /home/eleanorlow/robo1/install/41068_ignition_bringup/share/41068_ignition_bringup/config/nav2_params.yaml
[2.040s] -- Up-to-date: /home/eleanorlow/robo1/install/41068_ignition_bringup/share/41068_ignition_bringup/config/robot_localization.yaml
[2.040s] -- Up-to-date: /home/eleanorlow/robo1/install/41068_ignition_bringup/share/41068_ignition_bringup/launch
[2.055s] -- Up-to-date: /home/eleanorlow/robo1/install/41068_ignition_bringup/share/41068_ignition_bringup/launch/41068_navigation.launch.py
[2.055s] -- Up-to-date: /home/eleanorlow/robo1/install/41068_ignition_bringup/share/41068_ignition_bringup/launch/41068_ignition.launch.py
[2.055s] -- Up-to-date: /home/eleanorlow/robo1/install/41068_ignition_bringup/share/41068_ignition_bringup/models
[2.091s] -- Up-to-date: /home/eleanorlow/robo1/install/41068_ignition_bringup/share/41068_ignition_bringup/models/forest_wall
[2.113s] -- Up-to-date: /home/eleanorlow/robo1/install/41068_ignition_bringup/share/41068_ignition_bringup/models/forest_wall/model.sdf
[2.113s] -- Up-to-date: /home/eleanorlow/robo1/install/41068_ignition_bringup/share/41068_ignition_bringup/models/forest_wall/materials
[2.151s] -- Up-to-date: /home/eleanorlow/robo1/install/41068_ignition_bringup/share/41068_ignition_bringup/models/forest_wall/materials/textures
[2.179s] -- Up-to-date: /home/eleanorlow/robo1/install/41068_ignition_bringup/share/41068_ignition_bringup/models/forest_wall/materials/textures/forest_wall.png
[2.179s] -- Up-to-date: /home/eleanorlow/robo1/install/41068_ignition_bringup/share/41068_ignition_bringup/models/forest_wall/materials/textures/forest_wall_transparent.png
[2.179s] -- Up-to-date: /home/eleanorlow/robo1/install/41068_ignition_bringup/share/41068_ignition_bringup/models/forest_wall/materials/textures/forest_wall_transparent_small.png
[2.179s] -- Up-to-date: /home/eleanorlow/robo1/install/41068_ignition_bringup/share/41068_ignition_bringup/models/forest_wall/model.config
[2.179s] -- Up-to-date: /home/eleanorlow/robo1/install/41068_ignition_bringup/share/41068_ignition_bringup/models/grass_plane
[2.271s] -- Up-to-date: /home/eleanorlow/robo1/install/41068_ignition_bringup/share/41068_ignition_bringup/models/grass_plane/model.sdf
[2.271s] -- Up-to-date: /home/eleanorlow/robo1/install/41068_ignition_bringup/share/41068_ignition_bringup/models/grass_plane/materials
[2.272s] -- Up-to-date: /home/eleanorlow/robo1/install/41068_ignition_bringup/share/41068_ignition_bringup/models/grass_plane/materials/textures
[2.285s] -- Up-to-date: /home/eleanorlow/robo1/install/41068_ignition_bringup/share/41068_ignition_bringup/models/grass_plane/materials/textures/empty_grass.png
[2.285s] -- Up-to-date: /home/eleanorlow/robo1/install/41068_ignition_bringup/share/41068_ignition_bringup/models/grass_plane/model.config
[2.285s] -- Up-to-date: /home/eleanorlow/robo1/install/41068_ignition_bringup/share/41068_ignition_bringup/models/forest_plane
[2.296s] -- Up-to-date: /home/eleanorlow/robo1/install/41068_ignition_bringup/share/41068_ignition_bringup/models/forest_plane/model.sdf
[2.296s] -- Up-to-date: /home/eleanorlow/robo1/install/41068_ignition_bringup/share/41068_ignition_bringup/models/forest_plane/materials
[2.317s] -- Up-to-date: /home/eleanorlow/robo1/install/41068_ignition_bringup/share/41068_ignition_bringup/models/forest_plane/materials/textures
[2.357s] -- Up-to-date: /home/eleanorlow/robo1/install/41068_ignition_bringup/share/41068_ignition_bringup/models/forest_plane/materials/textures/forest_overhead.png
[2.357s] -- Up-to-date: /home/eleanorlow/robo1/install/41068_ignition_bringup/share/41068_ignition_bringup/models/forest_plane/materials/textures/leaf_litter.png
[2.358s] -- Up-to-date: /home/eleanorlow/robo1/install/41068_ignition_bringup/share/41068_ignition_bringup/models/forest_plane/materials/textures/empty_grass.png
[2.358s] -- Up-to-date: /home/eleanorlow/robo1/install/41068_ignition_bringup/share/41068_ignition_bringup/models/forest_plane/model.config
[2.358s] -- Up-to-date: /home/eleanorlow/robo1/install/41068_ignition_bringup/share/41068_ignition_bringup/urdf
[2.358s] -- Up-to-date: /home/eleanorlow/robo1/install/41068_ignition_bringup/share/41068_ignition_bringup/urdf/meshes
[2.378s] -- Up-to-date: /home/eleanorlow/robo1/install/41068_ignition_bringup/share/41068_ignition_bringup/urdf/meshes/top_plate.dae
[2.378s] -- Up-to-date: /home/eleanorlow/robo1/install/41068_ignition_bringup/share/41068_ignition_bringup/urdf/meshes/wheel.dae
[2.378s] -- Up-to-date: /home/eleanorlow/robo1/install/41068_ignition_bringup/share/41068_ignition_bringup/urdf/meshes/bumper.dae
[2.378s] -- Up-to-date: /home/eleanorlow/robo1/install/41068_ignition_bringup/share/41068_ignition_bringup/urdf/meshes/base_link.dae
[2.378s] -- Up-to-date: /home/eleanorlow/robo1/install/41068_ignition_bringup/share/41068_ignition_bringup/urdf/meshes/jpl04_arch_nosensor.stl
[2.378s] -- Up-to-date: /home/eleanorlow/robo1/install/41068_ignition_bringup/share/41068_ignition_bringup/urdf/meshes/top_chassis.dae
[2.378s] -- Up-to-date: /home/eleanorlow/robo1/install/41068_ignition_bringup/share/41068_ignition_bringup/urdf/husky.gazebo.xacro
[2.378s] -- Up-to-date: /home/eleanorlow/robo1/install/41068_ignition_bringup/share/41068_ignition_bringup/urdf/wheel.urdf.xacro
[2.378s] -- Up-to-date: /home/eleanorlow/robo1/install/41068_ignition_bringup/share/41068_ignition_bringup/urdf/husky.urdf.xacro
[2.378s] -- Up-to-date: /home/eleanorlow/robo1/install/41068_ignition_bringup/share/41068_ignition_bringup/urdf/common_properties.urdf.xacro
[2.379s] -- Up-to-date: /home/eleanorlow/robo1/install/41068_ignition_bringup/share/41068_ignition_bringup/worlds
[2.379s] -- Up-to-date: /home/eleanorlow/robo1/install/41068_ignition_bringup/share/41068_ignition_bringup/worlds/large_demo.sdf
[2.379s] -- Up-to-date: /home/eleanorlow/robo1/install/41068_ignition_bringup/share/41068_ignition_bringup/worlds/simple_trees.sdf
[2.379s] -- Up-to-date: /home/eleanorlow/robo1/install/41068_ignition_bringup/share/ament_index/resource_index/package_run_dependencies/41068_ignition_bringup
[2.386s] -- Up-to-date: /home/eleanorlow/robo1/install/41068_ignition_bringup/share/ament_index/resource_index/parent_prefix_path/41068_ignition_bringup
[2.386s] -- Up-to-date: /home/eleanorlow/robo1/install/41068_ignition_bringup/share/41068_ignition_bringup/environment/ament_prefix_path.sh
[2.386s] -- Up-to-date: /home/eleanorlow/robo1/install/41068_ignition_bringup/share/41068_ignition_bringup/environment/ament_prefix_path.dsv
[2.386s] -- Up-to-date: /home/eleanorlow/robo1/install/41068_ignition_bringup/share/41068_ignition_bringup/environment/path.sh
[2.386s] -- Up-to-date: /home/eleanorlow/robo1/install/41068_ignition_bringup/share/41068_ignition_bringup/environment/path.dsv
[2.387s] -- Up-to-date: /home/eleanorlow/robo1/install/41068_ignition_bringup/share/41068_ignition_bringup/local_setup.bash
[2.387s] -- Up-to-date: /home/eleanorlow/robo1/install/41068_ignition_bringup/share/41068_ignition_bringup/local_setup.sh
[2.387s] -- Up-to-date: /home/eleanorlow/robo1/install/41068_ignition_bringup/share/41068_ignition_bringup/local_setup.zsh
[2.387s] -- Up-to-date: /home/eleanorlow/robo1/install/41068_ignition_bringup/share/41068_ignition_bringup/local_setup.dsv
[2.387s] -- Installing: /home/eleanorlow/robo1/install/41068_ignition_bringup/share/41068_ignition_bringup/package.dsv
[2.451s] -- Up-to-date: /home/eleanorlow/robo1/install/41068_ignition_bringup/share/ament_index/resource_index/packages/41068_ignition_bringup
[2.488s] -- Up-to-date: /home/eleanorlow/robo1/install/41068_ignition_bringup/share/41068_ignition_bringup/cmake/41068_ignition_bringupConfig.cmake
[2.488s] -- Up-to-date: /home/eleanorlow/robo1/install/41068_ignition_bringup/share/41068_ignition_bringup/cmake/41068_ignition_bringupConfig-version.cmake
[2.488s] -- Up-to-date: /home/eleanorlow/robo1/install/41068_ignition_bringup/share/41068_ignition_bringup/package.xml
[2.508s] Invoked command in '/home/eleanorlow/robo1/build/41068_ignition_bringup' returned '0': CMAKE_PREFIX_PATH=${CMAKE_PREFIX_PATH}:/opt/ros/humble /usr/bin/cmake --install /home/eleanorlow/robo1/build/41068_ignition_bringup
