[0.016s] Invoking command in '/home/eleanorlow/robo1/build/41068_ignition_bringup': CMAKE_PREFIX_PATH=/opt/ros/humble /usr/bin/cmake /home/eleanorlow/robo1/src/41068_ignition_bringup -DCMAKE_INSTALL_PREFIX=/home/eleanorlow/robo1/install/41068_ignition_bringup
[1.156s] -- The C compiler identification is GNU 11.4.0
[1.668s] -- The CXX compiler identification is GNU 11.4.0
[1.768s] -- Detecting C compiler ABI info
[1.924s] -- Detecting C compiler ABI info - done
[1.935s] -- Check for working C compiler: /usr/bin/cc - skipped
[1.935s] -- Detecting C compile features
[1.944s] -- Detecting C compile features - done
[1.954s] -- Detecting CXX compiler ABI info
[2.055s] -- Detecting CXX compiler ABI info - done
[2.060s] -- Check for working CXX compiler: /usr/bin/c++ - skipped
[2.060s] -- Detecting CXX compile features
[2.061s] -- Detecting CXX compile features - done
[2.208s] -- Found ament_cmake: 1.3.12 (/opt/ros/humble/share/ament_cmake/cmake)
[2.441s] -- Found Python3: /usr/bin/python3 (found version "3.10.12") found components: Interpreter 
[2.928s] [31mCMake Error at CMakeLists.txt:11 (find_package):
[2.928s]   By not providing "Findros_ign_interfaces.cmake" in CMAKE_MODULE_PATH this
[2.928s]   project has asked CMake to find a package configuration file provided by
[2.928s]   "ros_ign_interfaces", but CMake did not find one.
[2.928s] 
[2.928s]   Could not find a package configuration file provided by
[2.928s]   "ros_ign_interfaces" with any of the following names:
[2.928s] 
[2.928s]     ros_ign_interfacesConfig.cmake
[2.928s]     ros_ign_interfaces-config.cmake
[2.929s] 
[2.929s]   Add the installation prefix of "ros_ign_interfaces" to CMAKE_PREFIX_PATH or
[2.929s]   set "ros_ign_interfaces_DIR" to a directory containing one of the above
[2.929s]   files.  If "ros_ign_interfaces" provides a separate development package or
[2.929s]   SDK, be sure it has been installed.
[2.929s] 
[2.929s] [0m
[2.929s] -- Configuring incomplete, errors occurred!
[2.929s] See also "/home/eleanorlow/robo1/build/41068_ignition_bringup/CMakeFiles/CMakeOutput.log".
[2.932s] Invoked command in '/home/eleanorlow/robo1/build/41068_ignition_bringup' returned '1': CMAKE_PREFIX_PATH=/opt/ros/humble /usr/bin/cmake /home/eleanorlow/robo1/src/41068_ignition_bringup -DCMAKE_INSTALL_PREFIX=/home/eleanorlow/robo1/install/41068_ignition_bringup
