[0.012s] Invoking command in '/home/eleanorlow/robo1/build/gazebo_vegetation': /usr/bin/cmake /home/eleanorlow/robo1/src/gazebo-vegetation-master/gazebo_vegetation -DCATKIN_INSTALL_INTO_PREFIX_ROOT=0 -DCMAKE_INSTALL_PREFIX=/home/eleanorlow/robo1/install/gazebo_vegetation
[0.033s] [0mCMake Deprecation Warning at CMakeLists.txt:1 (cmake_minimum_required):
[0.033s]   Compatibility with CMake < 2.8.12 will be removed from a future version of
[0.033s]   CMake.
[0.033s] 
[0.033s]   Update the VERSION argument <min> value or use a ...<max> suffix to tell
[0.033s]   CMake that the project does not need compatibility with older versions.
[0.033s] 
[0.033s] [0m
[0.115s] -- The C compiler identification is GNU 11.4.0
[0.182s] -- The CXX compiler identification is GNU 11.4.0
[0.188s] -- Detecting C compiler ABI info
[0.241s] -- Detecting C compiler ABI info - done
[0.252s] -- Check for working C compiler: /usr/bin/cc - skipped
[0.252s] -- Detecting C compile features
[0.253s] -- Detecting C compile features - done
[0.257s] -- Detecting CXX compiler ABI info
[0.320s] -- Detecting CXX compiler ABI info - done
[0.330s] -- Check for working CXX compiler: /usr/bin/c++ - skipped
[0.330s] -- Detecting CXX compile features
[0.330s] -- Detecting CXX compile features - done
[0.345s] [31mCMake Error at CMakeLists.txt:4 (find_package):
[0.345s]   By not providing "Findcatkin.cmake" in CMAKE_MODULE_PATH this project has
[0.345s]   asked CMake to find a package configuration file provided by "catkin", but
[0.345s]   CMake did not find one.
[0.345s] 
[0.345s]   Could not find a package configuration file provided by "catkin" with any
[0.345s]   of the following names:
[0.345s] 
[0.345s]     catkinConfig.cmake
[0.345s]     catkin-config.cmake
[0.345s] 
[0.345s]   Add the installation prefix of "catkin" to CMAKE_PREFIX_PATH or set
[0.345s]   "catkin_DIR" to a directory containing one of the above files.  If "catkin"
[0.345s]   provides a separate development package or SDK, be sure it has been
[0.346s]   installed.
[0.346s] 
[0.346s] [0m
[0.346s] -- Configuring incomplete, errors occurred!
[0.346s] See also "/home/eleanorlow/robo1/build/gazebo_vegetation/CMakeFiles/CMakeOutput.log".
[0.349s] Invoked command in '/home/eleanorlow/robo1/build/gazebo_vegetation' returned '1': /usr/bin/cmake /home/eleanorlow/robo1/src/gazebo-vegetation-master/gazebo_vegetation -DCATKIN_INSTALL_INTO_PREFIX_ROOT=0 -DCMAKE_INSTALL_PREFIX=/home/eleanorlow/robo1/install/gazebo_vegetation
